Namespace(Ks=[1, 5, 10, 15], T=0.01, alpha=3.0, batch_size=512, beta=0.1, dataset='./OMIM/bigraph/cross1', dropout=0.3, emb_dim=200, f=0, gamma=0.1, gpu_id=-1, hid_dim=200, k=0.5, layer_size='[200,200]', learning_rate=0.005, mi_batch_size=1000, mi_kind='js', neg_num=5, num_epochs=1000, pretrain=None, reg=0.001, seed=321, show_model_param=False, show_step=1, type=3, weight=None)
2022-02-08 18:29:39
loading data...
207466
47296
[n_users, n_items]=[3209, 12331]
[n_train, n_test]=[2636, 1318]
[n_edges]=[254762]
Using GPU 0,  memory_free: 24265
tensor([ 0.0243,  0.0263, -0.0283, -0.0314,  0.0255], device='cuda:0')
Loading Model..Number of Model Parameters:  3509402
Epoch 0 [22.5s + 10.3s]: train==[6.64558 = 4.33117 + 2.31442], recall= [ 0.00000  0.00000  0.00085  0.00085] , precision= [ 0.00000  0.00000  0.00009  0.00006] , auc=[0.50866], sum_recall=[0.00171]
Epoch 1 [22.8s + 11.5s]: train==[3.94323 = 1.62992 + 2.31332], recall= [ 0.02505  0.05672  0.07750  0.09422] , precision= [ 0.02647  0.01213  0.00828  0.00672] , auc=[0.65570], sum_recall=[0.25349]
Epoch 2 [22.6s + 14.4s]: train==[3.33175 = 1.01970 + 2.31205], recall= [ 0.02633  0.06675  0.09337  0.11457] , precision= [ 0.02733  0.01401  0.00982  0.00803] , auc=[0.69505], sum_recall=[0.30102]
Epoch 3 [23.5s + 15.0s]: train==[3.07366 = 0.76345 + 2.31021], recall= [ 0.02761  0.07202  0.10447  0.12397] , precision= [ 0.02904  0.01537  0.01093  0.00871] , auc=[0.72141], sum_recall=[0.32807]
Epoch 4 [24.2s + 15.0s]: train==[2.94621 = 0.63848 + 2.30774], recall= [ 0.02647  0.07800  0.10874  0.13165] , precision= [ 0.02647  0.01657  0.01136  0.00922] , auc=[0.73738], sum_recall=[0.34486]
Epoch 5 [23.4s + 15.1s]: train==[2.85241 = 0.54778 + 2.30462], recall= [ 0.02391  0.07842  0.11173  0.12838] , precision= [ 0.02391  0.01640  0.01161  0.00905] , auc=[0.74569], sum_recall=[0.34244]
Epoch 6 [23.1s + 15.9s]: train==[2.81582 = 0.51479 + 2.30104], recall= [ 0.02306  0.07714  0.11073  0.12738] , precision= [ 0.02306  0.01588  0.01161  0.00900] , auc=[0.74895], sum_recall=[0.33831]
Epoch 7 [22.9s + 14.9s]: train==[2.77007 = 0.47279 + 2.29728], recall= [ 0.02434  0.07230  0.11030  0.13521] , precision= [ 0.02477  0.01503  0.01153  0.00951] , auc=[0.75180], sum_recall=[0.34216]
Epoch 8 [22.7s + 15.0s]: train==[2.73874 = 0.44513 + 2.29361], recall= [ 0.02434  0.07017  0.11073  0.13165] , precision= [ 0.02477  0.01452  0.01161  0.00922] , auc=[0.75452], sum_recall=[0.33689]
Epoch 9 [24.3s + 15.9s]: train==[2.71882 = 0.42872 + 2.29010], recall= [ 0.02519  0.06931  0.11159  0.13123] , precision= [ 0.02562  0.01435  0.01170  0.00917] , auc=[0.75655], sum_recall=[0.33732]
Epoch 10 [23.1s + 14.4s]: train==[2.68400 = 0.39731 + 2.28669], recall= [ 0.02519  0.07116  0.11415  0.13592] , precision= [ 0.02562  0.01452  0.01196  0.00951] , auc=[0.75880], sum_recall=[0.34643]
Epoch 11 [23.1s + 15.8s]: train==[2.64960 = 0.36634 + 2.28326], recall= [ 0.02861  0.07486  0.11287  0.13977] , precision= [ 0.02904  0.01554  0.01187  0.00979] , auc=[0.76080], sum_recall=[0.35611]
Epoch 12 [27.2s + 15.5s]: train==[2.62376 = 0.34390 + 2.27986], recall= [ 0.02946  0.07785  0.11415  0.14147] , precision= [ 0.02989  0.01623  0.01196  0.00991] , auc=[0.76259], sum_recall=[0.36294]
Epoch 13 [22.9s + 17.3s]: train==[2.60385 = 0.32730 + 2.27654], recall= [ 0.03288  0.07558  0.11586  0.14318] , precision= [ 0.03330  0.01571  0.01213  0.01002] , auc=[0.76450], sum_recall=[0.36749]
Epoch 14 [22.6s + 14.9s]: train==[2.57909 = 0.30594 + 2.27314], recall= [ 0.03288  0.07515  0.12141  0.14105] , precision= [ 0.03330  0.01571  0.01272  0.00991] , auc=[0.76597], sum_recall=[0.37048]
Epoch 15 [23.0s + 14.4s]: train==[2.56583 = 0.29639 + 2.26944], recall= [ 0.03202  0.07728  0.11956  0.14318] , precision= [ 0.03245  0.01605  0.01247  0.01002] , auc=[0.76704], sum_recall=[0.37205]
Epoch 16 [24.8s + 14.6s]: train==[2.54670 = 0.28125 + 2.26545], recall= [ 0.02946  0.07771  0.12169  0.14703] , precision= [ 0.02989  0.01623  0.01264  0.01030] , auc=[0.76792], sum_recall=[0.37589]
Epoch 17 [24.7s + 15.5s]: train==[2.52650 = 0.26529 + 2.26121], recall= [ 0.03032  0.07913  0.11998  0.14873] , precision= [ 0.03074  0.01640  0.01247  0.01042] , auc=[0.76908], sum_recall=[0.37817]
Epoch 18 [24.3s + 14.9s]: train==[2.50932 = 0.25263 + 2.25668], recall= [ 0.03074  0.08198  0.12212  0.14959] , precision= [ 0.03160  0.01708  0.01272  0.01048] , auc=[0.76970], sum_recall=[0.38443]
Epoch 19 [24.4s + 14.8s]: train==[2.49775 = 0.24592 + 2.25183], recall= [ 0.02861  0.08241  0.11870  0.15044] , precision= [ 0.02904  0.01708  0.01238  0.01053] , auc=[0.77029], sum_recall=[0.38016]
Epoch 20 [28.8s + 15.4s]: train==[2.48040 = 0.23407 + 2.24633], recall= [ 0.03074  0.08113  0.12297  0.14967] , precision= [ 0.03160  0.01691  0.01281  0.01053] , auc=[0.77100], sum_recall=[0.38451]
Epoch 21 [28.6s + 16.3s]: train==[2.46998 = 0.22977 + 2.24021], recall= [ 0.03074  0.08113  0.12212  0.14996] , precision= [ 0.03160  0.01691  0.01272  0.01059] , auc=[0.77155], sum_recall=[0.38395]
Epoch 22 [24.9s + 15.8s]: train==[2.45377 = 0.22041 + 2.23336], recall= [ 0.03160  0.08241  0.11984  0.14794] , precision= [ 0.03245  0.01708  0.01255  0.01048] , auc=[0.77197], sum_recall=[0.38179]
Epoch 23 [24.9s + 14.6s]: train==[2.45081 = 0.22552 + 2.22529], recall= [ 0.03074  0.08155  0.12078  0.14839] , precision= [ 0.03160  0.01691  0.01272  0.01048] , auc=[0.77229], sum_recall=[0.38147]
Epoch 24 [24.6s + 14.4s]: train==[2.43273 = 0.21621 + 2.21652], recall= [ 0.02818  0.08155  0.12249  0.15164] , precision= [ 0.02904  0.01691  0.01289  0.01070] , auc=[0.77264], sum_recall=[0.38387]
Epoch 25 [24.6s + 14.4s]: train==[2.42374 = 0.21624 + 2.20750], recall= [ 0.02904  0.08326  0.12112  0.15535] , precision= [ 0.02989  0.01725  0.01264  0.01099] , auc=[0.77292], sum_recall=[0.38876]
Epoch 26 [24.4s + 14.9s]: train==[2.39953 = 0.20108 + 2.19845], recall= [ 0.02818  0.08326  0.12210  0.15535] , precision= [ 0.02904  0.01725  0.01281  0.01099] , auc=[0.77319], sum_recall=[0.38889]
Epoch 27 [24.2s + 14.9s]: train==[2.39099 = 0.20094 + 2.19005], recall= [ 0.02904  0.08326  0.12047  0.15620] , precision= [ 0.02989  0.01725  0.01272  0.01104] , auc=[0.77365], sum_recall=[0.38897]
Epoch 28 [24.4s + 15.2s]: train==[2.38432 = 0.20188 + 2.18244], recall= [ 0.02818  0.08424  0.12047  0.15720] , precision= [ 0.02904  0.01759  0.01272  0.01122] , auc=[0.77430], sum_recall=[0.39009]
Epoch 29 [24.5s + 14.7s]: train==[2.36643 = 0.19101 + 2.17542], recall= [ 0.02818  0.08424  0.12176  0.15421] , precision= [ 0.02904  0.01759  0.01289  0.01099] , auc=[0.77407], sum_recall=[0.38838]
Epoch 30 [24.6s + 14.4s]: train==[2.35485 = 0.18506 + 2.16979], recall= [ 0.02904  0.08338  0.12090  0.15591] , precision= [ 0.02989  0.01742  0.01281  0.01110] , auc=[0.77465], sum_recall=[0.38924]
Epoch 31 [24.5s + 14.5s]: train==[2.35243 = 0.18803 + 2.16440], recall= [ 0.02647  0.08338  0.12275  0.15421] , precision= [ 0.02733  0.01742  0.01307  0.01099] , auc=[0.77481], sum_recall=[0.38682]
Epoch 32 [22.6s + 15.2s]: train==[2.34762 = 0.18732 + 2.16030], recall= [ 0.02733  0.08253  0.12176  0.15350] , precision= [ 0.02818  0.01725  0.01289  0.01099] , auc=[0.77506], sum_recall=[0.38511]
Epoch 33 [22.7s + 15.0s]: train==[2.33138 = 0.17400 + 2.15737], recall= [ 0.02989  0.08253  0.12204  0.15307] , precision= [ 0.03074  0.01725  0.01307  0.01093] , auc=[0.77572], sum_recall=[0.38753]
Epoch 34 [23.1s + 14.6s]: train==[2.33894 = 0.18429 + 2.15465], recall= [ 0.02562  0.08338  0.12062  0.15421] , precision= [ 0.02647  0.01776  0.01281  0.01110] , auc=[0.77602], sum_recall=[0.38383]
Epoch 35 [23.5s + 15.6s]: train==[2.32788 = 0.17532 + 2.15256], recall= [ 0.02989  0.08139  0.12275  0.15634] , precision= [ 0.03074  0.01725  0.01307  0.01127] , auc=[0.77638], sum_recall=[0.39037]
Epoch 36 [23.2s + 14.9s]: train==[2.31924 = 0.16855 + 2.15069], recall= [ 0.02904  0.08395  0.12233  0.15535] , precision= [ 0.02989  0.01776  0.01307  0.01116] , auc=[0.77676], sum_recall=[0.39066]
Epoch 37 [23.1s + 15.0s]: train==[2.31839 = 0.16943 + 2.14896], recall= [ 0.03001  0.08566  0.12190  0.15748] , precision= [ 0.03160  0.01810  0.01307  0.01127] , auc=[0.77715], sum_recall=[0.39505]
Epoch 38 [22.7s + 15.3s]: train==[2.31808 = 0.17046 + 2.14762], recall= [ 0.03001  0.08225  0.12318  0.15705] , precision= [ 0.03160  0.01742  0.01315  0.01127] , auc=[0.77734], sum_recall=[0.39249]
Epoch 39 [22.8s + 14.5s]: train==[2.31708 = 0.17135 + 2.14573], recall= [ 0.03086  0.08481  0.12233  0.15748] , precision= [ 0.03245  0.01793  0.01307  0.01122] , auc=[0.77736], sum_recall=[0.39548]
Epoch 40 [23.1s + 14.4s]: train==[2.30938 = 0.16575 + 2.14362], recall= [ 0.03086  0.08353  0.12190  0.15492] , precision= [ 0.03245  0.01776  0.01298  0.01104] , auc=[0.77766], sum_recall=[0.39121]
Epoch 41 [23.4s + 14.4s]: train==[2.30280 = 0.16123 + 2.14157], recall= [ 0.03086  0.08780  0.12233  0.15406] , precision= [ 0.03245  0.01862  0.01307  0.01099] , auc=[0.77746], sum_recall=[0.39505]
Epoch 42 [22.9s + 15.0s]: train==[2.29837 = 0.15974 + 2.13864], recall= [ 0.03257  0.08609  0.12275  0.15293] , precision= [ 0.03416  0.01827  0.01307  0.01087] , auc=[0.77784], sum_recall=[0.39434]
Epoch 43 [22.7s + 15.1s]: train==[2.29810 = 0.16190 + 2.13620], recall= [ 0.03172  0.08865  0.12318  0.15421] , precision= [ 0.03330  0.01879  0.01315  0.01099] , auc=[0.77874], sum_recall=[0.39776]
Epoch 44 [22.9s + 14.8s]: train==[2.29649 = 0.16342 + 2.13307], recall= [ 0.03001  0.08865  0.12190  0.15221] , precision= [ 0.03160  0.01879  0.01307  0.01087] , auc=[0.77957], sum_recall=[0.39277]
Epoch 45 [22.9s + 14.6s]: train==[2.29386 = 0.16295 + 2.13091], recall= [ 0.03172  0.08865  0.12352  0.15214] , precision= [ 0.03330  0.01879  0.01315  0.01093] , auc=[0.78011], sum_recall=[0.39603]
Epoch 46 [22.9s + 14.5s]: train==[2.29115 = 0.16311 + 2.12804], recall= [ 0.03172  0.09121  0.12437  0.15257] , precision= [ 0.03330  0.01930  0.01324  0.01099] , auc=[0.78042], sum_recall=[0.39988]
Epoch 47 [22.8s + 14.9s]: train==[2.28405 = 0.15733 + 2.12672], recall= [ 0.03257  0.09036  0.12437  0.15348] , precision= [ 0.03416  0.01913  0.01324  0.01104] , auc=[0.78077], sum_recall=[0.40079]
Epoch 48 [22.8s + 14.7s]: train==[2.27916 = 0.15399 + 2.12516], recall= [ 0.03257  0.09235  0.12267  0.15120] , precision= [ 0.03416  0.01964  0.01298  0.01087] , auc=[0.77993], sum_recall=[0.39879]
Epoch 49 [22.8s + 14.5s]: train==[2.27360 = 0.14997 + 2.12363], recall= [ 0.03513  0.08708  0.12131  0.15804] , precision= [ 0.03672  0.01845  0.01307  0.01133] , auc=[0.77933], sum_recall=[0.40157]
Epoch 50 [23.0s + 14.4s]: train==[2.27672 = 0.15423 + 2.12250], recall= [ 0.03513  0.08452  0.12046  0.15547] , precision= [ 0.03672  0.01793  0.01307  0.01116] , auc=[0.77830], sum_recall=[0.39559]
Epoch 51 [23.1s + 14.9s]: train==[2.26020 = 0.13973 + 2.12047], recall= [ 0.03684  0.08509  0.11840  0.15633] , precision= [ 0.03843  0.01827  0.01264  0.01122] , auc=[0.77835], sum_recall=[0.39666]
Epoch 52 [22.9s + 15.0s]: train==[2.26393 = 0.14403 + 2.11989], recall= [ 0.03684  0.08765  0.12096  0.15213] , precision= [ 0.03843  0.01879  0.01289  0.01082] , auc=[0.77849], sum_recall=[0.39758]
Epoch 53 [22.9s + 15.1s]: train==[2.26431 = 0.14596 + 2.11835], recall= [ 0.03257  0.08595  0.11968  0.15384] , precision= [ 0.03416  0.01845  0.01281  0.01093] , auc=[0.77856], sum_recall=[0.39203]
Epoch 54 [22.9s + 14.9s]: train==[2.26475 = 0.14754 + 2.11721], recall= [ 0.03086  0.08310  0.11939  0.14985] , precision= [ 0.03245  0.01776  0.01272  0.01070] , auc=[0.77850], sum_recall=[0.38321]
Epoch 55 [23.0s + 14.5s]: train==[2.26706 = 0.14979 + 2.11727], recall= [ 0.03257  0.08225  0.12153  0.15199] , precision= [ 0.03416  0.01759  0.01289  0.01082] , auc=[0.77871], sum_recall=[0.38833]
Epoch 56 [23.2s + 14.6s]: train==[2.25754 = 0.14163 + 2.11592], recall= [ 0.03200  0.08566  0.12110  0.15284] , precision= [ 0.03416  0.01827  0.01272  0.01087] , auc=[0.77872], sum_recall=[0.39161]
Epoch 57 [23.1s + 15.0s]: train==[2.26018 = 0.14436 + 2.11582], recall= [ 0.02944  0.08481  0.12153  0.15455] , precision= [ 0.03160  0.01810  0.01281  0.01093] , auc=[0.77848], sum_recall=[0.39033]
Epoch 58 [22.8s + 15.0s]: train==[2.25034 = 0.13521 + 2.11513], recall= [ 0.02688  0.08410  0.12025  0.15199] , precision= [ 0.02904  0.01776  0.01272  0.01076] , auc=[0.77854], sum_recall=[0.38321]
Epoch 59 [22.9s + 14.9s]: train==[2.25597 = 0.14100 + 2.11497], recall= [ 0.02773  0.07897  0.11982  0.14793] , precision= [ 0.02989  0.01674  0.01264  0.01053] , auc=[0.77832], sum_recall=[0.37446]
Epoch 60 [22.9s + 14.9s]: train==[2.25093 = 0.13592 + 2.11501], recall= [ 0.02847  0.07983  0.11299  0.14942] , precision= [ 0.02989  0.01691  0.01196  0.01059] , auc=[0.77845], sum_recall=[0.37070]
Epoch 61 [23.4s + 14.8s]: train==[2.24507 = 0.13055 + 2.11452], recall= [ 0.02847  0.07726  0.11270  0.14850] , precision= [ 0.02989  0.01640  0.01196  0.01059] , auc=[0.77834], sum_recall=[0.36693]
Epoch 62 [23.1s + 14.7s]: train==[2.24639 = 0.13145 + 2.11493], recall= [ 0.02818  0.08011  0.11441  0.14752] , precision= [ 0.03074  0.01708  0.01213  0.01059] , auc=[0.77892], sum_recall=[0.37022]
Epoch 63 [22.7s + 15.2s]: train==[2.24162 = 0.12704 + 2.11458], recall= [ 0.02818  0.07983  0.11356  0.14645] , precision= [ 0.03074  0.01691  0.01213  0.01059] , auc=[0.77980], sum_recall=[0.36801]
Epoch 64 [22.7s + 14.9s]: train==[2.24680 = 0.13177 + 2.11503], recall= [ 0.02647  0.08168  0.11356  0.14688] , precision= [ 0.02904  0.01742  0.01221  0.01059] , auc=[0.78011], sum_recall=[0.36858]
Epoch 65 [23.9s + 15.4s]: train==[2.24209 = 0.12699 + 2.11510], recall= [ 0.02818  0.07954  0.11413  0.14745] , precision= [ 0.03074  0.01708  0.01238  0.01070] , auc=[0.78093], sum_recall=[0.36930]
Epoch 66 [24.1s + 15.7s]: train==[2.23893 = 0.12355 + 2.11538], recall= [ 0.02818  0.08125  0.11263  0.14451] , precision= [ 0.03074  0.01759  0.01230  0.01053] , auc=[0.78070], sum_recall=[0.36658]
Epoch 67 [24.2s + 16.9s]: train==[2.23288 = 0.11729 + 2.11558], recall= [ 0.02647  0.07826  0.11064  0.14024] , precision= [ 0.02904  0.01691  0.01221  0.01025] , auc=[0.78015], sum_recall=[0.35562]
Epoch 68 [23.9s + 16.8s]: train==[2.23760 = 0.12177 + 2.11583], recall= [ 0.02647  0.07798  0.11292  0.14266] , precision= [ 0.02904  0.01674  0.01238  0.01042] , auc=[0.77968], sum_recall=[0.36003]
Epoch 69 [24.6s + 15.8s]: train==[2.24236 = 0.12603 + 2.11633], recall= [ 0.02477  0.08168  0.11277  0.13882] , precision= [ 0.02733  0.01759  0.01247  0.01019] , auc=[0.77917], sum_recall=[0.35804]
Epoch 70 [23.9s + 14.7s]: train==[2.23971 = 0.12315 + 2.11655], recall= [ 0.02306  0.08198  0.11334  0.13484] , precision= [ 0.02562  0.01759  0.01247  0.00996] , auc=[0.77906], sum_recall=[0.35322]
Epoch 71 [23.0s + 14.4s]: train==[2.23412 = 0.11782 + 2.11630], recall= [ 0.02605  0.08198  0.11847  0.14281] , precision= [ 0.02904  0.01759  0.01315  0.01059] , auc=[0.77948], sum_recall=[0.36930]
Epoch 72 [22.9s + 15.0s]: train==[2.23712 = 0.12017 + 2.11695], recall= [ 0.02818  0.08155  0.12224  0.14259] , precision= [ 0.03160  0.01759  0.01341  0.01053] , auc=[0.77903], sum_recall=[0.37457]
Epoch 73 [22.9s + 14.9s]: train==[2.22469 = 0.10751 + 2.11718], recall= [ 0.02818  0.08326  0.11941  0.14361] , precision= [ 0.03160  0.01793  0.01289  0.01053] , auc=[0.77927], sum_recall=[0.37447]
Epoch 74 [23.0s + 15.2s]: train==[2.23736 = 0.12048 + 2.11689], recall= [ 0.02633  0.08426  0.11856  0.14147] , precision= [ 0.02904  0.01810  0.01281  0.01036] , auc=[0.77892], sum_recall=[0.37062]
Epoch 75 [27.1s + 15.7s]: train==[2.23810 = 0.12134 + 2.11676], recall= [ 0.02718  0.08084  0.11927  0.14560] , precision= [ 0.02989  0.01742  0.01289  0.01059] , auc=[0.77896], sum_recall=[0.37290]
Epoch 76 [23.0s + 14.5s]: train==[2.22957 = 0.11267 + 2.11689], recall= [ 0.02975  0.07700  0.11842  0.14318] , precision= [ 0.03245  0.01657  0.01281  0.01036] , auc=[0.77826], sum_recall=[0.36835]
Epoch 77 [27.0s + 14.5s]: train==[2.22980 = 0.11337 + 2.11644], recall= [ 0.02804  0.07316  0.12013  0.14105] , precision= [ 0.03074  0.01571  0.01289  0.01025] , auc=[0.77870], sum_recall=[0.36237]
Epoch 78 [22.9s + 15.2s]: train==[2.23420 = 0.11739 + 2.11681], recall= [ 0.02761  0.07686  0.11541  0.14085] , precision= [ 0.02989  0.01623  0.01230  0.01025] , auc=[0.77849], sum_recall=[0.36073]
Epoch 79 [22.7s + 14.4s]: train==[2.23839 = 0.12127 + 2.11712], recall= [ 0.02761  0.07869  0.11754  0.14520] , precision= [ 0.02989  0.01674  0.01247  0.01053] , auc=[0.77912], sum_recall=[0.36905]
Epoch 80 [23.1s + 14.9s]: train==[2.23531 = 0.11793 + 2.11738], recall= [ 0.02633  0.07942  0.11891  0.14513] , precision= [ 0.02818  0.01674  0.01272  0.01053] , auc=[0.77982], sum_recall=[0.36979]
Epoch 81 [23.1s + 14.4s]: train==[2.23775 = 0.11991 + 2.11784], recall= [ 0.02505  0.08070  0.11784  0.14520] , precision= [ 0.02647  0.01708  0.01272  0.01059] , auc=[0.78071], sum_recall=[0.36880]
Epoch 82 [23.0s + 15.4s]: train==[2.23601 = 0.11762 + 2.11839], recall= [ 0.02633  0.07857  0.11599  0.14737] , precision= [ 0.02818  0.01657  0.01247  0.01082] , auc=[0.78080], sum_recall=[0.36826]
Epoch 83 [27.1s + 15.6s]: train==[2.23968 = 0.12026 + 2.11942], recall= [ 0.02505  0.07755  0.11492  0.14267] , precision= [ 0.02647  0.01640  0.01238  0.01048] , auc=[0.77899], sum_recall=[0.36019]
Epoch 84 [22.9s + 15.6s]: train==[2.24187 = 0.12167 + 2.12019], recall= [ 0.02718  0.07623  0.11322  0.14068] , precision= [ 0.02904  0.01605  0.01230  0.01042] , auc=[0.77790], sum_recall=[0.35731]
Epoch 85 [22.9s + 14.8s]: train==[2.23262 = 0.11225 + 2.12037], recall= [ 0.02804  0.07735  0.11403  0.13929] , precision= [ 0.02989  0.01640  0.01238  0.01019] , auc=[0.77688], sum_recall=[0.35871]
Epoch 86 [26.8s + 14.6s]: train==[2.23435 = 0.11365 + 2.12069], recall= [ 0.02434  0.07607  0.10862  0.13751] , precision= [ 0.02562  0.01623  0.01187  0.01008] , auc=[0.77619], sum_recall=[0.34654]
Epoch 87 [23.0s + 14.3s]: train==[2.24106 = 0.12053 + 2.12053], recall= [ 0.02633  0.07671  0.10862  0.13452] , precision= [ 0.02733  0.01657  0.01187  0.00985] , auc=[0.77486], sum_recall=[0.34618]
Epoch 88 [23.6s + 14.4s]: train==[2.23927 = 0.11842 + 2.12085], recall= [ 0.02370  0.07500  0.10691  0.13452] , precision= [ 0.02477  0.01623  0.01170  0.00985] , auc=[0.77281], sum_recall=[0.34013]
Epoch 89 [23.2s + 14.9s]: train==[2.23827 = 0.11726 + 2.12101], recall= [ 0.02484  0.07190  0.10876  0.13381] , precision= [ 0.02647  0.01571  0.01196  0.00979] , auc=[0.77271], sum_recall=[0.33931]
Epoch 90 [22.7s + 15.1s]: train==[2.23483 = 0.11361 + 2.12123], recall= [ 0.01950  0.07010  0.10620  0.13481] , precision= [ 0.02050  0.01520  0.01161  0.00985] , auc=[0.77279], sum_recall=[0.33061]
Epoch 91 [22.8s + 15.4s]: train==[2.23816 = 0.11713 + 2.12104], recall= [ 0.01879  0.06840  0.10748  0.13235] , precision= [ 0.02050  0.01486  0.01161  0.00968] , auc=[0.77339], sum_recall=[0.32702]
Epoch 92 [22.7s + 14.8s]: train==[2.24342 = 0.12233 + 2.12109], recall= [ 0.02121  0.06609  0.10905  0.12837] , precision= [ 0.02220  0.01418  0.01178  0.00928] , auc=[0.77262], sum_recall=[0.32471]
Epoch 93 [23.4s + 14.6s]: train==[2.24020 = 0.11929 + 2.12091], recall= [ 0.01993  0.06460  0.10460  0.13306] , precision= [ 0.02135  0.01366  0.01127  0.00962] , auc=[0.77218], sum_recall=[0.32218]
Epoch 94 [23.0s + 14.5s]: train==[2.23812 = 0.11727 + 2.12086], recall= [ 0.02434  0.06545  0.10282  0.13086] , precision= [ 0.02647  0.01401  0.01119  0.00939] , auc=[0.77338], sum_recall=[0.32347]
Epoch 95 [23.6s + 15.7s]: train==[2.24895 = 0.12861 + 2.12035], recall= [ 0.01993  0.06502  0.10436  0.13029] , precision= [ 0.02135  0.01383  0.01127  0.00939] , auc=[0.77436], sum_recall=[0.31959]
End of trainning! Best recall= [ 0.02818  0.07954  0.11413  0.14745] , precision= [ 0.03074  0.01708  0.01238  0.01070] , auc=[0.78093]
test.sh: line 47: -gpu_id: command not found
Namespace(Ks=[1, 5, 10, 15], T=0.01, alpha=3.0, batch_size=512, beta=0.1, dataset='./OMIM/bigraph/cross1', dropout=0.3, emb_dim=200, f=0, gamma=0.1, gpu_id=-1, hid_dim=200, k=0.5, layer_size='[200,200]', learning_rate=0.005, mi_batch_size=1000, mi_kind='js', neg_num=5, num_epochs=1000, pretrain='./OMIM', reg=0.001, seed=321, show_model_param=False, show_step=1, type=3, weight=None)
2022-02-08 19:31:28
loading data...
207466
47296
[n_users, n_items]=[3209, 12331]
[n_train, n_test]=[2636, 1318]
[n_edges]=[254762]
Using GPU 0,  memory_free: 24265
loading pretrained data...
Loading Model..Number of Model Parameters:  3509402
Epoch 0 [22.6s + 10.2s]: train==[6.60280 = 4.28835 + 2.31445], recall= [ 0.00000  0.00000  0.00000  0.00043] , precision= [ 0.00000  0.00000  0.00000  0.00006] , auc=[0.51060], sum_recall=[0.00043]
Epoch 1 [23.6s + 11.6s]: train==[4.24588 = 1.93275 + 2.31313], recall= [ 0.02007  0.05024  0.06576  0.08753] , precision= [ 0.02050  0.01025  0.00683  0.00603] , auc=[0.71315], sum_recall=[0.22360]
Epoch 2 [23.7s + 14.2s]: train==[3.47231 = 1.16102 + 2.31128], recall= [ 0.02007  0.06106  0.09123  0.11557] , precision= [ 0.02050  0.01281  0.00956  0.00808] , auc=[0.74906], sum_recall=[0.28793]
Epoch 3 [22.5s + 14.5s]: train==[3.13573 = 0.82723 + 2.30850], recall= [ 0.02092  0.06559  0.09691  0.12452] , precision= [ 0.02220  0.01383  0.01025  0.00877] , auc=[0.76292], sum_recall=[0.30794]
Epoch 4 [22.1s + 15.1s]: train==[2.94425 = 0.63940 + 2.30485], recall= [ 0.02050  0.06175  0.10274  0.13149] , precision= [ 0.02135  0.01315  0.01076  0.00917] , auc=[0.76700], sum_recall=[0.31648]
Epoch 5 [22.3s + 15.7s]: train==[2.83429 = 0.53378 + 2.30050], recall= [ 0.01964  0.06077  0.10061  0.12993] , precision= [ 0.02050  0.01264  0.01050  0.00900] , auc=[0.76800], sum_recall=[0.31095]
Epoch 6 [22.3s + 14.5s]: train==[2.78543 = 0.48955 + 2.29588], recall= [ 0.01879  0.06718  0.09821  0.12639] , precision= [ 0.01964  0.01401  0.01025  0.00871] , auc=[0.76862], sum_recall=[0.31056]
Epoch 7 [22.6s + 14.6s]: train==[2.73730 = 0.44597 + 2.29133], recall= [ 0.01708  0.06803  0.09735  0.12553] , precision= [ 0.01793  0.01418  0.01016  0.00871] , auc=[0.77022], sum_recall=[0.30800]
Epoch 8 [22.8s + 16.3s]: train==[2.71317 = 0.42616 + 2.28701], recall= [ 0.01793  0.06718  0.09906  0.12980] , precision= [ 0.01879  0.01401  0.01033  0.00900] , auc=[0.77241], sum_recall=[0.31398]
Epoch 9 [23.2s + 16.2s]: train==[2.69391 = 0.41107 + 2.28284], recall= [ 0.02092  0.06889  0.09991  0.12596] , precision= [ 0.02135  0.01435  0.01042  0.00871] , auc=[0.77403], sum_recall=[0.31568]
Epoch 10 [22.2s + 15.1s]: train==[2.65902 = 0.38037 + 2.27865], recall= [ 0.01921  0.06946  0.09991  0.12810] , precision= [ 0.01964  0.01435  0.01042  0.00888] , auc=[0.77567], sum_recall=[0.31668]
Epoch 11 [22.1s + 14.2s]: train==[2.62439 = 0.35016 + 2.27423], recall= [ 0.01623  0.07074  0.10120  0.12966] , precision= [ 0.01623  0.01469  0.01059  0.00900] , auc=[0.77687], sum_recall=[0.31782]
Epoch 12 [22.3s + 16.0s]: train==[2.60495 = 0.33539 + 2.26956], recall= [ 0.01708  0.07202  0.10333  0.13052] , precision= [ 0.01708  0.01486  0.01085  0.00911] , auc=[0.77727], sum_recall=[0.32294]
Epoch 13 [22.9s + 15.4s]: train==[2.59212 = 0.32725 + 2.26487], recall= [ 0.01993  0.07415  0.10418  0.13393] , precision= [ 0.02050  0.01537  0.01093  0.00934] , auc=[0.77807], sum_recall=[0.33219]
Epoch 14 [22.6s + 15.0s]: train==[2.56142 = 0.30133 + 2.26009], recall= [ 0.02050  0.07116  0.10974  0.13308] , precision= [ 0.02050  0.01469  0.01144  0.00928] , auc=[0.77824], sum_recall=[0.33447]
Epoch 15 [22.4s + 15.2s]: train==[2.54679 = 0.29168 + 2.25511], recall= [ 0.02306  0.07629  0.11059  0.13308] , precision= [ 0.02306  0.01571  0.01153  0.00928] , auc=[0.77807], sum_recall=[0.34301]
Epoch 16 [22.3s + 14.9s]: train==[2.52839 = 0.27885 + 2.24953], recall= [ 0.02220  0.07800  0.11059  0.13137] , precision= [ 0.02306  0.01605  0.01153  0.00917] , auc=[0.77797], sum_recall=[0.34216]
Epoch 17 [22.4s + 14.7s]: train==[2.50787 = 0.26469 + 2.24319], recall= [ 0.02477  0.07714  0.11230  0.13479] , precision= [ 0.02562  0.01588  0.01170  0.00939] , auc=[0.77831], sum_recall=[0.34899]
Epoch 18 [22.5s + 14.7s]: train==[2.49420 = 0.25795 + 2.23625], recall= [ 0.02391  0.07885  0.11571  0.13621] , precision= [ 0.02477  0.01623  0.01204  0.00956] , auc=[0.77821], sum_recall=[0.35468]
Epoch 19 [22.5s + 15.0s]: train==[2.47923 = 0.25050 + 2.22873], recall= [ 0.02733  0.07828  0.11272  0.13962] , precision= [ 0.02818  0.01623  0.01187  0.00979] , auc=[0.77818], sum_recall=[0.35796]
Epoch 20 [22.2s + 15.3s]: train==[2.45582 = 0.23521 + 2.22061], recall= [ 0.02733  0.08269  0.11500  0.13920] , precision= [ 0.02818  0.01725  0.01204  0.00979] , auc=[0.77832], sum_recall=[0.36422]
Epoch 21 [22.0s + 15.0s]: train==[2.44625 = 0.23390 + 2.21235], recall= [ 0.02733  0.07970  0.11500  0.13834] , precision= [ 0.02818  0.01657  0.01204  0.00979] , auc=[0.77884], sum_recall=[0.36038]
Epoch 22 [22.3s + 14.4s]: train==[2.42493 = 0.22048 + 2.20445], recall= [ 0.02733  0.08098  0.11272  0.14056] , precision= [ 0.02818  0.01691  0.01196  0.00996] , auc=[0.77869], sum_recall=[0.36160]
Epoch 23 [22.7s + 14.6s]: train==[2.42626 = 0.22982 + 2.19644], recall= [ 0.02647  0.08056  0.11614  0.14483] , precision= [ 0.02733  0.01691  0.01230  0.01025] , auc=[0.77861], sum_recall=[0.36800]
Epoch 24 [22.0s + 14.7s]: train==[2.40501 = 0.21583 + 2.18918], recall= [ 0.02733  0.07970  0.11529  0.14483] , precision= [ 0.02818  0.01674  0.01221  0.01025] , auc=[0.77975], sum_recall=[0.36715]
Epoch 25 [22.1s + 15.0s]: train==[2.39955 = 0.21690 + 2.18265], recall= [ 0.02562  0.07970  0.11594  0.14569] , precision= [ 0.02647  0.01674  0.01230  0.01030] , auc=[0.78011], sum_recall=[0.36695]
Epoch 26 [22.1s + 14.3s]: train==[2.37768 = 0.20130 + 2.17637], recall= [ 0.02733  0.07970  0.11187  0.14398] , precision= [ 0.02818  0.01674  0.01187  0.01019] , auc=[0.78058], sum_recall=[0.36288]
Epoch 27 [22.0s + 14.5s]: train==[2.37624 = 0.20500 + 2.17123], recall= [ 0.02989  0.08227  0.11699  0.14156] , precision= [ 0.03074  0.01725  0.01238  0.01008] , auc=[0.78082], sum_recall=[0.37071]
Epoch 28 [22.3s + 14.8s]: train==[2.37336 = 0.20637 + 2.16699], recall= [ 0.02733  0.08056  0.11785  0.13985] , precision= [ 0.02818  0.01691  0.01247  0.00991] , auc=[0.78120], sum_recall=[0.36558]
Epoch 29 [22.4s + 14.5s]: train==[2.35161 = 0.18890 + 2.16272], recall= [ 0.02647  0.08056  0.11614  0.13928] , precision= [ 0.02733  0.01691  0.01230  0.00985] , auc=[0.78152], sum_recall=[0.36245]
Epoch 30 [22.0s + 15.1s]: train==[2.34719 = 0.18763 + 2.15957], recall= [ 0.02562  0.07757  0.11657  0.13864] , precision= [ 0.02647  0.01623  0.01238  0.00985] , auc=[0.78153], sum_recall=[0.35840]
Epoch 31 [22.1s + 14.6s]: train==[2.34624 = 0.18971 + 2.15653], recall= [ 0.02477  0.07942  0.11571  0.14120] , precision= [ 0.02562  0.01657  0.01230  0.01002] , auc=[0.78164], sum_recall=[0.36110]
Epoch 32 [22.1s + 14.2s]: train==[2.34494 = 0.19037 + 2.15457], recall= [ 0.02391  0.07857  0.11827  0.13950] , precision= [ 0.02477  0.01640  0.01255  0.00991] , auc=[0.78187], sum_recall=[0.36025]
Epoch 33 [22.2s + 14.3s]: train==[2.32953 = 0.17623 + 2.15329], recall= [ 0.02605  0.08241  0.11650  0.13962] , precision= [ 0.02733  0.01725  0.01238  0.00996] , auc=[0.78205], sum_recall=[0.36457]
Epoch 34 [22.2s + 14.3s]: train==[2.33919 = 0.18709 + 2.15210], recall= [ 0.02605  0.08227  0.11628  0.13962] , precision= [ 0.02733  0.01742  0.01230  0.00996] , auc=[0.78255], sum_recall=[0.36421]
Epoch 35 [22.2s + 16.4s]: train==[2.32963 = 0.17845 + 2.15118], recall= [ 0.02605  0.07928  0.11457  0.14090] , precision= [ 0.02733  0.01674  0.01213  0.01008] , auc=[0.78281], sum_recall=[0.36080]
Epoch 36 [22.0s + 15.1s]: train==[2.32332 = 0.17350 + 2.14982], recall= [ 0.02605  0.07871  0.11712  0.14417] , precision= [ 0.02733  0.01674  0.01255  0.01036] , auc=[0.78275], sum_recall=[0.36604]
Epoch 37 [22.3s + 15.1s]: train==[2.32648 = 0.17809 + 2.14839], recall= [ 0.02690  0.07755  0.11427  0.14417] , precision= [ 0.02818  0.01657  0.01221  0.01036] , auc=[0.78384], sum_recall=[0.36289]
Epoch 38 [22.2s + 14.9s]: train==[2.32212 = 0.17464 + 2.14748], recall= [ 0.02519  0.08096  0.11427  0.14696] , precision= [ 0.02647  0.01725  0.01221  0.01065] , auc=[0.78464], sum_recall=[0.36739]
Epoch 39 [22.3s + 14.4s]: train==[2.32179 = 0.17607 + 2.14572], recall= [ 0.02605  0.08054  0.11384  0.14540] , precision= [ 0.02733  0.01725  0.01213  0.01048] , auc=[0.78421], sum_recall=[0.36582]
Epoch 40 [22.2s + 14.9s]: train==[2.31319 = 0.16927 + 2.14392], recall= [ 0.02605  0.07755  0.11384  0.14440] , precision= [ 0.02733  0.01657  0.01204  0.01042] , auc=[0.78353], sum_recall=[0.36184]
Epoch 41 [22.2s + 15.4s]: train==[2.31172 = 0.16926 + 2.14247], recall= [ 0.02690  0.08096  0.11427  0.14739] , precision= [ 0.02818  0.01725  0.01204  0.01065] , auc=[0.78283], sum_recall=[0.36952]
Epoch 42 [22.2s + 14.9s]: train==[2.30326 = 0.16315 + 2.14010], recall= [ 0.02690  0.08239  0.11683  0.14730] , precision= [ 0.02818  0.01742  0.01238  0.01059] , auc=[0.78243], sum_recall=[0.37342]
Epoch 43 [22.2s + 14.6s]: train==[2.30493 = 0.16616 + 2.13876], recall= [ 0.02647  0.07812  0.11776  0.14895] , precision= [ 0.02733  0.01657  0.01255  0.01065] , auc=[0.78234], sum_recall=[0.37130]
Epoch 44 [22.3s + 14.7s]: train==[2.30678 = 0.17012 + 2.13666], recall= [ 0.02477  0.07869  0.11670  0.14716] , precision= [ 0.02562  0.01674  0.01247  0.01048] , auc=[0.78182], sum_recall=[0.36732]
Epoch 45 [22.5s + 15.0s]: train==[2.30852 = 0.17297 + 2.13555], recall= [ 0.02647  0.08082  0.11628  0.14668] , precision= [ 0.02733  0.01708  0.01238  0.01065] , auc=[0.78160], sum_recall=[0.37025]
Epoch 46 [22.3s + 14.9s]: train==[2.30175 = 0.16809 + 2.13366], recall= [ 0.02818  0.07814  0.12069  0.14488] , precision= [ 0.02904  0.01640  0.01298  0.01048] , auc=[0.78155], sum_recall=[0.37189]
Epoch 47 [22.2s + 15.4s]: train==[2.29417 = 0.16077 + 2.13340], recall= [ 0.02946  0.07785  0.11599  0.14851] , precision= [ 0.02989  0.01623  0.01247  0.01082] , auc=[0.78048], sum_recall=[0.37182]
Epoch 48 [22.1s + 14.7s]: train==[2.28875 = 0.15604 + 2.13271], recall= [ 0.02690  0.07698  0.11734  0.14766] , precision= [ 0.02733  0.01588  0.01281  0.01076] , auc=[0.77853], sum_recall=[0.36888]
Epoch 49 [22.3s + 14.3s]: train==[2.28884 = 0.15754 + 2.13130], recall= [ 0.02690  0.07840  0.11726  0.14544] , precision= [ 0.02733  0.01640  0.01264  0.01053] , auc=[0.77624], sum_recall=[0.36800]
Epoch 50 [22.4s + 13.9s]: train==[2.29150 = 0.16055 + 2.13095], recall= [ 0.02861  0.07769  0.11213  0.14672] , precision= [ 0.02904  0.01640  0.01213  0.01065] , auc=[0.77499], sum_recall=[0.36515]
Epoch 51 [22.5s + 14.8s]: train==[2.27418 = 0.14341 + 2.13078], recall= [ 0.02861  0.07947  0.11206  0.14131] , precision= [ 0.02904  0.01674  0.01204  0.01025] , auc=[0.77487], sum_recall=[0.36145]
Epoch 52 [22.1s + 15.3s]: train==[2.27919 = 0.14910 + 2.13009], recall= [ 0.02775  0.07641  0.11334  0.14651] , precision= [ 0.02818  0.01605  0.01221  0.01059] , auc=[0.77526], sum_recall=[0.36402]
Epoch 53 [22.1s + 14.6s]: train==[2.27872 = 0.14905 + 2.12967], recall= [ 0.02562  0.07399  0.11349  0.14238] , precision= [ 0.02647  0.01571  0.01204  0.01030] , auc=[0.77623], sum_recall=[0.35548]
Epoch 54 [22.3s + 14.5s]: train==[2.28455 = 0.15536 + 2.12919], recall= [ 0.02818  0.07527  0.11704  0.13996] , precision= [ 0.02904  0.01588  0.01264  0.01008] , auc=[0.77665], sum_recall=[0.36046]
Epoch 55 [22.5s + 14.7s]: train==[2.28336 = 0.15416 + 2.12920], recall= [ 0.02647  0.07356  0.11277  0.13654] , precision= [ 0.02733  0.01554  0.01213  0.00985] , auc=[0.77647], sum_recall=[0.34936]
Epoch 56 [22.3s + 15.1s]: train==[2.27991 = 0.15072 + 2.12918], recall= [ 0.02916  0.07570  0.11555  0.13683] , precision= [ 0.03074  0.01605  0.01238  0.00991] , auc=[0.77692], sum_recall=[0.35723]
Epoch 57 [22.2s + 14.5s]: train==[2.28109 = 0.15221 + 2.12888], recall= [ 0.02845  0.07869  0.11697  0.14046] , precision= [ 0.03074  0.01657  0.01247  0.01008] , auc=[0.77692], sum_recall=[0.36456]
Epoch 58 [22.1s + 14.5s]: train==[2.27244 = 0.14368 + 2.12876], recall= [ 0.02916  0.07271  0.10673  0.13946] , precision= [ 0.03074  0.01554  0.01144  0.00996] , auc=[0.77592], sum_recall=[0.34805]
Epoch 59 [22.5s + 15.3s]: train==[2.28591 = 0.15755 + 2.12836], recall= [ 0.02574  0.07371  0.10630  0.13946] , precision= [ 0.02733  0.01588  0.01144  0.00996] , auc=[0.77606], sum_recall=[0.34521]
Epoch 60 [22.8s + 17.2s]: train==[2.27846 = 0.15055 + 2.12792], recall= [ 0.02405  0.06972  0.10630  0.13343] , precision= [ 0.02562  0.01486  0.01136  0.00962] , auc=[0.77608], sum_recall=[0.33350]
Epoch 61 [22.2s + 15.0s]: train==[2.27894 = 0.15094 + 2.12800], recall= [ 0.02747  0.06874  0.10925  0.13642] , precision= [ 0.02904  0.01452  0.01170  0.00979] , auc=[0.77584], sum_recall=[0.34188]
Epoch 62 [22.2s + 14.6s]: train==[2.27221 = 0.14420 + 2.12800], recall= [ 0.02619  0.07408  0.10888  0.14090] , precision= [ 0.02818  0.01588  0.01187  0.01019] , auc=[0.77694], sum_recall=[0.35004]
Epoch 63 [22.2s + 15.2s]: train==[2.27252 = 0.14496 + 2.12755], recall= [ 0.02546  0.07208  0.10802  0.13962] , precision= [ 0.02733  0.01571  0.01187  0.01013] , auc=[0.77711], sum_recall=[0.34518]
Epoch 64 [22.3s + 14.1s]: train==[2.27958 = 0.15199 + 2.12760], recall= [ 0.02704  0.07123  0.10774  0.14164] , precision= [ 0.02818  0.01571  0.01178  0.01025] , auc=[0.77772], sum_recall=[0.34765]
Epoch 65 [22.6s + 14.3s]: train==[2.27712 = 0.14957 + 2.12755], recall= [ 0.02576  0.07615  0.11544  0.13542] , precision= [ 0.02733  0.01640  0.01247  0.00991] , auc=[0.77791], sum_recall=[0.35277]
Epoch 66 [22.2s + 14.7s]: train==[2.27094 = 0.14271 + 2.12824], recall= [ 0.02277  0.07330  0.11180  0.13729] , precision= [ 0.02391  0.01605  0.01221  0.01008] , auc=[0.77797], sum_recall=[0.34516]
Epoch 67 [22.2s + 14.8s]: train==[2.26357 = 0.13546 + 2.12810], recall= [ 0.02306  0.07145  0.11144  0.13948] , precision= [ 0.02477  0.01571  0.01230  0.01019] , auc=[0.77764], sum_recall=[0.34543]
Epoch 68 [22.2s + 14.7s]: train==[2.27238 = 0.14467 + 2.12771], recall= [ 0.02149  0.07230  0.11927  0.13607] , precision= [ 0.02306  0.01588  0.01315  0.01002] , auc=[0.77747], sum_recall=[0.34913]
End of trainning! Best recall= [ 0.02519  0.08096  0.11427  0.14696] , precision= [ 0.02647  0.01725  0.01221  0.01065] , auc=[0.78464]
test.sh: line 69: -gpu_id: command not found
Namespace(Ks=[1, 5, 10, 15], T=0.01, alpha=3.0, batch_size=512, beta=0.1, dataset='./OMIM/bigraph/cross1', dropout=0.3, emb_dim=200, f=0, gamma=0.1, gpu_id=-1, hid_dim=200, k=0.5, layer_size='[200,200]', learning_rate=0.005, mi_batch_size=1000, mi_kind='js', neg_num=5, num_epochs=1000, pretrain=None, reg=0.001, seed=4321, show_model_param=False, show_step=1, type=3, weight=None)
2022-02-08 20:14:16
loading data...
207466
47296
[n_users, n_items]=[3209, 12331]
[n_train, n_test]=[2636, 1318]
[n_edges]=[254762]
Using GPU 0,  memory_free: 24265
tensor([ 0.0125, -0.0400, -0.0380, -0.0153, -0.0213], device='cuda:0')
Loading Model..Number of Model Parameters:  3509402
Epoch 0 [22.2s + 10.0s]: train==[6.59984 = 4.28043 + 2.31941], recall= [ 0.00000  0.00085  0.00256  0.00427] , precision= [ 0.00000  0.00017  0.00026  0.00028] , auc=[0.47860], sum_recall=[0.00769]
Epoch 1 [22.5s + 12.4s]: train==[3.90160 = 1.58354 + 2.31806], recall= [ 0.01921  0.05949  0.07572  0.09408] , precision= [ 0.01964  0.01247  0.00786  0.00655] , auc=[0.65447], sum_recall=[0.24851]
Epoch 2 [22.3s + 13.9s]: train==[3.30052 = 0.98408 + 2.31643], recall= [ 0.02306  0.06348  0.08910  0.11586] , precision= [ 0.02391  0.01366  0.00965  0.00831] , auc=[0.69781], sum_recall=[0.29149]
Epoch 3 [22.3s + 14.8s]: train==[3.06103 = 0.74678 + 2.31425], recall= [ 0.01921  0.06561  0.10262  0.11941] , precision= [ 0.01964  0.01418  0.01093  0.00848] , auc=[0.72212], sum_recall=[0.30686]
Epoch 4 [22.8s + 15.0s]: train==[2.96337 = 0.65193 + 2.31144], recall= [ 0.02306  0.06931  0.11045  0.13080] , precision= [ 0.02391  0.01469  0.01170  0.00934] , auc=[0.73778], sum_recall=[0.33362]
Epoch 5 [22.3s + 15.2s]: train==[2.86620 = 0.55824 + 2.30796], recall= [ 0.03074  0.07743  0.11301  0.13493] , precision= [ 0.03160  0.01640  0.01196  0.00956] , auc=[0.74801], sum_recall=[0.35611]
Epoch 6 [22.3s + 16.0s]: train==[2.81646 = 0.51249 + 2.30396], recall= [ 0.02605  0.08198  0.11642  0.13948] , precision= [ 0.02733  0.01742  0.01230  0.00979] , auc=[0.75332], sum_recall=[0.36393]
Epoch 7 [26.4s + 15.4s]: train==[2.76733 = 0.46756 + 2.29976], recall= [ 0.02562  0.08170  0.11870  0.13735] , precision= [ 0.02647  0.01725  0.01247  0.00968] , auc=[0.75645], sum_recall=[0.36336]
Epoch 8 [22.7s + 14.9s]: train==[2.70613 = 0.41042 + 2.29571], recall= [ 0.02775  0.08469  0.12183  0.13706] , precision= [ 0.02904  0.01759  0.01272  0.00962] , auc=[0.75836], sum_recall=[0.37134]
Epoch 9 [22.7s + 14.7s]: train==[2.70077 = 0.40886 + 2.29190], recall= [ 0.02889  0.08212  0.11870  0.13977] , precision= [ 0.03074  0.01708  0.01238  0.00974] , auc=[0.75977], sum_recall=[0.36948]
Epoch 10 [22.5s + 14.9s]: train==[2.66344 = 0.37515 + 2.28829], recall= [ 0.02804  0.08340  0.11797  0.14160] , precision= [ 0.02989  0.01725  0.01238  0.00991] , auc=[0.76126], sum_recall=[0.37101]
Epoch 11 [22.6s + 15.5s]: train==[2.63360 = 0.34888 + 2.28472], recall= [ 0.02975  0.08355  0.11726  0.13605] , precision= [ 0.03160  0.01742  0.01238  0.00951] , auc=[0.76287], sum_recall=[0.36660]
Epoch 12 [22.2s + 15.3s]: train==[2.61481 = 0.33370 + 2.28111], recall= [ 0.02775  0.08227  0.11470  0.13804] , precision= [ 0.02904  0.01725  0.01213  0.00968] , auc=[0.76466], sum_recall=[0.36275]
Epoch 13 [22.3s + 15.4s]: train==[2.61146 = 0.33389 + 2.27757], recall= [ 0.02889  0.08340  0.11712  0.13548] , precision= [ 0.03074  0.01725  0.01230  0.00951] , auc=[0.76609], sum_recall=[0.36489]
Epoch 14 [22.6s + 15.8s]: train==[2.58194 = 0.30796 + 2.27398], recall= [ 0.03060  0.08426  0.11712  0.14103] , precision= [ 0.03245  0.01742  0.01230  0.00991] , auc=[0.76749], sum_recall=[0.37300]
Epoch 15 [22.9s + 15.5s]: train==[2.56284 = 0.29274 + 2.27010], recall= [ 0.02718  0.08170  0.11626  0.13889] , precision= [ 0.02904  0.01691  0.01221  0.00974] , auc=[0.76911], sum_recall=[0.36404]
Epoch 16 [22.6s + 15.6s]: train==[2.54974 = 0.28392 + 2.26582], recall= [ 0.02718  0.08426  0.11882  0.13975] , precision= [ 0.02904  0.01742  0.01247  0.00979] , auc=[0.76985], sum_recall=[0.37001]
Epoch 17 [22.5s + 15.1s]: train==[2.52516 = 0.26386 + 2.26130], recall= [ 0.02633  0.08170  0.11626  0.13832] , precision= [ 0.02818  0.01691  0.01221  0.00974] , auc=[0.77066], sum_recall=[0.36261]
Epoch 18 [22.5s + 14.6s]: train==[2.51562 = 0.25895 + 2.25667], recall= [ 0.02804  0.08340  0.11712  0.13918] , precision= [ 0.02989  0.01725  0.01230  0.00979] , auc=[0.77124], sum_recall=[0.36774]
Epoch 19 [22.6s + 14.6s]: train==[2.50194 = 0.24997 + 2.25197], recall= [ 0.02975  0.08426  0.11640  0.13875] , precision= [ 0.03160  0.01742  0.01230  0.00979] , auc=[0.77197], sum_recall=[0.36916]
Epoch 20 [22.3s + 15.2s]: train==[2.48682 = 0.23979 + 2.24703], recall= [ 0.03231  0.08255  0.11640  0.14345] , precision= [ 0.03416  0.01708  0.01230  0.01013] , auc=[0.77240], sum_recall=[0.37471]
Epoch 21 [22.3s + 15.5s]: train==[2.47570 = 0.23383 + 2.24188], recall= [ 0.03017  0.07999  0.11712  0.14259] , precision= [ 0.03160  0.01657  0.01230  0.00996] , auc=[0.77261], sum_recall=[0.36987]
Epoch 22 [22.3s + 16.4s]: train==[2.46163 = 0.22502 + 2.23661], recall= [ 0.02847  0.07828  0.11571  0.14302] , precision= [ 0.02989  0.01623  0.01204  0.01002] , auc=[0.77338], sum_recall=[0.36548]
Epoch 23 [22.5s + 15.4s]: train==[2.45486 = 0.22421 + 2.23066], recall= [ 0.02761  0.08170  0.11657  0.14515] , precision= [ 0.02904  0.01691  0.01213  0.01013] , auc=[0.77350], sum_recall=[0.37103]
Epoch 24 [22.6s + 14.9s]: train==[2.45403 = 0.22968 + 2.22435], recall= [ 0.02761  0.07999  0.11956  0.14644] , precision= [ 0.02904  0.01657  0.01247  0.01025] , auc=[0.77413], sum_recall=[0.37359]
Epoch 25 [22.8s + 15.1s]: train==[2.42658 = 0.20893 + 2.21765], recall= [ 0.02847  0.08084  0.11956  0.14644] , precision= [ 0.02989  0.01674  0.01247  0.01025] , auc=[0.77501], sum_recall=[0.37530]
Epoch 26 [22.3s + 15.1s]: train==[2.41266 = 0.20187 + 2.21079], recall= [ 0.02590  0.07913  0.11785  0.14572] , precision= [ 0.02733  0.01640  0.01230  0.01025] , auc=[0.77561], sum_recall=[0.36861]
Epoch 27 [22.6s + 16.3s]: train==[2.40127 = 0.19747 + 2.20380], recall= [ 0.02761  0.08170  0.11870  0.14759] , precision= [ 0.02904  0.01691  0.01247  0.01036] , auc=[0.77621], sum_recall=[0.37560]
Epoch 28 [22.6s + 19.0s]: train==[2.39850 = 0.20157 + 2.19693], recall= [ 0.02847  0.08084  0.12212  0.15101] , precision= [ 0.02989  0.01674  0.01272  0.01059] , auc=[0.77660], sum_recall=[0.38244]
Epoch 29 [23.3s + 17.7s]: train==[2.38377 = 0.19376 + 2.19001], recall= [ 0.02847  0.08084  0.12226  0.15101] , precision= [ 0.02989  0.01674  0.01281  0.01059] , auc=[0.77693], sum_recall=[0.38258]
Epoch 30 [23.7s + 17.0s]: train==[2.37417 = 0.19057 + 2.18359], recall= [ 0.02847  0.08170  0.12568  0.15101] , precision= [ 0.02989  0.01691  0.01315  0.01059] , auc=[0.77740], sum_recall=[0.38685]
Epoch 31 [24.5s + 15.6s]: train==[2.35863 = 0.18087 + 2.17776], recall= [ 0.02932  0.08340  0.12681  0.15016] , precision= [ 0.03074  0.01725  0.01332  0.01053] , auc=[0.77801], sum_recall=[0.38970]
Epoch 32 [23.1s + 16.7s]: train==[2.35210 = 0.17968 + 2.17243], recall= [ 0.02847  0.08426  0.12625  0.15016] , precision= [ 0.02989  0.01742  0.01332  0.01053] , auc=[0.77857], sum_recall=[0.38913]
Epoch 33 [23.1s + 15.2s]: train==[2.34214 = 0.17426 + 2.16788], recall= [ 0.02847  0.08269  0.12368  0.15112] , precision= [ 0.02989  0.01725  0.01307  0.01070] , auc=[0.77919], sum_recall=[0.38596]
Epoch 34 [22.8s + 14.9s]: train==[2.35942 = 0.19568 + 2.16374], recall= [ 0.02761  0.08525  0.12596  0.15154] , precision= [ 0.02904  0.01776  0.01324  0.01070] , auc=[0.78001], sum_recall=[0.39037]
Epoch 35 [23.3s + 15.2s]: train==[2.33116 = 0.17098 + 2.16018], recall= [ 0.02590  0.08611  0.13034  0.15240] , precision= [ 0.02733  0.01793  0.01375  0.01076] , auc=[0.78046], sum_recall=[0.39475]
Epoch 36 [24.4s + 15.2s]: train==[2.33217 = 0.17549 + 2.15668], recall= [ 0.02505  0.08611  0.12635  0.15226] , precision= [ 0.02647  0.01793  0.01341  0.01087] , auc=[0.78045], sum_recall=[0.38977]
Epoch 37 [24.1s + 16.4s]: train==[2.32445 = 0.17063 + 2.15382], recall= [ 0.02633  0.08739  0.12450  0.15126] , precision= [ 0.02818  0.01827  0.01324  0.01087] , auc=[0.78064], sum_recall=[0.38948]
Epoch 38 [24.3s + 16.1s]: train==[2.32164 = 0.17015 + 2.15149], recall= [ 0.02633  0.08654  0.12365  0.15311] , precision= [ 0.02818  0.01810  0.01332  0.01104] , auc=[0.78125], sum_recall=[0.38962]
Epoch 39 [24.2s + 15.4s]: train==[2.32022 = 0.17084 + 2.14938], recall= [ 0.02718  0.08525  0.12279  0.14984] , precision= [ 0.02904  0.01810  0.01324  0.01087] , auc=[0.78218], sum_recall=[0.38507]
Epoch 40 [25.5s + 15.3s]: train==[2.30963 = 0.16249 + 2.14714], recall= [ 0.02804  0.08340  0.12536  0.14856] , precision= [ 0.02989  0.01759  0.01358  0.01076] , auc=[0.78306], sum_recall=[0.38535]
Epoch 41 [25.1s + 14.9s]: train==[2.30929 = 0.16373 + 2.14556], recall= [ 0.02889  0.07913  0.12493  0.14941] , precision= [ 0.03074  0.01674  0.01349  0.01082] , auc=[0.78394], sum_recall=[0.38237]
Epoch 42 [25.7s + 15.0s]: train==[2.30041 = 0.15713 + 2.14329], recall= [ 0.03060  0.08340  0.12407  0.14884] , precision= [ 0.03245  0.01759  0.01332  0.01076] , auc=[0.78423], sum_recall=[0.38692]
Epoch 43 [24.1s + 15.4s]: train==[2.30165 = 0.16026 + 2.14139], recall= [ 0.03060  0.08412  0.12422  0.15026] , precision= [ 0.03245  0.01759  0.01315  0.01082] , auc=[0.78453], sum_recall=[0.38920]
Epoch 44 [25.2s + 15.7s]: train==[2.30376 = 0.16491 + 2.13885], recall= [ 0.02889  0.08497  0.12326  0.14683] , precision= [ 0.03074  0.01776  0.01307  0.01059] , auc=[0.78508], sum_recall=[0.38395]
Epoch 45 [23.5s + 15.7s]: train==[2.28970 = 0.15293 + 2.13677], recall= [ 0.02804  0.08084  0.11838  0.14754] , precision= [ 0.02989  0.01708  0.01255  0.01059] , auc=[0.78621], sum_recall=[0.37480]
Epoch 46 [24.5s + 16.2s]: train==[2.28972 = 0.15496 + 2.13476], recall= [ 0.02889  0.08155  0.11893  0.14811] , precision= [ 0.03074  0.01708  0.01281  0.01076] , auc=[0.78777], sum_recall=[0.37749]
Epoch 47 [24.1s + 15.6s]: train==[2.28500 = 0.15238 + 2.13261], recall= [ 0.02633  0.08337  0.11964  0.15078] , precision= [ 0.02818  0.01759  0.01289  0.01099] , auc=[0.78828], sum_recall=[0.38012]
Epoch 48 [24.1s + 15.1s]: train==[2.28032 = 0.15039 + 2.12993], recall= [ 0.02718  0.07910  0.11480  0.14711] , precision= [ 0.02904  0.01674  0.01230  0.01065] , auc=[0.78777], sum_recall=[0.36820]
Epoch 49 [24.3s + 15.6s]: train==[2.27839 = 0.15084 + 2.12755], recall= [ 0.02889  0.07851  0.11737  0.14697] , precision= [ 0.03074  0.01691  0.01264  0.01059] , auc=[0.78724], sum_recall=[0.37174]
Epoch 50 [25.4s + 18.7s]: train==[2.27784 = 0.15178 + 2.12606], recall= [ 0.02804  0.08235  0.11779  0.14612] , precision= [ 0.02989  0.01759  0.01264  0.01053] , auc=[0.78666], sum_recall=[0.37430]
Epoch 51 [25.6s + 16.1s]: train==[2.28391 = 0.15928 + 2.12463], recall= [ 0.02718  0.07766  0.11779  0.14626] , precision= [ 0.02904  0.01674  0.01264  0.01048] , auc=[0.78622], sum_recall=[0.36889]
Epoch 52 [24.6s + 17.8s]: train==[2.26661 = 0.14412 + 2.12248], recall= [ 0.02718  0.07851  0.12149  0.14811] , precision= [ 0.02904  0.01691  0.01298  0.01059] , auc=[0.78619], sum_recall=[0.37529]
Epoch 53 [24.1s + 15.2s]: train==[2.26545 = 0.14449 + 2.12096], recall= [ 0.02718  0.08249  0.12277  0.14640] , precision= [ 0.02904  0.01759  0.01307  0.01048] , auc=[0.78643], sum_recall=[0.37885]
Epoch 54 [24.5s + 15.3s]: train==[2.25824 = 0.13806 + 2.12017], recall= [ 0.02889  0.08064  0.12192  0.14512] , precision= [ 0.03074  0.01708  0.01298  0.01036] , auc=[0.78635], sum_recall=[0.37658]
Epoch 55 [25.5s + 15.3s]: train==[2.26129 = 0.14223 + 2.11906], recall= [ 0.03060  0.08079  0.12163  0.14797] , precision= [ 0.03245  0.01725  0.01289  0.01048] , auc=[0.78594], sum_recall=[0.38099]
Epoch 56 [24.4s + 15.0s]: train==[2.26448 = 0.14669 + 2.11779], recall= [ 0.02889  0.07940  0.12249  0.14725] , precision= [ 0.03074  0.01691  0.01298  0.01042] , auc=[0.78526], sum_recall=[0.37803]
Epoch 57 [24.1s + 15.1s]: train==[2.25612 = 0.13909 + 2.11703], recall= [ 0.02804  0.08111  0.12377  0.14811] , precision= [ 0.02989  0.01708  0.01315  0.01048] , auc=[0.78467], sum_recall=[0.38102]
Epoch 58 [24.0s + 15.2s]: train==[2.25570 = 0.13885 + 2.11685], recall= [ 0.02804  0.08267  0.12462  0.14854] , precision= [ 0.02989  0.01725  0.01324  0.01048] , auc=[0.78379], sum_recall=[0.38387]
Epoch 59 [23.9s + 15.8s]: train==[2.24680 = 0.13042 + 2.11637], recall= [ 0.02761  0.08395  0.12025  0.14782] , precision= [ 0.02904  0.01742  0.01272  0.01048] , auc=[0.78334], sum_recall=[0.37964]
Epoch 60 [24.1s + 16.0s]: train==[2.24962 = 0.13383 + 2.11579], recall= [ 0.02761  0.08139  0.12110  0.14558] , precision= [ 0.02904  0.01691  0.01281  0.01036] , auc=[0.78306], sum_recall=[0.37569]
Epoch 61 [24.0s + 17.1s]: train==[2.24485 = 0.12920 + 2.11565], recall= [ 0.02847  0.07968  0.12025  0.14708] , precision= [ 0.02989  0.01657  0.01264  0.01042] , auc=[0.78172], sum_recall=[0.37547]
Epoch 62 [23.9s + 16.1s]: train==[2.24773 = 0.13211 + 2.11562], recall= [ 0.02847  0.08054  0.11897  0.14793] , precision= [ 0.02989  0.01674  0.01255  0.01048] , auc=[0.78097], sum_recall=[0.37590]
Epoch 63 [24.3s + 14.9s]: train==[2.24019 = 0.12456 + 2.11563], recall= [ 0.02847  0.08139  0.11740  0.15049] , precision= [ 0.02989  0.01691  0.01247  0.01065] , auc=[0.78072], sum_recall=[0.37775]
Epoch 64 [24.4s + 14.7s]: train==[2.25740 = 0.14194 + 2.11545], recall= [ 0.02590  0.08481  0.11783  0.14515] , precision= [ 0.02733  0.01776  0.01255  0.01036] , auc=[0.78045], sum_recall=[0.37369]
Epoch 65 [24.3s + 16.0s]: train==[2.24014 = 0.12464 + 2.11550], recall= [ 0.02676  0.08324  0.11804  0.14515] , precision= [ 0.02818  0.01759  0.01264  0.01036] , auc=[0.78063], sum_recall=[0.37320]
Epoch 66 [24.3s + 15.6s]: train==[2.23458 = 0.11808 + 2.11649], recall= [ 0.02420  0.08269  0.11878  0.14362] , precision= [ 0.02562  0.01742  0.01272  0.01030] , auc=[0.78082], sum_recall=[0.36929]
Epoch 67 [23.9s + 16.1s]: train==[2.23808 = 0.12118 + 2.11690], recall= [ 0.02804  0.08173  0.11695  0.14350] , precision= [ 0.02989  0.01725  0.01255  0.01025] , auc=[0.78031], sum_recall=[0.37021]
Epoch 68 [24.1s + 15.0s]: train==[2.23653 = 0.11963 + 2.11690], recall= [ 0.02664  0.08301  0.12037  0.14442] , precision= [ 0.02989  0.01742  0.01289  0.01036] , auc=[0.77975], sum_recall=[0.37444]
Epoch 69 [24.1s + 15.0s]: train==[2.23725 = 0.11973 + 2.11752], recall= [ 0.02622  0.08044  0.11930  0.14314] , precision= [ 0.02989  0.01708  0.01272  0.01025] , auc=[0.77973], sum_recall=[0.36910]
Epoch 70 [24.0s + 15.1s]: train==[2.23262 = 0.11491 + 2.11771], recall= [ 0.02394  0.07859  0.11716  0.14229] , precision= [ 0.02647  0.01674  0.01255  0.01019] , auc=[0.77936], sum_recall=[0.36198]
Epoch 71 [24.6s + 15.3s]: train==[2.23799 = 0.11968 + 2.11831], recall= [ 0.02280  0.08358  0.11716  0.13752] , precision= [ 0.02477  0.01759  0.01247  0.00985] , auc=[0.77874], sum_recall=[0.36106]
Epoch 72 [23.5s + 15.3s]: train==[2.23529 = 0.11666 + 2.11863], recall= [ 0.02280  0.08116  0.12357  0.14648] , precision= [ 0.02477  0.01725  0.01315  0.01042] , auc=[0.77821], sum_recall=[0.37401]
Epoch 73 [23.8s + 16.3s]: train==[2.23279 = 0.11409 + 2.11870], recall= [ 0.02434  0.08671  0.11759  0.14419] , precision= [ 0.02562  0.01845  0.01247  0.01036] , auc=[0.77882], sum_recall=[0.37282]
Epoch 74 [24.0s + 14.8s]: train==[2.23525 = 0.11713 + 2.11812], recall= [ 0.02718  0.08227  0.12028  0.14291] , precision= [ 0.02904  0.01725  0.01289  0.01030] , auc=[0.77964], sum_recall=[0.37263]
Epoch 75 [24.1s + 15.4s]: train==[2.22513 = 0.10705 + 2.11808], recall= [ 0.02818  0.08011  0.12224  0.14177] , precision= [ 0.02904  0.01691  0.01307  0.01025] , auc=[0.78063], sum_recall=[0.37230]
Epoch 76 [24.1s + 15.6s]: train==[2.23016 = 0.11208 + 2.11808], recall= [ 0.02916  0.08054  0.11954  0.14156] , precision= [ 0.03074  0.01708  0.01272  0.01019] , auc=[0.78143], sum_recall=[0.37079]
Epoch 77 [23.9s + 15.2s]: train==[2.23548 = 0.11795 + 2.11753], recall= [ 0.02647  0.07627  0.11569  0.14284] , precision= [ 0.02733  0.01623  0.01230  0.01025] , auc=[0.78194], sum_recall=[0.36128]
End of trainning! Best recall= [ 0.02633  0.08337  0.11964  0.15078] , precision= [ 0.02818  0.01759  0.01289  0.01099] , auc=[0.78828]
test.sh: line 47: -gpu_id: command not found
Namespace(Ks=[1, 5, 10, 15], T=0.01, alpha=3.0, batch_size=512, beta=0.1, dataset='./OMIM/bigraph/cross1', dropout=0.3, emb_dim=200, f=0, gamma=0.1, gpu_id=-1, hid_dim=200, k=0.5, layer_size='[200,200]', learning_rate=0.005, mi_batch_size=1000, mi_kind='js', neg_num=5, num_epochs=1000, pretrain='./OMIM', reg=0.001, seed=4321, show_model_param=False, show_step=1, type=3, weight=None)
2022-02-08 21:05:13
loading data...
207466
47296
[n_users, n_items]=[3209, 12331]
[n_train, n_test]=[2636, 1318]
[n_edges]=[254762]
Using GPU 0,  memory_free: 16600
loading pretrained data...
Loading Model..Number of Model Parameters:  3509402
Epoch 0 [23.3s + 13.6s]: train==[6.62148 = 4.30211 + 2.31937], recall= [ 0.00000  0.00000  0.00043  0.00128] , precision= [ 0.00000  0.00000  0.00009  0.00011] , auc=[0.51156], sum_recall=[0.00171]
Epoch 1 [23.4s + 13.4s]: train==[4.12617 = 1.80845 + 2.31772], recall= [ 0.01921  0.04355  0.06063  0.07746] , precision= [ 0.01964  0.00888  0.00615  0.00529] , auc=[0.72175], sum_recall=[0.20085]
Epoch 2 [23.4s + 14.6s]: train==[3.45069 = 1.13507 + 2.31562], recall= [ 0.02178  0.05067  0.08383  0.10817] , precision= [ 0.02220  0.01042  0.00871  0.00751] , auc=[0.75495], sum_recall=[0.26445]
Epoch 3 [23.5s + 15.2s]: train==[3.11071 = 0.79811 + 2.31259], recall= [ 0.02135  0.06092  0.09379  0.12027] , precision= [ 0.02220  0.01315  0.00999  0.00848] , auc=[0.76863], sum_recall=[0.29633]
Epoch 4 [23.7s + 15.2s]: train==[2.96255 = 0.65396 + 2.30859], recall= [ 0.02334  0.06220  0.09593  0.12425] , precision= [ 0.02477  0.01332  0.01025  0.00877] , auc=[0.77242], sum_recall=[0.30572]
Epoch 5 [23.5s + 15.7s]: train==[2.85291 = 0.54921 + 2.30370], recall= [ 0.02420  0.06504  0.09593  0.12169] , precision= [ 0.02562  0.01383  0.01016  0.00860] , auc=[0.77267], sum_recall=[0.30686]
Epoch 6 [23.6s + 15.3s]: train==[2.79322 = 0.49491 + 2.29831], recall= [ 0.02163  0.06447  0.09593  0.12909] , precision= [ 0.02306  0.01366  0.01008  0.00905] , auc=[0.77224], sum_recall=[0.31113]
Epoch 7 [23.8s + 15.3s]: train==[2.74518 = 0.45224 + 2.29293], recall= [ 0.02505  0.06633  0.09735  0.12889] , precision= [ 0.02647  0.01383  0.01016  0.00900] , auc=[0.77179], sum_recall=[0.31762]
Epoch 8 [23.7s + 15.1s]: train==[2.69199 = 0.40412 + 2.28787], recall= [ 0.02505  0.06590  0.09949  0.13288] , precision= [ 0.02647  0.01383  0.01033  0.00928] , auc=[0.77230], sum_recall=[0.32331]
Epoch 9 [23.8s + 15.4s]: train==[2.69245 = 0.40934 + 2.28311], recall= [ 0.02505  0.06547  0.10205  0.13194] , precision= [ 0.02647  0.01366  0.01059  0.00917] , auc=[0.77371], sum_recall=[0.32451]
Epoch 10 [23.7s + 15.4s]: train==[2.65048 = 0.37199 + 2.27849], recall= [ 0.02590  0.06376  0.10248  0.13180] , precision= [ 0.02733  0.01332  0.01067  0.00922] , auc=[0.77415], sum_recall=[0.32394]
Epoch 11 [23.9s + 15.4s]: train==[2.61301 = 0.33930 + 2.27371], recall= [ 0.02761  0.06960  0.10248  0.13649] , precision= [ 0.02904  0.01469  0.01067  0.00956] , auc=[0.77498], sum_recall=[0.33618]
Epoch 12 [23.6s + 15.7s]: train==[2.59803 = 0.32936 + 2.26868], recall= [ 0.02847  0.06846  0.10333  0.13521] , precision= [ 0.02989  0.01435  0.01076  0.00945] , auc=[0.77585], sum_recall=[0.33547]
Epoch 13 [23.5s + 15.5s]: train==[2.59634 = 0.33274 + 2.26359], recall= [ 0.02676  0.07102  0.10490  0.13578] , precision= [ 0.02818  0.01486  0.01093  0.00956] , auc=[0.77674], sum_recall=[0.33846]
Epoch 14 [23.8s + 15.1s]: train==[2.56914 = 0.31056 + 2.25859], recall= [ 0.02676  0.07102  0.10845  0.13535] , precision= [ 0.02818  0.01486  0.01144  0.00951] , auc=[0.77784], sum_recall=[0.34159]
Epoch 15 [23.6s + 15.1s]: train==[2.54450 = 0.29089 + 2.25361], recall= [ 0.02676  0.07287  0.10888  0.13920] , precision= [ 0.02818  0.01537  0.01153  0.00979] , auc=[0.77901], sum_recall=[0.34771]
Epoch 16 [23.5s + 15.2s]: train==[2.53100 = 0.28264 + 2.24836], recall= [ 0.02676  0.07245  0.10888  0.13749] , precision= [ 0.02818  0.01520  0.01153  0.00968] , auc=[0.77971], sum_recall=[0.34557]
Epoch 17 [23.7s + 15.2s]: train==[2.51048 = 0.26807 + 2.24241], recall= [ 0.02590  0.07245  0.11315  0.13792] , precision= [ 0.02733  0.01520  0.01196  0.00968] , auc=[0.78086], sum_recall=[0.34942]
Epoch 18 [23.7s + 15.4s]: train==[2.49467 = 0.25886 + 2.23581], recall= [ 0.02505  0.07074  0.11187  0.13322] , precision= [ 0.02647  0.01486  0.01178  0.00934] , auc=[0.78160], sum_recall=[0.34088]
Epoch 19 [23.5s + 15.7s]: train==[2.47786 = 0.24887 + 2.22899], recall= [ 0.02420  0.07245  0.11144  0.13664] , precision= [ 0.02562  0.01520  0.01170  0.00956] , auc=[0.78209], sum_recall=[0.34472]
Epoch 20 [23.8s + 15.5s]: train==[2.46515 = 0.24326 + 2.22190], recall= [ 0.02377  0.07330  0.10888  0.13436] , precision= [ 0.02477  0.01537  0.01144  0.00951] , auc=[0.78252], sum_recall=[0.34031]
Epoch 21 [23.4s + 15.3s]: train==[2.45685 = 0.24225 + 2.21461], recall= [ 0.02462  0.07074  0.10974  0.13905] , precision= [ 0.02562  0.01486  0.01153  0.00979] , auc=[0.78303], sum_recall=[0.34415]
Epoch 22 [23.9s + 14.9s]: train==[2.43390 = 0.22634 + 2.20756], recall= [ 0.02206  0.07501  0.11272  0.14204] , precision= [ 0.02306  0.01571  0.01187  0.01002] , auc=[0.78329], sum_recall=[0.35184]
Epoch 23 [23.9s + 15.5s]: train==[2.42831 = 0.22797 + 2.20034], recall= [ 0.02548  0.07458  0.11102  0.14503] , precision= [ 0.02647  0.01554  0.01161  0.01019] , auc=[0.78363], sum_recall=[0.35611]
Epoch 24 [25.0s + 15.8s]: train==[2.42339 = 0.22943 + 2.19396], recall= [ 0.02761  0.07373  0.11230  0.14418] , precision= [ 0.02818  0.01537  0.01170  0.01013] , auc=[0.78373], sum_recall=[0.35781]
Epoch 25 [23.0s + 15.6s]: train==[2.40000 = 0.21228 + 2.18772], recall= [ 0.02505  0.07116  0.11358  0.14332] , precision= [ 0.02562  0.01486  0.01187  0.01002] , auc=[0.78423], sum_recall=[0.35312]
Epoch 26 [23.6s + 15.0s]: train==[2.38640 = 0.20449 + 2.18192], recall= [ 0.02420  0.07116  0.11272  0.14347] , precision= [ 0.02477  0.01486  0.01178  0.01013] , auc=[0.78446], sum_recall=[0.35155]
Epoch 27 [23.6s + 15.2s]: train==[2.37772 = 0.20097 + 2.17676], recall= [ 0.02420  0.06818  0.11529  0.14674] , precision= [ 0.02477  0.01435  0.01213  0.01030] , auc=[0.78433], sum_recall=[0.35440]
Epoch 28 [23.9s + 15.3s]: train==[2.37401 = 0.20144 + 2.17257], recall= [ 0.02306  0.06903  0.11586  0.14688] , precision= [ 0.02477  0.01452  0.01213  0.01036] , auc=[0.78432], sum_recall=[0.35482]
Epoch 29 [23.9s + 15.4s]: train==[2.36367 = 0.19570 + 2.16797], recall= [ 0.02590  0.07245  0.11059  0.14880] , precision= [ 0.02647  0.01520  0.01161  0.01059] , auc=[0.78424], sum_recall=[0.35774]
Epoch 30 [23.6s + 15.6s]: train==[2.35265 = 0.18815 + 2.16450], recall= [ 0.02761  0.07287  0.11401  0.14681] , precision= [ 0.02818  0.01520  0.01196  0.01042] , auc=[0.78479], sum_recall=[0.36129]
Epoch 31 [23.6s + 15.6s]: train==[2.34220 = 0.18063 + 2.16157], recall= [ 0.02676  0.07202  0.11415  0.14441] , precision= [ 0.02733  0.01503  0.01196  0.01019] , auc=[0.78452], sum_recall=[0.35733]
Epoch 32 [23.7s + 15.4s]: train==[2.34122 = 0.18281 + 2.15841], recall= [ 0.02505  0.07373  0.10988  0.14711] , precision= [ 0.02562  0.01537  0.01153  0.01042] , auc=[0.78427], sum_recall=[0.35576]
Epoch 33 [24.0s + 15.1s]: train==[2.33112 = 0.17492 + 2.15621], recall= [ 0.02462  0.07373  0.10774  0.14498] , precision= [ 0.02562  0.01537  0.01144  0.01025] , auc=[0.78448], sum_recall=[0.35107]
Epoch 34 [28.0s + 15.1s]: train==[2.35135 = 0.19701 + 2.15434], recall= [ 0.02847  0.07458  0.10774  0.14563] , precision= [ 0.02904  0.01571  0.01144  0.01042] , auc=[0.78462], sum_recall=[0.35642]
Epoch 35 [27.5s + 15.8s]: train==[2.32523 = 0.17225 + 2.15298], recall= [ 0.02975  0.07202  0.11472  0.14574] , precision= [ 0.03074  0.01520  0.01221  0.01036] , auc=[0.78494], sum_recall=[0.36223]
Epoch 36 [27.6s + 16.2s]: train==[2.33092 = 0.17961 + 2.15131], recall= [ 0.02861  0.07188  0.11514  0.14703] , precision= [ 0.02904  0.01503  0.01230  0.01048] , auc=[0.78474], sum_recall=[0.36265]
Epoch 37 [24.0s + 15.4s]: train==[2.32243 = 0.17268 + 2.14975], recall= [ 0.02861  0.07543  0.11600  0.14831] , precision= [ 0.02904  0.01588  0.01238  0.01059] , auc=[0.78516], sum_recall=[0.36835]
Epoch 38 [23.7s + 15.6s]: train==[2.31953 = 0.17063 + 2.14890], recall= [ 0.03032  0.07757  0.11586  0.14859] , precision= [ 0.03074  0.01640  0.01238  0.01065] , auc=[0.78584], sum_recall=[0.37233]
Epoch 39 [23.6s + 15.3s]: train==[2.31728 = 0.16986 + 2.14741], recall= [ 0.02775  0.07444  0.11529  0.14845] , precision= [ 0.02818  0.01588  0.01238  0.01065] , auc=[0.78676], sum_recall=[0.36593]
Epoch 40 [23.7s + 15.0s]: train==[2.31108 = 0.16515 + 2.14593], recall= [ 0.02861  0.07714  0.11514  0.14646] , precision= [ 0.02904  0.01657  0.01230  0.01059] , auc=[0.78702], sum_recall=[0.36735]
Epoch 41 [23.6s + 15.0s]: train==[2.30926 = 0.16440 + 2.14486], recall= [ 0.02889  0.07956  0.11785  0.14774] , precision= [ 0.02989  0.01708  0.01264  0.01065] , auc=[0.78639], sum_recall=[0.37404]
Epoch 42 [23.0s + 15.8s]: train==[2.29945 = 0.15667 + 2.14278], recall= [ 0.02690  0.07857  0.11529  0.14483] , precision= [ 0.02818  0.01674  0.01238  0.01048] , auc=[0.78561], sum_recall=[0.36558]
Epoch 43 [23.9s + 15.8s]: train==[2.30393 = 0.16265 + 2.14128], recall= [ 0.02434  0.07728  0.11614  0.14361] , precision= [ 0.02562  0.01640  0.01247  0.01025] , auc=[0.78429], sum_recall=[0.36137]
Epoch 44 [23.9s + 17.2s]: train==[2.31219 = 0.17252 + 2.13967], recall= [ 0.02576  0.07771  0.10974  0.14318] , precision= [ 0.02647  0.01640  0.01178  0.01019] , auc=[0.78381], sum_recall=[0.35639]
Epoch 45 [23.6s + 16.6s]: train==[2.29841 = 0.16003 + 2.13838], recall= [ 0.02405  0.07999  0.10931  0.14156] , precision= [ 0.02477  0.01674  0.01170  0.01013] , auc=[0.78393], sum_recall=[0.35491]
Epoch 46 [27.8s + 16.1s]: train==[2.29839 = 0.16134 + 2.13705], recall= [ 0.02391  0.07643  0.10646  0.13934] , precision= [ 0.02391  0.01588  0.01136  0.00991] , auc=[0.78380], sum_recall=[0.34614]
Epoch 47 [24.1s + 16.0s]: train==[2.29236 = 0.15607 + 2.13629], recall= [ 0.02078  0.07572  0.10971  0.13928] , precision= [ 0.02135  0.01588  0.01178  0.01008] , auc=[0.78406], sum_recall=[0.34550]
Epoch 48 [28.2s + 16.0s]: train==[2.29485 = 0.15976 + 2.13509], recall= [ 0.02434  0.07783  0.11256  0.13960] , precision= [ 0.02477  0.01657  0.01196  0.01002] , auc=[0.78313], sum_recall=[0.35434]
Epoch 49 [24.1s + 16.1s]: train==[2.29225 = 0.15812 + 2.13413], recall= [ 0.02206  0.07527  0.11228  0.14473] , precision= [ 0.02306  0.01605  0.01187  0.01048] , auc=[0.78200], sum_recall=[0.35434]
Epoch 50 [24.6s + 15.5s]: train==[2.29011 = 0.15610 + 2.13401], recall= [ 0.02334  0.07897  0.11036  0.14740] , precision= [ 0.02391  0.01691  0.01178  0.01070] , auc=[0.78101], sum_recall=[0.36007]
Epoch 51 [27.8s + 15.5s]: train==[2.29882 = 0.16508 + 2.13374], recall= [ 0.02432  0.07470  0.11501  0.14444] , precision= [ 0.02562  0.01588  0.01238  0.01048] , auc=[0.78004], sum_recall=[0.35847]
Epoch 52 [23.4s + 16.2s]: train==[2.28382 = 0.15072 + 2.13310], recall= [ 0.02517  0.07769  0.11508  0.14903] , precision= [ 0.02647  0.01657  0.01238  0.01076] , auc=[0.77894], sum_recall=[0.36697]
Epoch 53 [24.0s + 16.2s]: train==[2.28875 = 0.15625 + 2.13250], recall= [ 0.02688  0.07748  0.11491  0.15221] , precision= [ 0.02818  0.01640  0.01238  0.01104] , auc=[0.77847], sum_recall=[0.37148]
Epoch 54 [24.1s + 15.7s]: train==[2.27826 = 0.14593 + 2.13233], recall= [ 0.02489  0.07890  0.11551  0.14962] , precision= [ 0.02562  0.01674  0.01238  0.01087] , auc=[0.77775], sum_recall=[0.36892]
Epoch 55 [24.2s + 15.9s]: train==[2.28344 = 0.15145 + 2.13199], recall= [ 0.02788  0.08360  0.11875  0.14813] , precision= [ 0.02904  0.01776  0.01264  0.01065] , auc=[0.77625], sum_recall=[0.37836]
Epoch 56 [24.0s + 15.0s]: train==[2.28911 = 0.15760 + 2.13151], recall= [ 0.02731  0.07691  0.11491  0.14895] , precision= [ 0.02904  0.01640  0.01230  0.01065] , auc=[0.77593], sum_recall=[0.36808]
Epoch 57 [24.9s + 18.4s]: train==[2.28258 = 0.15147 + 2.13110], recall= [ 0.02731  0.07790  0.11776  0.15701] , precision= [ 0.02904  0.01674  0.01264  0.01127] , auc=[0.77549], sum_recall=[0.37998]
Epoch 58 [24.1s + 15.2s]: train==[2.28360 = 0.15241 + 2.13119], recall= [ 0.02873  0.07442  0.11576  0.15160] , precision= [ 0.02989  0.01571  0.01247  0.01099] , auc=[0.77508], sum_recall=[0.37051]
Epoch 59 [24.0s + 15.6s]: train==[2.27533 = 0.14421 + 2.13112], recall= [ 0.02873  0.07356  0.11529  0.14747] , precision= [ 0.02989  0.01554  0.01238  0.01065] , auc=[0.77420], sum_recall=[0.36506]
Epoch 60 [24.3s + 15.7s]: train==[2.27765 = 0.14684 + 2.13081], recall= [ 0.02631  0.07257  0.11544  0.14577] , precision= [ 0.02818  0.01554  0.01238  0.01053] , auc=[0.77168], sum_recall=[0.36008]
Epoch 61 [24.2s + 15.3s]: train==[2.27716 = 0.14669 + 2.13047], recall= [ 0.02448  0.07228  0.11245  0.14212] , precision= [ 0.02562  0.01537  0.01213  0.01030] , auc=[0.76962], sum_recall=[0.35133]
Epoch 62 [24.3s + 16.2s]: train==[2.28415 = 0.15377 + 2.13038], recall= [ 0.02405  0.07088  0.11074  0.13992] , precision= [ 0.02562  0.01503  0.01187  0.01008] , auc=[0.76926], sum_recall=[0.34559]
Epoch 63 [24.2s + 16.2s]: train==[2.27253 = 0.14222 + 2.13031], recall= [ 0.02619  0.06874  0.11126  0.13716] , precision= [ 0.02818  0.01452  0.01196  0.00991] , auc=[0.76874], sum_recall=[0.34335]
Epoch 64 [24.5s + 18.7s]: train==[2.29355 = 0.16365 + 2.12990], recall= [ 0.02192  0.06526  0.10938  0.13859] , precision= [ 0.02391  0.01366  0.01153  0.00996] , auc=[0.76843], sum_recall=[0.33514]
Epoch 65 [24.1s + 16.6s]: train==[2.27760 = 0.14786 + 2.12974], recall= [ 0.02277  0.06341  0.11197  0.14143] , precision= [ 0.02477  0.01349  0.01187  0.01002] , auc=[0.76800], sum_recall=[0.33958]
Epoch 66 [24.0s + 15.4s]: train==[2.27368 = 0.14348 + 2.13021], recall= [ 0.02363  0.07109  0.11539  0.14172] , precision= [ 0.02562  0.01503  0.01221  0.01013] , auc=[0.76647], sum_recall=[0.35182]
Epoch 67 [24.9s + 15.3s]: train==[2.28142 = 0.15142 + 2.13000], recall= [ 0.02192  0.07152  0.11456  0.13804] , precision= [ 0.02391  0.01520  0.01230  0.01002] , auc=[0.76603], sum_recall=[0.34604]
Epoch 68 [24.3s + 15.2s]: train==[2.27832 = 0.14851 + 2.12981], recall= [ 0.02021  0.07319  0.11541  0.14153] , precision= [ 0.02135  0.01554  0.01238  0.01025] , auc=[0.76680], sum_recall=[0.35034]
Epoch 69 [23.7s + 15.9s]: train==[2.27313 = 0.14313 + 2.13000], recall= [ 0.02178  0.07703  0.11534  0.14345] , precision= [ 0.02220  0.01640  0.01238  0.01030] , auc=[0.76817], sum_recall=[0.35760]
Epoch 70 [26.5s + 15.0s]: train==[2.27482 = 0.14523 + 2.12959], recall= [ 0.02007  0.07902  0.11859  0.14253] , precision= [ 0.02050  0.01674  0.01264  0.01025] , auc=[0.76896], sum_recall=[0.36020]
End of trainning! Best recall= [ 0.02861  0.07714  0.11514  0.14646] , precision= [ 0.02904  0.01657  0.01230  0.01059] , auc=[0.78702]
test.sh: line 69: -gpu_id: command not found
Namespace(Ks=[1, 5, 10, 15], T=0.01, alpha=3.0, batch_size=512, beta=0.1, dataset='./OMIM/bigraph/cross1', dropout=0.3, emb_dim=200, f=0, gamma=0.1, gpu_id=-1, hid_dim=200, k=0.5, layer_size='[200,200]', learning_rate=0.005, mi_batch_size=1000, mi_kind='js', neg_num=5, num_epochs=1000, pretrain=None, reg=0.001, seed=54321, show_model_param=False, show_step=1, type=3, weight=None)
2022-02-08 21:52:27
loading data...
207466
47296
[n_users, n_items]=[3209, 12331]
[n_train, n_test]=[2636, 1318]
[n_edges]=[254762]
Using GPU 0,  memory_free: 16600
tensor([-0.0076,  0.0402, -0.0057, -0.0290,  0.0248], device='cuda:0')
Loading Model..Number of Model Parameters:  3509402
Epoch 0 [23.1s + 10.4s]: train==[6.56493 = 4.24740 + 2.31754], recall= [ 0.00085  0.00085  0.00171  0.00256] , precision= [ 0.00085  0.00017  0.00017  0.00017] , auc=[0.50172], sum_recall=[0.00598]
Epoch 1 [23.1s + 12.1s]: train==[3.98341 = 1.66688 + 2.31653], recall= [ 0.02391  0.06533  0.08397  0.09550] , precision= [ 0.02477  0.01349  0.00880  0.00666] , auc=[0.66108], sum_recall=[0.26872]
Epoch 2 [23.3s + 13.8s]: train==[3.27668 = 0.96143 + 2.31525], recall= [ 0.02135  0.06946  0.09920  0.11956] , precision= [ 0.02220  0.01452  0.01033  0.00837] , auc=[0.70226], sum_recall=[0.30956]
Epoch 3 [23.5s + 14.6s]: train==[3.07402 = 0.76058 + 2.31343], recall= [ 0.02135  0.07615  0.10988  0.12738] , precision= [ 0.02220  0.01605  0.01144  0.00894] , auc=[0.72504], sum_recall=[0.33476]
Epoch 4 [23.2s + 15.5s]: train==[2.94077 = 0.62980 + 2.31096], recall= [ 0.01964  0.08084  0.10518  0.13379] , precision= [ 0.02050  0.01691  0.01110  0.00951] , auc=[0.73989], sum_recall=[0.33945]
Epoch 5 [23.0s + 14.5s]: train==[2.86348 = 0.55566 + 2.30783], recall= [ 0.02092  0.07344  0.11287  0.13806] , precision= [ 0.02135  0.01520  0.01196  0.00979] , auc=[0.74843], sum_recall=[0.34529]
Epoch 6 [23.4s + 14.9s]: train==[2.79305 = 0.48888 + 2.30417], recall= [ 0.02050  0.07059  0.10447  0.13251] , precision= [ 0.02050  0.01486  0.01102  0.00945] , auc=[0.75315], sum_recall=[0.32807]
Epoch 7 [23.2s + 15.0s]: train==[2.74449 = 0.44423 + 2.30026], recall= [ 0.01964  0.06931  0.10746  0.12881] , precision= [ 0.01964  0.01452  0.01136  0.00917] , auc=[0.75554], sum_recall=[0.32522]
Epoch 8 [23.2s + 14.9s]: train==[2.72242 = 0.42606 + 2.29637], recall= [ 0.02050  0.06761  0.10475  0.12511] , precision= [ 0.02050  0.01401  0.01110  0.00888] , auc=[0.75735], sum_recall=[0.31796]
Epoch 9 [23.2s + 14.4s]: train==[2.69695 = 0.40425 + 2.29270], recall= [ 0.02477  0.06889  0.10732  0.12254] , precision= [ 0.02477  0.01435  0.01136  0.00865] , auc=[0.75945], sum_recall=[0.32351]
Epoch 10 [23.5s + 14.8s]: train==[2.67667 = 0.38744 + 2.28923], recall= [ 0.02263  0.07102  0.10603  0.12568] , precision= [ 0.02306  0.01469  0.01136  0.00894] , auc=[0.76071], sum_recall=[0.32536]
Epoch 11 [23.5s + 15.7s]: train==[2.64674 = 0.36097 + 2.28577], recall= [ 0.02263  0.06803  0.10490  0.12810] , precision= [ 0.02306  0.01435  0.01119  0.00911] , auc=[0.76264], sum_recall=[0.32365]
Epoch 12 [23.5s + 16.0s]: train==[2.61414 = 0.33184 + 2.28230], recall= [ 0.02178  0.06889  0.10959  0.13194] , precision= [ 0.02220  0.01452  0.01161  0.00939] , auc=[0.76381], sum_recall=[0.33219]
Epoch 13 [23.8s + 15.3s]: train==[2.59281 = 0.31389 + 2.27891], recall= [ 0.02178  0.06889  0.10988  0.13491] , precision= [ 0.02220  0.01452  0.01170  0.00968] , auc=[0.76463], sum_recall=[0.33545]
Epoch 14 [23.6s + 16.9s]: train==[2.59273 = 0.31717 + 2.27556], recall= [ 0.02092  0.07145  0.11073  0.13619] , precision= [ 0.02135  0.01503  0.01178  0.00979] , auc=[0.76531], sum_recall=[0.33929]
Epoch 15 [23.6s + 15.1s]: train==[2.55999 = 0.28795 + 2.27204], recall= [ 0.02092  0.07003  0.10986  0.13861] , precision= [ 0.02135  0.01486  0.01178  0.01002] , auc=[0.76549], sum_recall=[0.33941]
Epoch 16 [23.3s + 15.2s]: train==[2.54527 = 0.27695 + 2.26832], recall= [ 0.02391  0.07088  0.11071  0.13669] , precision= [ 0.02477  0.01503  0.01187  0.00991] , auc=[0.76653], sum_recall=[0.34219]
Epoch 17 [23.4s + 14.8s]: train==[2.52642 = 0.26208 + 2.26434], recall= [ 0.02477  0.07074  0.11185  0.13861] , precision= [ 0.02562  0.01486  0.01204  0.00996] , auc=[0.76700], sum_recall=[0.34596]
Epoch 18 [23.4s + 14.6s]: train==[2.52331 = 0.26306 + 2.26025], recall= [ 0.02477  0.07245  0.11071  0.13982] , precision= [ 0.02562  0.01520  0.01187  0.01008] , auc=[0.76754], sum_recall=[0.34774]
Epoch 19 [22.6s + 14.4s]: train==[2.49950 = 0.24346 + 2.25604], recall= [ 0.02647  0.07940  0.10993  0.13839] , precision= [ 0.02733  0.01674  0.01178  0.01002] , auc=[0.76835], sum_recall=[0.35419]
Epoch 20 [23.4s + 15.2s]: train==[2.47536 = 0.22378 + 2.25157], recall= [ 0.02733  0.07854  0.11370  0.13754] , precision= [ 0.02818  0.01657  0.01213  0.00996] , auc=[0.76928], sum_recall=[0.35711]
Epoch 21 [23.4s + 14.9s]: train==[2.47710 = 0.23045 + 2.24665], recall= [ 0.02733  0.07983  0.11028  0.14010] , precision= [ 0.02818  0.01674  0.01170  0.01013] , auc=[0.76961], sum_recall=[0.35754]
Epoch 22 [23.4s + 15.3s]: train==[2.46082 = 0.21937 + 2.24145], recall= [ 0.02818  0.07726  0.11242  0.14096] , precision= [ 0.02904  0.01623  0.01196  0.01019] , auc=[0.77068], sum_recall=[0.35882]
Epoch 23 [23.4s + 15.0s]: train==[2.45885 = 0.22342 + 2.23542], recall= [ 0.02660  0.08068  0.11114  0.13960] , precision= [ 0.02818  0.01691  0.01187  0.01002] , auc=[0.77099], sum_recall=[0.35802]
Epoch 24 [23.1s + 14.8s]: train==[2.44053 = 0.21179 + 2.22873], recall= [ 0.02745  0.08025  0.11455  0.13960] , precision= [ 0.02904  0.01691  0.01221  0.01002] , auc=[0.77194], sum_recall=[0.36186]
Epoch 25 [23.3s + 15.0s]: train==[2.42130 = 0.19999 + 2.22131], recall= [ 0.02745  0.08225  0.11299  0.14188] , precision= [ 0.02904  0.01742  0.01213  0.01025] , auc=[0.77264], sum_recall=[0.36456]
Epoch 26 [23.5s + 14.7s]: train==[2.41582 = 0.20249 + 2.21333], recall= [ 0.02745  0.07997  0.11512  0.14145] , precision= [ 0.02904  0.01691  0.01230  0.01013] , auc=[0.77347], sum_recall=[0.36399]
Epoch 27 [23.4s + 14.5s]: train==[2.40303 = 0.19778 + 2.20525], recall= [ 0.02489  0.08125  0.11598  0.14188] , precision= [ 0.02647  0.01725  0.01238  0.01019] , auc=[0.77353], sum_recall=[0.36399]
Epoch 28 [23.4s + 14.9s]: train==[2.39391 = 0.19669 + 2.19722], recall= [ 0.02745  0.07911  0.11256  0.14402] , precision= [ 0.02904  0.01674  0.01213  0.01030] , auc=[0.77443], sum_recall=[0.36314]
Epoch 29 [23.7s + 14.9s]: train==[2.37545 = 0.18587 + 2.18958], recall= [ 0.02830  0.07997  0.11470  0.14060] , precision= [ 0.02989  0.01691  0.01230  0.01008] , auc=[0.77539], sum_recall=[0.36357]
Epoch 30 [23.3s + 15.1s]: train==[2.37605 = 0.19340 + 2.18265], recall= [ 0.02660  0.07826  0.11769  0.14060] , precision= [ 0.02818  0.01657  0.01264  0.01008] , auc=[0.77560], sum_recall=[0.36314]
Epoch 31 [23.6s + 15.1s]: train==[2.35687 = 0.18070 + 2.17617], recall= [ 0.02660  0.07826  0.11769  0.14160] , precision= [ 0.02818  0.01657  0.01264  0.01019] , auc=[0.77644], sum_recall=[0.36414]
Epoch 32 [23.5s + 15.6s]: train==[2.34955 = 0.17869 + 2.17085], recall= [ 0.02745  0.07741  0.11555  0.14032] , precision= [ 0.02904  0.01640  0.01238  0.01008] , auc=[0.77685], sum_recall=[0.36072]
Epoch 33 [23.3s + 15.1s]: train==[2.34400 = 0.17778 + 2.16621], recall= [ 0.02574  0.08068  0.11726  0.13946] , precision= [ 0.02733  0.01691  0.01264  0.01002] , auc=[0.77761], sum_recall=[0.36314]
Epoch 34 [23.2s + 15.3s]: train==[2.33773 = 0.17546 + 2.16227], recall= [ 0.02574  0.07869  0.11598  0.14188] , precision= [ 0.02733  0.01674  0.01247  0.01013] , auc=[0.77816], sum_recall=[0.36229]
Epoch 35 [23.2s + 15.0s]: train==[2.33203 = 0.17346 + 2.15857], recall= [ 0.02489  0.07854  0.11797  0.14174] , precision= [ 0.02647  0.01657  0.01255  0.01019] , auc=[0.77879], sum_recall=[0.36314]
Epoch 36 [24.1s + 15.8s]: train==[2.33581 = 0.18061 + 2.15520], recall= [ 0.02403  0.08196  0.12010  0.14345] , precision= [ 0.02562  0.01725  0.01289  0.01030] , auc=[0.77917], sum_recall=[0.36955]
Epoch 37 [23.2s + 15.2s]: train==[2.32150 = 0.16883 + 2.15267], recall= [ 0.02318  0.08054  0.11996  0.14644] , precision= [ 0.02477  0.01708  0.01298  0.01053] , auc=[0.77917], sum_recall=[0.37012]
Epoch 38 [23.6s + 15.7s]: train==[2.31631 = 0.16603 + 2.15028], recall= [ 0.02403  0.07798  0.12139  0.14686] , precision= [ 0.02562  0.01657  0.01307  0.01053] , auc=[0.77932], sum_recall=[0.37026]
Epoch 39 [23.5s + 14.8s]: train==[2.31606 = 0.16801 + 2.14805], recall= [ 0.02318  0.08054  0.12139  0.14686] , precision= [ 0.02477  0.01708  0.01289  0.01053] , auc=[0.77942], sum_recall=[0.37197]
Epoch 40 [23.5s + 14.4s]: train==[2.31342 = 0.16730 + 2.14612], recall= [ 0.02403  0.07968  0.12224  0.14515] , precision= [ 0.02562  0.01691  0.01307  0.01042] , auc=[0.78003], sum_recall=[0.37111]
Epoch 41 [23.4s + 15.2s]: train==[2.30145 = 0.15712 + 2.14432], recall= [ 0.02318  0.08225  0.12352  0.14886] , precision= [ 0.02477  0.01742  0.01315  0.01065] , auc=[0.78083], sum_recall=[0.37780]
Epoch 42 [23.4s + 15.2s]: train==[2.29663 = 0.15455 + 2.14208], recall= [ 0.02403  0.08182  0.12139  0.14809] , precision= [ 0.02562  0.01742  0.01289  0.01065] , auc=[0.78117], sum_recall=[0.37532]
Epoch 43 [23.5s + 15.0s]: train==[2.29330 = 0.15349 + 2.13982], recall= [ 0.02403  0.08011  0.11868  0.14609] , precision= [ 0.02562  0.01708  0.01264  0.01048] , auc=[0.78149], sum_recall=[0.36892]
Epoch 44 [23.2s + 16.1s]: train==[2.29377 = 0.15661 + 2.13717], recall= [ 0.02403  0.08054  0.11954  0.14524] , precision= [ 0.02562  0.01725  0.01272  0.01042] , auc=[0.78161], sum_recall=[0.36935]
Epoch 45 [23.8s + 16.3s]: train==[2.29101 = 0.15658 + 2.13443], recall= [ 0.02403  0.08225  0.12039  0.14567] , precision= [ 0.02562  0.01759  0.01281  0.01042] , auc=[0.78175], sum_recall=[0.37234]
Epoch 46 [23.7s + 15.0s]: train==[2.28407 = 0.15223 + 2.13184], recall= [ 0.02660  0.08225  0.11791  0.14681] , precision= [ 0.02818  0.01742  0.01264  0.01059] , auc=[0.78286], sum_recall=[0.37356]
Epoch 47 [23.7s + 15.3s]: train==[2.28111 = 0.15174 + 2.12937], recall= [ 0.02660  0.08310  0.11749  0.14510] , precision= [ 0.02818  0.01776  0.01264  0.01048] , auc=[0.78288], sum_recall=[0.37228]
Epoch 48 [24.0s + 14.9s]: train==[2.27082 = 0.14434 + 2.12649], recall= [ 0.02660  0.08438  0.11919  0.14467] , precision= [ 0.02818  0.01810  0.01281  0.01042] , auc=[0.78288], sum_recall=[0.37484]
Epoch 49 [23.6s + 14.7s]: train==[2.27492 = 0.15096 + 2.12396], recall= [ 0.02531  0.08267  0.12090  0.14424] , precision= [ 0.02647  0.01776  0.01298  0.01042] , auc=[0.78246], sum_recall=[0.37313]
Epoch 50 [23.4s + 15.7s]: train==[2.27977 = 0.15760 + 2.12217], recall= [ 0.02617  0.08310  0.12176  0.14311] , precision= [ 0.02733  0.01776  0.01307  0.01030] , auc=[0.78217], sum_recall=[0.37413]
Epoch 51 [23.7s + 17.1s]: train==[2.26250 = 0.14183 + 2.12067], recall= [ 0.02702  0.08438  0.12133  0.14268] , precision= [ 0.02818  0.01810  0.01307  0.01025] , auc=[0.78247], sum_recall=[0.37541]
Epoch 52 [23.5s + 16.5s]: train==[2.25531 = 0.13614 + 2.11917], recall= [ 0.02873  0.08438  0.11834  0.14268] , precision= [ 0.02989  0.01810  0.01281  0.01025] , auc=[0.78225], sum_recall=[0.37413]
Epoch 53 [24.3s + 17.4s]: train==[2.26678 = 0.14667 + 2.12011], recall= [ 0.03243  0.08708  0.11834  0.14353] , precision= [ 0.03416  0.01862  0.01281  0.01030] , auc=[0.78222], sum_recall=[0.38139]
Epoch 54 [24.0s + 16.2s]: train==[2.25725 = 0.13848 + 2.11876], recall= [ 0.03215  0.08296  0.11655  0.13862] , precision= [ 0.03330  0.01759  0.01255  0.01002] , auc=[0.78202], sum_recall=[0.37027]
Epoch 55 [23.7s + 15.0s]: train==[2.25910 = 0.14331 + 2.11579], recall= [ 0.03257  0.08523  0.11626  0.13819] , precision= [ 0.03416  0.01793  0.01247  0.00996] , auc=[0.78128], sum_recall=[0.37226]
Epoch 56 [23.6s + 15.5s]: train==[2.25594 = 0.13878 + 2.11716], recall= [ 0.02916  0.08495  0.11455  0.13706] , precision= [ 0.03074  0.01810  0.01230  0.00985] , auc=[0.78069], sum_recall=[0.36572]
Epoch 57 [23.8s + 16.5s]: train==[2.25069 = 0.13690 + 2.11380], recall= [ 0.03001  0.08424  0.11455  0.13671] , precision= [ 0.03160  0.01776  0.01230  0.00991] , auc=[0.78037], sum_recall=[0.36552]
Epoch 58 [23.5s + 15.6s]: train==[2.24986 = 0.13388 + 2.11598], recall= [ 0.03001  0.08708  0.11213  0.13706] , precision= [ 0.03160  0.01845  0.01196  0.00991] , auc=[0.78045], sum_recall=[0.36629]
Epoch 59 [23.4s + 15.1s]: train==[2.25301 = 0.13980 + 2.11321], recall= [ 0.02830  0.08666  0.11598  0.13569] , precision= [ 0.02989  0.01827  0.01238  0.00974] , auc=[0.78063], sum_recall=[0.36663]
Epoch 60 [23.5s + 15.1s]: train==[2.24737 = 0.13221 + 2.11516], recall= [ 0.02702  0.08595  0.11612  0.13868] , precision= [ 0.02818  0.01793  0.01230  0.00996] , auc=[0.77982], sum_recall=[0.36777]
Epoch 61 [23.3s + 15.0s]: train==[2.24501 = 0.13129 + 2.11372], recall= [ 0.02605  0.08452  0.11761  0.13953] , precision= [ 0.02647  0.01793  0.01247  0.01002] , auc=[0.77968], sum_recall=[0.36772]
Epoch 62 [23.9s + 15.4s]: train==[2.24137 = 0.12586 + 2.11551], recall= [ 0.02690  0.08723  0.11555  0.14039] , precision= [ 0.02733  0.01845  0.01230  0.01002] , auc=[0.77919], sum_recall=[0.37006]
Epoch 63 [23.4s + 15.5s]: train==[2.23831 = 0.12411 + 2.11420], recall= [ 0.02946  0.08239  0.11833  0.13996] , precision= [ 0.02989  0.01742  0.01264  0.00996] , auc=[0.77816], sum_recall=[0.37014]
Epoch 64 [23.4s + 15.3s]: train==[2.24926 = 0.13338 + 2.11589], recall= [ 0.02946  0.07954  0.11854  0.13996] , precision= [ 0.02989  0.01674  0.01255  0.00996] , auc=[0.77739], sum_recall=[0.36750]
Epoch 65 [24.0s + 15.6s]: train==[2.23505 = 0.12003 + 2.11501], recall= [ 0.02946  0.07769  0.11569  0.14327] , precision= [ 0.02989  0.01623  0.01221  0.01013] , auc=[0.77661], sum_recall=[0.36611]
Epoch 66 [24.0s + 15.2s]: train==[2.24236 = 0.12544 + 2.11693], recall= [ 0.02946  0.07709  0.11665  0.13743] , precision= [ 0.02989  0.01640  0.01238  0.00979] , auc=[0.77663], sum_recall=[0.36063]
Epoch 67 [23.8s + 16.0s]: train==[2.23835 = 0.12249 + 2.11586], recall= [ 0.02690  0.07282  0.11253  0.13573] , precision= [ 0.02733  0.01554  0.01187  0.00968] , auc=[0.77604], sum_recall=[0.34797]
Epoch 68 [23.3s + 15.8s]: train==[2.23996 = 0.12294 + 2.11702], recall= [ 0.02444  0.07054  0.11324  0.13544] , precision= [ 0.02562  0.01503  0.01204  0.00968] , auc=[0.77654], sum_recall=[0.34366]
Epoch 69 [24.0s + 16.0s]: train==[2.24733 = 0.13054 + 2.11678], recall= [ 0.02359  0.06940  0.11324  0.13501] , precision= [ 0.02477  0.01486  0.01204  0.00968] , auc=[0.77687], sum_recall=[0.34124]
Epoch 70 [23.8s + 15.3s]: train==[2.23618 = 0.11829 + 2.11789], recall= [ 0.02274  0.07481  0.11196  0.13815] , precision= [ 0.02391  0.01588  0.01204  0.00985] , auc=[0.77617], sum_recall=[0.34765]
Epoch 71 [23.6s + 15.3s]: train==[2.24161 = 0.12425 + 2.11735], recall= [ 0.02231  0.07383  0.10897  0.13487] , precision= [ 0.02306  0.01554  0.01170  0.00974] , auc=[0.77528], sum_recall=[0.33998]
Epoch 72 [23.9s + 15.7s]: train==[2.23821 = 0.11987 + 2.11835], recall= [ 0.02573  0.07383  0.10669  0.13501] , precision= [ 0.02647  0.01554  0.01144  0.00974] , auc=[0.77438], sum_recall=[0.34126]
Epoch 73 [23.6s + 18.9s]: train==[2.23562 = 0.11742 + 2.11820], recall= [ 0.02420  0.06871  0.10657  0.13168] , precision= [ 0.02477  0.01435  0.01127  0.00956] , auc=[0.77403], sum_recall=[0.33116]
Epoch 74 [23.3s + 15.2s]: train==[2.22886 = 0.10996 + 2.11890], recall= [ 0.02420  0.07212  0.11249  0.13197] , precision= [ 0.02477  0.01503  0.01204  0.00962] , auc=[0.77435], sum_recall=[0.34078]
Epoch 75 [23.8s + 15.4s]: train==[2.24120 = 0.12278 + 2.11842], recall= [ 0.02334  0.06951  0.10822  0.12869] , precision= [ 0.02391  0.01503  0.01170  0.00939] , auc=[0.77547], sum_recall=[0.32976]
Epoch 76 [24.0s + 16.9s]: train==[2.23167 = 0.11278 + 2.11889], recall= [ 0.02078  0.07207  0.11062  0.12869] , precision= [ 0.02135  0.01554  0.01196  0.00945] , auc=[0.77703], sum_recall=[0.33216]
Epoch 77 [24.3s + 20.2s]: train==[2.23750 = 0.11934 + 2.11816], recall= [ 0.02206  0.06707  0.11162  0.13154] , precision= [ 0.02306  0.01469  0.01204  0.00962] , auc=[0.77796], sum_recall=[0.33228]
End of trainning! Best recall= [ 0.02660  0.08310  0.11749  0.14510] , precision= [ 0.02818  0.01776  0.01264  0.01048] , auc=[0.78288]
test.sh: line 47: -gpu_id: command not found
Namespace(Ks=[1, 5, 10, 15], T=0.01, alpha=3.0, batch_size=512, beta=0.1, dataset='./OMIM/bigraph/cross1', dropout=0.3, emb_dim=200, f=0, gamma=0.1, gpu_id=-1, hid_dim=200, k=0.5, layer_size='[200,200]', learning_rate=0.005, mi_batch_size=1000, mi_kind='js', neg_num=5, num_epochs=1000, pretrain='./OMIM', reg=0.001, seed=54321, show_model_param=False, show_step=1, type=3, weight=None)
2022-02-08 22:43:07
loading data...
207466
47296
[n_users, n_items]=[3209, 12331]
[n_train, n_test]=[2636, 1318]
[n_edges]=[254762]
Using GPU 0,  memory_free: 16600
loading pretrained data...
Loading Model..Number of Model Parameters:  3509402
Epoch 0 [23.7s + 10.0s]: train==[6.62192 = 4.30445 + 2.31747], recall= [ 0.00000  0.00000  0.00000  0.00043] , precision= [ 0.00000  0.00000  0.00000  0.00006] , auc=[0.51277], sum_recall=[0.00043]
Epoch 1 [24.0s + 10.9s]: train==[4.21552 = 1.89950 + 2.31602], recall= [ 0.01452  0.04654  0.06618  0.08412] , precision= [ 0.01452  0.00939  0.00675  0.00575] , auc=[0.71416], sum_recall=[0.21136]
Epoch 2 [24.0s + 14.3s]: train==[3.43384 = 1.12000 + 2.31384], recall= [ 0.02434  0.06618  0.09593  0.12283] , precision= [ 0.02477  0.01349  0.00991  0.00843] , auc=[0.74912], sum_recall=[0.30928]
Epoch 3 [27.1s + 14.5s]: train==[3.13832 = 0.82769 + 2.31063], recall= [ 0.02477  0.06946  0.10404  0.13365] , precision= [ 0.02562  0.01435  0.01076  0.00928] , auc=[0.76105], sum_recall=[0.33191]
Epoch 4 [24.2s + 25.6s]: train==[2.95779 = 0.65141 + 2.30638], recall= [ 0.02647  0.06818  0.10305  0.13108] , precision= [ 0.02733  0.01418  0.01076  0.00911] , auc=[0.76517], sum_recall=[0.32878]
Epoch 5 [24.5s + 16.5s]: train==[2.86299 = 0.56155 + 2.30144], recall= [ 0.02306  0.06462  0.10290  0.13222] , precision= [ 0.02391  0.01349  0.01085  0.00928] , auc=[0.76722], sum_recall=[0.32280]
Epoch 6 [24.4s + 15.9s]: train==[2.78731 = 0.49111 + 2.29620], recall= [ 0.02348  0.06376  0.09906  0.12625] , precision= [ 0.02477  0.01332  0.01042  0.00888] , auc=[0.76814], sum_recall=[0.31255]
Epoch 7 [24.2s + 15.5s]: train==[2.73700 = 0.44590 + 2.29111], recall= [ 0.02220  0.06334  0.09365  0.12795] , precision= [ 0.02306  0.01332  0.00982  0.00900] , auc=[0.76920], sum_recall=[0.30714]
Epoch 8 [24.3s + 15.1s]: train==[2.70382 = 0.41754 + 2.28628], recall= [ 0.01964  0.06163  0.10048  0.12525] , precision= [ 0.02050  0.01298  0.01050  0.00888] , auc=[0.76992], sum_recall=[0.30700]
Epoch 9 [24.4s + 15.7s]: train==[2.68276 = 0.40111 + 2.28164], recall= [ 0.01822  0.06761  0.10632  0.13393] , precision= [ 0.01964  0.01418  0.01119  0.00939] , auc=[0.77091], sum_recall=[0.32607]
Epoch 10 [24.2s + 15.5s]: train==[2.66103 = 0.38412 + 2.27691], recall= [ 0.01865  0.07301  0.10917  0.13350] , precision= [ 0.01964  0.01554  0.01153  0.00939] , auc=[0.77190], sum_recall=[0.33433]
Epoch 11 [24.1s + 14.5s]: train==[2.62806 = 0.35608 + 2.27198], recall= [ 0.01865  0.07387  0.10703  0.13393] , precision= [ 0.01964  0.01571  0.01127  0.00945] , auc=[0.77306], sum_recall=[0.33348]
Epoch 12 [24.1s + 15.3s]: train==[2.59821 = 0.33135 + 2.26687], recall= [ 0.01779  0.07301  0.11087  0.13649] , precision= [ 0.01879  0.01554  0.01170  0.00962] , auc=[0.77400], sum_recall=[0.33817]
Epoch 13 [24.0s + 14.7s]: train==[2.58806 = 0.32622 + 2.26184], recall= [ 0.01736  0.07444  0.11272  0.14005] , precision= [ 0.01793  0.01588  0.01196  0.00991] , auc=[0.77414], sum_recall=[0.34458]
Epoch 14 [24.2s + 14.6s]: train==[2.57250 = 0.31577 + 2.25673], recall= [ 0.01907  0.07358  0.11571  0.14005] , precision= [ 0.01964  0.01571  0.01221  0.00991] , auc=[0.77482], sum_recall=[0.34842]
Epoch 15 [24.1s + 17.1s]: train==[2.54314 = 0.29183 + 2.25131], recall= [ 0.01950  0.07273  0.11657  0.13834] , precision= [ 0.02050  0.01554  0.01230  0.00979] , auc=[0.77534], sum_recall=[0.34714]
Epoch 16 [24.0s + 15.0s]: train==[2.52958 = 0.28442 + 2.24515], recall= [ 0.01865  0.07273  0.11571  0.13720] , precision= [ 0.01964  0.01554  0.01221  0.00974] , auc=[0.77595], sum_recall=[0.34429]
Epoch 17 [28.4s + 14.8s]: train==[2.50571 = 0.26776 + 2.23795], recall= [ 0.01865  0.07358  0.11884  0.13806] , precision= [ 0.01964  0.01571  0.01247  0.00979] , auc=[0.77625], sum_recall=[0.34913]
Epoch 18 [25.1s + 15.1s]: train==[2.50112 = 0.27085 + 2.23027], recall= [ 0.01865  0.06761  0.11884  0.13891] , precision= [ 0.01964  0.01452  0.01247  0.00974] , auc=[0.77657], sum_recall=[0.34401]
Epoch 19 [24.2s + 15.2s]: train==[2.47065 = 0.24840 + 2.22225], recall= [ 0.01950  0.07102  0.11842  0.14233] , precision= [ 0.02050  0.01520  0.01247  0.01008] , auc=[0.77710], sum_recall=[0.35127]
Epoch 20 [24.6s + 15.6s]: train==[2.44378 = 0.22955 + 2.21423], recall= [ 0.02206  0.07059  0.11586  0.14404] , precision= [ 0.02306  0.01503  0.01221  0.01019] , auc=[0.77775], sum_recall=[0.35255]
Epoch 21 [25.4s + 15.3s]: train==[2.44352 = 0.23758 + 2.20594], recall= [ 0.02121  0.07401  0.11827  0.14532] , precision= [ 0.02220  0.01571  0.01255  0.01025] , auc=[0.77763], sum_recall=[0.35881]
Epoch 22 [24.2s + 14.5s]: train==[2.42184 = 0.22311 + 2.19872], recall= [ 0.02206  0.07059  0.11742  0.14660] , precision= [ 0.02306  0.01503  0.01247  0.01036] , auc=[0.77769], sum_recall=[0.35668]
Epoch 23 [24.4s + 14.2s]: train==[2.42475 = 0.23352 + 2.19124], recall= [ 0.02377  0.07230  0.11358  0.14603] , precision= [ 0.02477  0.01537  0.01204  0.01025] , auc=[0.77871], sum_recall=[0.35568]
Epoch 24 [23.8s + 14.7s]: train==[2.40652 = 0.22183 + 2.18469], recall= [ 0.02462  0.07230  0.11529  0.14603] , precision= [ 0.02562  0.01537  0.01221  0.01025] , auc=[0.77941], sum_recall=[0.35824]
Epoch 25 [23.8s + 14.5s]: train==[2.38448 = 0.20556 + 2.17892], recall= [ 0.02462  0.07401  0.11358  0.14261] , precision= [ 0.02562  0.01571  0.01204  0.01002] , auc=[0.78071], sum_recall=[0.35482]
Epoch 26 [23.8s + 15.1s]: train==[2.37869 = 0.20534 + 2.17335], recall= [ 0.02633  0.07216  0.11272  0.14432] , precision= [ 0.02733  0.01503  0.01196  0.01019] , auc=[0.78155], sum_recall=[0.35554]
Epoch 27 [23.4s + 14.4s]: train==[2.36898 = 0.20027 + 2.16871], recall= [ 0.02718  0.07173  0.10988  0.14361] , precision= [ 0.02818  0.01486  0.01161  0.01019] , auc=[0.78258], sum_recall=[0.35241]
Epoch 28 [23.9s + 14.7s]: train==[2.36990 = 0.20534 + 2.16455], recall= [ 0.02889  0.07558  0.11571  0.14532] , precision= [ 0.02989  0.01571  0.01230  0.01030] , auc=[0.78287], sum_recall=[0.36550]
Epoch 29 [24.2s + 15.6s]: train==[2.35362 = 0.19241 + 2.16121], recall= [ 0.02975  0.07728  0.11287  0.14660] , precision= [ 0.03074  0.01605  0.01204  0.01042] , auc=[0.78376], sum_recall=[0.36650]
Epoch 30 [24.1s + 14.5s]: train==[2.36012 = 0.20157 + 2.15856], recall= [ 0.03060  0.07814  0.11272  0.14062] , precision= [ 0.03160  0.01623  0.01196  0.00996] , auc=[0.78323], sum_recall=[0.36208]
Epoch 31 [22.8s + 14.6s]: train==[2.34161 = 0.18579 + 2.15583], recall= [ 0.02975  0.07672  0.11201  0.14190] , precision= [ 0.03074  0.01605  0.01196  0.01008] , auc=[0.78384], sum_recall=[0.36038]
Epoch 32 [22.7s + 14.9s]: train==[2.34155 = 0.18729 + 2.15425], recall= [ 0.03060  0.08184  0.11102  0.14204] , precision= [ 0.03160  0.01708  0.01178  0.01013] , auc=[0.78339], sum_recall=[0.36550]
Epoch 33 [22.7s + 14.2s]: train==[2.33915 = 0.18636 + 2.15279], recall= [ 0.03060  0.07928  0.10845  0.14119] , precision= [ 0.03160  0.01657  0.01153  0.01008] , auc=[0.78367], sum_recall=[0.35952]
Epoch 34 [22.7s + 14.4s]: train==[2.33640 = 0.18475 + 2.15166], recall= [ 0.03145  0.08269  0.11187  0.14546] , precision= [ 0.03245  0.01742  0.01187  0.01036] , auc=[0.78349], sum_recall=[0.37148]
Epoch 35 [22.8s + 15.2s]: train==[2.32649 = 0.17636 + 2.15013], recall= [ 0.03316  0.08440  0.11358  0.14332] , precision= [ 0.03416  0.01759  0.01204  0.01019] , auc=[0.78356], sum_recall=[0.37447]
Epoch 36 [34.2s + 21.3s]: train==[2.33600 = 0.18755 + 2.14845], recall= [ 0.03145  0.08127  0.11087  0.14501] , precision= [ 0.03245  0.01691  0.01170  0.01030] , auc=[0.78359], sum_recall=[0.36861]
Epoch 37 [25.5s + 19.6s]: train==[2.32532 = 0.17847 + 2.14686], recall= [ 0.03060  0.07913  0.11215  0.14729] , precision= [ 0.03160  0.01640  0.01178  0.01048] , auc=[0.78380], sum_recall=[0.36918]
Epoch 38 [23.5s + 19.9s]: train==[2.31365 = 0.16834 + 2.14530], recall= [ 0.02889  0.08241  0.11344  0.14503] , precision= [ 0.02989  0.01725  0.01196  0.01025] , auc=[0.78372], sum_recall=[0.36977]
Epoch 39 [23.9s + 19.4s]: train==[2.32067 = 0.17701 + 2.14366], recall= [ 0.02889  0.07956  0.11685  0.14332] , precision= [ 0.02989  0.01657  0.01230  0.01013] , auc=[0.78405], sum_recall=[0.36863]
Epoch 40 [23.3s + 20.1s]: train==[2.31710 = 0.17493 + 2.14217], recall= [ 0.02718  0.07871  0.11913  0.14603] , precision= [ 0.02818  0.01674  0.01264  0.01036] , auc=[0.78382], sum_recall=[0.37105]
Epoch 41 [25.2s + 21.5s]: train==[2.30346 = 0.16289 + 2.14057], recall= [ 0.02804  0.08184  0.11827  0.14474] , precision= [ 0.02904  0.01725  0.01255  0.01042] , auc=[0.78363], sum_recall=[0.37289]
Epoch 42 [28.8s + 26.1s]: train==[2.30126 = 0.16252 + 2.13874], recall= [ 0.02889  0.07842  0.11956  0.14218] , precision= [ 0.02989  0.01657  0.01272  0.01025] , auc=[0.78353], sum_recall=[0.36905]
Epoch 43 [23.9s + 21.4s]: train==[2.29927 = 0.16165 + 2.13761], recall= [ 0.02804  0.07985  0.11879  0.14780] , precision= [ 0.02904  0.01691  0.01281  0.01059] , auc=[0.78393], sum_recall=[0.37447]
Epoch 44 [29.2s + 21.5s]: train==[2.29857 = 0.16265 + 2.13592], recall= [ 0.03060  0.07814  0.11879  0.14668] , precision= [ 0.03160  0.01657  0.01281  0.01048] , auc=[0.78363], sum_recall=[0.37421]
Epoch 45 [23.7s + 19.4s]: train==[2.29792 = 0.16323 + 2.13469], recall= [ 0.02804  0.08013  0.11452  0.14732] , precision= [ 0.02904  0.01708  0.01238  0.01059] , auc=[0.78350], sum_recall=[0.37001]
Epoch 46 [23.7s + 19.5s]: train==[2.29244 = 0.15898 + 2.13346], recall= [ 0.02775  0.07970  0.11701  0.14846] , precision= [ 0.02818  0.01708  0.01264  0.01076] , auc=[0.78408], sum_recall=[0.37293]
Epoch 47 [25.1s + 19.7s]: train==[2.29289 = 0.16037 + 2.13252], recall= [ 0.02818  0.07757  0.11658  0.14298] , precision= [ 0.02904  0.01657  0.01264  0.01053] , auc=[0.78369], sum_recall=[0.36531]
Epoch 48 [24.8s + 19.1s]: train==[2.28163 = 0.15038 + 2.13125], recall= [ 0.02605  0.07629  0.11914  0.14334] , precision= [ 0.02647  0.01640  0.01289  0.01048] , auc=[0.78282], sum_recall=[0.36482]
Epoch 49 [25.2s + 18.8s]: train==[2.28884 = 0.15869 + 2.13015], recall= [ 0.02605  0.07415  0.12199  0.14476] , precision= [ 0.02647  0.01588  0.01324  0.01053] , auc=[0.78161], sum_recall=[0.36695]
Epoch 50 [23.7s + 19.1s]: train==[2.29482 = 0.16535 + 2.12946], recall= [ 0.02690  0.07381  0.12299  0.14839] , precision= [ 0.02733  0.01588  0.01341  0.01087] , auc=[0.77992], sum_recall=[0.37209]
Epoch 51 [24.4s + 19.8s]: train==[2.28136 = 0.15239 + 2.12897], recall= [ 0.02348  0.07430  0.11544  0.14434] , precision= [ 0.02391  0.01571  0.01272  0.01053] , auc=[0.77891], sum_recall=[0.35756]
Epoch 52 [25.1s + 19.4s]: train==[2.27318 = 0.14513 + 2.12806], recall= [ 0.02704  0.07558  0.11658  0.14382] , precision= [ 0.02818  0.01605  0.01272  0.01048] , auc=[0.77699], sum_recall=[0.36302]
Epoch 53 [24.0s + 19.5s]: train==[2.28167 = 0.15423 + 2.12744], recall= [ 0.02605  0.06986  0.11720  0.13912] , precision= [ 0.02647  0.01503  0.01272  0.01013] , auc=[0.77547], sum_recall=[0.35223]
Epoch 54 [24.2s + 20.0s]: train==[2.28011 = 0.15319 + 2.12692], recall= [ 0.02348  0.07399  0.11677  0.13773] , precision= [ 0.02391  0.01588  0.01255  0.01008] , auc=[0.77487], sum_recall=[0.35197]
Epoch 55 [23.8s + 20.4s]: train==[2.27764 = 0.15063 + 2.12701], recall= [ 0.02733  0.07399  0.11350  0.13753] , precision= [ 0.02818  0.01571  0.01213  0.01008] , auc=[0.77399], sum_recall=[0.35234]
Epoch 56 [23.6s + 19.9s]: train==[2.27664 = 0.14962 + 2.12702], recall= [ 0.02818  0.07527  0.11487  0.13653] , precision= [ 0.02904  0.01588  0.01230  0.01002] , auc=[0.77298], sum_recall=[0.35485]
Epoch 57 [25.1s + 20.9s]: train==[2.27815 = 0.15141 + 2.12674], recall= [ 0.02605  0.07314  0.11110  0.13397] , precision= [ 0.02647  0.01537  0.01204  0.00985] , auc=[0.77165], sum_recall=[0.34425]
Epoch 58 [23.7s + 20.1s]: train==[2.27125 = 0.14414 + 2.12711], recall= [ 0.02434  0.07728  0.11053  0.13383] , precision= [ 0.02477  0.01605  0.01187  0.00985] , auc=[0.77013], sum_recall=[0.34598]
Epoch 59 [23.5s + 19.8s]: train==[2.27774 = 0.15127 + 2.12647], recall= [ 0.02519  0.07970  0.10796  0.13513] , precision= [ 0.02562  0.01640  0.01144  0.00991] , auc=[0.76920], sum_recall=[0.34798]
Epoch 60 [23.6s + 21.4s]: train==[2.27220 = 0.14566 + 2.12654], recall= [ 0.02605  0.07985  0.10753  0.13584] , precision= [ 0.02647  0.01657  0.01144  0.00985] , auc=[0.76848], sum_recall=[0.34926]
Epoch 61 [24.8s + 20.7s]: train==[2.27360 = 0.14700 + 2.12661], recall= [ 0.02519  0.07871  0.11365  0.13555] , precision= [ 0.02562  0.01657  0.01204  0.00974] , auc=[0.76778], sum_recall=[0.35310]
Epoch 62 [24.3s + 19.9s]: train==[2.26730 = 0.14087 + 2.12643], recall= [ 0.02348  0.07885  0.11479  0.14266] , precision= [ 0.02391  0.01657  0.01221  0.01019] , auc=[0.76654], sum_recall=[0.35978]
Epoch 63 [24.1s + 21.7s]: train==[2.26819 = 0.14179 + 2.12639], recall= [ 0.02434  0.07743  0.11856  0.14066] , precision= [ 0.02477  0.01605  0.01255  0.01013] , auc=[0.76531], sum_recall=[0.36099]
Epoch 64 [24.2s + 19.8s]: train==[2.27579 = 0.14952 + 2.12627], recall= [ 0.02235  0.07401  0.11429  0.13671] , precision= [ 0.02391  0.01554  0.01213  0.00979] , auc=[0.76410], sum_recall=[0.34736]
Epoch 65 [24.2s + 19.7s]: train==[2.26989 = 0.14349 + 2.12639], recall= [ 0.01893  0.07430  0.11710  0.13563] , precision= [ 0.02050  0.01571  0.01247  0.00962] , auc=[0.76342], sum_recall=[0.34596]
Epoch 66 [23.8s + 19.2s]: train==[2.27449 = 0.14803 + 2.12646], recall= [ 0.01893  0.07070  0.11112  0.13250] , precision= [ 0.02050  0.01520  0.01187  0.00945] , auc=[0.76558], sum_recall=[0.33326]
Epoch 67 [24.3s + 20.2s]: train==[2.27296 = 0.14629 + 2.12667], recall= [ 0.02149  0.07227  0.11326  0.13318] , precision= [ 0.02220  0.01520  0.01204  0.00945] , auc=[0.76755], sum_recall=[0.34020]
Epoch 68 [24.4s + 19.7s]: train==[2.27306 = 0.14553 + 2.12753], recall= [ 0.02050  0.06714  0.10714  0.13446] , precision= [ 0.02050  0.01418  0.01136  0.00968] , auc=[0.76861], sum_recall=[0.32924]
Epoch 69 [24.2s + 20.6s]: train==[2.27517 = 0.14563 + 2.12954], recall= [ 0.01736  0.07056  0.11312  0.13646] , precision= [ 0.01793  0.01486  0.01204  0.00996] , auc=[0.76850], sum_recall=[0.33750]
Epoch 70 [24.0s + 20.1s]: train==[2.26896 = 0.14177 + 2.12719], recall= [ 0.01936  0.06999  0.11240  0.13261] , precision= [ 0.02050  0.01486  0.01213  0.00968] , auc=[0.76707], sum_recall=[0.33437]
Epoch 71 [24.5s + 20.4s]: train==[2.27756 = 0.14980 + 2.12777], recall= [ 0.02235  0.07255  0.10899  0.13824] , precision= [ 0.02391  0.01537  0.01161  0.00996] , auc=[0.76668], sum_recall=[0.34212]
Epoch 72 [25.0s + 20.1s]: train==[2.26747 = 0.13886 + 2.12861], recall= [ 0.02587  0.06899  0.10920  0.13768] , precision= [ 0.02818  0.01452  0.01170  0.01002] , auc=[0.76524], sum_recall=[0.34174]
Epoch 73 [24.5s + 19.9s]: train==[2.26729 = 0.13955 + 2.12773], recall= [ 0.02718  0.06451  0.10436  0.13750] , precision= [ 0.02818  0.01401  0.01119  0.01002] , auc=[0.76540], sum_recall=[0.33355]
Epoch 74 [24.9s + 19.5s]: train==[2.26630 = 0.13774 + 2.12855], recall= [ 0.02519  0.06707  0.10821  0.13777] , precision= [ 0.02562  0.01452  0.01153  0.01002] , auc=[0.76531], sum_recall=[0.33824]
Epoch 75 [24.2s + 20.3s]: train==[2.27482 = 0.14753 + 2.12728], recall= [ 0.02477  0.06600  0.10515  0.13057] , precision= [ 0.02477  0.01418  0.01119  0.00945] , auc=[0.76567], sum_recall=[0.32648]
Epoch 76 [23.8s + 20.0s]: train==[2.26164 = 0.13348 + 2.12816], recall= [ 0.02562  0.06857  0.10395  0.13128] , precision= [ 0.02562  0.01452  0.01110  0.00945] , auc=[0.76670], sum_recall=[0.32941]
End of trainning! Best recall= [ 0.02775  0.07970  0.11701  0.14846] , precision= [ 0.02818  0.01708  0.01264  0.01076] , auc=[0.78408]
test.sh: line 69: -gpu_id: command not found
