Namespace(Ks=[1, 5, 10, 15], T=0.01, alpha=3.0, batch_size=512, beta=0.1, dataset='./OMIM/bigraph/cross0', dropout=0.3, emb_dim=200, gamma=0.1, gpu_id=-1, hid_dim=200, k=0.5, layer_size='[200]', learning_rate=0.005, mi_batch_size=1000, mi_kind='js', neg_num=5, num_epochs=1000, pretrain=None, reg=0.001, seed=-1, show_model_param=False, show_step=1, weight=None)
2021-12-25 20:21:16
loading data...
[n_users, n_items]=[3209, 12211]
[n_train, n_test]=[2636, 1318]
[n_edges]=[285362]
Using GPU 0,  memory_free: 24265
tensor([-0.0165, -0.0356,  0.0133, -0.0100,  0.0270], device='cuda:0')
Loading Model..Number of Model Parameters:  3324802
Epoch 0 [38.0s + 9.2s]: train==[5.16767 = 2.85370 + 2.31397], recall= [ 0.00217  0.00522  0.00957  0.01304] , precision= [ 0.00261  0.00122  0.00113  0.00099] , auc=[0.51445], sum_recall=[0.03000]
Epoch 1 [38.2s + 9.6s]: train==[3.50879 = 1.19575 + 2.31304], recall= [ 0.02159  0.08696  0.12984  0.15408] , precision= [ 0.02435  0.01948  0.01478  0.01177] , auc=[0.69771], sum_recall=[0.39247]
Epoch 2 [41.9s + 9.6s]: train==[3.00062 = 0.69292 + 2.30770], recall= [ 0.02225  0.10180  0.14962  0.18791] , precision= [ 0.02696  0.02348  0.01713  0.01414] , auc=[0.74856], sum_recall=[0.46157]
Epoch 3 [38.3s + 10.8s]: train==[2.82796 = 0.52610 + 2.30185], recall= [ 0.02191  0.10528  0.15853  0.19475] , precision= [ 0.02696  0.02417  0.01800  0.01467] , auc=[0.76915], sum_recall=[0.48047]
Epoch 4 [38.3s + 11.1s]: train==[2.73109 = 0.43405 + 2.29703], recall= [ 0.02486  0.10328  0.16160  0.20021] , precision= [ 0.02870  0.02383  0.01843  0.01507] , auc=[0.78095], sum_recall=[0.48995]
Epoch 5 [38.4s + 10.9s]: train==[2.68247 = 0.38900 + 2.29348], recall= [ 0.02572  0.09907  0.16308  0.20152] , precision= [ 0.02957  0.02296  0.01861  0.01519] , auc=[0.78833], sum_recall=[0.48940]
Epoch 6 [38.2s + 11.4s]: train==[2.65298 = 0.36200 + 2.29098], recall= [ 0.02703  0.10103  0.16236  0.19760] , precision= [ 0.03130  0.02330  0.01852  0.01484] , auc=[0.79295], sum_recall=[0.48802]
Epoch 7 [38.2s + 11.8s]: train==[2.63244 = 0.34340 + 2.28905], recall= [ 0.02587  0.10038  0.16410  0.19647] , precision= [ 0.02957  0.02313  0.01870  0.01484] , auc=[0.79647], sum_recall=[0.48682]
Epoch 8 [38.5s + 10.9s]: train==[2.61428 = 0.32720 + 2.28707], recall= [ 0.02435  0.10125  0.16514  0.20198] , precision= [ 0.02783  0.02330  0.01887  0.01525] , auc=[0.79936], sum_recall=[0.49272]
Epoch 9 [38.3s + 11.2s]: train==[2.59878 = 0.31436 + 2.28442], recall= [ 0.02609  0.10316  0.16644  0.20860] , precision= [ 0.02957  0.02383  0.01904  0.01583] , auc=[0.80151], sum_recall=[0.50429]
Epoch 10 [38.2s + 11.4s]: train==[2.58584 = 0.30510 + 2.28074], recall= [ 0.02609  0.10374  0.17108  0.21034] , precision= [ 0.02957  0.02383  0.01957  0.01594] , auc=[0.80393], sum_recall=[0.51125]
Epoch 11 [38.5s + 11.2s]: train==[2.56982 = 0.29374 + 2.27607], recall= [ 0.02522  0.10551  0.17340  0.21208] , precision= [ 0.02870  0.02435  0.01991  0.01606] , auc=[0.80655], sum_recall=[0.51621]
Epoch 12 [38.3s + 11.5s]: train==[2.55702 = 0.28621 + 2.27080], recall= [ 0.02496  0.10660  0.17224  0.21150] , precision= [ 0.02870  0.02470  0.01974  0.01606] , auc=[0.80895], sum_recall=[0.51529]
Epoch 13 [38.3s + 11.6s]: train==[2.53677 = 0.27148 + 2.26529], recall= [ 0.02496  0.10703  0.17543  0.21345] , precision= [ 0.02870  0.02470  0.02017  0.01629] , auc=[0.81100], sum_recall=[0.52087]
Epoch 14 [38.5s + 10.9s]: train==[2.52237 = 0.26248 + 2.25989], recall= [ 0.02496  0.10660  0.17565  0.21490] , precision= [ 0.02870  0.02452  0.02026  0.01635] , auc=[0.81330], sum_recall=[0.52210]
Epoch 15 [38.4s + 11.2s]: train==[2.51629 = 0.26142 + 2.25487], recall= [ 0.02583  0.10990  0.17565  0.21838] , precision= [ 0.02957  0.02504  0.02026  0.01658] , auc=[0.81522], sum_recall=[0.52976]
Epoch 16 [38.4s + 11.5s]: train==[2.50217 = 0.25164 + 2.25054], recall= [ 0.02583  0.10816  0.17782  0.22056] , precision= [ 0.02957  0.02470  0.02043  0.01675] , auc=[0.81682], sum_recall=[0.53236]
Epoch 17 [38.5s + 11.8s]: train==[2.48935 = 0.24262 + 2.24673], recall= [ 0.02583  0.10821  0.17913  0.21969] , precision= [ 0.02957  0.02470  0.02061  0.01670] , auc=[0.81814], sum_recall=[0.53284]
Epoch 18 [38.5s + 11.5s]: train==[2.48868 = 0.24522 + 2.24346], recall= [ 0.02583  0.10907  0.17913  0.21969] , precision= [ 0.02957  0.02487  0.02061  0.01675] , auc=[0.81918], sum_recall=[0.53371]
Epoch 19 [38.3s + 13.3s]: train==[2.47525 = 0.23463 + 2.24062], recall= [ 0.02565  0.10654  0.17927  0.22273] , precision= [ 0.02870  0.02452  0.02061  0.01693] , auc=[0.81986], sum_recall=[0.53420]
Epoch 20 [38.2s + 11.5s]: train==[2.47017 = 0.23205 + 2.23812], recall= [ 0.02696  0.10654  0.17971  0.22621] , precision= [ 0.03043  0.02452  0.02070  0.01716] , auc=[0.82047], sum_recall=[0.53941]
Epoch 21 [38.2s + 10.9s]: train==[2.46260 = 0.22658 + 2.23602], recall= [ 0.02783  0.10698  0.17879  0.22693] , precision= [ 0.03130  0.02470  0.02061  0.01716] , auc=[0.82094], sum_recall=[0.54052]
Epoch 22 [38.2s + 11.4s]: train==[2.45487 = 0.22064 + 2.23423], recall= [ 0.02783  0.10720  0.17922  0.22498] , precision= [ 0.03130  0.02470  0.02061  0.01704] , auc=[0.82119], sum_recall=[0.53922]
Epoch 23 [39.7s + 10.8s]: train==[2.44578 = 0.21297 + 2.23281], recall= [ 0.02812  0.10741  0.17727  0.22512] , precision= [ 0.03217  0.02470  0.02035  0.01710] , auc=[0.82117], sum_recall=[0.53792]
Epoch 24 [38.4s + 11.1s]: train==[2.44004 = 0.20839 + 2.23165], recall= [ 0.02725  0.10785  0.17900  0.22425] , precision= [ 0.03130  0.02487  0.02052  0.01704] , auc=[0.82098], sum_recall=[0.53835]
Epoch 25 [38.3s + 11.6s]: train==[2.43603 = 0.20538 + 2.23065], recall= [ 0.02725  0.10741  0.18096  0.22393] , precision= [ 0.03130  0.02470  0.02078  0.01710] , auc=[0.82078], sum_recall=[0.53955]
Epoch 26 [38.7s + 11.1s]: train==[2.43323 = 0.20351 + 2.22973], recall= [ 0.02725  0.10915  0.18096  0.22421] , precision= [ 0.03130  0.02504  0.02078  0.01716] , auc=[0.82065], sum_recall=[0.54157]
Epoch 27 [38.5s + 11.1s]: train==[2.42408 = 0.19522 + 2.22886], recall= [ 0.02725  0.10785  0.18357  0.22378] , precision= [ 0.03130  0.02470  0.02104  0.01716] , auc=[0.82041], sum_recall=[0.54244]
Epoch 28 [38.3s + 11.2s]: train==[2.41726 = 0.18914 + 2.22812], recall= [ 0.02638  0.10872  0.18420  0.22291] , precision= [ 0.03043  0.02487  0.02096  0.01710] , auc=[0.82020], sum_recall=[0.54220]
Epoch 29 [38.5s + 11.3s]: train==[2.41239 = 0.18501 + 2.22738], recall= [ 0.02812  0.11002  0.18518  0.22248] , precision= [ 0.03217  0.02504  0.02113  0.01704] , auc=[0.81984], sum_recall=[0.54579]
Epoch 30 [38.4s + 10.9s]: train==[2.41110 = 0.18431 + 2.22679], recall= [ 0.02638  0.10959  0.18431  0.22257] , precision= [ 0.03043  0.02487  0.02104  0.01710] , auc=[0.81947], sum_recall=[0.54284]
Epoch 31 [38.5s + 11.3s]: train==[2.40823 = 0.18198 + 2.22625], recall= [ 0.02551  0.10785  0.18235  0.22344] , precision= [ 0.02957  0.02452  0.02078  0.01716] , auc=[0.81917], sum_recall=[0.53915]
Epoch 32 [38.4s + 11.7s]: train==[2.40401 = 0.17828 + 2.22572], recall= [ 0.02551  0.10872  0.18235  0.22170] , precision= [ 0.02957  0.02470  0.02078  0.01704] , auc=[0.81906], sum_recall=[0.53828]
End of trainning! Best recall= [ 0.02783  0.10720  0.17922  0.22498] , precision= [ 0.03130  0.02470  0.02061  0.01704] , auc=[0.82119]
Namespace(Ks=[1, 5, 10, 15], T=0.01, alpha=3.0, batch_size=512, beta=0.1, dataset='./OMIM/bigraph/cross0', dropout=0.3, emb_dim=200, gamma=0.1, gpu_id=-1, hid_dim=200, k=0.5, layer_size='[200]', learning_rate=0.005, mi_batch_size=1000, mi_kind='js', neg_num=5, num_epochs=1000, pretrain=None, reg=0.001, seed=-1, show_model_param=False, show_step=1, weight=None)
2021-12-25 20:48:41
loading data...
[n_users, n_items]=[3209, 12211]
[n_train, n_test]=[2636, 1318]
[n_edges]=[285362]
Using GPU 0,  memory_free: 24265
tensor([-0.0367, -0.0331,  0.0378,  0.0328,  0.0401], device='cuda:0')
Loading Model..Number of Model Parameters:  3324802
Epoch 0 [38.6s + 9.5s]: train==[5.13575 = 2.81878 + 2.31697], recall= [ 0.00188  0.00819  0.01174  0.01696] , precision= [ 0.00261  0.00191  0.00148  0.00133] , auc=[0.53906], sum_recall=[0.03877]
Epoch 1 [38.8s + 9.8s]: train==[3.48441 = 1.16868 + 2.31573], recall= [ 0.01500  0.08481  0.14438  0.16891] , precision= [ 0.01826  0.01913  0.01617  0.01264] , auc=[0.70062], sum_recall=[0.41310]
Epoch 2 [38.9s + 10.0s]: train==[2.99109 = 0.68112 + 2.30997], recall= [ 0.02326  0.10002  0.16011  0.19673] , precision= [ 0.02696  0.02261  0.01826  0.01490] , auc=[0.74880], sum_recall=[0.48012]
Epoch 3 [40.4s + 11.0s]: train==[2.83473 = 0.53071 + 2.30402], recall= [ 0.02312  0.09994  0.16105  0.19912] , precision= [ 0.02783  0.02278  0.01861  0.01519] , auc=[0.76909], sum_recall=[0.48323]
Epoch 4 [38.8s + 11.3s]: train==[2.72711 = 0.42775 + 2.29936], recall= [ 0.02659  0.10118  0.16028  0.20248] , precision= [ 0.03130  0.02296  0.01878  0.01565] , auc=[0.78006], sum_recall=[0.49054]
Epoch 5 [39.2s + 11.0s]: train==[2.68656 = 0.39049 + 2.29607], recall= [ 0.02500  0.09913  0.16141  0.20429] , precision= [ 0.02870  0.02243  0.01878  0.01571] , auc=[0.78773], sum_recall=[0.48984]
Epoch 6 [38.6s + 11.4s]: train==[2.65361 = 0.35989 + 2.29372], recall= [ 0.02500  0.09720  0.15829  0.20491] , precision= [ 0.02870  0.02243  0.01843  0.01571] , auc=[0.79199], sum_recall=[0.48541]
Epoch 7 [39.0s + 11.6s]: train==[2.63026 = 0.33866 + 2.29160], recall= [ 0.02457  0.09763  0.16308  0.20687] , precision= [ 0.02870  0.02243  0.01887  0.01577] , auc=[0.79582], sum_recall=[0.49214]
Epoch 8 [38.8s + 11.1s]: train==[2.61540 = 0.32645 + 2.28895], recall= [ 0.02283  0.09841  0.16482  0.21024] , precision= [ 0.02696  0.02243  0.01913  0.01594] , auc=[0.79930], sum_recall=[0.49629]
Epoch 9 [38.8s + 11.2s]: train==[2.59645 = 0.31115 + 2.28531], recall= [ 0.02370  0.09971  0.16351  0.20753] , precision= [ 0.02783  0.02261  0.01896  0.01571] , auc=[0.80256], sum_recall=[0.49445]
Epoch 10 [38.8s + 11.7s]: train==[2.58151 = 0.30099 + 2.28051], recall= [ 0.02500  0.10112  0.16482  0.21075] , precision= [ 0.02870  0.02330  0.01904  0.01600] , auc=[0.80555], sum_recall=[0.50168]
Epoch 11 [38.9s + 11.1s]: train==[2.57041 = 0.29544 + 2.27497], recall= [ 0.02239  0.10177  0.16743  0.20988] , precision= [ 0.02609  0.02330  0.01930  0.01594] , auc=[0.80848], sum_recall=[0.50147]
Epoch 12 [40.6s + 12.6s]: train==[2.55253 = 0.28341 + 2.26912], recall= [ 0.02304  0.10177  0.17003  0.21017] , precision= [ 0.02609  0.02330  0.01957  0.01600] , auc=[0.81124], sum_recall=[0.50502]
Epoch 13 [38.7s + 11.3s]: train==[2.53206 = 0.26866 + 2.26340], recall= [ 0.02217  0.10438  0.17496  0.21241] , precision= [ 0.02522  0.02383  0.02000  0.01623] , auc=[0.81359], sum_recall=[0.51392]
Epoch 14 [38.8s + 11.0s]: train==[2.52246 = 0.26440 + 2.25805], recall= [ 0.02174  0.10525  0.17431  0.21274] , precision= [ 0.02435  0.02400  0.02000  0.01617] , auc=[0.81576], sum_recall=[0.51404]
Epoch 15 [39.1s + 11.0s]: train==[2.51435 = 0.26106 + 2.25329], recall= [ 0.02174  0.10699  0.17866  0.21274] , precision= [ 0.02435  0.02435  0.02043  0.01617] , auc=[0.81755], sum_recall=[0.52013]
Epoch 16 [38.7s + 11.8s]: train==[2.50039 = 0.25116 + 2.24923], recall= [ 0.02261  0.10786  0.17909  0.21372] , precision= [ 0.02522  0.02452  0.02043  0.01629] , auc=[0.81883], sum_recall=[0.52328]
Epoch 17 [43.3s + 11.2s]: train==[2.49148 = 0.24582 + 2.24566], recall= [ 0.02261  0.10872  0.18040  0.21564] , precision= [ 0.02522  0.02470  0.02061  0.01652] , auc=[0.81988], sum_recall=[0.52736]
Epoch 18 [39.4s + 11.3s]: train==[2.48974 = 0.24715 + 2.24259], recall= [ 0.02348  0.11133  0.17909  0.21477] , precision= [ 0.02609  0.02522  0.02043  0.01646] , auc=[0.82083], sum_recall=[0.52867]
Epoch 19 [38.8s + 11.1s]: train==[2.47161 = 0.23166 + 2.23996], recall= [ 0.02261  0.11220  0.17972  0.21520] , precision= [ 0.02522  0.02539  0.02052  0.01646] , auc=[0.82147], sum_recall=[0.52973]
Epoch 20 [38.8s + 11.1s]: train==[2.46654 = 0.22895 + 2.23759], recall= [ 0.02348  0.11372  0.17914  0.21766] , precision= [ 0.02609  0.02591  0.02035  0.01658] , auc=[0.82208], sum_recall=[0.53401]
Epoch 21 [38.9s + 11.1s]: train==[2.46052 = 0.22484 + 2.23567], recall= [ 0.02435  0.11546  0.17805  0.21766] , precision= [ 0.02696  0.02626  0.02017  0.01658] , auc=[0.82254], sum_recall=[0.53553]
Epoch 22 [38.9s + 11.6s]: train==[2.45338 = 0.21937 + 2.23401], recall= [ 0.02609  0.11459  0.17805  0.21679] , precision= [ 0.02870  0.02609  0.02017  0.01652] , auc=[0.82277], sum_recall=[0.53553]
Epoch 23 [39.0s + 10.9s]: train==[2.44592 = 0.21322 + 2.23270], recall= [ 0.02507  0.11459  0.17892  0.21723] , precision= [ 0.02696  0.02626  0.02026  0.01652] , auc=[0.82278], sum_recall=[0.53582]
Epoch 24 [38.8s + 11.1s]: train==[2.43857 = 0.20707 + 2.23150], recall= [ 0.02507  0.11286  0.17892  0.21819] , precision= [ 0.02696  0.02591  0.02026  0.01652] , auc=[0.82278], sum_recall=[0.53504]
Epoch 25 [38.8s + 11.5s]: train==[2.43183 = 0.20142 + 2.23041], recall= [ 0.02507  0.11112  0.18066  0.21988] , precision= [ 0.02783  0.02557  0.02052  0.01670] , auc=[0.82277], sum_recall=[0.53673]
Epoch 26 [38.7s + 11.8s]: train==[2.43066 = 0.20133 + 2.22933], recall= [ 0.02507  0.11013  0.18106  0.22022] , precision= [ 0.02783  0.02539  0.02052  0.01670] , auc=[0.82264], sum_recall=[0.53648]
Epoch 27 [39.0s + 11.0s]: train==[2.42349 = 0.19509 + 2.22840], recall= [ 0.02551  0.11100  0.18193  0.22032] , precision= [ 0.02870  0.02557  0.02061  0.01675] , auc=[0.82251], sum_recall=[0.53875]
Epoch 28 [39.2s + 11.4s]: train==[2.41625 = 0.18858 + 2.22767], recall= [ 0.02551  0.10650  0.18193  0.22162] , precision= [ 0.02870  0.02452  0.02061  0.01681] , auc=[0.82240], sum_recall=[0.53556]
Epoch 29 [38.7s + 10.8s]: train==[2.41159 = 0.18458 + 2.22702], recall= [ 0.02507  0.10846  0.17976  0.22075] , precision= [ 0.02783  0.02470  0.02043  0.01675] , auc=[0.82209], sum_recall=[0.53404]
Epoch 30 [38.7s + 11.0s]: train==[2.40919 = 0.18271 + 2.22647], recall= [ 0.02507  0.10655  0.18063  0.22162] , precision= [ 0.02783  0.02417  0.02052  0.01681] , auc=[0.82188], sum_recall=[0.53386]
Epoch 31 [38.7s + 11.2s]: train==[2.40789 = 0.18191 + 2.22597], recall= [ 0.02507  0.10568  0.17932  0.21988] , precision= [ 0.02783  0.02400  0.02043  0.01670] , auc=[0.82148], sum_recall=[0.52995]
Epoch 32 [38.7s + 11.7s]: train==[2.40137 = 0.17582 + 2.22555], recall= [ 0.02536  0.10611  0.17961  0.22179] , precision= [ 0.02870  0.02400  0.02043  0.01687] , auc=[0.82121], sum_recall=[0.53288]
Epoch 33 [39.2s + 11.0s]: train==[2.40180 = 0.17662 + 2.22518], recall= [ 0.02536  0.10829  0.18287  0.22245] , precision= [ 0.02870  0.02435  0.02070  0.01687] , auc=[0.82096], sum_recall=[0.53897]
Epoch 34 [39.8s + 11.0s]: train==[2.39410 = 0.16929 + 2.22481], recall= [ 0.02623  0.10655  0.18302  0.22172] , precision= [ 0.02957  0.02400  0.02078  0.01687] , auc=[0.82054], sum_recall=[0.53752]
End of trainning! Best recall= [ 0.02507  0.11286  0.17892  0.21819] , precision= [ 0.02696  0.02591  0.02026  0.01652] , auc=[0.82278]
Namespace(Ks=[1, 5, 10, 15], T=0.01, alpha=3.0, batch_size=512, beta=0.1, dataset='./OMIM/bigraph/cross0', dropout=0.3, emb_dim=200, gamma=0.1, gpu_id=-1, hid_dim=200, k=0.5, layer_size='[200]', learning_rate=0.005, mi_batch_size=1000, mi_kind='js', neg_num=5, num_epochs=1000, pretrain=None, reg=0.001, seed=-1, show_model_param=False, show_step=1, weight=None)
2021-12-25 21:18:08
loading data...
[n_users, n_items]=[3209, 12211]
[n_train, n_test]=[2636, 1318]
[n_edges]=[285362]
Using GPU 0,  memory_free: 24265
tensor([ 0.0327, -0.0204, -0.0150,  0.0363, -0.0064], device='cuda:0')
Loading Model..Number of Model Parameters:  3324802
Epoch 0 [38.5s + 9.6s]: train==[5.12905 = 2.81731 + 2.31174], recall= [ 0.00348  0.01043  0.01478  0.01565] , precision= [ 0.00348  0.00226  0.00157  0.00110] , auc=[0.54134], sum_recall=[0.04435]
Epoch 1 [43.2s + 9.9s]: train==[3.49537 = 1.18502 + 2.31035], recall= [ 0.01870  0.09062  0.13455  0.15965] , precision= [ 0.02000  0.01965  0.01478  0.01171] , auc=[0.70383], sum_recall=[0.40351]
Epoch 2 [38.6s + 9.7s]: train==[2.98630 = 0.68143 + 2.30488], recall= [ 0.02442  0.09732  0.16059  0.18887] , precision= [ 0.02696  0.02174  0.01783  0.01426] , auc=[0.75226], sum_recall=[0.47120]
Epoch 3 [38.2s + 11.4s]: train==[2.82103 = 0.52161 + 2.29942], recall= [ 0.02583  0.09732  0.17592  0.20573] , precision= [ 0.02957  0.02191  0.01948  0.01536] , auc=[0.77155], sum_recall=[0.50481]
Epoch 4 [41.7s + 11.2s]: train==[2.71820 = 0.42285 + 2.29535], recall= [ 0.02728  0.10115  0.17752  0.21943] , precision= [ 0.03130  0.02278  0.01974  0.01629] , auc=[0.78219], sum_recall=[0.52538]
Epoch 5 [38.3s + 10.9s]: train==[2.67435 = 0.38184 + 2.29251], recall= [ 0.02801  0.10214  0.17916  0.22166] , precision= [ 0.03304  0.02296  0.01974  0.01646] , auc=[0.78881], sum_recall=[0.53097]
Epoch 6 [38.1s + 11.2s]: train==[2.64990 = 0.35943 + 2.29047], recall= [ 0.02757  0.10351  0.17481  0.22156] , precision= [ 0.03217  0.02313  0.01930  0.01646] , auc=[0.79389], sum_recall=[0.52745]
Epoch 7 [38.5s + 11.2s]: train==[2.62947 = 0.34091 + 2.28856], recall= [ 0.02844  0.10221  0.17481  0.21927] , precision= [ 0.03304  0.02278  0.01930  0.01629] , auc=[0.79778], sum_recall=[0.52474]
Epoch 8 [38.3s + 10.9s]: train==[2.60927 = 0.32316 + 2.28611], recall= [ 0.02540  0.10221  0.17771  0.21971] , precision= [ 0.03043  0.02278  0.01974  0.01629] , auc=[0.80116], sum_recall=[0.52503]
Epoch 9 [38.4s + 11.4s]: train==[2.59239 = 0.30973 + 2.28266], recall= [ 0.02453  0.10112  0.17988  0.22025] , precision= [ 0.02957  0.02243  0.01991  0.01641] , auc=[0.80394], sum_recall=[0.52579]
Epoch 10 [39.9s + 11.4s]: train==[2.58272 = 0.30453 + 2.27819], recall= [ 0.02453  0.10315  0.17962  0.22184] , precision= [ 0.02957  0.02296  0.02000  0.01658] , auc=[0.80664], sum_recall=[0.52915]
Epoch 11 [38.3s + 10.8s]: train==[2.56335 = 0.29043 + 2.27293], recall= [ 0.02409  0.10772  0.17980  0.22576] , precision= [ 0.02870  0.02400  0.02009  0.01693] , auc=[0.80965], sum_recall=[0.53736]
Epoch 12 [38.3s + 11.2s]: train==[2.54719 = 0.27978 + 2.26741], recall= [ 0.02322  0.10380  0.18154  0.22739] , precision= [ 0.02783  0.02313  0.02026  0.01704] , auc=[0.81247], sum_recall=[0.53595]
Epoch 13 [38.5s + 12.0s]: train==[2.53166 = 0.26962 + 2.26205], recall= [ 0.02105  0.10207  0.18212  0.22869] , precision= [ 0.02522  0.02278  0.02043  0.01716] , auc=[0.81495], sum_recall=[0.53392]
Epoch 14 [39.1s + 10.9s]: train==[2.52171 = 0.26467 + 2.25705], recall= [ 0.02170  0.10250  0.18414  0.22782] , precision= [ 0.02522  0.02296  0.02070  0.01710] , auc=[0.81722], sum_recall=[0.53617]
Epoch 15 [38.3s + 11.2s]: train==[2.51568 = 0.26310 + 2.25257], recall= [ 0.02344  0.10267  0.18284  0.22855] , precision= [ 0.02696  0.02313  0.02061  0.01722] , auc=[0.81893], sum_recall=[0.53750]
Epoch 16 [38.2s + 11.5s]: train==[2.50275 = 0.25401 + 2.24874], recall= [ 0.02344  0.10383  0.18328  0.22963] , precision= [ 0.02696  0.02348  0.02061  0.01733] , auc=[0.82023], sum_recall=[0.54018]
Epoch 17 [38.4s + 11.0s]: train==[2.48969 = 0.24430 + 2.24538], recall= [ 0.02257  0.10627  0.18429  0.22876] , precision= [ 0.02609  0.02383  0.02078  0.01728] , auc=[0.82128], sum_recall=[0.54189]
Epoch 18 [39.1s + 11.3s]: train==[2.48899 = 0.24645 + 2.24254], recall= [ 0.02301  0.10949  0.18363  0.22920] , precision= [ 0.02696  0.02470  0.02078  0.01728] , auc=[0.82232], sum_recall=[0.54532]
Epoch 19 [39.6s + 11.4s]: train==[2.47014 = 0.23013 + 2.24001], recall= [ 0.02301  0.10746  0.18451  0.22746] , precision= [ 0.02696  0.02417  0.02096  0.01716] , auc=[0.82299], sum_recall=[0.54243]
Epoch 20 [38.3s + 11.3s]: train==[2.46890 = 0.23106 + 2.23784], recall= [ 0.02301  0.10876  0.18370  0.22804] , precision= [ 0.02696  0.02435  0.02087  0.01722] , auc=[0.82358], sum_recall=[0.54350]
Epoch 21 [38.5s + 11.0s]: train==[2.46024 = 0.22424 + 2.23599], recall= [ 0.02214  0.10963  0.18181  0.22891] , precision= [ 0.02609  0.02452  0.02061  0.01728] , auc=[0.82403], sum_recall=[0.54249]
Epoch 22 [41.8s + 11.8s]: train==[2.45087 = 0.21650 + 2.23437], recall= [ 0.02199  0.10876  0.17964  0.22739] , precision= [ 0.02522  0.02435  0.02043  0.01722] , auc=[0.82426], sum_recall=[0.53778]
Epoch 23 [39.8s + 11.6s]: train==[2.44307 = 0.21007 + 2.23300], recall= [ 0.02286  0.11180  0.18094  0.22652] , precision= [ 0.02609  0.02504  0.02061  0.01716] , auc=[0.82426], sum_recall=[0.54213]
Epoch 24 [38.5s + 11.1s]: train==[2.43762 = 0.20587 + 2.23175], recall= [ 0.02373  0.11282  0.18268  0.22536] , precision= [ 0.02696  0.02522  0.02078  0.01704] , auc=[0.82419], sum_recall=[0.54459]
Epoch 25 [38.5s + 11.7s]: train==[2.43361 = 0.20299 + 2.23062], recall= [ 0.02373  0.11325  0.18094  0.22601] , precision= [ 0.02696  0.02522  0.02061  0.01716] , auc=[0.82405], sum_recall=[0.54394]
Epoch 26 [39.1s + 10.7s]: train==[2.43259 = 0.20304 + 2.22955], recall= [ 0.02504  0.11412  0.18007  0.22676] , precision= [ 0.02870  0.02539  0.02052  0.01722] , auc=[0.82374], sum_recall=[0.54599]
Epoch 27 [38.3s + 11.0s]: train==[2.42392 = 0.19527 + 2.22865], recall= [ 0.02417  0.11325  0.17790  0.22748] , precision= [ 0.02783  0.02522  0.02035  0.01722] , auc=[0.82340], sum_recall=[0.54280]
Epoch 28 [38.3s + 11.6s]: train==[2.41764 = 0.18970 + 2.22793], recall= [ 0.02330  0.11499  0.17664  0.22814] , precision= [ 0.02696  0.02557  0.02009  0.01728] , auc=[0.82296], sum_recall=[0.54307]
Epoch 29 [38.4s + 11.2s]: train==[2.41223 = 0.18493 + 2.22730], recall= [ 0.02417  0.11499  0.17881  0.22640] , precision= [ 0.02783  0.02557  0.02035  0.01716] , auc=[0.82246], sum_recall=[0.54437]
Epoch 30 [38.6s + 11.3s]: train==[2.41086 = 0.18405 + 2.22681], recall= [ 0.02330  0.11767  0.17838  0.22640] , precision= [ 0.02696  0.02609  0.02026  0.01716] , auc=[0.82209], sum_recall=[0.54575]
Epoch 31 [38.2s + 11.2s]: train==[2.40763 = 0.18127 + 2.22636], recall= [ 0.02417  0.11593  0.18012  0.22582] , precision= [ 0.02783  0.02574  0.02043  0.01716] , auc=[0.82169], sum_recall=[0.54604]
Epoch 32 [38.3s + 11.4s]: train==[2.40288 = 0.17691 + 2.22597], recall= [ 0.02417  0.11257  0.17925  0.22321] , precision= [ 0.02783  0.02522  0.02035  0.01699] , auc=[0.82141], sum_recall=[0.53919]
End of trainning! Best recall= [ 0.02199  0.10876  0.17964  0.22739] , precision= [ 0.02522  0.02435  0.02043  0.01722] , auc=[0.82426]
Namespace(Ks=[1, 5, 10, 15], T=0.01, alpha=3.0, batch_size=512, beta=0.1, dataset='./OMIM/bigraph/cross0', dropout=0.3, emb_dim=200, gamma=0.1, gpu_id=-1, hid_dim=200, k=0.5, layer_size='[200]', learning_rate=0.005, mi_batch_size=1000, mi_kind='js', neg_num=5, num_epochs=1000, pretrain=None, reg=0.001, seed=-1, show_model_param=False, show_step=1, weight=None)
2021-12-25 21:45:47
loading data...
[n_users, n_items]=[3209, 12211]
[n_train, n_test]=[2636, 1318]
[n_edges]=[285362]
Using GPU 0,  memory_free: 24265
tensor([-0.0064,  0.0201, -0.0068,  0.0331, -0.0403], device='cuda:0')
Loading Model..Number of Model Parameters:  3324802
Epoch 0 [38.7s + 9.5s]: train==[5.11077 = 2.78791 + 2.32287], recall= [ 0.00435  0.00848  0.01109  0.01500] , precision= [ 0.00522  0.00209  0.00130  0.00116] , auc=[0.54054], sum_recall=[0.03891]
Epoch 1 [39.0s + 11.2s]: train==[3.48647 = 1.16596 + 2.32051], recall= [ 0.01522  0.08067  0.13438  0.15651] , precision= [ 0.01652  0.01826  0.01513  0.01165] , auc=[0.71545], sum_recall=[0.38678]
Epoch 2 [42.3s + 9.9s]: train==[2.98264 = 0.66897 + 2.31368], recall= [ 0.01957  0.10084  0.16146  0.18550] , precision= [ 0.02261  0.02313  0.01826  0.01403] , auc=[0.76397], sum_recall=[0.46736]
Epoch 3 [39.8s + 11.1s]: train==[2.83693 = 0.52993 + 2.30700], recall= [ 0.01978  0.09824  0.16642  0.20301] , precision= [ 0.02348  0.02243  0.01887  0.01525] , auc=[0.78265], sum_recall=[0.48746]
Epoch 4 [39.1s + 10.7s]: train==[2.72495 = 0.42314 + 2.30181], recall= [ 0.02087  0.09474  0.16752  0.20942] , precision= [ 0.02522  0.02157  0.01904  0.01588] , auc=[0.79090], sum_recall=[0.49255]
Epoch 5 [38.9s + 10.6s]: train==[2.68048 = 0.38269 + 2.29779], recall= [ 0.02370  0.09604  0.16900  0.21410] , precision= [ 0.02783  0.02174  0.01930  0.01617] , auc=[0.79629], sum_recall=[0.50284]
Epoch 6 [39.1s + 11.2s]: train==[2.65469 = 0.36034 + 2.29435], recall= [ 0.02283  0.09500  0.16509  0.21309] , precision= [ 0.02696  0.02139  0.01896  0.01617] , auc=[0.80032], sum_recall=[0.49600]
Epoch 7 [39.1s + 11.5s]: train==[2.62832 = 0.33765 + 2.29067], recall= [ 0.02283  0.09627  0.16320  0.21439] , precision= [ 0.02696  0.02191  0.01878  0.01623] , auc=[0.80317], sum_recall=[0.49669]
Epoch 8 [39.2s + 10.8s]: train==[2.61004 = 0.32387 + 2.28617], recall= [ 0.02413  0.09714  0.16494  0.21375] , precision= [ 0.02870  0.02209  0.01904  0.01617] , auc=[0.80573], sum_recall=[0.49996]
Epoch 9 [39.1s + 11.0s]: train==[2.58772 = 0.30707 + 2.28064], recall= [ 0.02326  0.10062  0.16842  0.21809] , precision= [ 0.02783  0.02278  0.01948  0.01646] , auc=[0.80816], sum_recall=[0.51039]
Epoch 10 [39.0s + 11.8s]: train==[2.57538 = 0.30109 + 2.27428], recall= [ 0.02217  0.09855  0.17172  0.22184] , precision= [ 0.02609  0.02209  0.01974  0.01693] , auc=[0.81074], sum_recall=[0.51429]
Epoch 11 [39.5s + 11.2s]: train==[2.55927 = 0.29167 + 2.26761], recall= [ 0.02217  0.10214  0.17607  0.22228] , precision= [ 0.02609  0.02296  0.02017  0.01693] , auc=[0.81326], sum_recall=[0.52266]
Epoch 12 [39.3s + 11.3s]: train==[2.54308 = 0.28190 + 2.26118], recall= [ 0.02087  0.10098  0.17752  0.22158] , precision= [ 0.02435  0.02261  0.02035  0.01693] , auc=[0.81577], sum_recall=[0.52095]
Epoch 13 [39.5s + 11.9s]: train==[2.52750 = 0.27212 + 2.25538], recall= [ 0.02087  0.10228  0.17994  0.22332] , precision= [ 0.02435  0.02278  0.02061  0.01704] , auc=[0.81797], sum_recall=[0.52641]
Epoch 14 [39.1s + 11.1s]: train==[2.51307 = 0.26274 + 2.25033], recall= [ 0.02174  0.10315  0.18023  0.22397] , precision= [ 0.02522  0.02296  0.02061  0.01710] , auc=[0.81977], sum_recall=[0.52909]
Epoch 15 [39.2s + 11.3s]: train==[2.51094 = 0.26482 + 2.24613], recall= [ 0.02130  0.10489  0.17950  0.22262] , precision= [ 0.02435  0.02330  0.02061  0.01710] , auc=[0.82130], sum_recall=[0.52832]
Epoch 16 [39.0s + 11.5s]: train==[2.49535 = 0.25263 + 2.24272], recall= [ 0.02130  0.10750  0.18163  0.22219] , precision= [ 0.02435  0.02383  0.02096  0.01704] , auc=[0.82235], sum_recall=[0.53262]
Epoch 17 [39.2s + 11.2s]: train==[2.48261 = 0.24268 + 2.23993], recall= [ 0.02130  0.10924  0.18000  0.22393] , precision= [ 0.02435  0.02417  0.02087  0.01716] , auc=[0.82326], sum_recall=[0.53447]
Epoch 18 [43.2s + 11.2s]: train==[2.48272 = 0.24501 + 2.23770], recall= [ 0.02304  0.11054  0.18087  0.22323] , precision= [ 0.02609  0.02452  0.02096  0.01716] , auc=[0.82385], sum_recall=[0.53769]
Epoch 19 [40.2s + 11.7s]: train==[2.46726 = 0.23127 + 2.23599], recall= [ 0.02348  0.10967  0.18044  0.22323] , precision= [ 0.02696  0.02435  0.02087  0.01716] , auc=[0.82413], sum_recall=[0.53682]
Epoch 20 [38.9s + 11.4s]: train==[2.46225 = 0.22763 + 2.23462], recall= [ 0.02348  0.10793  0.18020  0.21961] , precision= [ 0.02696  0.02400  0.02070  0.01687] , auc=[0.82439], sum_recall=[0.53121]
Epoch 21 [39.1s + 11.0s]: train==[2.45675 = 0.22311 + 2.23364], recall= [ 0.02435  0.10793  0.17976  0.21961] , precision= [ 0.02783  0.02400  0.02061  0.01687] , auc=[0.82440], sum_recall=[0.53165]
Epoch 22 [39.0s + 11.2s]: train==[2.44701 = 0.21417 + 2.23284], recall= [ 0.02435  0.10533  0.18145  0.21961] , precision= [ 0.02783  0.02348  0.02078  0.01687] , auc=[0.82431], sum_recall=[0.53073]
Epoch 23 [39.2s + 11.1s]: train==[2.44197 = 0.20989 + 2.23208], recall= [ 0.02609  0.10663  0.18000  0.21830] , precision= [ 0.02957  0.02383  0.02070  0.01675] , auc=[0.82410], sum_recall=[0.53102]
Epoch 24 [39.0s + 10.3s]: train==[2.43591 = 0.20466 + 2.23124], recall= [ 0.02507  0.10489  0.18134  0.21816] , precision= [ 0.02783  0.02348  0.02096  0.01670] , auc=[0.82385], sum_recall=[0.52946]
Epoch 25 [39.0s + 11.6s]: train==[2.43097 = 0.20063 + 2.23034], recall= [ 0.02420  0.10402  0.18221  0.22038] , precision= [ 0.02696  0.02330  0.02104  0.01675] , auc=[0.82364], sum_recall=[0.53081]
Epoch 26 [42.5s + 11.0s]: train==[2.42924 = 0.19986 + 2.22938], recall= [ 0.02507  0.10663  0.18271  0.21760] , precision= [ 0.02783  0.02383  0.02096  0.01652] , auc=[0.82329], sum_recall=[0.53201]
Epoch 27 [42.7s + 10.7s]: train==[2.42143 = 0.19297 + 2.22846], recall= [ 0.02420  0.10685  0.18163  0.21629] , precision= [ 0.02696  0.02400  0.02078  0.01646] , auc=[0.82304], sum_recall=[0.52897]
Epoch 28 [39.3s + 11.1s]: train==[2.41539 = 0.18776 + 2.22763], recall= [ 0.02507  0.10772  0.18145  0.21455] , precision= [ 0.02783  0.02417  0.02070  0.01635] , auc=[0.82287], sum_recall=[0.52879]
Epoch 29 [38.9s + 11.0s]: train==[2.40785 = 0.18108 + 2.22676], recall= [ 0.02507  0.10772  0.18015  0.21629] , precision= [ 0.02783  0.02417  0.02061  0.01646] , auc=[0.82250], sum_recall=[0.52923]
Epoch 30 [39.1s + 11.1s]: train==[2.40879 = 0.18276 + 2.22603], recall= [ 0.02333  0.10946  0.17693  0.21595] , precision= [ 0.02609  0.02452  0.02017  0.01646] , auc=[0.82211], sum_recall=[0.52567]
Epoch 31 [38.9s + 11.4s]: train==[2.40427 = 0.17889 + 2.22538], recall= [ 0.02420  0.10728  0.17693  0.21726] , precision= [ 0.02696  0.02400  0.02017  0.01658] , auc=[0.82168], sum_recall=[0.52567]
End of trainning! Best recall= [ 0.02435  0.10793  0.17976  0.21961] , precision= [ 0.02783  0.02400  0.02061  0.01687] , auc=[0.82440]
Namespace(Ks=[1, 5, 10, 15], T=0.01, alpha=3.0, batch_size=512, beta=0.1, dataset='./OMIM/bigraph/cross0', dropout=0.3, emb_dim=200, gamma=0.1, gpu_id=-1, hid_dim=200, k=0.5, layer_size='[200]', learning_rate=0.005, mi_batch_size=1000, mi_kind='js', neg_num=5, num_epochs=1000, pretrain=None, reg=0.001, seed=-1, show_model_param=False, show_step=1, weight=None)
2021-12-25 22:12:59
loading data...
[n_users, n_items]=[3209, 12211]
[n_train, n_test]=[2636, 1318]
[n_edges]=[285362]
Using GPU 0,  memory_free: 24265
tensor([-0.0050,  0.0292,  0.0333, -0.0332,  0.0007], device='cuda:0')
Loading Model..Number of Model Parameters:  3324802
Epoch 0 [38.9s + 9.4s]: train==[5.14017 = 2.81810 + 2.32207], recall= [ 0.00696  0.01457  0.01616  0.01891] , precision= [ 0.00696  0.00330  0.00200  0.00157] , auc=[0.53062], sum_recall=[0.05659]
Epoch 1 [42.7s + 9.7s]: train==[3.51199 = 1.19179 + 2.32020], recall= [ 0.01609  0.08590  0.13631  0.16130] , precision= [ 0.01739  0.01948  0.01539  0.01217] , auc=[0.69832], sum_recall=[0.39960]
Epoch 2 [43.6s + 9.5s]: train==[3.00794 = 0.69473 + 2.31320], recall= [ 0.01873  0.10137  0.16551  0.19505] , precision= [ 0.02261  0.02313  0.01878  0.01478] , auc=[0.74874], sum_recall=[0.48066]
Epoch 3 [39.2s + 11.0s]: train==[2.83096 = 0.52455 + 2.30641], recall= [ 0.02554  0.09974  0.17411  0.20824] , precision= [ 0.03043  0.02313  0.01948  0.01583] , auc=[0.76914], sum_recall=[0.50763]
Epoch 4 [39.4s + 11.3s]: train==[2.72922 = 0.42798 + 2.30125], recall= [ 0.02569  0.10090  0.16984  0.20484] , precision= [ 0.03130  0.02348  0.01922  0.01559] , auc=[0.77778], sum_recall=[0.50127]
Epoch 5 [39.3s + 11.0s]: train==[2.68781 = 0.39026 + 2.29755], recall= [ 0.02569  0.09807  0.16697  0.21245] , precision= [ 0.03130  0.02278  0.01913  0.01629] , auc=[0.78324], sum_recall=[0.50318]
Epoch 6 [39.2s + 13.1s]: train==[2.65771 = 0.36300 + 2.29471], recall= [ 0.02518  0.09781  0.16683  0.20754] , precision= [ 0.02957  0.02278  0.01913  0.01594] , auc=[0.78729], sum_recall=[0.49736]
Epoch 7 [39.2s + 11.7s]: train==[2.63337 = 0.34139 + 2.29197], recall= [ 0.02127  0.10071  0.17048  0.20624] , precision= [ 0.02522  0.02348  0.01965  0.01594] , auc=[0.79096], sum_recall=[0.49870]
Epoch 8 [40.3s + 10.8s]: train==[2.61189 = 0.32326 + 2.28862], recall= [ 0.01996  0.09958  0.16898  0.20867] , precision= [ 0.02348  0.02330  0.01965  0.01623] , auc=[0.79436], sum_recall=[0.49719]
Epoch 9 [43.3s + 11.5s]: train==[2.59434 = 0.31012 + 2.28422], recall= [ 0.02127  0.09668  0.16536  0.21275] , precision= [ 0.02522  0.02261  0.01922  0.01652] , auc=[0.79701], sum_recall=[0.49606]
Epoch 10 [39.4s + 11.5s]: train==[2.58474 = 0.30602 + 2.27871], recall= [ 0.02156  0.09799  0.17202  0.21623] , precision= [ 0.02609  0.02296  0.01983  0.01675] , auc=[0.79962], sum_recall=[0.50780]
Epoch 11 [39.2s + 10.8s]: train==[2.56928 = 0.29673 + 2.27255], recall= [ 0.02040  0.10045  0.17202  0.21449] , precision= [ 0.02435  0.02348  0.01983  0.01664] , auc=[0.80230], sum_recall=[0.50736]
Epoch 12 [39.2s + 11.2s]: train==[2.55201 = 0.28584 + 2.26617], recall= [ 0.02257  0.10146  0.17529  0.21377] , precision= [ 0.02696  0.02383  0.02009  0.01658] , auc=[0.80475], sum_recall=[0.51309]
Epoch 13 [39.0s + 11.7s]: train==[2.53093 = 0.27092 + 2.26001], recall= [ 0.02257  0.10193  0.17376  0.21558] , precision= [ 0.02696  0.02365  0.02000  0.01675] , auc=[0.80646], sum_recall=[0.51385]
Epoch 14 [39.2s + 11.1s]: train==[2.52039 = 0.26602 + 2.25437], recall= [ 0.02214  0.10280  0.17299  0.21819] , precision= [ 0.02609  0.02383  0.02000  0.01693] , auc=[0.80818], sum_recall=[0.51612]
Epoch 15 [39.0s + 11.0s]: train==[2.51860 = 0.26912 + 2.24948], recall= [ 0.02214  0.10406  0.17386  0.21949] , precision= [ 0.02609  0.02435  0.02009  0.01704] , auc=[0.80966], sum_recall=[0.51955]
Epoch 16 [39.2s + 11.3s]: train==[2.50056 = 0.25516 + 2.24540], recall= [ 0.02388  0.10580  0.17502  0.21514] , precision= [ 0.02783  0.02470  0.02026  0.01675] , auc=[0.81093], sum_recall=[0.51984]
Epoch 17 [39.3s + 10.9s]: train==[2.48832 = 0.24626 + 2.24205], recall= [ 0.02388  0.10493  0.17772  0.21746] , precision= [ 0.02783  0.02452  0.02061  0.01687] , auc=[0.81209], sum_recall=[0.52400]
Epoch 18 [44.9s + 10.8s]: train==[2.48589 = 0.24658 + 2.23931], recall= [ 0.02475  0.10551  0.17830  0.21877] , precision= [ 0.02870  0.02452  0.02061  0.01699] , auc=[0.81288], sum_recall=[0.52733]
Epoch 19 [38.9s + 11.3s]: train==[2.47244 = 0.23531 + 2.23714], recall= [ 0.02492  0.10377  0.17946  0.21703] , precision= [ 0.02957  0.02417  0.02078  0.01687] , auc=[0.81342], sum_recall=[0.52518]
Epoch 20 [39.0s + 11.0s]: train==[2.46952 = 0.23416 + 2.23536], recall= [ 0.02579  0.10447  0.18149  0.21572] , precision= [ 0.03043  0.02417  0.02096  0.01670] , auc=[0.81392], sum_recall=[0.52747]
Epoch 21 [39.2s + 11.2s]: train==[2.45963 = 0.22559 + 2.23404], recall= [ 0.02492  0.10606  0.18227  0.21790] , precision= [ 0.02957  0.02435  0.02096  0.01687] , auc=[0.81435], sum_recall=[0.53114]
Epoch 22 [38.8s + 11.5s]: train==[2.45273 = 0.21972 + 2.23302], recall= [ 0.02492  0.10693  0.18183  0.21877] , precision= [ 0.02957  0.02452  0.02096  0.01693] , auc=[0.81458], sum_recall=[0.53245]
Epoch 23 [45.1s + 10.8s]: train==[2.44676 = 0.21449 + 2.23226], recall= [ 0.02594  0.10693  0.18150  0.21876] , precision= [ 0.02957  0.02452  0.02096  0.01693] , auc=[0.81457], sum_recall=[0.53313]
Epoch 24 [39.1s + 11.1s]: train==[2.43994 = 0.20831 + 2.23164], recall= [ 0.02681  0.10780  0.18455  0.21615] , precision= [ 0.03043  0.02470  0.02130  0.01675] , auc=[0.81456], sum_recall=[0.53531]
Epoch 25 [39.0s + 11.2s]: train==[2.43525 = 0.20428 + 2.23097], recall= [ 0.02681  0.11150  0.18585  0.21789] , precision= [ 0.03043  0.02539  0.02148  0.01687] , auc=[0.81448], sum_recall=[0.54205]
Epoch 26 [39.1s + 11.5s]: train==[2.43361 = 0.20344 + 2.23017], recall= [ 0.02594  0.11150  0.18455  0.22050] , precision= [ 0.02957  0.02539  0.02130  0.01704] , auc=[0.81438], sum_recall=[0.54248]
Epoch 27 [39.4s + 10.9s]: train==[2.42632 = 0.19708 + 2.22925], recall= [ 0.02594  0.10976  0.18455  0.22064] , precision= [ 0.02957  0.02504  0.02130  0.01710] , auc=[0.81428], sum_recall=[0.54089]
Epoch 28 [39.0s + 11.3s]: train==[2.41943 = 0.19110 + 2.22832], recall= [ 0.02681  0.10976  0.18527  0.21999] , precision= [ 0.03043  0.02504  0.02130  0.01710] , auc=[0.81421], sum_recall=[0.54183]
Epoch 29 [39.3s + 10.5s]: train==[2.41249 = 0.18513 + 2.22737], recall= [ 0.02594  0.10976  0.18701  0.21767] , precision= [ 0.02957  0.02504  0.02148  0.01687] , auc=[0.81413], sum_recall=[0.54038]
Epoch 30 [38.9s + 10.8s]: train==[2.41210 = 0.18555 + 2.22654], recall= [ 0.02420  0.11019  0.18614  0.21760] , precision= [ 0.02783  0.02504  0.02130  0.01687] , auc=[0.81403], sum_recall=[0.53813]
Epoch 31 [39.0s + 11.5s]: train==[2.40996 = 0.18415 + 2.22580], recall= [ 0.02464  0.10943  0.18774  0.21803] , precision= [ 0.02870  0.02504  0.02157  0.01687] , auc=[0.81393], sum_recall=[0.53984]
Epoch 32 [39.0s + 11.3s]: train==[2.40266 = 0.17745 + 2.22521], recall= [ 0.02377  0.10769  0.18535  0.21963] , precision= [ 0.02783  0.02470  0.02130  0.01693] , auc=[0.81391], sum_recall=[0.53643]
End of trainning! Best recall= [ 0.02492  0.10693  0.18183  0.21877] , precision= [ 0.02957  0.02452  0.02096  0.01693] , auc=[0.81458]
