Namespace(Ks=[1, 5, 10, 15], T=0.01, alpha=3.0, batch_size=512, beta=0.1, dataset='./OMIM/bigraph/cross1', dropout=0.3, emb_dim=200, gamma=0.1, gpu_id=-1, hid_dim=200, k=1.0, layer_size='[200]', learning_rate=0.005, mi_batch_size=1000, mi_kind='js', neg_num=5, num_epochs=1000, pretrain=None, reg=0.001, seed=1234, show_model_param=False, show_step=1, weight=None)
2021-12-28 18:27:28
loading data...
[n_users, n_items]=[3209, 12211]
[n_train, n_test]=[2636, 1318]
[n_edges]=[285362]
Using GPU 0,  memory_free: 24265
tensor([-0.0313,  0.0266,  0.0037,  0.0134, -0.0191], device='cuda:0')
Loading Model..Number of Model Parameters:  3324802
Epoch 0 [47.9s + 10.1s]: train==[4.89769 = 2.57390 + 2.32379], recall= [ 0.00683  0.01196  0.01665  0.01850] , precision= [ 0.00683  0.00239  0.00171  0.00131] , auc=[0.54482], sum_recall=[0.05394]
Epoch 1 [48.4s + 12.3s]: train==[3.29518 = 0.97363 + 2.32155], recall= [ 0.02448  0.08527  0.13568  0.16969] , precision= [ 0.02562  0.01862  0.01469  0.01224] , auc=[0.71297], sum_recall=[0.41512]
Epoch 2 [47.7s + 12.1s]: train==[2.87880 = 0.56318 + 2.31562], recall= [ 0.02448  0.10300  0.15828  0.19569] , precision= [ 0.02647  0.02254  0.01751  0.01457] , auc=[0.76185], sum_recall=[0.48145]
Epoch 3 [48.0s + 12.8s]: train==[2.70165 = 0.39225 + 2.30940], recall= [ 0.02960  0.10243  0.16823  0.20597] , precision= [ 0.03160  0.02272  0.01896  0.01554] , auc=[0.77917], sum_recall=[0.50623]
Epoch 4 [48.3s + 11.7s]: train==[2.62891 = 0.32480 + 2.30410], recall= [ 0.02875  0.09834  0.16295  0.20890] , precision= [ 0.03074  0.02237  0.01845  0.01583] , auc=[0.78987], sum_recall=[0.49893]
Epoch 5 [47.9s + 12.5s]: train==[2.59110 = 0.29108 + 2.30001], recall= [ 0.02533  0.09425  0.16667  0.21239] , precision= [ 0.02733  0.02135  0.01904  0.01628] , auc=[0.79647], sum_recall=[0.49864]
Epoch 6 [48.5s + 13.0s]: train==[2.55938 = 0.26239 + 2.29699], recall= [ 0.02633  0.09653  0.16941  0.21485] , precision= [ 0.02904  0.02186  0.01956  0.01640] , auc=[0.80145], sum_recall=[0.50712]
Epoch 7 [47.9s + 13.2s]: train==[2.53063 = 0.23612 + 2.29451], recall= [ 0.02334  0.09801  0.16877  0.21595] , precision= [ 0.02647  0.02220  0.01956  0.01657] , auc=[0.80459], sum_recall=[0.50607]
Epoch 8 [48.2s + 12.4s]: train==[2.51966 = 0.22798 + 2.29168], recall= [ 0.02526  0.10185  0.16657  0.21497] , precision= [ 0.02904  0.02340  0.01939  0.01645] , auc=[0.80749], sum_recall=[0.50866]
Epoch 9 [48.4s + 14.1s]: train==[2.50348 = 0.21576 + 2.28772], recall= [ 0.02270  0.10216  0.16765  0.21576] , precision= [ 0.02647  0.02374  0.01956  0.01657] , auc=[0.80994], sum_recall=[0.50827]
Epoch 10 [49.0s + 13.3s]: train==[2.48337 = 0.20100 + 2.28237], recall= [ 0.02469  0.10307  0.16724  0.21722] , precision= [ 0.02904  0.02442  0.01947  0.01674] , auc=[0.81242], sum_recall=[0.51222]
Epoch 11 [48.1s + 12.2s]: train==[2.47392 = 0.19813 + 2.27578], recall= [ 0.02441  0.10371  0.17027  0.21832] , precision= [ 0.02818  0.02442  0.01998  0.01691] , auc=[0.81482], sum_recall=[0.51671]
Epoch 12 [47.9s + 12.0s]: train==[2.45737 = 0.18894 + 2.26842], recall= [ 0.02441  0.10584  0.16991  0.22045] , precision= [ 0.02818  0.02477  0.01981  0.01708] , auc=[0.81691], sum_recall=[0.52062]
Epoch 13 [48.1s + 13.5s]: train==[2.44049 = 0.17943 + 2.26106], recall= [ 0.02555  0.10503  0.17326  0.22088] , precision= [ 0.02989  0.02477  0.02032  0.01714] , auc=[0.81901], sum_recall=[0.52472]
Epoch 14 [48.1s + 12.5s]: train==[2.42574 = 0.17159 + 2.25416], recall= [ 0.02555  0.10742  0.17219  0.22270] , precision= [ 0.02989  0.02511  0.02015  0.01731] , auc=[0.82085], sum_recall=[0.52786]
Epoch 15 [48.1s + 12.0s]: train==[2.41644 = 0.16837 + 2.24807], recall= [ 0.02412  0.10757  0.17166  0.22073] , precision= [ 0.02818  0.02528  0.02007  0.01719] , auc=[0.82250], sum_recall=[0.52408]
Epoch 16 [48.1s + 12.4s]: train==[2.40678 = 0.16367 + 2.24311], recall= [ 0.02498  0.10842  0.17432  0.22005] , precision= [ 0.02904  0.02545  0.02041  0.01719] , auc=[0.82362], sum_recall=[0.52777]
Epoch 17 [48.4s + 13.4s]: train==[2.39290 = 0.15408 + 2.23882], recall= [ 0.02455  0.10927  0.17687  0.21984] , precision= [ 0.02818  0.02562  0.02067  0.01714] , auc=[0.82442], sum_recall=[0.53053]
Epoch 18 [48.0s + 12.5s]: train==[2.38728 = 0.15188 + 2.23540], recall= [ 0.02711  0.10671  0.17772  0.21578] , precision= [ 0.03074  0.02494  0.02075  0.01691] , auc=[0.82501], sum_recall=[0.52733]
Epoch 19 [48.0s + 13.1s]: train==[2.38618 = 0.15367 + 2.23251], recall= [ 0.02512  0.10618  0.17934  0.21621] , precision= [ 0.02818  0.02477  0.02109  0.01691] , auc=[0.82552], sum_recall=[0.52685]
Epoch 20 [48.2s + 13.3s]: train==[2.37869 = 0.14847 + 2.23022], recall= [ 0.02683  0.10789  0.17550  0.21693] , precision= [ 0.02989  0.02511  0.02067  0.01708] , auc=[0.82579], sum_recall=[0.52715]
Epoch 21 [47.9s + 12.3s]: train==[2.36843 = 0.13998 + 2.22845], recall= [ 0.03195  0.10618  0.17365  0.21736] , precision= [ 0.03501  0.02477  0.02050  0.01714] , auc=[0.82592], sum_recall=[0.52914]
Epoch 22 [48.2s + 12.4s]: train==[2.36509 = 0.13802 + 2.22708], recall= [ 0.03024  0.10604  0.17180  0.21992] , precision= [ 0.03330  0.02459  0.02032  0.01731] , auc=[0.82621], sum_recall=[0.52800]
Epoch 23 [48.1s + 13.0s]: train==[2.35753 = 0.13135 + 2.22618], recall= [ 0.02862  0.10604  0.17259  0.22419] , precision= [ 0.03245  0.02459  0.02050  0.01759] , auc=[0.82687], sum_recall=[0.53144]
Epoch 24 [48.1s + 12.1s]: train==[2.35781 = 0.13234 + 2.22548], recall= [ 0.02862  0.10984  0.17262  0.22504] , precision= [ 0.03245  0.02562  0.02050  0.01765] , auc=[0.82744], sum_recall=[0.53612]
Epoch 25 [48.4s + 12.8s]: train==[2.35241 = 0.12742 + 2.22499], recall= [ 0.02862  0.11069  0.17461  0.22419] , precision= [ 0.03245  0.02579  0.02075  0.01759] , auc=[0.82760], sum_recall=[0.53811]
Epoch 26 [48.0s + 13.3s]: train==[2.34276 = 0.11817 + 2.22458], recall= [ 0.03204  0.11137  0.17615  0.22248] , precision= [ 0.03587  0.02579  0.02084  0.01748] , auc=[0.82743], sum_recall=[0.54204]
Epoch 27 [48.2s + 12.3s]: train==[2.34241 = 0.11821 + 2.22420], recall= [ 0.03118  0.11159  0.17776  0.22151] , precision= [ 0.03501  0.02596  0.02092  0.01742] , auc=[0.82718], sum_recall=[0.54205]
Epoch 28 [48.0s + 12.3s]: train==[2.33890 = 0.11508 + 2.22382], recall= [ 0.03204  0.11187  0.17648  0.21997] , precision= [ 0.03587  0.02596  0.02075  0.01719] , auc=[0.82701], sum_recall=[0.54036]
Epoch 29 [48.3s + 12.6s]: train==[2.33198 = 0.10857 + 2.22341], recall= [ 0.03289  0.11251  0.17631  0.21817] , precision= [ 0.03672  0.02596  0.02067  0.01708] , auc=[0.82684], sum_recall=[0.53988]
Epoch 30 [48.0s + 12.3s]: train==[2.32803 = 0.10493 + 2.22311], recall= [ 0.03295  0.11174  0.17657  0.21829] , precision= [ 0.03672  0.02596  0.02067  0.01714] , auc=[0.82628], sum_recall=[0.53955]
Epoch 31 [48.6s + 12.7s]: train==[2.32965 = 0.10675 + 2.22290], recall= [ 0.03466  0.11144  0.17671  0.21774] , precision= [ 0.03843  0.02579  0.02067  0.01702] , auc=[0.82586], sum_recall=[0.54055]
Epoch 32 [48.2s + 12.5s]: train==[2.33033 = 0.10764 + 2.22269], recall= [ 0.03551  0.11337  0.17457  0.21599] , precision= [ 0.03928  0.02613  0.02050  0.01691] , auc=[0.82541], sum_recall=[0.53944]
Epoch 33 [48.4s + 12.4s]: train==[2.32360 = 0.10104 + 2.22255], recall= [ 0.03366  0.11285  0.17366  0.21601] , precision= [ 0.03672  0.02579  0.02041  0.01691] , auc=[0.82492], sum_recall=[0.53618]
Epoch 34 [48.5s + 12.7s]: train==[2.32036 = 0.09789 + 2.22248], recall= [ 0.03352  0.11381  0.17462  0.21551] , precision= [ 0.03587  0.02630  0.02032  0.01685] , auc=[0.82476], sum_recall=[0.53746]
Epoch 35 [49.0s + 12.4s]: train==[2.31909 = 0.09663 + 2.22246], recall= [ 0.03266  0.11403  0.17391  0.21623] , precision= [ 0.03501  0.02630  0.02024  0.01685] , auc=[0.82468], sum_recall=[0.53683]
End of trainning! Best recall= [ 0.02862  0.11069  0.17461  0.22419] , precision= [ 0.03245  0.02579  0.02075  0.01759] , auc=[0.82760]
Namespace(Ks=[1, 5, 10, 15], T=0.01, alpha=3.0, batch_size=512, beta=0.1, dataset='./OMIM/bigraph/cross1', dropout=0.3, emb_dim=200, gamma=0.1, gpu_id=-1, hid_dim=200, k=0.9, layer_size='[200]', learning_rate=0.005, mi_batch_size=1000, mi_kind='js', neg_num=5, num_epochs=1000, pretrain=None, reg=0.001, seed=1234, show_model_param=False, show_step=1, weight=None)
2021-12-28 19:04:13
loading data...
[n_users, n_items]=[3209, 12211]
[n_train, n_test]=[2636, 1318]
[n_edges]=[285362]
Using GPU 0,  memory_free: 24265
tensor([-0.0313,  0.0266,  0.0037,  0.0134, -0.0191], device='cuda:0')
Loading Model..Number of Model Parameters:  3324802
Epoch 0 [47.8s + 10.9s]: train==[4.89641 = 2.57262 + 2.32379], recall= [ 0.00683  0.01196  0.01665  0.01850] , precision= [ 0.00683  0.00239  0.00171  0.00131] , auc=[0.54467], sum_recall=[0.05394]
Epoch 1 [48.0s + 12.6s]: train==[3.29358 = 0.97202 + 2.32156], recall= [ 0.02277  0.08399  0.13568  0.16916] , precision= [ 0.02391  0.01827  0.01469  0.01218] , auc=[0.71278], sum_recall=[0.41160]
Epoch 2 [47.8s + 11.9s]: train==[2.87898 = 0.56333 + 2.31565], recall= [ 0.02363  0.10392  0.15734  0.19782] , precision= [ 0.02562  0.02272  0.01734  0.01469] , auc=[0.76147], sum_recall=[0.48271]
Epoch 3 [48.4s + 18.9s]: train==[2.70178 = 0.39234 + 2.30944], recall= [ 0.03012  0.10157  0.16643  0.20651] , precision= [ 0.03330  0.02254  0.01870  0.01554] , auc=[0.77891], sum_recall=[0.50464]
Epoch 4 [47.9s + 13.0s]: train==[2.62915 = 0.32498 + 2.30416], recall= [ 0.02875  0.09876  0.16409  0.20911] , precision= [ 0.03074  0.02237  0.01862  0.01577] , auc=[0.78977], sum_recall=[0.50071]
Epoch 5 [47.7s + 12.8s]: train==[2.59074 = 0.29065 + 2.30009], recall= [ 0.02790  0.09468  0.16725  0.21623] , precision= [ 0.02989  0.02135  0.01921  0.01651] , auc=[0.79648], sum_recall=[0.50605]
Epoch 6 [47.5s + 12.8s]: train==[2.55887 = 0.26177 + 2.29710], recall= [ 0.02847  0.09631  0.16954  0.21513] , precision= [ 0.03160  0.02169  0.01964  0.01645] , auc=[0.80141], sum_recall=[0.50945]
Epoch 7 [47.7s + 13.4s]: train==[2.53064 = 0.23600 + 2.29464], recall= [ 0.02420  0.09728  0.17027  0.21851] , precision= [ 0.02733  0.02220  0.01964  0.01674] , auc=[0.80449], sum_recall=[0.51025]
Epoch 8 [47.9s + 12.8s]: train==[2.51958 = 0.22776 + 2.29182], recall= [ 0.02441  0.09663  0.16678  0.21668] , precision= [ 0.02818  0.02237  0.01930  0.01657] , auc=[0.80722], sum_recall=[0.50451]
Epoch 9 [47.8s + 13.4s]: train==[2.50349 = 0.21561 + 2.28788], recall= [ 0.02526  0.10058  0.16788  0.21960] , precision= [ 0.02904  0.02357  0.01947  0.01685] , auc=[0.80966], sum_recall=[0.51333]
Epoch 10 [48.8s + 15.8s]: train==[2.48361 = 0.20107 + 2.28254], recall= [ 0.02597  0.10179  0.16917  0.21935] , precision= [ 0.03074  0.02391  0.01956  0.01691] , auc=[0.81204], sum_recall=[0.51628]
Epoch 11 [47.6s + 13.0s]: train==[2.47419 = 0.19823 + 2.27596], recall= [ 0.02654  0.10264  0.16760  0.21949] , precision= [ 0.03074  0.02408  0.01947  0.01697] , auc=[0.81439], sum_recall=[0.51628]
Epoch 12 [47.9s + 12.4s]: train==[2.45753 = 0.18891 + 2.26861], recall= [ 0.02569  0.10435  0.17151  0.21789] , precision= [ 0.02989  0.02442  0.01998  0.01691] , auc=[0.81645], sum_recall=[0.51945]
Epoch 13 [47.5s + 13.2s]: train==[2.44111 = 0.17985 + 2.26126], recall= [ 0.02555  0.10315  0.17312  0.21928] , precision= [ 0.02989  0.02425  0.02032  0.01708] , auc=[0.81848], sum_recall=[0.52110]
Epoch 14 [47.7s + 13.4s]: train==[2.42624 = 0.17188 + 2.25436], recall= [ 0.02526  0.10586  0.17198  0.22270] , precision= [ 0.02904  0.02494  0.02015  0.01731] , auc=[0.82041], sum_recall=[0.52579]
Epoch 15 [48.2s + 13.4s]: train==[2.41699 = 0.16873 + 2.24826], recall= [ 0.02299  0.11013  0.17390  0.22244] , precision= [ 0.02647  0.02579  0.02041  0.01731] , auc=[0.82209], sum_recall=[0.52945]
Epoch 16 [47.6s + 12.8s]: train==[2.40725 = 0.16397 + 2.24328], recall= [ 0.02299  0.10991  0.17461  0.22393] , precision= [ 0.02647  0.02562  0.02041  0.01736] , auc=[0.82321], sum_recall=[0.53144]
Epoch 17 [47.5s + 13.2s]: train==[2.39320 = 0.15423 + 2.23897], recall= [ 0.02171  0.10693  0.17867  0.22154] , precision= [ 0.02477  0.02494  0.02075  0.01725] , auc=[0.82401], sum_recall=[0.52884]
Epoch 18 [48.3s + 13.0s]: train==[2.38778 = 0.15226 + 2.23552], recall= [ 0.02341  0.10650  0.17884  0.21984] , precision= [ 0.02647  0.02477  0.02084  0.01714] , auc=[0.82462], sum_recall=[0.52858]
Epoch 19 [48.6s + 14.2s]: train==[2.38674 = 0.15414 + 2.23260], recall= [ 0.02427  0.10650  0.18140  0.21834] , precision= [ 0.02733  0.02477  0.02109  0.01708] , auc=[0.82518], sum_recall=[0.53051]
Epoch 20 [47.5s + 14.2s]: train==[2.37912 = 0.14884 + 2.23028], recall= [ 0.02512  0.10831  0.17956  0.22133] , precision= [ 0.02818  0.02528  0.02109  0.01731] , auc=[0.82555], sum_recall=[0.53432]
Epoch 21 [47.6s + 12.5s]: train==[2.36857 = 0.14008 + 2.22850], recall= [ 0.02768  0.10874  0.17578  0.22004] , precision= [ 0.03074  0.02528  0.02067  0.01736] , auc=[0.82571], sum_recall=[0.53225]
Epoch 22 [47.8s + 12.6s]: train==[2.36529 = 0.13819 + 2.22711], recall= [ 0.02768  0.10604  0.17607  0.22168] , precision= [ 0.03074  0.02459  0.02084  0.01742] , auc=[0.82598], sum_recall=[0.53147]
Epoch 23 [47.7s + 13.6s]: train==[2.35790 = 0.13171 + 2.22619], recall= [ 0.02854  0.10774  0.17462  0.22381] , precision= [ 0.03160  0.02494  0.02058  0.01753] , auc=[0.82662], sum_recall=[0.53471]
Epoch 24 [47.9s + 13.0s]: train==[2.35820 = 0.13272 + 2.22548], recall= [ 0.03033  0.10796  0.17608  0.22381] , precision= [ 0.03416  0.02511  0.02067  0.01753] , auc=[0.82702], sum_recall=[0.53818]
Epoch 25 [47.8s + 13.1s]: train==[2.35344 = 0.12844 + 2.22500], recall= [ 0.02948  0.11133  0.17465  0.22476] , precision= [ 0.03330  0.02579  0.02058  0.01759] , auc=[0.82713], sum_recall=[0.54022]
Epoch 26 [47.7s + 13.9s]: train==[2.34332 = 0.11872 + 2.22460], recall= [ 0.03033  0.10967  0.17432  0.22265] , precision= [ 0.03416  0.02545  0.02058  0.01753] , auc=[0.82702], sum_recall=[0.53697]
Epoch 27 [48.0s + 12.8s]: train==[2.34259 = 0.11836 + 2.22423], recall= [ 0.03033  0.11120  0.17332  0.22237] , precision= [ 0.03416  0.02562  0.02032  0.01748] , auc=[0.82713], sum_recall=[0.53722]
Epoch 28 [47.6s + 12.6s]: train==[2.33934 = 0.11546 + 2.22388], recall= [ 0.03110  0.10914  0.17375  0.22026] , precision= [ 0.03416  0.02528  0.02041  0.01725] , auc=[0.82710], sum_recall=[0.53424]
Epoch 29 [47.9s + 13.8s]: train==[2.33232 = 0.10882 + 2.22350], recall= [ 0.03281  0.11213  0.17443  0.21833] , precision= [ 0.03587  0.02613  0.02041  0.01708] , auc=[0.82689], sum_recall=[0.53770]
Epoch 30 [48.0s + 13.2s]: train==[2.32849 = 0.10529 + 2.22320], recall= [ 0.03195  0.11448  0.17626  0.21689] , precision= [ 0.03501  0.02647  0.02067  0.01702] , auc=[0.82653], sum_recall=[0.53958]
Epoch 31 [48.3s + 13.1s]: train==[2.33005 = 0.10706 + 2.22299], recall= [ 0.03537  0.11339  0.17797  0.21604] , precision= [ 0.03843  0.02596  0.02092  0.01691] , auc=[0.82642], sum_recall=[0.54277]
Epoch 32 [47.9s + 14.0s]: train==[2.33053 = 0.10776 + 2.22277], recall= [ 0.03537  0.11226  0.17712  0.21646] , precision= [ 0.03843  0.02562  0.02084  0.01691] , auc=[0.82620], sum_recall=[0.54120]
Epoch 33 [47.9s + 13.6s]: train==[2.32376 = 0.10116 + 2.22260], recall= [ 0.03580  0.11248  0.17615  0.21579] , precision= [ 0.03843  0.02579  0.02075  0.01691] , auc=[0.82570], sum_recall=[0.54022]
Epoch 34 [48.0s + 12.7s]: train==[2.32086 = 0.09839 + 2.22248], recall= [ 0.03494  0.11373  0.17619  0.21632] , precision= [ 0.03757  0.02613  0.02067  0.01691] , auc=[0.82545], sum_recall=[0.54118]
Epoch 35 [47.9s + 12.9s]: train==[2.31954 = 0.09712 + 2.22242], recall= [ 0.03537  0.11416  0.17548  0.21850] , precision= [ 0.03843  0.02630  0.02050  0.01697] , auc=[0.82537], sum_recall=[0.54350]
End of trainning! Best recall= [ 0.02948  0.11133  0.17465  0.22476] , precision= [ 0.03330  0.02579  0.02058  0.01759] , auc=[0.82713]
Namespace(Ks=[1, 5, 10, 15], T=0.01, alpha=3.0, batch_size=512, beta=0.1, dataset='./OMIM/bigraph/cross1', dropout=0.3, emb_dim=200, gamma=0.1, gpu_id=-1, hid_dim=200, k=0.7, layer_size='[200]', learning_rate=0.005, mi_batch_size=1000, mi_kind='js', neg_num=5, num_epochs=1000, pretrain=None, reg=0.001, seed=1234, show_model_param=False, show_step=1, weight=None)
2021-12-28 19:41:03
loading data...
[n_users, n_items]=[3209, 12211]
[n_train, n_test]=[2636, 1318]
[n_edges]=[285362]
Using GPU 0,  memory_free: 24265
tensor([-0.0313,  0.0266,  0.0037,  0.0134, -0.0191], device='cuda:0')
Loading Model..Number of Model Parameters:  3324802
Epoch 0 [44.7s + 11.4s]: train==[4.89638 = 2.57259 + 2.32379], recall= [ 0.00683  0.01366  0.01751  0.01936] , precision= [ 0.00683  0.00273  0.00179  0.00137] , auc=[0.54443], sum_recall=[0.05736]
Epoch 1 [45.0s + 12.9s]: train==[3.29547 = 0.97397 + 2.32150], recall= [ 0.02277  0.08143  0.13739  0.16574] , precision= [ 0.02391  0.01776  0.01486  0.01190] , auc=[0.71438], sum_recall=[0.40733]
Epoch 2 [45.1s + 12.8s]: train==[2.87995 = 0.56443 + 2.31552], recall= [ 0.02448  0.10231  0.15777  0.19526] , precision= [ 0.02647  0.02237  0.01742  0.01452] , auc=[0.76279], sum_recall=[0.47981]
Epoch 3 [45.0s + 13.5s]: train==[2.70187 = 0.39264 + 2.30923], recall= [ 0.02875  0.10029  0.16907  0.21021] , precision= [ 0.03074  0.02220  0.01887  0.01583] , auc=[0.78016], sum_recall=[0.50832]
Epoch 4 [45.0s + 13.4s]: train==[2.62983 = 0.32594 + 2.30389], recall= [ 0.03046  0.10353  0.16546  0.21167] , precision= [ 0.03245  0.02340  0.01862  0.01594] , auc=[0.79098], sum_recall=[0.51112]
Epoch 5 [44.9s + 13.0s]: train==[2.59138 = 0.29161 + 2.29978], recall= [ 0.02790  0.09745  0.16645  0.21184] , precision= [ 0.02989  0.02186  0.01904  0.01617] , auc=[0.79763], sum_recall=[0.50364]
Epoch 6 [44.8s + 13.1s]: train==[2.55892 = 0.26219 + 2.29673], recall= [ 0.02633  0.09781  0.16671  0.21328] , precision= [ 0.02904  0.02220  0.01921  0.01634] , auc=[0.80243], sum_recall=[0.50413]
Epoch 7 [44.9s + 13.6s]: train==[2.53100 = 0.23677 + 2.29423], recall= [ 0.02291  0.09655  0.16598  0.21382] , precision= [ 0.02562  0.02203  0.01913  0.01645] , auc=[0.80541], sum_recall=[0.49926]
Epoch 8 [44.9s + 12.7s]: train==[2.52022 = 0.22887 + 2.29135], recall= [ 0.02526  0.10007  0.16420  0.21377] , precision= [ 0.02904  0.02272  0.01904  0.01645] , auc=[0.80818], sum_recall=[0.50330]
Epoch 9 [44.7s + 12.8s]: train==[2.50400 = 0.21664 + 2.28737], recall= [ 0.02612  0.10067  0.16317  0.21476] , precision= [ 0.02989  0.02340  0.01896  0.01657] , auc=[0.81050], sum_recall=[0.50472]
Epoch 10 [44.8s + 13.8s]: train==[2.48441 = 0.20240 + 2.28201], recall= [ 0.02683  0.10520  0.16751  0.21804] , precision= [ 0.03160  0.02459  0.01947  0.01685] , auc=[0.81293], sum_recall=[0.51758]
Epoch 11 [44.7s + 12.5s]: train==[2.47458 = 0.19915 + 2.27543], recall= [ 0.02555  0.10691  0.16836  0.21715] , precision= [ 0.02989  0.02494  0.01956  0.01674] , auc=[0.81532], sum_recall=[0.51797]
Epoch 12 [44.7s + 12.7s]: train==[2.45794 = 0.18982 + 2.26813], recall= [ 0.02469  0.10785  0.16858  0.21782] , precision= [ 0.02904  0.02528  0.01964  0.01691] , auc=[0.81718], sum_recall=[0.51894]
Epoch 13 [44.7s + 13.7s]: train==[2.44114 = 0.18030 + 2.26084], recall= [ 0.02384  0.10700  0.16957  0.21907] , precision= [ 0.02818  0.02511  0.01981  0.01702] , auc=[0.81909], sum_recall=[0.51948]
Epoch 14 [44.6s + 12.8s]: train==[2.42680 = 0.17278 + 2.25401], recall= [ 0.02384  0.10757  0.17441  0.21821] , precision= [ 0.02818  0.02528  0.02024  0.01697] , auc=[0.82086], sum_recall=[0.52403]
Epoch 15 [44.9s + 12.7s]: train==[2.41751 = 0.16951 + 2.24800], recall= [ 0.02327  0.10735  0.17210  0.21843] , precision= [ 0.02733  0.02511  0.02015  0.01691] , auc=[0.82251], sum_recall=[0.52115]
Epoch 16 [44.8s + 13.5s]: train==[2.40783 = 0.16475 + 2.24309], recall= [ 0.02242  0.10906  0.17366  0.21689] , precision= [ 0.02647  0.02545  0.02041  0.01685] , auc=[0.82364], sum_recall=[0.52203]
Epoch 17 [45.0s + 13.2s]: train==[2.39341 = 0.15456 + 2.23885], recall= [ 0.02199  0.10949  0.17423  0.21945] , precision= [ 0.02562  0.02545  0.02041  0.01702] , auc=[0.82443], sum_recall=[0.52516]
Epoch 18 [44.8s + 12.8s]: train==[2.38858 = 0.15311 + 2.23547], recall= [ 0.02341  0.10874  0.17680  0.21886] , precision= [ 0.02647  0.02545  0.02067  0.01708] , auc=[0.82500], sum_recall=[0.52781]
Epoch 19 [44.7s + 13.3s]: train==[2.38719 = 0.15458 + 2.23261], recall= [ 0.02427  0.11002  0.17765  0.21960] , precision= [ 0.02733  0.02562  0.02075  0.01725] , auc=[0.82562], sum_recall=[0.53154]
Epoch 20 [45.8s + 15.1s]: train==[2.38017 = 0.14982 + 2.23035], recall= [ 0.02512  0.10874  0.17725  0.22017] , precision= [ 0.02818  0.02545  0.02075  0.01725] , auc=[0.82589], sum_recall=[0.53128]
Epoch 21 [45.1s + 12.8s]: train==[2.36956 = 0.14094 + 2.22861], recall= [ 0.02854  0.10959  0.17583  0.21921] , precision= [ 0.03160  0.02562  0.02058  0.01714] , auc=[0.82601], sum_recall=[0.53317]
Epoch 22 [47.6s + 13.1s]: train==[2.36602 = 0.13876 + 2.22726], recall= [ 0.03024  0.10988  0.17355  0.22275] , precision= [ 0.03330  0.02545  0.02032  0.01742] , auc=[0.82617], sum_recall=[0.53642]
Epoch 23 [45.1s + 13.6s]: train==[2.35837 = 0.13201 + 2.22636], recall= [ 0.03024  0.11073  0.17526  0.22616] , precision= [ 0.03330  0.02562  0.02050  0.01765] , auc=[0.82657], sum_recall=[0.54240]
Epoch 24 [45.7s + 12.3s]: train==[2.35886 = 0.13321 + 2.22564], recall= [ 0.03033  0.11265  0.17569  0.22531] , precision= [ 0.03416  0.02613  0.02041  0.01759] , auc=[0.82666], sum_recall=[0.54398]
Epoch 25 [44.4s + 12.8s]: train==[2.35382 = 0.12869 + 2.22513], recall= [ 0.02990  0.11308  0.17693  0.22702] , precision= [ 0.03330  0.02613  0.02067  0.01771] , auc=[0.82673], sum_recall=[0.54693]
Epoch 26 [44.8s + 13.4s]: train==[2.34363 = 0.11895 + 2.22468], recall= [ 0.02990  0.11479  0.17722  0.22787] , precision= [ 0.03330  0.02647  0.02084  0.01776] , auc=[0.82682], sum_recall=[0.54978]
Epoch 27 [44.6s + 12.7s]: train==[2.34303 = 0.11876 + 2.22426], recall= [ 0.02990  0.11384  0.17764  0.22808] , precision= [ 0.03330  0.02613  0.02092  0.01782] , auc=[0.82687], sum_recall=[0.54947]
Epoch 28 [44.9s + 12.4s]: train==[2.33978 = 0.11592 + 2.22386], recall= [ 0.02990  0.11376  0.17690  0.22393] , precision= [ 0.03330  0.02630  0.02075  0.01742] , auc=[0.82667], sum_recall=[0.54450]
Epoch 29 [44.6s + 13.4s]: train==[2.33254 = 0.10912 + 2.22343], recall= [ 0.02990  0.11120  0.17562  0.22201] , precision= [ 0.03330  0.02562  0.02058  0.01731] , auc=[0.82632], sum_recall=[0.53874]
Epoch 30 [44.7s + 12.5s]: train==[2.32864 = 0.10554 + 2.22311], recall= [ 0.03247  0.11376  0.17477  0.22287] , precision= [ 0.03587  0.02647  0.02050  0.01736] , auc=[0.82596], sum_recall=[0.54386]
Epoch 31 [44.7s + 12.4s]: train==[2.32953 = 0.10664 + 2.22289], recall= [ 0.03323  0.11355  0.17551  0.22031] , precision= [ 0.03587  0.02613  0.02050  0.01719] , auc=[0.82581], sum_recall=[0.54260]
Epoch 32 [44.8s + 12.9s]: train==[2.33020 = 0.10753 + 2.22267], recall= [ 0.03153  0.11576  0.17619  0.21757] , precision= [ 0.03416  0.02664  0.02058  0.01697] , auc=[0.82563], sum_recall=[0.54105]
Epoch 33 [44.8s + 13.2s]: train==[2.32391 = 0.10136 + 2.22254], recall= [ 0.02982  0.11360  0.17662  0.22120] , precision= [ 0.03245  0.02596  0.02067  0.01725] , auc=[0.82512], sum_recall=[0.54124]
Epoch 34 [45.0s + 12.9s]: train==[2.32127 = 0.09882 + 2.22245], recall= [ 0.02891  0.11542  0.17666  0.22040] , precision= [ 0.03160  0.02647  0.02050  0.01714] , auc=[0.82474], sum_recall=[0.54138]
Epoch 35 [46.0s + 13.0s]: train==[2.32006 = 0.09764 + 2.22242], recall= [ 0.03275  0.11385  0.17517  0.21879] , precision= [ 0.03587  0.02630  0.02041  0.01708] , auc=[0.82450], sum_recall=[0.54056]
Epoch 36 [44.8s + 13.1s]: train==[2.32087 = 0.09841 + 2.22246], recall= [ 0.03138  0.11598  0.17602  0.22050] , precision= [ 0.03330  0.02681  0.02050  0.01714] , auc=[0.82416], sum_recall=[0.54389]
Epoch 37 [44.7s + 12.7s]: train==[2.31511 = 0.09258 + 2.22253], recall= [ 0.03138  0.11702  0.17902  0.22088] , precision= [ 0.03330  0.02716  0.02084  0.01702] , auc=[0.82384], sum_recall=[0.54830]
End of trainning! Best recall= [ 0.02990  0.11384  0.17764  0.22808] , precision= [ 0.03330  0.02613  0.02092  0.01782] , auc=[0.82687]
test.sh: line 45: e: command not found
