Namespace(Ks=[1, 5, 10, 15], T=0.01, alpha=3.0, batch_size=512, beta=0.1, dataset='./OMIM/bigraph/cross1', dropout=0.3, emb_dim=200, gamma=0.1, gpu_id=-1, hid_dim=200, k=0.1, layer_size='[200]', learning_rate=0.005, mi_batch_size=1000, mi_kind='js', neg_num=5, num_epochs=1000, pretrain=None, reg=0.001, seed=1234, show_model_param=False, show_step=1, weight=None)
2021-12-28 18:27:40
loading data...
[n_users, n_items]=[3209, 12211]
[n_train, n_test]=[2636, 1318]
[n_edges]=[285362]
Using GPU 1,  memory_free: 24265
tensor([-0.0313,  0.0266,  0.0037,  0.0134, -0.0191], device='cuda:1')
Loading Model..Number of Model Parameters:  3324802
Epoch 0 [34.2s + 9.8s]: train==[4.93122 = 2.60743 + 2.32379], recall= [ 0.00512  0.01196  0.01494  0.01665] , precision= [ 0.00512  0.00239  0.00154  0.00114] , auc=[0.54207], sum_recall=[0.04868]
Epoch 1 [34.3s + 11.9s]: train==[3.29040 = 0.96899 + 2.32142], recall= [ 0.02320  0.08089  0.13878  0.16713] , precision= [ 0.02391  0.01759  0.01512  0.01213] , auc=[0.71317], sum_recall=[0.40999]
Epoch 2 [34.4s + 11.8s]: train==[2.87972 = 0.56418 + 2.31555], recall= [ 0.02798  0.10150  0.15890  0.19437] , precision= [ 0.03074  0.02220  0.01768  0.01446] , auc=[0.75988], sum_recall=[0.48276]
Epoch 3 [34.7s + 12.3s]: train==[2.70444 = 0.39514 + 2.30929], recall= [ 0.03054  0.09965  0.16641  0.20847] , precision= [ 0.03330  0.02220  0.01845  0.01560] , auc=[0.77748], sum_recall=[0.50508]
Epoch 4 [34.5s + 12.6s]: train==[2.63066 = 0.32670 + 2.30396], recall= [ 0.02969  0.09930  0.16140  0.21025] , precision= [ 0.03245  0.02203  0.01836  0.01600] , auc=[0.78809], sum_recall=[0.50063]
Epoch 5 [34.6s + 11.7s]: train==[2.59237 = 0.29258 + 2.29978], recall= [ 0.02499  0.09959  0.16161  0.21312] , precision= [ 0.02733  0.02237  0.01879  0.01628] , auc=[0.79338], sum_recall=[0.49931]
Epoch 6 [34.5s + 11.8s]: train==[2.56157 = 0.26500 + 2.29657], recall= [ 0.02257  0.10304  0.16793  0.21444] , precision= [ 0.02562  0.02306  0.01921  0.01640] , auc=[0.79801], sum_recall=[0.50799]
Epoch 7 [34.6s + 13.8s]: train==[2.53300 = 0.23926 + 2.29375], recall= [ 0.02407  0.10299  0.16828  0.21796] , precision= [ 0.02818  0.02340  0.01956  0.01668] , auc=[0.80098], sum_recall=[0.51330]
Epoch 8 [35.0s + 13.9s]: train==[2.52099 = 0.23050 + 2.29048], recall= [ 0.02364  0.10299  0.16724  0.21739] , precision= [ 0.02733  0.02306  0.01939  0.01674] , auc=[0.80387], sum_recall=[0.51127]
Epoch 9 [35.0s + 12.5s]: train==[2.50446 = 0.21838 + 2.28608], recall= [ 0.02356  0.10128  0.16932  0.21889] , precision= [ 0.02647  0.02306  0.01981  0.01691] , auc=[0.80645], sum_recall=[0.51305]
Epoch 10 [34.7s + 12.8s]: train==[2.48504 = 0.20460 + 2.28044], recall= [ 0.02484  0.10295  0.17117  0.22472] , precision= [ 0.02818  0.02357  0.01998  0.01725] , auc=[0.80882], sum_recall=[0.52367]
Epoch 11 [34.4s + 12.0s]: train==[2.47647 = 0.20275 + 2.27372], recall= [ 0.02313  0.10643  0.17124  0.22127] , precision= [ 0.02647  0.02425  0.02007  0.01697] , auc=[0.81146], sum_recall=[0.52208]
Epoch 12 [35.2s + 12.5s]: train==[2.45963 = 0.19314 + 2.26650], recall= [ 0.02484  0.10935  0.17075  0.21860] , precision= [ 0.02818  0.02528  0.02015  0.01691] , auc=[0.81368], sum_recall=[0.52353]
Epoch 13 [34.5s + 12.8s]: train==[2.44395 = 0.18451 + 2.25945], recall= [ 0.02427  0.10629  0.16989  0.22007] , precision= [ 0.02818  0.02459  0.02007  0.01714] , auc=[0.81620], sum_recall=[0.52052]
Epoch 14 [34.8s + 12.5s]: train==[2.42966 = 0.17673 + 2.25293], recall= [ 0.02455  0.10679  0.17674  0.22103] , precision= [ 0.02818  0.02459  0.02075  0.01725] , auc=[0.81815], sum_recall=[0.52912]
Epoch 15 [34.6s + 12.2s]: train==[2.41923 = 0.17203 + 2.24720], recall= [ 0.02284  0.10853  0.17914  0.22189] , precision= [ 0.02647  0.02528  0.02101  0.01731] , auc=[0.82013], sum_recall=[0.53240]
Epoch 16 [36.0s + 12.3s]: train==[2.40996 = 0.16744 + 2.24252], recall= [ 0.02597  0.10484  0.18042  0.21972] , precision= [ 0.02904  0.02442  0.02118  0.01719] , auc=[0.82150], sum_recall=[0.53096]
Epoch 17 [35.9s + 12.9s]: train==[2.39625 = 0.15776 + 2.23849], recall= [ 0.02512  0.10517  0.18096  0.21989] , precision= [ 0.02818  0.02477  0.02126  0.01725] , auc=[0.82250], sum_recall=[0.53115]
Epoch 18 [34.7s + 14.5s]: train==[2.39068 = 0.15541 + 2.23528], recall= [ 0.02341  0.10688  0.18096  0.22331] , precision= [ 0.02647  0.02511  0.02126  0.01748] , auc=[0.82329], sum_recall=[0.53456]
Epoch 19 [34.9s + 12.0s]: train==[2.38839 = 0.15580 + 2.23259], recall= [ 0.02341  0.11041  0.18071  0.22325] , precision= [ 0.02647  0.02596  0.02109  0.01748] , auc=[0.82422], sum_recall=[0.53778]
Epoch 20 [34.9s + 13.0s]: train==[2.38039 = 0.14993 + 2.23046], recall= [ 0.02597  0.10870  0.17982  0.22081] , precision= [ 0.02904  0.02562  0.02109  0.01736] , auc=[0.82482], sum_recall=[0.53530]
Epoch 21 [34.9s + 11.8s]: train==[2.37054 = 0.14171 + 2.22883], recall= [ 0.02768  0.10955  0.18065  0.21859] , precision= [ 0.03074  0.02579  0.02101  0.01714] , auc=[0.82507], sum_recall=[0.53648]
Epoch 22 [34.8s + 12.1s]: train==[2.36709 = 0.13953 + 2.22755], recall= [ 0.02939  0.11019  0.17990  0.22118] , precision= [ 0.03245  0.02579  0.02101  0.01736] , auc=[0.82534], sum_recall=[0.54067]
Epoch 23 [34.7s + 13.1s]: train==[2.35898 = 0.13230 + 2.22667], recall= [ 0.02939  0.10972  0.18133  0.22075] , precision= [ 0.03245  0.02596  0.02118  0.01731] , auc=[0.82550], sum_recall=[0.54119]
Epoch 24 [35.1s + 11.9s]: train==[2.35898 = 0.13306 + 2.22593], recall= [ 0.02939  0.11171  0.18047  0.21961] , precision= [ 0.03245  0.02630  0.02109  0.01714] , auc=[0.82604], sum_recall=[0.54119]
Epoch 25 [34.7s + 12.4s]: train==[2.35315 = 0.12780 + 2.22535], recall= [ 0.02854  0.11112  0.18168  0.22125] , precision= [ 0.03160  0.02613  0.02126  0.01742] , auc=[0.82600], sum_recall=[0.54259]
Epoch 26 [34.4s + 13.1s]: train==[2.34394 = 0.11915 + 2.22479], recall= [ 0.03195  0.11140  0.18332  0.21898] , precision= [ 0.03501  0.02613  0.02143  0.01725] , auc=[0.82574], sum_recall=[0.54565]
Epoch 27 [34.6s + 12.1s]: train==[2.34136 = 0.11708 + 2.22428], recall= [ 0.03121  0.11197  0.18161  0.22152] , precision= [ 0.03501  0.02596  0.02126  0.01742] , auc=[0.82597], sum_recall=[0.54631]
Epoch 28 [34.6s + 12.3s]: train==[2.33857 = 0.11477 + 2.22380], recall= [ 0.03155  0.11218  0.18232  0.21930] , precision= [ 0.03587  0.02630  0.02126  0.01725] , auc=[0.82602], sum_recall=[0.54537]
Epoch 29 [35.0s + 12.8s]: train==[2.33192 = 0.10859 + 2.22332], recall= [ 0.03081  0.11019  0.18168  0.21648] , precision= [ 0.03330  0.02562  0.02109  0.01702] , auc=[0.82620], sum_recall=[0.53917]
Epoch 30 [34.7s + 12.6s]: train==[2.32720 = 0.10419 + 2.22301], recall= [ 0.03320  0.11058  0.18230  0.21720] , precision= [ 0.03757  0.02579  0.02135  0.01702] , auc=[0.82578], sum_recall=[0.54328]
Epoch 31 [34.7s + 12.1s]: train==[2.32944 = 0.10664 + 2.22280], recall= [ 0.03210  0.10888  0.18230  0.21720] , precision= [ 0.03501  0.02545  0.02135  0.01702] , auc=[0.82543], sum_recall=[0.54047]
Epoch 32 [34.6s + 12.4s]: train==[2.32981 = 0.10718 + 2.22262], recall= [ 0.03188  0.10628  0.18462  0.21950] , precision= [ 0.03501  0.02494  0.02161  0.01719] , auc=[0.82505], sum_recall=[0.54229]
Epoch 33 [34.9s + 12.1s]: train==[2.32260 = 0.10007 + 2.22252], recall= [ 0.03256  0.10531  0.18650  0.22057] , precision= [ 0.03587  0.02459  0.02186  0.01731] , auc=[0.82462], sum_recall=[0.54494]
Epoch 34 [34.8s + 11.9s]: train==[2.32041 = 0.09792 + 2.22248], recall= [ 0.03085  0.11043  0.18586  0.21954] , precision= [ 0.03416  0.02545  0.02169  0.01719] , auc=[0.82364], sum_recall=[0.54669]
Epoch 35 [34.7s + 12.2s]: train==[2.31928 = 0.09677 + 2.22252], recall= [ 0.03341  0.11089  0.18896  0.22031] , precision= [ 0.03672  0.02579  0.02195  0.01719] , auc=[0.82298], sum_recall=[0.55357]
Epoch 36 [34.7s + 12.5s]: train==[2.32019 = 0.09755 + 2.22264], recall= [ 0.03256  0.11162  0.18835  0.21889] , precision= [ 0.03587  0.02562  0.02195  0.01714] , auc=[0.82252], sum_recall=[0.55142]
Epoch 37 [35.2s + 11.6s]: train==[2.31447 = 0.09168 + 2.22279], recall= [ 0.03234  0.11469  0.18664  0.22048] , precision= [ 0.03501  0.02596  0.02186  0.01708] , auc=[0.82226], sum_recall=[0.55415]
Epoch 38 [34.7s + 14.0s]: train==[2.31096 = 0.08809 + 2.22287], recall= [ 0.02978  0.11633  0.18323  0.22019] , precision= [ 0.03245  0.02630  0.02135  0.01702] , auc=[0.82229], sum_recall=[0.54953]
Epoch 39 [34.6s + 12.9s]: train==[2.31162 = 0.08877 + 2.22285], recall= [ 0.02722  0.11355  0.18351  0.21898] , precision= [ 0.02989  0.02562  0.02126  0.01691] , auc=[0.82227], sum_recall=[0.54327]
End of trainning! Best recall= [ 0.03081  0.11019  0.18168  0.21648] , precision= [ 0.03330  0.02562  0.02109  0.01702] , auc=[0.82620]
Namespace(Ks=[1, 5, 10, 15], T=0.01, alpha=3.0, batch_size=512, beta=0.1, dataset='./OMIM/bigraph/cross1', dropout=0.3, emb_dim=200, gamma=0.1, gpu_id=-1, hid_dim=200, k=0.3, layer_size='[200]', learning_rate=0.005, mi_batch_size=1000, mi_kind='js', neg_num=5, num_epochs=1000, pretrain=None, reg=0.001, seed=1234, show_model_param=False, show_step=1, weight=None)
2021-12-28 18:59:18
loading data...
[n_users, n_items]=[3209, 12211]
[n_train, n_test]=[2636, 1318]
[n_edges]=[285362]
Using GPU 1,  memory_free: 24265
tensor([-0.0313,  0.0266,  0.0037,  0.0134, -0.0191], device='cuda:1')
Loading Model..Number of Model Parameters:  3324802
Epoch 0 [37.6s + 10.3s]: train==[4.92050 = 2.59671 + 2.32379], recall= [ 0.00683  0.01196  0.01580  0.01836] , precision= [ 0.00683  0.00239  0.00162  0.00125] , auc=[0.54330], sum_recall=[0.05295]
Epoch 1 [38.0s + 12.5s]: train==[3.29384 = 0.97244 + 2.32139], recall= [ 0.02619  0.08100  0.13995  0.16559] , precision= [ 0.02733  0.01776  0.01512  0.01201] , auc=[0.71409], sum_recall=[0.41273]
Epoch 2 [38.6s + 10.6s]: train==[2.88021 = 0.56472 + 2.31548], recall= [ 0.02619  0.10150  0.15889  0.19491] , precision= [ 0.02818  0.02220  0.01751  0.01452] , auc=[0.76238], sum_recall=[0.48149]
Epoch 3 [38.4s + 12.1s]: train==[2.70247 = 0.39322 + 2.30925], recall= [ 0.02832  0.10264  0.16620  0.20220] , precision= [ 0.02989  0.02272  0.01862  0.01520] , auc=[0.78029], sum_recall=[0.49936]
Epoch 4 [39.3s + 12.1s]: train==[2.63031 = 0.32636 + 2.30394], recall= [ 0.02790  0.09969  0.16469  0.20864] , precision= [ 0.02989  0.02272  0.01853  0.01588] , auc=[0.79040], sum_recall=[0.50091]
Epoch 5 [38.4s + 12.0s]: train==[2.59191 = 0.29210 + 2.29980], recall= [ 0.02533  0.09724  0.16579  0.21363] , precision= [ 0.02733  0.02220  0.01913  0.01645] , auc=[0.79643], sum_recall=[0.50199]
Epoch 6 [38.0s + 12.0s]: train==[2.56085 = 0.26422 + 2.29663], recall= [ 0.02601  0.09731  0.16728  0.21414] , precision= [ 0.02989  0.02220  0.01939  0.01645] , auc=[0.80086], sum_recall=[0.50474]
Epoch 7 [38.1s + 12.0s]: train==[2.53154 = 0.23763 + 2.29391], recall= [ 0.02612  0.09933  0.16721  0.21937] , precision= [ 0.02989  0.02289  0.01939  0.01685] , auc=[0.80388], sum_recall=[0.51202]
Epoch 8 [38.8s + 11.7s]: train==[2.52102 = 0.23026 + 2.29076], recall= [ 0.02526  0.10072  0.16892  0.21745] , precision= [ 0.02904  0.02289  0.01973  0.01679] , auc=[0.80677], sum_recall=[0.51234]
Epoch 9 [38.2s + 14.6s]: train==[2.50456 = 0.21809 + 2.28647], recall= [ 0.02697  0.10102  0.16870  0.21903] , precision= [ 0.03074  0.02323  0.01964  0.01697] , auc=[0.80918], sum_recall=[0.51573]
Epoch 10 [40.1s + 12.5s]: train==[2.48397 = 0.20307 + 2.28090], recall= [ 0.02697  0.10380  0.17025  0.21807] , precision= [ 0.03074  0.02425  0.01973  0.01691] , auc=[0.81127], sum_recall=[0.51910]
Epoch 11 [38.0s + 12.4s]: train==[2.47470 = 0.20052 + 2.27418], recall= [ 0.02654  0.09899  0.16677  0.21707] , precision= [ 0.02989  0.02323  0.01947  0.01685] , auc=[0.81367], sum_recall=[0.50938]
Epoch 12 [38.1s + 11.9s]: train==[2.45805 = 0.19117 + 2.26688], recall= [ 0.02484  0.09901  0.16959  0.22102] , precision= [ 0.02818  0.02357  0.01981  0.01719] , auc=[0.81567], sum_recall=[0.51447]
Epoch 13 [38.4s + 13.1s]: train==[2.44247 = 0.18275 + 2.25972], recall= [ 0.02484  0.10415  0.17294  0.21727] , precision= [ 0.02818  0.02477  0.02032  0.01702] , auc=[0.81746], sum_recall=[0.51919]
Epoch 14 [38.7s + 12.3s]: train==[2.42852 = 0.17543 + 2.25308], recall= [ 0.02299  0.10116  0.17607  0.21609] , precision= [ 0.02562  0.02408  0.02067  0.01697] , auc=[0.81888], sum_recall=[0.51631]
Epoch 15 [38.5s + 11.8s]: train==[2.41800 = 0.17073 + 2.24727], recall= [ 0.02427  0.10287  0.17692  0.21942] , precision= [ 0.02733  0.02442  0.02075  0.01719] , auc=[0.82081], sum_recall=[0.52348]
Epoch 16 [38.7s + 12.0s]: train==[2.40925 = 0.16670 + 2.24255], recall= [ 0.02341  0.10714  0.17778  0.22147] , precision= [ 0.02647  0.02528  0.02084  0.01731] , auc=[0.82211], sum_recall=[0.52980]
Epoch 17 [39.3s + 13.3s]: train==[2.39478 = 0.15631 + 2.23847], recall= [ 0.02427  0.10752  0.18228  0.22135] , precision= [ 0.02733  0.02545  0.02143  0.01731] , auc=[0.82295], sum_recall=[0.53542]
Epoch 18 [39.9s + 12.3s]: train==[2.38933 = 0.15410 + 2.23523], recall= [ 0.02512  0.10667  0.18265  0.22246] , precision= [ 0.02818  0.02511  0.02143  0.01731] , auc=[0.82379], sum_recall=[0.53690]
Epoch 19 [38.1s + 12.1s]: train==[2.38817 = 0.15566 + 2.23251], recall= [ 0.02597  0.10795  0.17986  0.21922] , precision= [ 0.02904  0.02528  0.02101  0.01714] , auc=[0.82436], sum_recall=[0.53300]
Epoch 20 [38.3s + 12.2s]: train==[2.38002 = 0.14967 + 2.23035], recall= [ 0.02427  0.10998  0.18071  0.22007] , precision= [ 0.02733  0.02596  0.02109  0.01719] , auc=[0.82470], sum_recall=[0.53503]
Epoch 21 [38.7s + 11.2s]: train==[2.36988 = 0.14119 + 2.22869], recall= [ 0.02768  0.10912  0.17921  0.21908] , precision= [ 0.03074  0.02579  0.02092  0.01708] , auc=[0.82511], sum_recall=[0.53510]
Epoch 22 [38.4s + 12.1s]: train==[2.36701 = 0.13963 + 2.22738], recall= [ 0.02939  0.10912  0.17783  0.21745] , precision= [ 0.03245  0.02579  0.02084  0.01702] , auc=[0.82531], sum_recall=[0.53379]
Epoch 23 [38.9s + 12.5s]: train==[2.35906 = 0.13257 + 2.22648], recall= [ 0.03024  0.11237  0.17911  0.22243] , precision= [ 0.03330  0.02630  0.02092  0.01736] , auc=[0.82572], sum_recall=[0.54416]
Epoch 24 [37.8s + 11.6s]: train==[2.35990 = 0.13416 + 2.22574], recall= [ 0.03281  0.11052  0.17797  0.22111] , precision= [ 0.03587  0.02579  0.02075  0.01736] , auc=[0.82585], sum_recall=[0.54241]
Epoch 25 [38.2s + 11.6s]: train==[2.35390 = 0.12871 + 2.22520], recall= [ 0.03366  0.11038  0.17746  0.22147] , precision= [ 0.03672  0.02562  0.02075  0.01736] , auc=[0.82587], sum_recall=[0.54296]
Epoch 26 [38.1s + 12.6s]: train==[2.34396 = 0.11925 + 2.22470], recall= [ 0.03366  0.10952  0.17966  0.22581] , precision= [ 0.03672  0.02545  0.02101  0.01765] , auc=[0.82589], sum_recall=[0.54865]
Epoch 27 [38.8s + 11.8s]: train==[2.34248 = 0.11823 + 2.22425], recall= [ 0.03281  0.10810  0.18230  0.22282] , precision= [ 0.03587  0.02511  0.02126  0.01742] , auc=[0.82561], sum_recall=[0.54602]
Epoch 28 [39.0s + 15.5s]: train==[2.33925 = 0.11543 + 2.22382], recall= [ 0.03281  0.11023  0.18031  0.22282] , precision= [ 0.03587  0.02562  0.02092  0.01742] , auc=[0.82556], sum_recall=[0.54617]
Epoch 29 [38.3s + 13.7s]: train==[2.33285 = 0.10947 + 2.22338], recall= [ 0.03291  0.10796  0.18072  0.21855] , precision= [ 0.03672  0.02494  0.02092  0.01708] , auc=[0.82527], sum_recall=[0.54014]
Epoch 30 [38.4s + 12.5s]: train==[2.32841 = 0.10534 + 2.22307], recall= [ 0.03398  0.10881  0.18072  0.21784] , precision= [ 0.03843  0.02511  0.02092  0.01702] , auc=[0.82481], sum_recall=[0.54135]
Epoch 31 [38.4s + 11.9s]: train==[2.32992 = 0.10707 + 2.22285], recall= [ 0.03505  0.10867  0.18247  0.21542] , precision= [ 0.03928  0.02528  0.02118  0.01685] , auc=[0.82428], sum_recall=[0.54160]
Epoch 32 [38.5s + 12.5s]: train==[2.33038 = 0.10769 + 2.22268], recall= [ 0.03249  0.10945  0.18233  0.21157] , precision= [ 0.03672  0.02545  0.02109  0.01657] , auc=[0.82393], sum_recall=[0.53584]
Epoch 33 [38.5s + 11.7s]: train==[2.32301 = 0.10044 + 2.22257], recall= [ 0.03000  0.11034  0.18287  0.21264] , precision= [ 0.03330  0.02545  0.02126  0.01662] , auc=[0.82383], sum_recall=[0.53585]
Epoch 34 [38.6s + 11.7s]: train==[2.32048 = 0.09796 + 2.22251], recall= [ 0.03085  0.11014  0.18055  0.21475] , precision= [ 0.03416  0.02545  0.02092  0.01668] , auc=[0.82366], sum_recall=[0.53629]
Epoch 35 [38.2s + 12.7s]: train==[2.32006 = 0.09756 + 2.22251], recall= [ 0.02968  0.11065  0.18405  0.21488] , precision= [ 0.03160  0.02511  0.02135  0.01657] , auc=[0.82316], sum_recall=[0.53925]
Epoch 36 [38.3s + 12.5s]: train==[2.32111 = 0.09852 + 2.22260], recall= [ 0.02711  0.11179  0.18405  0.21693] , precision= [ 0.02904  0.02528  0.02135  0.01685] , auc=[0.82263], sum_recall=[0.53988]
End of trainning! Best recall= [ 0.03366  0.10952  0.17966  0.22581] , precision= [ 0.03672  0.02545  0.02101  0.01765] , auc=[0.82589]
Namespace(Ks=[1, 5, 10, 15], T=0.01, alpha=3.0, batch_size=512, beta=0.1, dataset='./OMIM/bigraph/cross1', dropout=0.3, emb_dim=200, gamma=0.1, gpu_id=-1, hid_dim=200, k=0.5, layer_size='[200]', learning_rate=0.005, mi_batch_size=1000, mi_kind='js', neg_num=5, num_epochs=1000, pretrain=None, reg=0.001, seed=1234, show_model_param=False, show_step=1, weight=None)
2021-12-28 19:30:44
loading data...
[n_users, n_items]=[3209, 12211]
[n_train, n_test]=[2636, 1318]
[n_edges]=[285362]
Using GPU 1,  memory_free: 24265
tensor([-0.0313,  0.0266,  0.0037,  0.0134, -0.0191], device='cuda:1')
Loading Model..Number of Model Parameters:  3324802
Epoch 0 [41.2s + 10.2s]: train==[4.90761 = 2.58382 + 2.32379], recall= [ 0.00683  0.01366  0.01751  0.02007] , precision= [ 0.00683  0.00273  0.00179  0.00137] , auc=[0.54370], sum_recall=[0.05807]
Epoch 1 [42.0s + 11.4s]: train==[3.29272 = 0.97128 + 2.32144], recall= [ 0.02363  0.08313  0.13713  0.16660] , precision= [ 0.02477  0.01810  0.01486  0.01201] , auc=[0.71477], sum_recall=[0.41049]
Epoch 2 [41.6s + 10.7s]: train==[2.87913 = 0.56367 + 2.31546], recall= [ 0.02533  0.10117  0.15752  0.19418] , precision= [ 0.02733  0.02203  0.01759  0.01440] , auc=[0.76272], sum_recall=[0.47820]
Epoch 3 [41.6s + 12.8s]: train==[2.70092 = 0.39174 + 2.30918], recall= [ 0.02747  0.10072  0.17028  0.20743] , precision= [ 0.02989  0.02237  0.01887  0.01560] , auc=[0.78015], sum_recall=[0.50590]
Epoch 4 [41.9s + 12.2s]: train==[2.62952 = 0.32567 + 2.30385], recall= [ 0.02875  0.10026  0.16332  0.20762] , precision= [ 0.03074  0.02254  0.01845  0.01571] , auc=[0.79081], sum_recall=[0.49994]
Epoch 5 [42.4s + 11.7s]: train==[2.59179 = 0.29208 + 2.29971], recall= [ 0.02630  0.10002  0.16751  0.21388] , precision= [ 0.02904  0.02237  0.01930  0.01645] , auc=[0.79735], sum_recall=[0.50770]
Epoch 6 [41.7s + 12.5s]: train==[2.55979 = 0.26318 + 2.29661], recall= [ 0.02548  0.09888  0.17107  0.21627] , precision= [ 0.02818  0.02203  0.01990  0.01657] , auc=[0.80208], sum_recall=[0.51170]
Epoch 7 [41.4s + 13.1s]: train==[2.53102 = 0.23701 + 2.29401], recall= [ 0.02654  0.09911  0.16733  0.21979] , precision= [ 0.02989  0.02254  0.01930  0.01691] , auc=[0.80514], sum_recall=[0.51278]
Epoch 8 [41.5s + 11.8s]: train==[2.52077 = 0.22976 + 2.29101], recall= [ 0.02398  0.09800  0.16671  0.21823] , precision= [ 0.02733  0.02272  0.01930  0.01685] , auc=[0.80800], sum_recall=[0.50692]
Epoch 9 [41.8s + 12.2s]: train==[2.50436 = 0.21747 + 2.28690], recall= [ 0.02612  0.09888  0.16949  0.22010] , precision= [ 0.02989  0.02272  0.01964  0.01702] , auc=[0.81029], sum_recall=[0.51458]
Epoch 10 [41.4s + 13.0s]: train==[2.48436 = 0.20294 + 2.28142], recall= [ 0.02612  0.10252  0.16888  0.22266] , precision= [ 0.02989  0.02391  0.01956  0.01719] , auc=[0.81233], sum_recall=[0.52018]
Epoch 11 [41.8s + 11.9s]: train==[2.47435 = 0.19958 + 2.27477], recall= [ 0.02740  0.10115  0.17030  0.22174] , precision= [ 0.03160  0.02340  0.01973  0.01714] , auc=[0.81461], sum_recall=[0.52059]
Epoch 12 [41.4s + 12.3s]: train==[2.45821 = 0.19074 + 2.26747], recall= [ 0.02654  0.10620  0.17080  0.22174] , precision= [ 0.03074  0.02494  0.01990  0.01719] , auc=[0.81643], sum_recall=[0.52528]
Epoch 13 [41.4s + 12.7s]: train==[2.44195 = 0.18170 + 2.26025], recall= [ 0.02555  0.10577  0.17263  0.22013] , precision= [ 0.02904  0.02477  0.02015  0.01714] , auc=[0.81834], sum_recall=[0.52409]
Epoch 14 [41.5s + 12.1s]: train==[2.42771 = 0.17420 + 2.25351], recall= [ 0.02555  0.10705  0.17144  0.22270] , precision= [ 0.02904  0.02511  0.02007  0.01731] , auc=[0.82004], sum_recall=[0.52674]
Epoch 15 [41.3s + 11.9s]: train==[2.41749 = 0.16990 + 2.24759], recall= [ 0.02469  0.10927  0.17144  0.22180] , precision= [ 0.02818  0.02562  0.01998  0.01725] , auc=[0.82173], sum_recall=[0.52721]
Epoch 16 [41.3s + 12.4s]: train==[2.40841 = 0.16564 + 2.24277], recall= [ 0.02469  0.10927  0.17423  0.22171] , precision= [ 0.02818  0.02562  0.02041  0.01725] , auc=[0.82313], sum_recall=[0.52991]
Epoch 17 [41.3s + 12.5s]: train==[2.39386 = 0.15526 + 2.23860], recall= [ 0.02384  0.11098  0.17295  0.22270] , precision= [ 0.02733  0.02596  0.02032  0.01736] , auc=[0.82394], sum_recall=[0.53048]
Epoch 18 [41.3s + 12.2s]: train==[2.38940 = 0.15411 + 2.23529], recall= [ 0.02512  0.11237  0.17295  0.22242] , precision= [ 0.02818  0.02630  0.02032  0.01731] , auc=[0.82468], sum_recall=[0.53286]
Epoch 19 [41.5s + 12.7s]: train==[2.38813 = 0.15563 + 2.23251], recall= [ 0.02427  0.11194  0.17068  0.22285] , precision= [ 0.02733  0.02630  0.01998  0.01731] , auc=[0.82527], sum_recall=[0.52973]
Epoch 20 [42.2s + 12.9s]: train==[2.38036 = 0.15006 + 2.23031], recall= [ 0.02512  0.11194  0.17341  0.22142] , precision= [ 0.02818  0.02630  0.02032  0.01725] , auc=[0.82548], sum_recall=[0.53189]
Epoch 21 [41.9s + 12.0s]: train==[2.37009 = 0.14147 + 2.22862], recall= [ 0.02683  0.11066  0.17512  0.22406] , precision= [ 0.02989  0.02596  0.02058  0.01742] , auc=[0.82551], sum_recall=[0.53666]
Epoch 22 [41.4s + 12.3s]: train==[2.36683 = 0.13953 + 2.22729], recall= [ 0.02854  0.11066  0.17585  0.22357] , precision= [ 0.03160  0.02596  0.02058  0.01748] , auc=[0.82552], sum_recall=[0.53862]
Epoch 23 [41.5s + 12.6s]: train==[2.35905 = 0.13264 + 2.22641], recall= [ 0.02939  0.11049  0.17668  0.22592] , precision= [ 0.03245  0.02579  0.02067  0.01759] , auc=[0.82590], sum_recall=[0.54248]
Epoch 24 [41.7s + 11.8s]: train==[2.35956 = 0.13388 + 2.22569], recall= [ 0.03024  0.10821  0.17642  0.22450] , precision= [ 0.03330  0.02511  0.02050  0.01753] , auc=[0.82612], sum_recall=[0.53937]
Epoch 25 [41.4s + 12.0s]: train==[2.35431 = 0.12914 + 2.22517], recall= [ 0.02939  0.10992  0.17635  0.22279] , precision= [ 0.03245  0.02545  0.02050  0.01742] , auc=[0.82621], sum_recall=[0.53846]
Epoch 26 [41.3s + 12.7s]: train==[2.34440 = 0.11968 + 2.22472], recall= [ 0.02854  0.11206  0.17678  0.22367] , precision= [ 0.03160  0.02596  0.02058  0.01748] , auc=[0.82632], sum_recall=[0.54105]
Epoch 27 [41.4s + 12.2s]: train==[2.34316 = 0.11886 + 2.22430], recall= [ 0.03110  0.11405  0.17813  0.22296] , precision= [ 0.03416  0.02630  0.02084  0.01736] , auc=[0.82623], sum_recall=[0.54624]
Epoch 28 [41.9s + 11.7s]: train==[2.33984 = 0.11594 + 2.22390], recall= [ 0.03195  0.11664  0.17540  0.22342] , precision= [ 0.03501  0.02681  0.02050  0.01748] , auc=[0.82611], sum_recall=[0.54741]
Epoch 29 [41.3s + 12.9s]: train==[2.33281 = 0.10934 + 2.22347], recall= [ 0.03195  0.11294  0.17593  0.21829] , precision= [ 0.03501  0.02630  0.02058  0.01708] , auc=[0.82604], sum_recall=[0.53912]
Epoch 30 [41.3s + 12.3s]: train==[2.32895 = 0.10580 + 2.22316], recall= [ 0.03238  0.11028  0.17833  0.21801] , precision= [ 0.03501  0.02528  0.02075  0.01708] , auc=[0.82591], sum_recall=[0.53899]
Epoch 31 [41.3s + 12.3s]: train==[2.33015 = 0.10721 + 2.22294], recall= [ 0.03366  0.11184  0.17807  0.21610] , precision= [ 0.03672  0.02528  0.02084  0.01685] , auc=[0.82540], sum_recall=[0.53967]
Epoch 32 [41.3s + 13.0s]: train==[2.33129 = 0.10856 + 2.22273], recall= [ 0.03110  0.11384  0.18035  0.21695] , precision= [ 0.03416  0.02579  0.02118  0.01691] , auc=[0.82475], sum_recall=[0.54224]
Epoch 33 [41.5s + 13.3s]: train==[2.32379 = 0.10122 + 2.22257], recall= [ 0.03096  0.11233  0.18151  0.21824] , precision= [ 0.03330  0.02528  0.02109  0.01697] , auc=[0.82405], sum_recall=[0.54303]
Epoch 34 [41.5s + 12.1s]: train==[2.32154 = 0.09907 + 2.22247], recall= [ 0.02882  0.11713  0.18113  0.21798] , precision= [ 0.03074  0.02664  0.02092  0.01691] , auc=[0.82331], sum_recall=[0.54506]
Epoch 35 [41.9s + 12.3s]: train==[2.31963 = 0.09721 + 2.22243], recall= [ 0.03053  0.11770  0.18284  0.21734] , precision= [ 0.03245  0.02647  0.02118  0.01691] , auc=[0.82282], sum_recall=[0.54841]
Epoch 36 [42.0s + 12.6s]: train==[2.32067 = 0.09819 + 2.22248], recall= [ 0.03053  0.11845  0.18249  0.21727] , precision= [ 0.03245  0.02699  0.02109  0.01679] , auc=[0.82268], sum_recall=[0.54874]
End of trainning! Best recall= [ 0.02854  0.11206  0.17678  0.22367] , precision= [ 0.03160  0.02596  0.02058  0.01748] , auc=[0.82632]
