Namespace(Ks=[1, 5, 10, 15], T=0.01, alpha=3.0, batch_size=512, beta=0.1, dataset='./OMIM/bigraph/cross1', dropout=0.3, emb_dim=200, f=1, gamma=0.1, gpu_id=-1, hid_dim=200, k=0.5, layer_size='[200,200]', learning_rate=0.005, mi_batch_size=1000, mi_kind='js', neg_num=5, num_epochs=1000, pretrain=None, reg=0.001, seed=321, show_model_param=False, show_step=1, type=3, weight=None)
2022-02-08 18:29:53
loading data...
231488
48602
[n_users, n_items]=[3209, 12211]
[n_train, n_test]=[2636, 1318]
[n_edges]=[280090]
Using GPU 1,  memory_free: 24265
tensor([ 0.0243,  0.0263, -0.0283, -0.0314,  0.0255], device='cuda:1')
Loading Model..Number of Model Parameters:  3485402
Epoch 0 [33.0s + 11.0s]: train==[6.85591 = 4.54133 + 2.31457], recall= [ 0.00000  0.00000  0.00000  0.00000] , precision= [ 0.00000  0.00000  0.00000  0.00000] , auc=[0.45231], sum_recall=[0.00000]
Epoch 1 [32.9s + 12.4s]: train==[4.31117 = 1.99888 + 2.31229], recall= [ 0.01808  0.05658  0.09527  0.12089] , precision= [ 0.02050  0.01230  0.01059  0.00882] , auc=[0.65661], sum_recall=[0.29082]
Epoch 2 [36.4s + 13.2s]: train==[3.55785 = 1.25619 + 2.30166], recall= [ 0.02277  0.08113  0.14201  0.18103] , precision= [ 0.02477  0.01742  0.01554  0.01315] , auc=[0.76321], sum_recall=[0.42694]
Epoch 3 [33.9s + 13.5s]: train==[3.23578 = 0.94697 + 2.28881], recall= [ 0.02420  0.09572  0.16329  0.20302] , precision= [ 0.02562  0.02050  0.01751  0.01463] , auc=[0.78712], sum_recall=[0.48622]
Epoch 4 [34.7s + 14.0s]: train==[3.07576 = 0.79925 + 2.27651], recall= [ 0.02462  0.09657  0.16424  0.20914] , precision= [ 0.02647  0.02050  0.01768  0.01503] , auc=[0.79612], sum_recall=[0.49458]
Epoch 5 [34.1s + 13.6s]: train==[2.96054 = 0.69416 + 2.26638], recall= [ 0.02334  0.10269  0.16239  0.20608] , precision= [ 0.02477  0.02152  0.01742  0.01475] , auc=[0.80146], sum_recall=[0.49451]
Epoch 6 [33.6s + 13.5s]: train==[2.90252 = 0.64351 + 2.25901], recall= [ 0.02477  0.10162  0.16271  0.20110] , precision= [ 0.02562  0.02118  0.01742  0.01446] , auc=[0.80620], sum_recall=[0.49020]
Epoch 7 [33.4s + 13.2s]: train==[2.84148 = 0.58714 + 2.25434], recall= [ 0.02562  0.09764  0.16150  0.19918] , precision= [ 0.02647  0.02050  0.01734  0.01423] , auc=[0.81015], sum_recall=[0.48394]
Epoch 8 [33.2s + 13.5s]: train==[2.79233 = 0.54058 + 2.25175], recall= [ 0.02818  0.09892  0.15922  0.19964] , precision= [ 0.02904  0.02084  0.01699  0.01418] , auc=[0.81364], sum_recall=[0.48597]
Epoch 9 [33.4s + 14.4s]: train==[2.75119 = 0.50070 + 2.25049], recall= [ 0.02904  0.09863  0.16022  0.20030] , precision= [ 0.02989  0.02084  0.01699  0.01423] , auc=[0.81696], sum_recall=[0.48819]
Epoch 10 [33.9s + 14.5s]: train==[2.70255 = 0.45252 + 2.25003], recall= [ 0.02946  0.10290  0.16086  0.20320] , precision= [ 0.03074  0.02169  0.01716  0.01440] , auc=[0.81985], sum_recall=[0.49643]
Epoch 11 [33.2s + 14.3s]: train==[2.67884 = 0.42915 + 2.24969], recall= [ 0.02946  0.10265  0.15915  0.20146] , precision= [ 0.03074  0.02186  0.01699  0.01446] , auc=[0.82196], sum_recall=[0.49272]
Epoch 12 [33.3s + 13.3s]: train==[2.65536 = 0.40599 + 2.24937], recall= [ 0.03032  0.10009  0.16054  0.20359] , precision= [ 0.03160  0.02135  0.01725  0.01463] , auc=[0.82377], sum_recall=[0.49453]
Epoch 13 [33.6s + 13.4s]: train==[2.62148 = 0.37279 + 2.24868], recall= [ 0.02761  0.09923  0.16168  0.20196] , precision= [ 0.02904  0.02118  0.01742  0.01457] , auc=[0.82453], sum_recall=[0.49048]
Epoch 14 [33.6s + 15.0s]: train==[2.59532 = 0.34743 + 2.24790], recall= [ 0.02605  0.10147  0.16403  0.20537] , precision= [ 0.02733  0.02186  0.01768  0.01486] , auc=[0.82577], sum_recall=[0.49692]
Epoch 15 [33.3s + 14.8s]: train==[2.57399 = 0.32714 + 2.24684], recall= [ 0.02633  0.09948  0.16275  0.20559] , precision= [ 0.02818  0.02169  0.01759  0.01492] , auc=[0.82669], sum_recall=[0.49414]
Epoch 16 [33.2s + 13.6s]: train==[2.57164 = 0.32591 + 2.24573], recall= [ 0.02548  0.10019  0.16275  0.20217] , precision= [ 0.02733  0.02203  0.01759  0.01469] , auc=[0.82724], sum_recall=[0.49058]
Epoch 17 [33.3s + 13.1s]: train==[2.54287 = 0.29829 + 2.24458], recall= [ 0.02548  0.10332  0.16360  0.20544] , precision= [ 0.02733  0.02254  0.01768  0.01486] , auc=[0.82832], sum_recall=[0.49784]
Epoch 18 [33.4s + 12.7s]: train==[2.52217 = 0.27822 + 2.24395], recall= [ 0.02334  0.09934  0.16581  0.20681] , precision= [ 0.02562  0.02186  0.01802  0.01503] , auc=[0.82869], sum_recall=[0.49530]
Epoch 19 [33.4s + 12.5s]: train==[2.51708 = 0.27376 + 2.24331], recall= [ 0.02434  0.10147  0.16581  0.20852] , precision= [ 0.02733  0.02220  0.01802  0.01514] , auc=[0.82997], sum_recall=[0.50014]
Epoch 20 [33.1s + 12.7s]: train==[2.50295 = 0.26036 + 2.24260], recall= [ 0.02405  0.09962  0.16794  0.20973] , precision= [ 0.02733  0.02186  0.01827  0.01537] , auc=[0.83055], sum_recall=[0.50135]
Epoch 21 [33.2s + 13.2s]: train==[2.49777 = 0.25623 + 2.24153], recall= [ 0.02505  0.10133  0.17093  0.20957] , precision= [ 0.02818  0.02220  0.01862  0.01554] , auc=[0.83133], sum_recall=[0.50688]
Epoch 22 [33.1s + 13.7s]: train==[2.48861 = 0.24821 + 2.24040], recall= [ 0.02363  0.10133  0.17187  0.20880] , precision= [ 0.02733  0.02220  0.01879  0.01537] , auc=[0.83183], sum_recall=[0.50563]
Epoch 23 [33.4s + 13.3s]: train==[2.48259 = 0.24380 + 2.23880], recall= [ 0.02391  0.10247  0.17208  0.20980] , precision= [ 0.02647  0.02272  0.01887  0.01554] , auc=[0.83169], sum_recall=[0.50826]
Epoch 24 [33.2s + 13.0s]: train==[2.46461 = 0.22749 + 2.23713], recall= [ 0.02477  0.10268  0.17351  0.21023] , precision= [ 0.02733  0.02289  0.01913  0.01554] , auc=[0.83188], sum_recall=[0.51118]
Epoch 25 [33.5s + 12.9s]: train==[2.46104 = 0.22594 + 2.23510], recall= [ 0.02306  0.09685  0.17436  0.20681] , precision= [ 0.02562  0.02169  0.01921  0.01531] , auc=[0.83172], sum_recall=[0.50107]
Epoch 26 [33.6s + 14.7s]: train==[2.45870 = 0.22624 + 2.23247], recall= [ 0.02192  0.10154  0.17265  0.20757] , precision= [ 0.02391  0.02272  0.01904  0.01549] , auc=[0.83156], sum_recall=[0.50369]
Epoch 27 [33.8s + 13.2s]: train==[2.44329 = 0.21372 + 2.22958], recall= [ 0.02277  0.10048  0.17237  0.20885] , precision= [ 0.02477  0.02272  0.01904  0.01560] , auc=[0.83157], sum_recall=[0.50447]
Epoch 28 [33.7s + 13.1s]: train==[2.43413 = 0.20786 + 2.22627], recall= [ 0.02363  0.10133  0.17078  0.20981] , precision= [ 0.02562  0.02289  0.01904  0.01571] , auc=[0.83253], sum_recall=[0.50555]
Epoch 29 [33.3s + 13.1s]: train==[2.42905 = 0.20680 + 2.22225], recall= [ 0.02448  0.09905  0.17035  0.21011] , precision= [ 0.02647  0.02220  0.01896  0.01583] , auc=[0.83286], sum_recall=[0.50400]
Epoch 30 [33.3s + 14.4s]: train==[2.42620 = 0.20788 + 2.21832], recall= [ 0.02448  0.10076  0.17279  0.20828] , precision= [ 0.02647  0.02254  0.01939  0.01571] , auc=[0.83304], sum_recall=[0.50631]
Epoch 31 [33.5s + 14.2s]: train==[2.41079 = 0.19662 + 2.21418], recall= [ 0.02704  0.10640  0.16980  0.21141] , precision= [ 0.02904  0.02391  0.01904  0.01600] , auc=[0.83329], sum_recall=[0.51465]
Epoch 32 [33.4s + 13.2s]: train==[2.41282 = 0.20296 + 2.20987], recall= [ 0.02416  0.10759  0.16776  0.21102] , precision= [ 0.02647  0.02391  0.01887  0.01588] , auc=[0.83351], sum_recall=[0.51053]
Epoch 33 [33.4s + 13.6s]: train==[2.38824 = 0.18301 + 2.20523], recall= [ 0.02672  0.10626  0.16904  0.20988] , precision= [ 0.02904  0.02391  0.01896  0.01583] , auc=[0.83362], sum_recall=[0.51189]
Epoch 34 [33.3s + 13.7s]: train==[2.38137 = 0.18120 + 2.20017], recall= [ 0.02630  0.10604  0.17003  0.21043] , precision= [ 0.02818  0.02408  0.01913  0.01588] , auc=[0.83316], sum_recall=[0.51280]
Epoch 35 [33.4s + 13.7s]: train==[2.38096 = 0.18616 + 2.19480], recall= [ 0.02686  0.10567  0.17046  0.21059] , precision= [ 0.02989  0.02374  0.01921  0.01594] , auc=[0.83325], sum_recall=[0.51359]
Epoch 36 [33.6s + 13.5s]: train==[2.37156 = 0.18243 + 2.18913], recall= [ 0.02686  0.10909  0.17249  0.21340] , precision= [ 0.02989  0.02442  0.01956  0.01628] , auc=[0.83344], sum_recall=[0.52184]
Epoch 37 [33.4s + 12.6s]: train==[2.36895 = 0.18503 + 2.18392], recall= [ 0.02558  0.10909  0.17334  0.21260] , precision= [ 0.02818  0.02442  0.01964  0.01628] , auc=[0.83338], sum_recall=[0.52061]
Epoch 38 [33.5s + 12.9s]: train==[2.35759 = 0.17989 + 2.17770], recall= [ 0.02665  0.10490  0.17412  0.21075] , precision= [ 0.02989  0.02374  0.01990  0.01623] , auc=[0.83311], sum_recall=[0.51643]
Epoch 39 [33.3s + 13.3s]: train==[2.34796 = 0.17584 + 2.17212], recall= [ 0.02750  0.10597  0.17156  0.21075] , precision= [ 0.03074  0.02408  0.01964  0.01623] , auc=[0.83279], sum_recall=[0.51579]
Epoch 40 [33.5s + 12.9s]: train==[2.32872 = 0.16358 + 2.16514], recall= [ 0.02708  0.10718  0.17014  0.21069] , precision= [ 0.02989  0.02459  0.01939  0.01623] , auc=[0.83237], sum_recall=[0.51509]
Epoch 41 [33.6s + 13.3s]: train==[2.33549 = 0.17701 + 2.15849], recall= [ 0.02921  0.10846  0.17220  0.21041] , precision= [ 0.03245  0.02477  0.01973  0.01628] , auc=[0.83193], sum_recall=[0.52028]
Epoch 42 [35.7s + 13.4s]: train==[2.32024 = 0.16677 + 2.15348], recall= [ 0.03007  0.10932  0.17217  0.21126] , precision= [ 0.03330  0.02494  0.01981  0.01634] , auc=[0.83193], sum_recall=[0.52281]
Epoch 43 [33.5s + 13.7s]: train==[2.32474 = 0.17834 + 2.14640], recall= [ 0.02793  0.10889  0.17099  0.21055] , precision= [ 0.03074  0.02494  0.01981  0.01628] , auc=[0.83120], sum_recall=[0.51836]
Epoch 44 [33.6s + 13.0s]: train==[2.30923 = 0.16893 + 2.14030], recall= [ 0.02879  0.10974  0.17008  0.20884] , precision= [ 0.03160  0.02511  0.01956  0.01617] , auc=[0.83074], sum_recall=[0.51745]
Epoch 45 [33.5s + 12.8s]: train==[2.30257 = 0.16899 + 2.13358], recall= [ 0.02857  0.10946  0.17122  0.21183] , precision= [ 0.03245  0.02494  0.01964  0.01634] , auc=[0.83000], sum_recall=[0.52108]
Epoch 46 [36.0s + 14.5s]: train==[2.29410 = 0.16657 + 2.12753], recall= [ 0.02758  0.10505  0.17008  0.21256] , precision= [ 0.03160  0.02374  0.01947  0.01634] , auc=[0.82909], sum_recall=[0.51527]
Epoch 47 [33.8s + 14.0s]: train==[2.28453 = 0.16326 + 2.12127], recall= [ 0.02815  0.10441  0.17020  0.20979] , precision= [ 0.03160  0.02340  0.01964  0.01605] , auc=[0.82783], sum_recall=[0.51254]
Epoch 48 [33.7s + 13.3s]: train==[2.28270 = 0.16708 + 2.11562], recall= [ 0.02843  0.10611  0.16903  0.20872] , precision= [ 0.03245  0.02374  0.01939  0.01594] , auc=[0.82715], sum_recall=[0.51229]
Epoch 49 [33.8s + 13.7s]: train==[2.27468 = 0.16378 + 2.11090], recall= [ 0.02662  0.10462  0.17129  0.20900] , precision= [ 0.02989  0.02357  0.01964  0.01588] , auc=[0.82664], sum_recall=[0.51152]
Epoch 50 [33.6s + 14.1s]: train==[2.27342 = 0.16857 + 2.10485], recall= [ 0.02832  0.10900  0.17065  0.21100] , precision= [ 0.03160  0.02442  0.01947  0.01594] , auc=[0.82563], sum_recall=[0.51897]
Epoch 51 [33.4s + 14.4s]: train==[2.26100 = 0.16172 + 2.09928], recall= [ 0.02747  0.10793  0.16988  0.21231] , precision= [ 0.03074  0.02442  0.01939  0.01611] , auc=[0.82488], sum_recall=[0.51760]
Epoch 52 [33.6s + 15.8s]: train==[2.25688 = 0.16223 + 2.09466], recall= [ 0.03003  0.10653  0.16732  0.21665] , precision= [ 0.03330  0.02425  0.01913  0.01640] , auc=[0.82369], sum_recall=[0.52053]
Epoch 53 [35.4s + 14.4s]: train==[2.24128 = 0.15202 + 2.08927], recall= [ 0.02918  0.10354  0.16860  0.21574] , precision= [ 0.03245  0.02374  0.01930  0.01640] , auc=[0.82168], sum_recall=[0.51706]
Epoch 54 [34.0s + 13.8s]: train==[2.23943 = 0.15530 + 2.08413], recall= [ 0.02854  0.10183  0.16588  0.21208] , precision= [ 0.03160  0.02340  0.01904  0.01611] , auc=[0.82035], sum_recall=[0.50832]
Epoch 55 [33.9s + 14.0s]: train==[2.24243 = 0.16233 + 2.08010], recall= [ 0.02939  0.10516  0.16459  0.21549] , precision= [ 0.03245  0.02391  0.01879  0.01640] , auc=[0.82037], sum_recall=[0.51463]
Epoch 56 [37.8s + 13.6s]: train==[2.22983 = 0.15400 + 2.07583], recall= [ 0.02939  0.10174  0.16920  0.21802] , precision= [ 0.03245  0.02323  0.01921  0.01657] , auc=[0.82152], sum_recall=[0.51835]
Epoch 57 [33.9s + 13.3s]: train==[2.23704 = 0.16459 + 2.07245], recall= [ 0.03010  0.10345  0.17321  0.21663] , precision= [ 0.03245  0.02357  0.01964  0.01651] , auc=[0.82239], sum_recall=[0.52340]
Epoch 58 [37.5s + 13.4s]: train==[2.22570 = 0.15667 + 2.06903], recall= [ 0.03024  0.10452  0.17319  0.21680] , precision= [ 0.03330  0.02391  0.01964  0.01640] , auc=[0.82281], sum_recall=[0.52474]
Epoch 59 [33.7s + 14.4s]: train==[2.22364 = 0.15846 + 2.06517], recall= [ 0.03024  0.10516  0.16875  0.21490] , precision= [ 0.03330  0.02391  0.01930  0.01617] , auc=[0.82191], sum_recall=[0.51905]
Epoch 60 [35.3s + 13.1s]: train==[2.21300 = 0.15106 + 2.06194], recall= [ 0.03103  0.10687  0.16932  0.20920] , precision= [ 0.03416  0.02425  0.01939  0.01588] , auc=[0.82177], sum_recall=[0.51642]
Epoch 61 [33.6s + 12.9s]: train==[2.21228 = 0.15183 + 2.06045], recall= [ 0.03302  0.11008  0.16763  0.21020] , precision= [ 0.03672  0.02511  0.01921  0.01600] , auc=[0.82144], sum_recall=[0.52094]
Epoch 62 [33.7s + 12.8s]: train==[2.21263 = 0.15481 + 2.05781], recall= [ 0.03060  0.10902  0.17030  0.20735] , precision= [ 0.03416  0.02477  0.01939  0.01588] , auc=[0.82134], sum_recall=[0.51727]
Epoch 63 [33.7s + 13.4s]: train==[2.20539 = 0.15039 + 2.05501], recall= [ 0.03316  0.11065  0.17208  0.20572] , precision= [ 0.03587  0.02545  0.01964  0.01583] , auc=[0.82185], sum_recall=[0.52161]
End of trainning! Best recall= [ 0.02672  0.10626  0.16904  0.20988] , precision= [ 0.02904  0.02391  0.01896  0.01583] , auc=[0.83362]
test.sh: line 47: -gpu_id: command not found
Namespace(Ks=[1, 5, 10, 15], T=0.01, alpha=3.0, batch_size=512, beta=0.1, dataset='./OMIM/bigraph/cross1', dropout=0.3, emb_dim=200, f=1, gamma=0.1, gpu_id=-1, hid_dim=200, k=0.5, layer_size='[200,200]', learning_rate=0.005, mi_batch_size=1000, mi_kind='js', neg_num=5, num_epochs=1000, pretrain='./OMIM', reg=0.001, seed=321, show_model_param=False, show_step=1, type=3, weight=None)
2022-02-08 19:20:30
loading data...
231488
48602
[n_users, n_items]=[3209, 12211]
[n_train, n_test]=[2636, 1318]
[n_edges]=[280090]
Using GPU 1,  memory_free: 24265
loading pretrained data...
Loading Model..Number of Model Parameters:  3509402
Epoch 0 [36.3s + 9.6s]: train==[6.82707 = 4.51244 + 2.31463], recall= [ 0.00000  0.00000  0.00000  0.00085] , precision= [ 0.00000  0.00000  0.00000  0.00006] , auc=[0.43392], sum_recall=[0.00085]
Epoch 1 [34.8s + 11.3s]: train==[4.26394 = 1.95564 + 2.30830], recall= [ 0.01694  0.06006  0.09614  0.12134] , precision= [ 0.01793  0.01281  0.01016  0.00854] , auc=[0.76409], sum_recall=[0.29448]
Epoch 2 [34.7s + 11.6s]: train==[3.52783 = 1.22844 + 2.29939], recall= [ 0.01879  0.06867  0.13326  0.16730] , precision= [ 0.01879  0.01452  0.01409  0.01190] , auc=[0.80414], sum_recall=[0.38802]
Epoch 3 [34.1s + 12.3s]: train==[3.18920 = 0.89889 + 2.29031], recall= [ 0.02078  0.07945  0.14068  0.19054] , precision= [ 0.02135  0.01691  0.01503  0.01372] , auc=[0.81490], sum_recall=[0.43145]
Epoch 4 [33.3s + 12.3s]: train==[3.00017 = 0.71734 + 2.28283], recall= [ 0.02377  0.07987  0.14930  0.19064] , precision= [ 0.02477  0.01725  0.01588  0.01361] , auc=[0.81943], sum_recall=[0.44358]
Epoch 5 [33.5s + 12.3s]: train==[2.87415 = 0.59620 + 2.27795], recall= [ 0.02334  0.08301  0.15090  0.19413] , precision= [ 0.02477  0.01776  0.01597  0.01378] , auc=[0.82156], sum_recall=[0.45137]
Epoch 6 [33.5s + 11.8s]: train==[2.79177 = 0.51634 + 2.27543], recall= [ 0.02220  0.08514  0.15659  0.18804] , precision= [ 0.02306  0.01827  0.01648  0.01332] , auc=[0.82430], sum_recall=[0.45198]
Epoch 7 [33.5s + 12.0s]: train==[2.75348 = 0.47898 + 2.27450], recall= [ 0.01964  0.08642  0.14848  0.18392] , precision= [ 0.02050  0.01862  0.01571  0.01309] , auc=[0.82489], sum_recall=[0.43846]
Epoch 8 [33.5s + 12.2s]: train==[2.72135 = 0.44737 + 2.27398], recall= [ 0.02178  0.08898  0.14848  0.18598] , precision= [ 0.02306  0.01913  0.01571  0.01332] , auc=[0.82444], sum_recall=[0.44522]
Epoch 9 [33.4s + 12.8s]: train==[2.67186 = 0.39901 + 2.27284], recall= [ 0.02050  0.08711  0.14335  0.17780] , precision= [ 0.02220  0.01862  0.01520  0.01270] , auc=[0.82460], sum_recall=[0.42875]
Epoch 10 [33.6s + 12.6s]: train==[2.64212 = 0.37151 + 2.27060], recall= [ 0.02306  0.08881  0.14520  0.17950] , precision= [ 0.02477  0.01896  0.01546  0.01281] , auc=[0.82465], sum_recall=[0.43658]
Epoch 11 [34.0s + 12.1s]: train==[2.62390 = 0.35674 + 2.26716], recall= [ 0.02391  0.09052  0.14520  0.17847] , precision= [ 0.02562  0.01930  0.01546  0.01275] , auc=[0.82517], sum_recall=[0.43811]
Epoch 12 [33.6s + 12.3s]: train==[2.60735 = 0.34412 + 2.26322], recall= [ 0.02249  0.08753  0.14463  0.18121] , precision= [ 0.02477  0.01879  0.01554  0.01298] , auc=[0.82605], sum_recall=[0.43585]
Epoch 13 [33.3s + 13.7s]: train==[2.57448 = 0.31548 + 2.25899], recall= [ 0.02249  0.08810  0.14719  0.18206] , precision= [ 0.02477  0.01879  0.01580  0.01304] , auc=[0.82765], sum_recall=[0.43984]
Epoch 14 [33.7s + 13.1s]: train==[2.55824 = 0.30296 + 2.25528], recall= [ 0.02348  0.09108  0.15060  0.18975] , precision= [ 0.02562  0.01981  0.01614  0.01361] , auc=[0.82972], sum_recall=[0.45492]
Epoch 15 [34.1s + 11.6s]: train==[2.53322 = 0.28178 + 2.25145], recall= [ 0.02249  0.09450  0.15616  0.18878] , precision= [ 0.02477  0.02050  0.01674  0.01355] , auc=[0.83144], sum_recall=[0.46192]
Epoch 16 [35.3s + 11.6s]: train==[2.54559 = 0.29806 + 2.24753], recall= [ 0.02092  0.09621  0.15544  0.18882] , precision= [ 0.02306  0.02084  0.01674  0.01355] , auc=[0.83256], sum_recall=[0.46139]
Epoch 17 [37.7s + 12.1s]: train==[2.50445 = 0.26123 + 2.24323], recall= [ 0.02178  0.09922  0.15950  0.19394] , precision= [ 0.02391  0.02169  0.01725  0.01395] , auc=[0.83363], sum_recall=[0.47444]
Epoch 18 [37.9s + 11.2s]: train==[2.48208 = 0.24331 + 2.23877], recall= [ 0.02280  0.09979  0.15801  0.19668] , precision= [ 0.02562  0.02169  0.01708  0.01423] , auc=[0.83389], sum_recall=[0.47728]
Epoch 19 [33.7s + 11.3s]: train==[2.48059 = 0.24685 + 2.23374], recall= [ 0.02394  0.10093  0.15890  0.19256] , precision= [ 0.02733  0.02203  0.01734  0.01401] , auc=[0.83441], sum_recall=[0.47632]
Epoch 20 [33.5s + 12.4s]: train==[2.46453 = 0.23570 + 2.22884], recall= [ 0.02425  0.10179  0.15975  0.19434] , precision= [ 0.02733  0.02220  0.01751  0.01435] , auc=[0.83463], sum_recall=[0.48012]
Epoch 21 [34.6s + 12.9s]: train==[2.45853 = 0.23469 + 2.22384], recall= [ 0.02511  0.10107  0.16025  0.19271] , precision= [ 0.02818  0.02220  0.01776  0.01429] , auc=[0.83483], sum_recall=[0.47914]
Epoch 22 [33.8s + 12.8s]: train==[2.44537 = 0.22661 + 2.21876], recall= [ 0.02494  0.10107  0.16103  0.19638] , precision= [ 0.02733  0.02220  0.01793  0.01457] , auc=[0.83467], sum_recall=[0.48342]
Epoch 23 [34.2s + 11.9s]: train==[2.44020 = 0.22659 + 2.21360], recall= [ 0.02511  0.09766  0.15890  0.19592] , precision= [ 0.02818  0.02152  0.01776  0.01457] , auc=[0.83412], sum_recall=[0.47758]
Epoch 24 [33.7s + 11.9s]: train==[2.41684 = 0.20889 + 2.20794], recall= [ 0.02323  0.09979  0.16197  0.19869] , precision= [ 0.02562  0.02220  0.01819  0.01492] , auc=[0.83393], sum_recall=[0.48368]
Epoch 25 [33.7s + 12.6s]: train==[2.41716 = 0.21540 + 2.20177], recall= [ 0.02323  0.10236  0.16176  0.19698] , precision= [ 0.02562  0.02272  0.01819  0.01480] , auc=[0.83373], sum_recall=[0.48432]
Epoch 26 [33.8s + 14.4s]: train==[2.41085 = 0.21579 + 2.19506], recall= [ 0.02579  0.10150  0.16325  0.19878] , precision= [ 0.02818  0.02254  0.01827  0.01497] , auc=[0.83400], sum_recall=[0.48932]
Epoch 27 [36.6s + 12.3s]: train==[2.39004 = 0.20097 + 2.18907], recall= [ 0.02408  0.10278  0.16389  0.19806] , precision= [ 0.02647  0.02289  0.01845  0.01497] , auc=[0.83473], sum_recall=[0.48882]
Epoch 28 [33.5s + 12.8s]: train==[2.37991 = 0.19681 + 2.18310], recall= [ 0.02664  0.10214  0.16419  0.19778] , precision= [ 0.02904  0.02272  0.01862  0.01503] , auc=[0.83560], sum_recall=[0.49076]
Epoch 29 [33.9s + 13.1s]: train==[2.37231 = 0.19558 + 2.17673], recall= [ 0.02650  0.09908  0.16504  0.19757] , precision= [ 0.02904  0.02220  0.01870  0.01497] , auc=[0.83600], sum_recall=[0.48819]
Epoch 30 [33.5s + 12.5s]: train==[2.36921 = 0.19830 + 2.17090], recall= [ 0.03034  0.10100  0.16633  0.19764] , precision= [ 0.03330  0.02272  0.01879  0.01486] , auc=[0.83548], sum_recall=[0.49531]
Epoch 31 [34.8s + 13.1s]: train==[2.34721 = 0.18284 + 2.16436], recall= [ 0.02835  0.10093  0.16166  0.19849] , precision= [ 0.03074  0.02289  0.01827  0.01492] , auc=[0.83436], sum_recall=[0.48944]
Epoch 32 [33.4s + 11.5s]: train==[2.34868 = 0.18925 + 2.15943], recall= [ 0.02835  0.10008  0.16252  0.19870] , precision= [ 0.03074  0.02272  0.01836  0.01497] , auc=[0.83363], sum_recall=[0.48965]
Epoch 33 [33.3s + 11.9s]: train==[2.32674 = 0.17393 + 2.15281], recall= [ 0.02707  0.10307  0.16230  0.19956] , precision= [ 0.02904  0.02340  0.01836  0.01503] , auc=[0.83359], sum_recall=[0.49200]
Epoch 34 [33.3s + 13.1s]: train==[2.32164 = 0.17502 + 2.14662], recall= [ 0.02647  0.10093  0.16359  0.20116] , precision= [ 0.02818  0.02289  0.01853  0.01509] , auc=[0.83332], sum_recall=[0.49215]
Epoch 35 [33.5s + 11.9s]: train==[2.32286 = 0.18200 + 2.14086], recall= [ 0.02605  0.09922  0.16700  0.19913] , precision= [ 0.02733  0.02254  0.01887  0.01497] , auc=[0.83331], sum_recall=[0.49140]
Epoch 36 [33.4s + 11.5s]: train==[2.31280 = 0.17806 + 2.13474], recall= [ 0.02555  0.09927  0.16956  0.19956] , precision= [ 0.02818  0.02220  0.01921  0.01503] , auc=[0.83212], sum_recall=[0.49394]
Epoch 37 [33.2s + 11.8s]: train==[2.30683 = 0.17705 + 2.12978], recall= [ 0.02640  0.10016  0.16862  0.19999] , precision= [ 0.02904  0.02220  0.01904  0.01509] , auc=[0.83116], sum_recall=[0.49517]
Epoch 38 [33.5s + 11.9s]: train==[2.29862 = 0.17570 + 2.12292], recall= [ 0.02726  0.09859  0.16898  0.20041] , precision= [ 0.02989  0.02186  0.01896  0.01509] , auc=[0.83022], sum_recall=[0.49524]
Epoch 39 [33.5s + 11.7s]: train==[2.29698 = 0.17936 + 2.11762], recall= [ 0.02640  0.10155  0.16670  0.20065] , precision= [ 0.02904  0.02254  0.01879  0.01497] , auc=[0.82805], sum_recall=[0.49530]
Epoch 40 [33.2s + 11.3s]: train==[2.27574 = 0.16419 + 2.11155], recall= [ 0.02783  0.10184  0.15657  0.20065] , precision= [ 0.03160  0.02254  0.01768  0.01497] , auc=[0.82617], sum_recall=[0.48688]
Epoch 41 [33.3s + 11.1s]: train==[2.28577 = 0.17919 + 2.10658], recall= [ 0.02996  0.10056  0.16001  0.19979] , precision= [ 0.03330  0.02220  0.01802  0.01492] , auc=[0.82612], sum_recall=[0.49032]
Epoch 42 [33.4s + 12.3s]: train==[2.27234 = 0.17050 + 2.10184], recall= [ 0.02768  0.10105  0.16450  0.20204] , precision= [ 0.03160  0.02237  0.01845  0.01514] , auc=[0.82865], sum_recall=[0.49527]
Epoch 43 [33.3s + 11.9s]: train==[2.27875 = 0.18140 + 2.09735], recall= [ 0.02754  0.10120  0.16414  0.20182] , precision= [ 0.03074  0.02272  0.01862  0.01514] , auc=[0.82895], sum_recall=[0.49470]
Epoch 44 [33.7s + 12.1s]: train==[2.26801 = 0.17413 + 2.09388], recall= [ 0.02839  0.10290  0.16485  0.20396] , precision= [ 0.03160  0.02306  0.01862  0.01531] , auc=[0.82886], sum_recall=[0.50011]
Epoch 45 [33.4s + 11.4s]: train==[2.26133 = 0.17162 + 2.08971], recall= [ 0.02768  0.09974  0.15923  0.20182] , precision= [ 0.03160  0.02220  0.01785  0.01497] , auc=[0.82742], sum_recall=[0.48847]
Epoch 46 [33.5s + 11.7s]: train==[2.25630 = 0.17133 + 2.08496], recall= [ 0.02683  0.10016  0.15809  0.20054] , precision= [ 0.03074  0.02220  0.01768  0.01492] , auc=[0.82541], sum_recall=[0.48562]
Epoch 47 [33.5s + 12.4s]: train==[2.24490 = 0.16387 + 2.08103], recall= [ 0.02797  0.10144  0.15667  0.19848] , precision= [ 0.03160  0.02237  0.01742  0.01469] , auc=[0.82279], sum_recall=[0.48456]
Epoch 48 [33.4s + 12.0s]: train==[2.24738 = 0.16992 + 2.07746], recall= [ 0.02370  0.10337  0.15816  0.19962] , precision= [ 0.02733  0.02272  0.01751  0.01486] , auc=[0.82272], sum_recall=[0.48484]
Epoch 49 [33.5s + 11.7s]: train==[2.24478 = 0.17070 + 2.07409], recall= [ 0.02341  0.09867  0.15828  0.19919] , precision= [ 0.02647  0.02169  0.01751  0.01480] , auc=[0.82279], sum_recall=[0.47955]
Epoch 50 [33.4s + 11.5s]: train==[2.24335 = 0.17331 + 2.07004], recall= [ 0.02711  0.09429  0.15571  0.20250] , precision= [ 0.03074  0.02067  0.01725  0.01503] , auc=[0.82151], sum_recall=[0.47962]
Epoch 51 [33.5s + 12.1s]: train==[2.23065 = 0.16358 + 2.06708], recall= [ 0.02427  0.09266  0.15675  0.19749] , precision= [ 0.02733  0.02067  0.01751  0.01463] , auc=[0.82063], sum_recall=[0.47116]
Epoch 52 [33.6s + 12.6s]: train==[2.22410 = 0.16054 + 2.06356], recall= [ 0.02640  0.09607  0.15723  0.19493] , precision= [ 0.02989  0.02135  0.01742  0.01440] , auc=[0.81842], sum_recall=[0.47463]
Epoch 53 [33.7s + 12.2s]: train==[2.21497 = 0.15340 + 2.06157], recall= [ 0.02484  0.09351  0.15924  0.19379] , precision= [ 0.02818  0.02084  0.01776  0.01440] , auc=[0.81842], sum_recall=[0.47137]
Epoch 54 [33.3s + 11.6s]: train==[2.21426 = 0.15649 + 2.05777], recall= [ 0.02370  0.10120  0.16340  0.19685] , precision= [ 0.02647  0.02254  0.01819  0.01469] , auc=[0.82006], sum_recall=[0.48514]
Epoch 55 [33.3s + 11.7s]: train==[2.22044 = 0.16498 + 2.05546], recall= [ 0.02398  0.10276  0.16129  0.19208] , precision= [ 0.02733  0.02289  0.01793  0.01446] , auc=[0.82090], sum_recall=[0.48011]
Epoch 56 [37.5s + 12.4s]: train==[2.20515 = 0.15267 + 2.05249], recall= [ 0.02882  0.10034  0.15840  0.19144] , precision= [ 0.03074  0.02254  0.01751  0.01435] , auc=[0.81871], sum_recall=[0.47901]
Epoch 57 [37.8s + 11.4s]: train==[2.20880 = 0.15869 + 2.05010], recall= [ 0.02889  0.10362  0.15860  0.19520] , precision= [ 0.03160  0.02306  0.01759  0.01463] , auc=[0.81938], sum_recall=[0.48631]
Epoch 58 [37.7s + 11.7s]: train==[2.20698 = 0.15899 + 2.04798], recall= [ 0.02889  0.10618  0.16066  0.19221] , precision= [ 0.03160  0.02357  0.01802  0.01440] , auc=[0.81860], sum_recall=[0.48794]
Epoch 59 [38.2s + 12.1s]: train==[2.20659 = 0.16122 + 2.04537], recall= [ 0.03060  0.10362  0.15764  0.18912] , precision= [ 0.03330  0.02306  0.01759  0.01412] , auc=[0.81621], sum_recall=[0.48098]
End of trainning! Best recall= [ 0.02650  0.09908  0.16504  0.19757] , precision= [ 0.02904  0.02220  0.01870  0.01497] , auc=[0.83600]
test.sh: line 69: -gpu_id: command not found
Namespace(Ks=[1, 5, 10, 15], T=0.01, alpha=3.0, batch_size=512, beta=0.1, dataset='./OMIM/bigraph/cross1', dropout=0.3, emb_dim=200, f=1, gamma=0.1, gpu_id=-1, hid_dim=200, k=0.5, layer_size='[200,200]', learning_rate=0.005, mi_batch_size=1000, mi_kind='js', neg_num=5, num_epochs=1000, pretrain=None, reg=0.001, seed=4321, show_model_param=False, show_step=1, type=3, weight=None)
2022-02-08 20:06:52
loading data...
231488
48602
[n_users, n_items]=[3209, 12211]
[n_train, n_test]=[2636, 1318]
[n_edges]=[280090]
Using GPU 1,  memory_free: 24265
tensor([ 0.0125, -0.0400, -0.0380, -0.0153, -0.0213], device='cuda:1')
Loading Model..Number of Model Parameters:  3485402
Epoch 0 [32.4s + 9.8s]: train==[6.83680 = 4.52380 + 2.31299], recall= [ 0.00000  0.00000  0.00000  0.00085] , precision= [ 0.00000  0.00000  0.00000  0.00006] , auc=[0.42816], sum_recall=[0.00085]
Epoch 1 [33.1s + 11.3s]: train==[4.28054 = 1.96922 + 2.31133], recall= [ 0.01566  0.06248  0.10191  0.12447] , precision= [ 0.01623  0.01349  0.01119  0.00905] , auc=[0.64643], sum_recall=[0.30451]
Epoch 2 [33.3s + 12.5s]: train==[3.53302 = 1.23307 + 2.29996], recall= [ 0.02052  0.09518  0.13994  0.17164] , precision= [ 0.02306  0.02101  0.01554  0.01258] , auc=[0.75533], sum_recall=[0.42728]
Epoch 3 [32.9s + 12.5s]: train==[3.20560 = 0.91925 + 2.28636], recall= [ 0.02199  0.09223  0.15418  0.18535] , precision= [ 0.02391  0.02015  0.01691  0.01349] , auc=[0.78445], sum_recall=[0.45374]
Epoch 4 [33.1s + 12.6s]: train==[3.09790 = 0.82403 + 2.27388], recall= [ 0.02797  0.09564  0.15500  0.19097] , precision= [ 0.02989  0.02101  0.01682  0.01389] , auc=[0.79681], sum_recall=[0.46958]
Epoch 5 [32.8s + 12.1s]: train==[2.97272 = 0.70863 + 2.26410], recall= [ 0.02896  0.09451  0.15870  0.18770] , precision= [ 0.03160  0.02084  0.01716  0.01372] , auc=[0.80320], sum_recall=[0.46986]
Epoch 6 [33.0s + 12.5s]: train==[2.89461 = 0.63728 + 2.25733], recall= [ 0.02790  0.09621  0.16496  0.19385] , precision= [ 0.02989  0.02118  0.01785  0.01406] , auc=[0.80822], sum_recall=[0.48292]
Epoch 7 [32.7s + 13.6s]: train==[2.83925 = 0.58609 + 2.25315], recall= [ 0.02790  0.09878  0.16282  0.19342] , precision= [ 0.02989  0.02186  0.01768  0.01406] , auc=[0.81221], sum_recall=[0.48292]
Epoch 8 [37.4s + 12.8s]: train==[2.78236 = 0.53132 + 2.25104], recall= [ 0.03032  0.09878  0.16606  0.20036] , precision= [ 0.03330  0.02186  0.01819  0.01463] , auc=[0.81571], sum_recall=[0.49552]
Epoch 9 [33.2s + 12.3s]: train==[2.76035 = 0.51017 + 2.25018], recall= [ 0.02946  0.10262  0.16905  0.20374] , precision= [ 0.03245  0.02272  0.01845  0.01486] , auc=[0.81827], sum_recall=[0.50487]
Epoch 10 [36.0s + 13.7s]: train==[2.70752 = 0.45732 + 2.25020], recall= [ 0.02847  0.10134  0.16894  0.20161] , precision= [ 0.03074  0.02254  0.01836  0.01469] , auc=[0.82030], sum_recall=[0.50036]
Epoch 11 [37.3s + 12.7s]: train==[2.66968 = 0.41941 + 2.25027], recall= [ 0.02847  0.10248  0.17065  0.20061] , precision= [ 0.03074  0.02254  0.01853  0.01457] , auc=[0.82248], sum_recall=[0.50221]
Epoch 12 [37.0s + 12.3s]: train==[2.64942 = 0.39895 + 2.25046], recall= [ 0.02647  0.10497  0.17062  0.20445] , precision= [ 0.02818  0.02306  0.01853  0.01492] , auc=[0.82408], sum_recall=[0.50651]
Epoch 13 [37.3s + 12.8s]: train==[2.63387 = 0.38360 + 2.25026], recall= [ 0.02847  0.10497  0.17474  0.20627] , precision= [ 0.03074  0.02306  0.01913  0.01503] , auc=[0.82523], sum_recall=[0.51445]
Epoch 14 [33.0s + 12.5s]: train==[2.59694 = 0.34703 + 2.24992], recall= [ 0.02989  0.10166  0.17261  0.20798] , precision= [ 0.03160  0.02254  0.01896  0.01514] , auc=[0.82593], sum_recall=[0.51213]
Epoch 15 [33.0s + 12.7s]: train==[2.58723 = 0.33803 + 2.24920], recall= [ 0.02989  0.10700  0.17581  0.21139] , precision= [ 0.03160  0.02374  0.01930  0.01537] , auc=[0.82609], sum_recall=[0.52409]
Epoch 16 [33.0s + 12.3s]: train==[2.56599 = 0.31795 + 2.24803], recall= [ 0.02960  0.10785  0.17567  0.21225] , precision= [ 0.03160  0.02391  0.01921  0.01543] , auc=[0.82627], sum_recall=[0.52537]
Epoch 17 [32.6s + 14.6s]: train==[2.54392 = 0.29689 + 2.24703], recall= [ 0.02775  0.10614  0.17780  0.21310] , precision= [ 0.02904  0.02357  0.01947  0.01554] , auc=[0.82629], sum_recall=[0.52480]
Epoch 18 [32.9s + 13.2s]: train==[2.53675 = 0.29051 + 2.24624], recall= [ 0.02861  0.10785  0.17410  0.21327] , precision= [ 0.02989  0.02391  0.01913  0.01560] , auc=[0.82752], sum_recall=[0.52383]
Epoch 19 [33.1s + 12.6s]: train==[2.52432 = 0.27903 + 2.24530], recall= [ 0.02775  0.10956  0.17314  0.21285] , precision= [ 0.02904  0.02425  0.01904  0.01554] , auc=[0.82782], sum_recall=[0.52329]
Epoch 20 [33.1s + 15.1s]: train==[2.52350 = 0.27899 + 2.24450], recall= [ 0.02718  0.10742  0.17612  0.21285] , precision= [ 0.02904  0.02408  0.01939  0.01554] , auc=[0.82873], sum_recall=[0.52358]
Epoch 21 [33.0s + 13.3s]: train==[2.49859 = 0.25517 + 2.24342], recall= [ 0.02804  0.10785  0.17442  0.21370] , precision= [ 0.02989  0.02425  0.01921  0.01560] , auc=[0.82982], sum_recall=[0.52400]
Epoch 22 [36.0s + 15.6s]: train==[2.49804 = 0.25568 + 2.24237], recall= [ 0.02804  0.10728  0.17627  0.21413] , precision= [ 0.02989  0.02391  0.01947  0.01566] , auc=[0.83070], sum_recall=[0.52571]
Epoch 23 [37.3s + 13.1s]: train==[2.48305 = 0.24206 + 2.24099], recall= [ 0.02804  0.10600  0.17655  0.21254] , precision= [ 0.02989  0.02374  0.01947  0.01560] , auc=[0.83130], sum_recall=[0.52313]
Epoch 24 [32.7s + 12.9s]: train==[2.48206 = 0.24281 + 2.23926], recall= [ 0.03188  0.10742  0.17399  0.21354] , precision= [ 0.03416  0.02425  0.01921  0.01571] , auc=[0.83171], sum_recall=[0.52683]
Epoch 25 [32.7s + 13.0s]: train==[2.45340 = 0.21612 + 2.23727], recall= [ 0.03231  0.10700  0.17724  0.21635] , precision= [ 0.03416  0.02408  0.01964  0.01600] , auc=[0.83192], sum_recall=[0.53289]
Epoch 26 [32.9s + 13.3s]: train==[2.46151 = 0.22670 + 2.23481], recall= [ 0.03117  0.10472  0.17440  0.21749] , precision= [ 0.03245  0.02340  0.01930  0.01617] , auc=[0.83152], sum_recall=[0.52777]
Epoch 27 [33.0s + 13.1s]: train==[2.44597 = 0.21396 + 2.23200], recall= [ 0.03274  0.10429  0.17383  0.21680] , precision= [ 0.03501  0.02340  0.01939  0.01617] , auc=[0.83162], sum_recall=[0.52766]
Epoch 28 [33.1s + 13.2s]: train==[2.44540 = 0.21662 + 2.22878], recall= [ 0.03217  0.10429  0.17425  0.21851] , precision= [ 0.03416  0.02340  0.01947  0.01628] , auc=[0.83164], sum_recall=[0.52922]
Epoch 29 [33.5s + 13.3s]: train==[2.43043 = 0.20564 + 2.22479], recall= [ 0.03245  0.10813  0.17511  0.21702] , precision= [ 0.03501  0.02408  0.01956  0.01623] , auc=[0.83188], sum_recall=[0.53271]
Epoch 30 [35.3s + 14.7s]: train==[2.41901 = 0.19814 + 2.22087], recall= [ 0.03160  0.10626  0.17169  0.22008] , precision= [ 0.03416  0.02391  0.01921  0.01634] , auc=[0.83170], sum_recall=[0.52963]
Epoch 31 [33.7s + 14.5s]: train==[2.41172 = 0.19520 + 2.21652], recall= [ 0.03160  0.10358  0.17183  0.22008] , precision= [ 0.03416  0.02323  0.01930  0.01634] , auc=[0.83119], sum_recall=[0.52709]
Epoch 32 [35.6s + 14.9s]: train==[2.41210 = 0.19998 + 2.21212], recall= [ 0.03245  0.10443  0.17340  0.21922] , precision= [ 0.03501  0.02340  0.01956  0.01628] , auc=[0.83128], sum_recall=[0.52951]
Epoch 33 [34.3s + 14.1s]: train==[2.39180 = 0.18477 + 2.20703], recall= [ 0.03160  0.10700  0.17212  0.21816] , precision= [ 0.03416  0.02391  0.01939  0.01623] , auc=[0.83174], sum_recall=[0.52887]
Epoch 34 [34.3s + 14.2s]: train==[2.39002 = 0.18820 + 2.20182], recall= [ 0.03131  0.10586  0.17436  0.21901] , precision= [ 0.03330  0.02357  0.01973  0.01628] , auc=[0.83195], sum_recall=[0.53054]
Epoch 35 [33.1s + 14.1s]: train==[2.39218 = 0.19593 + 2.19625], recall= [ 0.03501  0.10714  0.17706  0.21887] , precision= [ 0.03757  0.02391  0.01998  0.01634] , auc=[0.83211], sum_recall=[0.53808]
Epoch 36 [33.5s + 13.6s]: train==[2.37770 = 0.18745 + 2.19025], recall= [ 0.03330  0.10628  0.17792  0.21912] , precision= [ 0.03587  0.02374  0.02007  0.01634] , auc=[0.83194], sum_recall=[0.53662]
Epoch 37 [33.4s + 13.2s]: train==[2.36879 = 0.18466 + 2.18413], recall= [ 0.03587  0.10799  0.17781  0.21837] , precision= [ 0.03843  0.02408  0.01998  0.01623] , auc=[0.83192], sum_recall=[0.54004]
Epoch 38 [33.1s + 13.4s]: train==[2.36147 = 0.18338 + 2.17809], recall= [ 0.03587  0.10628  0.17625  0.21751] , precision= [ 0.03843  0.02391  0.01973  0.01617] , auc=[0.83216], sum_recall=[0.53591]
Epoch 39 [33.3s + 13.6s]: train==[2.35538 = 0.18437 + 2.17101], recall= [ 0.03330  0.10714  0.17781  0.21616] , precision= [ 0.03587  0.02391  0.01998  0.01617] , auc=[0.83191], sum_recall=[0.53442]
Epoch 40 [33.6s + 14.0s]: train==[2.34261 = 0.17812 + 2.16449], recall= [ 0.03416  0.10415  0.17411  0.21508] , precision= [ 0.03672  0.02340  0.01956  0.01611] , auc=[0.83090], sum_recall=[0.52750]
Epoch 41 [34.2s + 13.6s]: train==[2.33279 = 0.17475 + 2.15804], recall= [ 0.03245  0.10586  0.17463  0.21673] , precision= [ 0.03501  0.02374  0.01956  0.01634] , auc=[0.83030], sum_recall=[0.52967]
Epoch 42 [33.8s + 13.8s]: train==[2.32457 = 0.17361 + 2.15096], recall= [ 0.03074  0.10543  0.17420  0.21645] , precision= [ 0.03330  0.02357  0.01956  0.01628] , auc=[0.83016], sum_recall=[0.52682]
Epoch 43 [34.6s + 12.2s]: train==[2.31537 = 0.17154 + 2.14382], recall= [ 0.03074  0.10543  0.17506  0.21901] , precision= [ 0.03330  0.02357  0.01964  0.01645] , auc=[0.82959], sum_recall=[0.53024]
Epoch 44 [33.7s + 13.9s]: train==[2.30578 = 0.16855 + 2.13723], recall= [ 0.03032  0.10614  0.17278  0.21744] , precision= [ 0.03330  0.02357  0.01939  0.01634] , auc=[0.82896], sum_recall=[0.52668]
Epoch 45 [33.4s + 12.6s]: train==[2.30192 = 0.17129 + 2.13063], recall= [ 0.02946  0.10586  0.17363  0.22013] , precision= [ 0.03245  0.02374  0.01947  0.01657] , auc=[0.82820], sum_recall=[0.52908]
Epoch 46 [33.9s + 13.7s]: train==[2.29438 = 0.17063 + 2.12375], recall= [ 0.03032  0.10885  0.17193  0.21742] , precision= [ 0.03330  0.02442  0.01930  0.01634] , auc=[0.82683], sum_recall=[0.52851]
Epoch 47 [33.4s + 13.6s]: train==[2.27799 = 0.16103 + 2.11696], recall= [ 0.02861  0.10756  0.17432  0.21216] , precision= [ 0.03160  0.02408  0.01964  0.01594] , auc=[0.82652], sum_recall=[0.52265]
Epoch 48 [33.5s + 12.8s]: train==[2.27280 = 0.16142 + 2.11138], recall= [ 0.02733  0.10885  0.17176  0.21338] , precision= [ 0.02989  0.02442  0.01939  0.01611] , auc=[0.82588], sum_recall=[0.52132]
Epoch 49 [34.5s + 13.1s]: train==[2.27630 = 0.17047 + 2.10583], recall= [ 0.02747  0.11141  0.17316  0.21167] , precision= [ 0.03074  0.02494  0.01939  0.01600] , auc=[0.82519], sum_recall=[0.52371]
Epoch 50 [33.9s + 15.2s]: train==[2.25942 = 0.15985 + 2.09957], recall= [ 0.02889  0.11255  0.17515  0.21098] , precision= [ 0.03160  0.02528  0.01964  0.01588] , auc=[0.82407], sum_recall=[0.52757]
Epoch 51 [34.6s + 13.2s]: train==[2.26844 = 0.17261 + 2.09583], recall= [ 0.02932  0.11169  0.17415  0.20700] , precision= [ 0.03245  0.02528  0.01956  0.01554] , auc=[0.82295], sum_recall=[0.52216]
Epoch 52 [33.4s + 15.0s]: train==[2.25963 = 0.16845 + 2.09118], recall= [ 0.02932  0.11041  0.17188  0.20984] , precision= [ 0.03245  0.02494  0.01939  0.01583] , auc=[0.82200], sum_recall=[0.52145]
Epoch 53 [33.3s + 13.7s]: train==[2.25053 = 0.16378 + 2.08675], recall= [ 0.03017  0.11238  0.17630  0.21070] , precision= [ 0.03330  0.02545  0.01998  0.01594] , auc=[0.82110], sum_recall=[0.52956]
Epoch 54 [33.2s + 15.3s]: train==[2.23100 = 0.14887 + 2.08213], recall= [ 0.03017  0.11053  0.17181  0.20970] , precision= [ 0.03330  0.02528  0.01939  0.01594] , auc=[0.82010], sum_recall=[0.52221]
Epoch 55 [33.0s + 12.3s]: train==[2.24320 = 0.16398 + 2.07923], recall= [ 0.03046  0.11096  0.17181  0.21482] , precision= [ 0.03416  0.02528  0.01939  0.01628] , auc=[0.81932], sum_recall=[0.52805]
Epoch 56 [33.5s + 12.0s]: train==[2.22940 = 0.15406 + 2.07534], recall= [ 0.03217  0.10557  0.17351  0.21310] , precision= [ 0.03587  0.02408  0.01956  0.01617] , auc=[0.81940], sum_recall=[0.52435]
Epoch 57 [33.2s + 12.3s]: train==[2.23862 = 0.16715 + 2.07147], recall= [ 0.03387  0.10600  0.17394  0.21537] , precision= [ 0.03757  0.02391  0.01964  0.01628] , auc=[0.81907], sum_recall=[0.52919]
Epoch 58 [33.4s + 12.6s]: train==[2.23168 = 0.16225 + 2.06943], recall= [ 0.03558  0.10401  0.17351  0.21500] , precision= [ 0.03928  0.02374  0.01956  0.01617] , auc=[0.81805], sum_recall=[0.52810]
Epoch 59 [33.6s + 12.5s]: train==[2.22452 = 0.15853 + 2.06599], recall= [ 0.03473  0.10614  0.17339  0.21244] , precision= [ 0.03843  0.02408  0.01947  0.01600] , auc=[0.81726], sum_recall=[0.52670]
Epoch 60 [35.2s + 12.6s]: train==[2.21672 = 0.15351 + 2.06322], recall= [ 0.03814  0.10628  0.17035  0.21236] , precision= [ 0.04184  0.02425  0.01913  0.01594] , auc=[0.81679], sum_recall=[0.52713]
Epoch 61 [33.6s + 12.2s]: train==[2.21471 = 0.15298 + 2.06172], recall= [ 0.03722  0.10799  0.16665  0.21470] , precision= [ 0.04099  0.02459  0.01870  0.01600] , auc=[0.81623], sum_recall=[0.52656]
Epoch 62 [33.4s + 12.3s]: train==[2.21994 = 0.16088 + 2.05907], recall= [ 0.03722  0.10927  0.16323  0.20894] , precision= [ 0.04099  0.02494  0.01836  0.01566] , auc=[0.81531], sum_recall=[0.51866]
Epoch 63 [33.3s + 12.5s]: train==[2.21019 = 0.15379 + 2.05640], recall= [ 0.03636  0.11149  0.16501  0.20723] , precision= [ 0.04014  0.02562  0.01853  0.01549] , auc=[0.81456], sum_recall=[0.52010]
Epoch 64 [33.7s + 13.0s]: train==[2.21298 = 0.15913 + 2.05386], recall= [ 0.03551  0.11107  0.16245  0.20865] , precision= [ 0.03928  0.02545  0.01827  0.01566] , auc=[0.81469], sum_recall=[0.51768]
Epoch 65 [33.5s + 12.8s]: train==[2.19736 = 0.14667 + 2.05070], recall= [ 0.03850  0.10850  0.16458  0.20894] , precision= [ 0.04270  0.02494  0.01853  0.01560] , auc=[0.81566], sum_recall=[0.52052]
Epoch 66 [33.6s + 13.1s]: train==[2.19990 = 0.15119 + 2.04870], recall= [ 0.03804  0.11199  0.16544  0.21065] , precision= [ 0.04184  0.02562  0.01862  0.01577] , auc=[0.81586], sum_recall=[0.52611]
Epoch 67 [33.1s + 13.0s]: train==[2.19312 = 0.14643 + 2.04669], recall= [ 0.03718  0.11327  0.16686  0.20951] , precision= [ 0.04099  0.02579  0.01887  0.01577] , auc=[0.81516], sum_recall=[0.52682]
Epoch 68 [33.9s + 12.6s]: train==[2.19025 = 0.14649 + 2.04375], recall= [ 0.03505  0.11000  0.16686  0.20635] , precision= [ 0.03843  0.02511  0.01887  0.01549] , auc=[0.81402], sum_recall=[0.51825]
End of trainning! Best recall= [ 0.03587  0.10628  0.17625  0.21751] , precision= [ 0.03843  0.02391  0.01973  0.01617] , auc=[0.83216]
test.sh: line 47: -gpu_id: command not found
Namespace(Ks=[1, 5, 10, 15], T=0.01, alpha=3.0, batch_size=512, beta=0.1, dataset='./OMIM/bigraph/cross1', dropout=0.3, emb_dim=200, f=1, gamma=0.1, gpu_id=-1, hid_dim=200, k=0.5, layer_size='[200,200]', learning_rate=0.005, mi_batch_size=1000, mi_kind='js', neg_num=5, num_epochs=1000, pretrain='./OMIM', reg=0.001, seed=4321, show_model_param=False, show_step=1, type=3, weight=None)
2022-02-08 21:01:04
loading data...
231488
48602
[n_users, n_items]=[3209, 12211]
[n_train, n_test]=[2636, 1318]
[n_edges]=[280090]
Using GPU 1,  memory_free: 24265
loading pretrained data...
Loading Model..Number of Model Parameters:  3509402
Epoch 0 [33.5s + 10.8s]: train==[6.76492 = 4.45195 + 2.31297], recall= [ 0.00000  0.00000  0.00000  0.00085] , precision= [ 0.00000  0.00000  0.00000  0.00006] , auc=[0.44856], sum_recall=[0.00085]
Epoch 1 [33.9s + 15.2s]: train==[4.20749 = 1.90195 + 2.30553], recall= [ 0.01281  0.05643  0.09258  0.11920] , precision= [ 0.01281  0.01196  0.01008  0.00865] , auc=[0.76101], sum_recall=[0.28103]
Epoch 2 [34.0s + 12.7s]: train==[3.48449 = 1.18865 + 2.29583], recall= [ 0.02263  0.07707  0.13272  0.16446] , precision= [ 0.02306  0.01674  0.01460  0.01196] , auc=[0.80597], sum_recall=[0.39688]
Epoch 3 [33.8s + 12.4s]: train==[3.13604 = 0.84946 + 2.28658], recall= [ 0.02163  0.08319  0.13980  0.17403] , precision= [ 0.02220  0.01793  0.01503  0.01258] , auc=[0.82211], sum_recall=[0.41866]
Epoch 4 [33.4s + 12.5s]: train==[2.98154 = 0.70183 + 2.27971], recall= [ 0.02306  0.08469  0.14660  0.18086] , precision= [ 0.02306  0.01793  0.01580  0.01304] , auc=[0.82640], sum_recall=[0.43520]
Epoch 5 [33.7s + 15.1s]: train==[2.87215 = 0.59644 + 2.27570], recall= [ 0.02420  0.08426  0.14870  0.18791] , precision= [ 0.02477  0.01793  0.01580  0.01344] , auc=[0.82774], sum_recall=[0.44506]
Epoch 6 [33.7s + 13.3s]: train==[2.78080 = 0.50696 + 2.27384], recall= [ 0.02420  0.08864  0.14557  0.18641] , precision= [ 0.02562  0.01913  0.01554  0.01315] , auc=[0.82887], sum_recall=[0.44481]
Epoch 7 [33.7s + 12.9s]: train==[2.74184 = 0.46869 + 2.27315], recall= [ 0.02548  0.08821  0.14727  0.18581] , precision= [ 0.02733  0.01913  0.01571  0.01332] , auc=[0.83025], sum_recall=[0.44677]
Epoch 8 [33.6s + 12.7s]: train==[2.69439 = 0.42162 + 2.27277], recall= [ 0.02249  0.09006  0.14856  0.19197] , precision= [ 0.02391  0.01964  0.01588  0.01378] , auc=[0.83108], sum_recall=[0.45307]
Epoch 9 [34.1s + 13.8s]: train==[2.67813 = 0.40647 + 2.27166], recall= [ 0.02206  0.09476  0.14813  0.19470] , precision= [ 0.02391  0.02067  0.01588  0.01406] , auc=[0.83040], sum_recall=[0.45964]
Epoch 10 [33.6s + 13.3s]: train==[2.63245 = 0.36320 + 2.26924], recall= [ 0.02291  0.09476  0.14941  0.19548] , precision= [ 0.02477  0.02067  0.01605  0.01423] , auc=[0.83034], sum_recall=[0.46256]
Epoch 11 [34.2s + 13.2s]: train==[2.59693 = 0.33147 + 2.26546], recall= [ 0.02420  0.09604  0.15154  0.19740] , precision= [ 0.02647  0.02118  0.01640  0.01440] , auc=[0.83124], sum_recall=[0.46918]
Epoch 12 [33.8s + 13.0s]: train==[2.58660 = 0.32560 + 2.26099], recall= [ 0.02334  0.09433  0.15197  0.19890] , precision= [ 0.02562  0.02084  0.01648  0.01457] , auc=[0.83220], sum_recall=[0.46854]
Epoch 13 [34.0s + 13.1s]: train==[2.58124 = 0.32502 + 2.25623], recall= [ 0.02163  0.09504  0.15347  0.19858] , precision= [ 0.02391  0.02084  0.01674  0.01457] , auc=[0.83383], sum_recall=[0.46872]
Epoch 14 [33.7s + 13.2s]: train==[2.54666 = 0.29463 + 2.25203], recall= [ 0.02121  0.09846  0.15144  0.20003] , precision= [ 0.02306  0.02152  0.01665  0.01469] , auc=[0.83533], sum_recall=[0.47113]
Epoch 15 [33.9s + 14.0s]: train==[2.53504 = 0.28717 + 2.24786], recall= [ 0.02249  0.09419  0.15315  0.19875] , precision= [ 0.02477  0.02067  0.01682  0.01452] , auc=[0.83655], sum_recall=[0.46857]
Epoch 16 [34.0s + 12.8s]: train==[2.51022 = 0.26644 + 2.24379], recall= [ 0.02206  0.09333  0.15363  0.19725] , precision= [ 0.02391  0.02050  0.01708  0.01446] , auc=[0.83706], sum_recall=[0.46628]
Epoch 17 [33.5s + 12.5s]: train==[2.49547 = 0.25580 + 2.23967], recall= [ 0.02434  0.09461  0.15918  0.19811] , precision= [ 0.02647  0.02084  0.01768  0.01452] , auc=[0.83757], sum_recall=[0.47624]
Epoch 18 [33.3s + 12.2s]: train==[2.48658 = 0.25088 + 2.23570], recall= [ 0.02348  0.09649  0.15640  0.20135] , precision= [ 0.02477  0.02135  0.01742  0.01492] , auc=[0.83794], sum_recall=[0.47773]
Epoch 19 [33.7s + 12.3s]: train==[2.47223 = 0.24073 + 2.23149], recall= [ 0.02284  0.09877  0.15939  0.20049] , precision= [ 0.02477  0.02186  0.01776  0.01486] , auc=[0.83795], sum_recall=[0.48150]
Epoch 20 [34.0s + 12.7s]: train==[2.46937 = 0.24172 + 2.22765], recall= [ 0.02434  0.10005  0.15868  0.19935] , precision= [ 0.02562  0.02220  0.01776  0.01486] , auc=[0.83770], sum_recall=[0.48242]
Epoch 21 [33.8s + 13.0s]: train==[2.44820 = 0.22430 + 2.22390], recall= [ 0.02541  0.10503  0.15769  0.20369] , precision= [ 0.02733  0.02306  0.01768  0.01531] , auc=[0.83672], sum_recall=[0.49182]
Epoch 22 [33.7s + 12.6s]: train==[2.44734 = 0.22686 + 2.22048], recall= [ 0.02498  0.10503  0.15818  0.20156] , precision= [ 0.02733  0.02306  0.01793  0.01514] , auc=[0.83629], sum_recall=[0.48975]
Epoch 23 [34.2s + 13.1s]: train==[2.43800 = 0.22105 + 2.21695], recall= [ 0.02412  0.10603  0.16064  0.20184] , precision= [ 0.02647  0.02340  0.01810  0.01520] , auc=[0.83605], sum_recall=[0.49263]
Epoch 24 [33.7s + 12.9s]: train==[2.42873 = 0.21578 + 2.21295], recall= [ 0.02498  0.10959  0.16085  0.20206] , precision= [ 0.02733  0.02425  0.01819  0.01526] , auc=[0.83566], sum_recall=[0.49747]
Epoch 25 [33.4s + 13.1s]: train==[2.41272 = 0.20422 + 2.20850], recall= [ 0.02583  0.10973  0.16192  0.20263] , precision= [ 0.02818  0.02442  0.01827  0.01526] , auc=[0.83575], sum_recall=[0.50011]
Epoch 26 [33.7s + 13.0s]: train==[2.40868 = 0.20523 + 2.20346], recall= [ 0.02541  0.11203  0.16107  0.20273] , precision= [ 0.02733  0.02494  0.01819  0.01531] , auc=[0.83599], sum_recall=[0.50124]
Epoch 27 [33.7s + 13.9s]: train==[2.38989 = 0.19096 + 2.19892], recall= [ 0.02583  0.11098  0.16395  0.20743] , precision= [ 0.02818  0.02459  0.01862  0.01571] , auc=[0.83587], sum_recall=[0.50819]
Epoch 28 [33.7s + 13.2s]: train==[2.39311 = 0.19928 + 2.19384], recall= [ 0.02498  0.11226  0.16566  0.20515] , precision= [ 0.02733  0.02494  0.01879  0.01549] , auc=[0.83485], sum_recall=[0.50805]
Epoch 29 [33.8s + 13.3s]: train==[2.37215 = 0.18422 + 2.18793], recall= [ 0.02441  0.10507  0.16608  0.20629] , precision= [ 0.02733  0.02357  0.01887  0.01560] , auc=[0.83444], sum_recall=[0.50186]
Epoch 30 [33.8s + 13.0s]: train==[2.36277 = 0.17999 + 2.18278], recall= [ 0.02576  0.10821  0.16822  0.20161] , precision= [ 0.02818  0.02442  0.01904  0.01520] , auc=[0.83350], sum_recall=[0.50379]
Epoch 31 [33.7s + 14.0s]: train==[2.35674 = 0.18081 + 2.17593], recall= [ 0.02768  0.10671  0.16993  0.20198] , precision= [ 0.03074  0.02425  0.01921  0.01531] , auc=[0.83213], sum_recall=[0.50630]
Epoch 32 [33.5s + 12.8s]: train==[2.35393 = 0.18313 + 2.17080], recall= [ 0.02968  0.10756  0.16984  0.20529] , precision= [ 0.03330  0.02442  0.01921  0.01554] , auc=[0.83202], sum_recall=[0.51237]
Epoch 33 [33.6s + 12.8s]: train==[2.33196 = 0.16846 + 2.16350], recall= [ 0.02768  0.10785  0.17126  0.20607] , precision= [ 0.03074  0.02425  0.01930  0.01554] , auc=[0.83154], sum_recall=[0.51287]
Epoch 34 [33.7s + 12.7s]: train==[2.33130 = 0.17416 + 2.15714], recall= [ 0.02939  0.10785  0.17169  0.20550] , precision= [ 0.03245  0.02425  0.01939  0.01543] , auc=[0.83153], sum_recall=[0.51443]
Epoch 35 [33.7s + 12.6s]: train==[2.33523 = 0.18466 + 2.15058], recall= [ 0.03110  0.10802  0.17311  0.20422] , precision= [ 0.03416  0.02442  0.01964  0.01537] , auc=[0.83104], sum_recall=[0.51645]
Epoch 36 [34.5s + 13.1s]: train==[2.31704 = 0.17289 + 2.14415], recall= [ 0.03024  0.10515  0.17096  0.20422] , precision= [ 0.03330  0.02357  0.01939  0.01537] , auc=[0.83019], sum_recall=[0.51057]
Epoch 37 [33.8s + 12.8s]: train==[2.30775 = 0.17052 + 2.13723], recall= [ 0.02982  0.10244  0.17463  0.20490] , precision= [ 0.03330  0.02289  0.01964  0.01537] , auc=[0.83087], sum_recall=[0.51179]
Epoch 38 [33.8s + 12.7s]: train==[2.30052 = 0.16983 + 2.13069], recall= [ 0.02811  0.10401  0.17118  0.20375] , precision= [ 0.03160  0.02306  0.01930  0.01531] , auc=[0.83137], sum_recall=[0.50705]
Epoch 39 [33.6s + 12.3s]: train==[2.31044 = 0.18582 + 2.12462], recall= [ 0.02726  0.10329  0.17193  0.20096] , precision= [ 0.03074  0.02306  0.01930  0.01509] , auc=[0.83068], sum_recall=[0.50344]
Epoch 40 [33.9s + 14.4s]: train==[2.28824 = 0.16939 + 2.11885], recall= [ 0.02726  0.10315  0.17175  0.20174] , precision= [ 0.03074  0.02289  0.01921  0.01509] , auc=[0.82786], sum_recall=[0.50391]
Epoch 41 [34.3s + 12.5s]: train==[2.28245 = 0.16905 + 2.11340], recall= [ 0.02640  0.10102  0.16673  0.20174] , precision= [ 0.02989  0.02254  0.01879  0.01509] , auc=[0.82603], sum_recall=[0.49589]
Epoch 42 [33.9s + 13.0s]: train==[2.27273 = 0.16476 + 2.10797], recall= [ 0.02583  0.10315  0.16929  0.20082] , precision= [ 0.02989  0.02306  0.01904  0.01497] , auc=[0.82604], sum_recall=[0.49910]
Epoch 43 [34.0s + 13.6s]: train==[2.27272 = 0.16933 + 2.10339], recall= [ 0.02583  0.10209  0.16488  0.20133] , precision= [ 0.02989  0.02306  0.01853  0.01503] , auc=[0.82629], sum_recall=[0.49413]
Epoch 44 [34.1s + 13.1s]: train==[2.26978 = 0.17027 + 2.09951], recall= [ 0.02583  0.10273  0.16104  0.20218] , precision= [ 0.02989  0.02306  0.01819  0.01509] , auc=[0.82492], sum_recall=[0.49178]
Epoch 45 [34.0s + 12.9s]: train==[2.26759 = 0.17146 + 2.09613], recall= [ 0.02469  0.10479  0.16257  0.20247] , precision= [ 0.02818  0.02374  0.01827  0.01514] , auc=[0.82306], sum_recall=[0.49453]
Epoch 46 [33.9s + 13.3s]: train==[2.25876 = 0.16644 + 2.09232], recall= [ 0.02512  0.10016  0.16265  0.19727] , precision= [ 0.02818  0.02272  0.01827  0.01475] , auc=[0.81980], sum_recall=[0.48520]
Epoch 47 [34.3s + 12.7s]: train==[2.24569 = 0.15733 + 2.08836], recall= [ 0.02669  0.10486  0.15966  0.20411] , precision= [ 0.03074  0.02374  0.01793  0.01520] , auc=[0.82029], sum_recall=[0.49531]
Epoch 48 [33.6s + 12.4s]: train==[2.24534 = 0.16012 + 2.08522], recall= [ 0.02555  0.10557  0.15944  0.20726] , precision= [ 0.02904  0.02391  0.01793  0.01549] , auc=[0.82215], sum_recall=[0.49782]
Epoch 49 [33.5s + 13.4s]: train==[2.25483 = 0.17379 + 2.08105], recall= [ 0.02569  0.10714  0.16272  0.20651] , precision= [ 0.02989  0.02408  0.01819  0.01543] , auc=[0.82225], sum_recall=[0.50206]
End of trainning! Best recall= [ 0.02284  0.09877  0.15939  0.20049] , precision= [ 0.02477  0.02186  0.01776  0.01486] , auc=[0.83795]
test.sh: line 69: -gpu_id: command not found
Namespace(Ks=[1, 5, 10, 15], T=0.01, alpha=3.0, batch_size=512, beta=0.1, dataset='./OMIM/bigraph/cross1', dropout=0.3, emb_dim=200, f=1, gamma=0.1, gpu_id=-1, hid_dim=200, k=0.5, layer_size='[200,200]', learning_rate=0.005, mi_batch_size=1000, mi_kind='js', neg_num=5, num_epochs=1000, pretrain=None, reg=0.001, seed=54321, show_model_param=False, show_step=1, type=3, weight=None)
2022-02-08 21:40:12
loading data...
231488
48602
[n_users, n_items]=[3209, 12211]
[n_train, n_test]=[2636, 1318]
[n_edges]=[280090]
Using GPU 1,  memory_free: 24265
tensor([-0.0076,  0.0402, -0.0057, -0.0290,  0.0248], device='cuda:1')
Loading Model..Number of Model Parameters:  3485402
Epoch 0 [33.1s + 8.8s]: train==[6.76600 = 4.45250 + 2.31350], recall= [ 0.00000  0.00000  0.00000  0.00000] , precision= [ 0.00000  0.00000  0.00000  0.00000] , auc=[0.43308], sum_recall=[0.00000]
Epoch 1 [34.3s + 9.3s]: train==[4.35252 = 2.04134 + 2.31119], recall= [ 0.02434  0.06319  0.09465  0.11948] , precision= [ 0.02477  0.01298  0.00982  0.00837] , auc=[0.64957], sum_recall=[0.30167]
Epoch 2 [34.7s + 10.5s]: train==[3.54554 = 1.24499 + 2.30055], recall= [ 0.02562  0.08511  0.13393  0.16282] , precision= [ 0.02562  0.01827  0.01426  0.01161] , auc=[0.76803], sum_recall=[0.40749]
Epoch 3 [33.5s + 10.4s]: train==[3.23741 = 0.94937 + 2.28804], recall= [ 0.03074  0.09266  0.14731  0.18129] , precision= [ 0.03160  0.01998  0.01580  0.01304] , auc=[0.79606], sum_recall=[0.45200]
Epoch 4 [32.8s + 10.7s]: train==[3.07077 = 0.79470 + 2.27607], recall= [ 0.02904  0.09593  0.15478  0.19022] , precision= [ 0.02989  0.02101  0.01674  0.01361] , auc=[0.80573], sum_recall=[0.46997]
Epoch 5 [33.2s + 11.3s]: train==[2.97958 = 0.71357 + 2.26601], recall= [ 0.02747  0.09351  0.16460  0.19253] , precision= [ 0.02904  0.02032  0.01776  0.01383] , auc=[0.80947], sum_recall=[0.47811]
Epoch 6 [33.3s + 10.9s]: train==[2.90095 = 0.64246 + 2.25850], recall= [ 0.02861  0.09280  0.16695  0.19509] , precision= [ 0.03074  0.02015  0.01785  0.01401] , auc=[0.81263], sum_recall=[0.48345]
Epoch 7 [33.2s + 11.4s]: train==[2.84085 = 0.58742 + 2.25343], recall= [ 0.02818  0.09707  0.16482  0.20098] , precision= [ 0.03074  0.02084  0.01759  0.01440] , auc=[0.81520], sum_recall=[0.49104]
Epoch 8 [34.2s + 11.9s]: train==[2.78528 = 0.53490 + 2.25037], recall= [ 0.02647  0.10134  0.16225  0.20293] , precision= [ 0.02904  0.02169  0.01742  0.01463] , auc=[0.81783], sum_recall=[0.49300]
Epoch 9 [34.5s + 11.8s]: train==[2.74396 = 0.49521 + 2.24875], recall= [ 0.02619  0.10518  0.16482  0.20206] , precision= [ 0.02818  0.02254  0.01768  0.01457] , auc=[0.82037], sum_recall=[0.49824]
Epoch 10 [34.1s + 11.7s]: train==[2.72692 = 0.47892 + 2.24801], recall= [ 0.02533  0.10774  0.16206  0.20068] , precision= [ 0.02733  0.02306  0.01742  0.01446] , auc=[0.82272], sum_recall=[0.49582]
Epoch 11 [34.3s + 13.2s]: train==[2.68021 = 0.43262 + 2.24759], recall= [ 0.02363  0.10749  0.16308  0.20100] , precision= [ 0.02562  0.02323  0.01759  0.01457] , auc=[0.82442], sum_recall=[0.49520]
Epoch 12 [35.1s + 11.1s]: train==[2.65489 = 0.40754 + 2.24735], recall= [ 0.02320  0.10663  0.16684  0.20228] , precision= [ 0.02477  0.02306  0.01793  0.01469] , auc=[0.82552], sum_recall=[0.49895]
Epoch 13 [33.1s + 10.8s]: train==[2.62388 = 0.37711 + 2.24677], recall= [ 0.02021  0.10492  0.16919  0.20154] , precision= [ 0.02220  0.02272  0.01827  0.01463] , auc=[0.82650], sum_recall=[0.49587]
Epoch 14 [33.4s + 11.1s]: train==[2.59639 = 0.35004 + 2.24635], recall= [ 0.01936  0.10407  0.17111  0.20135] , precision= [ 0.02135  0.02254  0.01853  0.01469] , auc=[0.82706], sum_recall=[0.49589]
Epoch 15 [33.1s + 10.5s]: train==[2.58005 = 0.33456 + 2.24549], recall= [ 0.02277  0.10065  0.17100  0.20359] , precision= [ 0.02477  0.02186  0.01853  0.01486] , auc=[0.82777], sum_recall=[0.49802]
Epoch 16 [32.9s + 10.2s]: train==[2.57912 = 0.33445 + 2.24467], recall= [ 0.02106  0.09653  0.17150  0.20402] , precision= [ 0.02306  0.02101  0.01870  0.01486] , auc=[0.82792], sum_recall=[0.49311]
Epoch 17 [32.8s + 10.8s]: train==[2.54374 = 0.29996 + 2.24378], recall= [ 0.02021  0.09788  0.17207  0.20701] , precision= [ 0.02220  0.02152  0.01870  0.01509] , auc=[0.82815], sum_recall=[0.49717]
Epoch 18 [32.4s + 10.2s]: train==[2.53495 = 0.29171 + 2.24324], recall= [ 0.02149  0.09873  0.16865  0.20893] , precision= [ 0.02306  0.02169  0.01836  0.01526] , auc=[0.82888], sum_recall=[0.49781]
Epoch 19 [32.7s + 9.8s]: train==[2.52193 = 0.27923 + 2.24271], recall= [ 0.02384  0.10130  0.17150  0.21292] , precision= [ 0.02647  0.02220  0.01870  0.01560] , auc=[0.82962], sum_recall=[0.50955]
Epoch 20 [36.9s + 11.9s]: train==[2.51379 = 0.27179 + 2.24200], recall= [ 0.02469  0.10130  0.17228  0.21420] , precision= [ 0.02733  0.02220  0.01887  0.01577] , auc=[0.82995], sum_recall=[0.51247]
Epoch 21 [36.7s + 10.5s]: train==[2.50298 = 0.26200 + 2.24098], recall= [ 0.02854  0.10151  0.17335  0.21591] , precision= [ 0.03160  0.02237  0.01904  0.01588] , auc=[0.83063], sum_recall=[0.51930]
Epoch 22 [33.8s + 10.4s]: train==[2.48971 = 0.24982 + 2.23989], recall= [ 0.02939  0.10065  0.17335  0.21505] , precision= [ 0.03245  0.02220  0.01904  0.01583] , auc=[0.83143], sum_recall=[0.51845]
Epoch 23 [32.5s + 10.5s]: train==[2.48593 = 0.24742 + 2.23851], recall= [ 0.02896  0.10023  0.17520  0.21776] , precision= [ 0.03160  0.02220  0.01939  0.01611] , auc=[0.83204], sum_recall=[0.52215]
Epoch 24 [32.6s + 10.6s]: train==[2.46695 = 0.23031 + 2.23665], recall= [ 0.02939  0.10194  0.17435  0.21690] , precision= [ 0.03245  0.02254  0.01930  0.01605] , auc=[0.83267], sum_recall=[0.52257]
Epoch 25 [33.6s + 10.3s]: train==[2.45925 = 0.22497 + 2.23428], recall= [ 0.02726  0.10108  0.17605  0.22037] , precision= [ 0.02989  0.02237  0.01947  0.01634] , auc=[0.83304], sum_recall=[0.52476]
Epoch 26 [33.5s + 12.1s]: train==[2.46736 = 0.23590 + 2.23147], recall= [ 0.02726  0.10236  0.17612  0.22037] , precision= [ 0.02989  0.02272  0.01973  0.01634] , auc=[0.83342], sum_recall=[0.52611]
Epoch 27 [33.3s + 10.8s]: train==[2.44006 = 0.21203 + 2.22803], recall= [ 0.02811  0.10663  0.17982  0.21800] , precision= [ 0.03074  0.02357  0.02015  0.01628] , auc=[0.83412], sum_recall=[0.53257]
Epoch 28 [33.0s + 11.6s]: train==[2.43314 = 0.20915 + 2.22399], recall= [ 0.02811  0.10770  0.17641  0.21877] , precision= [ 0.03074  0.02391  0.01981  0.01628] , auc=[0.83425], sum_recall=[0.53099]
Epoch 29 [33.2s + 10.8s]: train==[2.42809 = 0.20845 + 2.21964], recall= [ 0.02811  0.10813  0.17755  0.21898] , precision= [ 0.03074  0.02408  0.01990  0.01634] , auc=[0.83501], sum_recall=[0.53277]
Epoch 30 [32.5s + 10.8s]: train==[2.42179 = 0.20715 + 2.21463], recall= [ 0.02726  0.10727  0.17712  0.21898] , precision= [ 0.02989  0.02391  0.01990  0.01634] , auc=[0.83470], sum_recall=[0.53063]
Epoch 31 [32.8s + 12.9s]: train==[2.40743 = 0.19813 + 2.20929], recall= [ 0.02555  0.10663  0.17769  0.21717] , precision= [ 0.02818  0.02391  0.01998  0.01623] , auc=[0.83515], sum_recall=[0.52704]
Epoch 32 [32.7s + 10.2s]: train==[2.40609 = 0.20232 + 2.20378], recall= [ 0.02555  0.10279  0.17612  0.21471] , precision= [ 0.02818  0.02306  0.01990  0.01611] , auc=[0.83482], sum_recall=[0.51917]
Epoch 33 [32.7s + 10.5s]: train==[2.39035 = 0.19285 + 2.19750], recall= [ 0.02469  0.10357  0.17442  0.21802] , precision= [ 0.02733  0.02357  0.01973  0.01628] , auc=[0.83504], sum_recall=[0.52070]
Epoch 34 [34.4s + 10.6s]: train==[2.37722 = 0.18609 + 2.19113], recall= [ 0.02491  0.10407  0.17698  0.21647] , precision= [ 0.02818  0.02357  0.01990  0.01623] , auc=[0.83477], sum_recall=[0.52243]
Epoch 35 [32.7s + 10.3s]: train==[2.37987 = 0.19509 + 2.18478], recall= [ 0.02662  0.10471  0.17698  0.21562] , precision= [ 0.02989  0.02391  0.01990  0.01617] , auc=[0.83464], sum_recall=[0.52393]
Epoch 36 [32.7s + 10.6s]: train==[2.36327 = 0.18523 + 2.17803], recall= [ 0.02491  0.10229  0.17541  0.21391] , precision= [ 0.02818  0.02323  0.01981  0.01605] , auc=[0.83472], sum_recall=[0.51652]
Epoch 37 [33.1s + 10.4s]: train==[2.35509 = 0.18364 + 2.17145], recall= [ 0.02576  0.10400  0.17712  0.21591] , precision= [ 0.02904  0.02357  0.01998  0.01623] , auc=[0.83497], sum_recall=[0.52279]
Epoch 38 [32.9s + 10.5s]: train==[2.34102 = 0.17694 + 2.16408], recall= [ 0.02576  0.10229  0.17612  0.21633] , precision= [ 0.02904  0.02323  0.01990  0.01623] , auc=[0.83495], sum_recall=[0.52051]
Epoch 39 [32.9s + 10.2s]: train==[2.33956 = 0.18231 + 2.15725], recall= [ 0.02505  0.10158  0.17627  0.21633] , precision= [ 0.02904  0.02323  0.01981  0.01623] , auc=[0.83448], sum_recall=[0.51923]
Epoch 40 [32.6s + 10.2s]: train==[2.33501 = 0.18427 + 2.15074], recall= [ 0.02633  0.10756  0.17627  0.21804] , precision= [ 0.02989  0.02442  0.01981  0.01634] , auc=[0.83438], sum_recall=[0.52820]
Epoch 41 [32.7s + 10.2s]: train==[2.32221 = 0.17770 + 2.14451], recall= [ 0.02633  0.10927  0.17655  0.21702] , precision= [ 0.02989  0.02477  0.01990  0.01628] , auc=[0.83385], sum_recall=[0.52917]
Epoch 42 [32.8s + 10.3s]: train==[2.31647 = 0.17848 + 2.13798], recall= [ 0.02676  0.10670  0.17741  0.21617] , precision= [ 0.03074  0.02425  0.02007  0.01623] , auc=[0.83333], sum_recall=[0.52704]
Epoch 43 [32.7s + 10.4s]: train==[2.30534 = 0.17384 + 2.13150], recall= [ 0.02676  0.10510  0.17698  0.21702] , precision= [ 0.03074  0.02408  0.01998  0.01628] , auc=[0.83271], sum_recall=[0.52586]
Epoch 44 [32.7s + 11.0s]: train==[2.29848 = 0.17248 + 2.12600], recall= [ 0.02761  0.10322  0.17911  0.21702] , precision= [ 0.03160  0.02357  0.02024  0.01628] , auc=[0.83228], sum_recall=[0.52697]
Epoch 45 [32.5s + 11.1s]: train==[2.29306 = 0.17260 + 2.12046], recall= [ 0.02676  0.10237  0.17869  0.21788] , precision= [ 0.03074  0.02340  0.02015  0.01634] , auc=[0.83180], sum_recall=[0.52569]
Epoch 46 [32.7s + 10.5s]: train==[2.28668 = 0.17191 + 2.11476], recall= [ 0.02590  0.10536  0.17883  0.22215] , precision= [ 0.02989  0.02391  0.02015  0.01662] , auc=[0.83152], sum_recall=[0.53224]
Epoch 47 [32.8s + 10.4s]: train==[2.27861 = 0.16989 + 2.10872], recall= [ 0.02847  0.10621  0.17840  0.22129] , precision= [ 0.03245  0.02408  0.02015  0.01657] , auc=[0.83105], sum_recall=[0.53437]
Epoch 48 [32.9s + 10.7s]: train==[2.26727 = 0.16321 + 2.10406], recall= [ 0.02676  0.10365  0.18246  0.22004] , precision= [ 0.03074  0.02357  0.02050  0.01662] , auc=[0.83033], sum_recall=[0.53291]
Epoch 49 [32.7s + 10.9s]: train==[2.27028 = 0.17121 + 2.09907], recall= [ 0.02590  0.10707  0.17660  0.21805] , precision= [ 0.02989  0.02425  0.01998  0.01645] , auc=[0.82980], sum_recall=[0.52762]
Epoch 50 [32.5s + 10.4s]: train==[2.26512 = 0.17077 + 2.09436], recall= [ 0.02761  0.10579  0.17553  0.21463] , precision= [ 0.03160  0.02408  0.01990  0.01623] , auc=[0.82876], sum_recall=[0.52356]
Epoch 51 [32.7s + 10.2s]: train==[2.25946 = 0.16862 + 2.09084], recall= [ 0.02761  0.10522  0.17468  0.21591] , precision= [ 0.03160  0.02408  0.01981  0.01628] , auc=[0.82764], sum_recall=[0.52342]
Epoch 52 [32.7s + 11.1s]: train==[2.25556 = 0.16943 + 2.08613], recall= [ 0.02825  0.10479  0.17411  0.21634] , precision= [ 0.03160  0.02391  0.01964  0.01634] , auc=[0.82699], sum_recall=[0.52349]
Epoch 53 [32.9s + 11.0s]: train==[2.24490 = 0.16244 + 2.08246], recall= [ 0.02996  0.10450  0.17317  0.21694] , precision= [ 0.03330  0.02408  0.01956  0.01640] , auc=[0.82602], sum_recall=[0.52458]
Epoch 54 [32.6s + 10.8s]: train==[2.23769 = 0.15805 + 2.07964], recall= [ 0.02996  0.10223  0.16885  0.21548] , precision= [ 0.03330  0.02340  0.01913  0.01634] , auc=[0.82487], sum_recall=[0.51651]
Epoch 55 [32.9s + 10.8s]: train==[2.23695 = 0.16088 + 2.07607], recall= [ 0.02825  0.10075  0.16970  0.21403] , precision= [ 0.03160  0.02323  0.01921  0.01623] , auc=[0.82380], sum_recall=[0.51273]
Epoch 56 [32.8s + 11.0s]: train==[2.23399 = 0.16162 + 2.07238], recall= [ 0.03003  0.10331  0.16714  0.21312] , precision= [ 0.03501  0.02374  0.01896  0.01617] , auc=[0.82304], sum_recall=[0.51359]
Epoch 57 [32.9s + 10.7s]: train==[2.23276 = 0.16344 + 2.06932], recall= [ 0.02896  0.10246  0.16719  0.21111] , precision= [ 0.03330  0.02340  0.01896  0.01611] , auc=[0.82172], sum_recall=[0.50972]
Epoch 58 [33.4s + 10.8s]: train==[2.22906 = 0.16231 + 2.06675], recall= [ 0.02896  0.10331  0.16292  0.21111] , precision= [ 0.03330  0.02357  0.01853  0.01611] , auc=[0.82123], sum_recall=[0.50630]
Epoch 59 [33.3s + 10.8s]: train==[2.22567 = 0.16156 + 2.06411], recall= [ 0.02811  0.10331  0.16420  0.20755] , precision= [ 0.03245  0.02357  0.01862  0.01583] , auc=[0.82091], sum_recall=[0.50317]
Epoch 60 [33.2s + 10.9s]: train==[2.21613 = 0.15486 + 2.06127], recall= [ 0.02982  0.10246  0.16246  0.20491] , precision= [ 0.03416  0.02340  0.01836  0.01560] , auc=[0.82039], sum_recall=[0.49964]
Epoch 61 [33.4s + 10.7s]: train==[2.20700 = 0.14801 + 2.05900], recall= [ 0.02982  0.10032  0.16186  0.20501] , precision= [ 0.03416  0.02289  0.01845  0.01566] , auc=[0.82023], sum_recall=[0.49701]
End of trainning! Best recall= [ 0.02555  0.10663  0.17769  0.21717] , precision= [ 0.02818  0.02391  0.01998  0.01623] , auc=[0.83515]
test.sh: line 47: -gpu_id: command not found
Namespace(Ks=[1, 5, 10, 15], T=0.01, alpha=3.0, batch_size=512, beta=0.1, dataset='./OMIM/bigraph/cross1', dropout=0.3, emb_dim=200, f=1, gamma=0.1, gpu_id=-1, hid_dim=200, k=0.5, layer_size='[200,200]', learning_rate=0.005, mi_batch_size=1000, mi_kind='js', neg_num=5, num_epochs=1000, pretrain='./OMIM', reg=0.001, seed=54321, show_model_param=False, show_step=1, type=3, weight=None)
2022-02-08 22:25:50
loading data...
231488
48602
[n_users, n_items]=[3209, 12211]
[n_train, n_test]=[2636, 1318]
[n_edges]=[280090]
Using GPU 1,  memory_free: 24265
loading pretrained data...
Loading Model..Number of Model Parameters:  3509402
Epoch 0 [33.9s + 10.6s]: train==[6.79097 = 4.47749 + 2.31348], recall= [ 0.00000  0.00000  0.00000  0.00085] , precision= [ 0.00000  0.00000  0.00000  0.00006] , auc=[0.43892], sum_recall=[0.00085]
Epoch 1 [34.0s + 12.0s]: train==[4.29034 = 1.98355 + 2.30680], recall= [ 0.01494  0.05746  0.10016  0.12876] , precision= [ 0.01537  0.01213  0.01067  0.00911] , auc=[0.76331], sum_recall=[0.30132]
Epoch 2 [33.3s + 12.4s]: train==[3.53862 = 1.24137 + 2.29725], recall= [ 0.02494  0.07379  0.13065  0.16659] , precision= [ 0.02562  0.01571  0.01401  0.01190] , auc=[0.80905], sum_recall=[0.39596]
Epoch 3 [33.3s + 13.3s]: train==[3.18801 = 0.90063 + 2.28739], recall= [ 0.02323  0.07931  0.13101  0.16993] , precision= [ 0.02391  0.01691  0.01401  0.01218] , auc=[0.82085], sum_recall=[0.40347]
Epoch 4 [35.3s + 14.4s]: train==[2.99918 = 0.72001 + 2.27917], recall= [ 0.02206  0.08486  0.13677  0.18000] , precision= [ 0.02306  0.01810  0.01460  0.01287] , auc=[0.82347], sum_recall=[0.42369]
Epoch 5 [33.7s + 13.0s]: train==[2.89655 = 0.62310 + 2.27345], recall= [ 0.02462  0.08599  0.14645  0.18474] , precision= [ 0.02562  0.01845  0.01571  0.01327] , auc=[0.82453], sum_recall=[0.44180]
Epoch 6 [33.2s + 12.4s]: train==[2.81136 = 0.54121 + 2.27014], recall= [ 0.02007  0.08140  0.14986  0.18701] , precision= [ 0.02135  0.01793  0.01623  0.01344] , auc=[0.82585], sum_recall=[0.43835]
Epoch 7 [33.7s + 15.5s]: train==[2.75662 = 0.48799 + 2.26863], recall= [ 0.01836  0.08696  0.14858  0.18402] , precision= [ 0.01964  0.01913  0.01614  0.01321] , auc=[0.82585], sum_recall=[0.43792]
Epoch 8 [33.9s + 14.0s]: train==[2.70303 = 0.43499 + 2.26804], recall= [ 0.01708  0.08130  0.15001  0.18402] , precision= [ 0.01793  0.01776  0.01631  0.01321] , auc=[0.82636], sum_recall=[0.43241]
Epoch 9 [34.2s + 15.3s]: train==[2.67079 = 0.40331 + 2.26748], recall= [ 0.01708  0.07916  0.14360  0.18488] , precision= [ 0.01793  0.01725  0.01563  0.01327] , auc=[0.82704], sum_recall=[0.42472]
Epoch 10 [33.9s + 14.2s]: train==[2.64928 = 0.38287 + 2.26641], recall= [ 0.01623  0.08087  0.14104  0.18701] , precision= [ 0.01708  0.01776  0.01537  0.01344] , auc=[0.82709], sum_recall=[0.42515]
Epoch 11 [34.1s + 15.9s]: train==[2.62347 = 0.35911 + 2.26435], recall= [ 0.01537  0.08496  0.14253  0.18872] , precision= [ 0.01623  0.01862  0.01554  0.01366] , auc=[0.82672], sum_recall=[0.43159]
Epoch 12 [34.0s + 13.6s]: train==[2.60032 = 0.33876 + 2.26156], recall= [ 0.01736  0.08155  0.14567  0.18972] , precision= [ 0.01879  0.01793  0.01580  0.01372] , auc=[0.82661], sum_recall=[0.43429]
Epoch 13 [33.6s + 16.3s]: train==[2.57162 = 0.31350 + 2.25813], recall= [ 0.01708  0.08475  0.14524  0.19178] , precision= [ 0.01793  0.01862  0.01580  0.01383] , auc=[0.82691], sum_recall=[0.43885]
Epoch 14 [34.0s + 13.8s]: train==[2.55841 = 0.30357 + 2.25484], recall= [ 0.01964  0.08276  0.14776  0.19579] , precision= [ 0.02050  0.01810  0.01623  0.01418] , auc=[0.82801], sum_recall=[0.44595]
Epoch 15 [33.6s + 13.7s]: train==[2.54737 = 0.29600 + 2.25137], recall= [ 0.01964  0.08634  0.14947  0.19942] , precision= [ 0.02050  0.01896  0.01648  0.01452] , auc=[0.82988], sum_recall=[0.45487]
Epoch 16 [33.9s + 14.9s]: train==[2.53494 = 0.28710 + 2.24784], recall= [ 0.01879  0.09019  0.15715  0.20113] , precision= [ 0.01964  0.01981  0.01725  0.01463] , auc=[0.83118], sum_recall=[0.46726]
Epoch 17 [33.9s + 13.6s]: train==[2.50400 = 0.25976 + 2.24424], recall= [ 0.02135  0.09318  0.15907  0.20038] , precision= [ 0.02220  0.02050  0.01751  0.01463] , auc=[0.83208], sum_recall=[0.47398]
Epoch 18 [33.5s + 13.6s]: train==[2.49722 = 0.25677 + 2.24045], recall= [ 0.02135  0.09147  0.16057  0.20295] , precision= [ 0.02220  0.02015  0.01768  0.01480] , auc=[0.83243], sum_recall=[0.47633]
Epoch 19 [33.5s + 13.8s]: train==[2.48633 = 0.25016 + 2.23617], recall= [ 0.02135  0.09360  0.16228  0.20636] , precision= [ 0.02220  0.02067  0.01785  0.01503] , auc=[0.83264], sum_recall=[0.48359]
Epoch 20 [33.4s + 13.3s]: train==[2.47451 = 0.24260 + 2.23191], recall= [ 0.02348  0.09567  0.16057  0.20583] , precision= [ 0.02477  0.02135  0.01768  0.01492] , auc=[0.83234], sum_recall=[0.48555]
Epoch 21 [33.5s + 14.2s]: train==[2.46385 = 0.23603 + 2.22782], recall= [ 0.02605  0.09140  0.16370  0.20622] , precision= [ 0.02733  0.02050  0.01793  0.01503] , auc=[0.83192], sum_recall=[0.48736]
Epoch 22 [33.2s + 13.4s]: train==[2.44808 = 0.22461 + 2.22347], recall= [ 0.02690  0.09268  0.16263  0.20679] , precision= [ 0.02818  0.02084  0.01776  0.01503] , auc=[0.83118], sum_recall=[0.48900]
Epoch 23 [33.7s + 12.6s]: train==[2.44626 = 0.22713 + 2.21913], recall= [ 0.02605  0.09268  0.16434  0.20964] , precision= [ 0.02733  0.02084  0.01793  0.01526] , auc=[0.83097], sum_recall=[0.49270]
Epoch 24 [33.5s + 12.8s]: train==[2.42888 = 0.21470 + 2.21418], recall= [ 0.02519  0.09524  0.16466  0.20650] , precision= [ 0.02647  0.02135  0.01810  0.01509] , auc=[0.83158], sum_recall=[0.49160]
Epoch 25 [33.5s + 22.7s]: train==[2.41990 = 0.21103 + 2.20887], recall= [ 0.02583  0.10157  0.16466  0.20750] , precision= [ 0.02818  0.02289  0.01810  0.01520] , auc=[0.83183], sum_recall=[0.49957]
Epoch 26 [33.6s + 12.6s]: train==[2.42161 = 0.21828 + 2.20334], recall= [ 0.02498  0.10072  0.16423  0.20665] , precision= [ 0.02733  0.02272  0.01810  0.01514] , auc=[0.83208], sum_recall=[0.49658]
Epoch 27 [33.6s + 12.7s]: train==[2.39645 = 0.19905 + 2.19741], recall= [ 0.02412  0.10243  0.16423  0.20522] , precision= [ 0.02647  0.02306  0.01810  0.01503] , auc=[0.83230], sum_recall=[0.49601]
Epoch 28 [33.4s + 12.8s]: train==[2.38251 = 0.19091 + 2.19160], recall= [ 0.02327  0.10311  0.16395  0.20821] , precision= [ 0.02562  0.02306  0.01827  0.01537] , auc=[0.83190], sum_recall=[0.49854]
Epoch 29 [33.6s + 13.1s]: train==[2.37714 = 0.19140 + 2.18574], recall= [ 0.02427  0.10183  0.16594  0.20658] , precision= [ 0.02733  0.02272  0.01862  0.01537] , auc=[0.83137], sum_recall=[0.49861]
Epoch 30 [33.4s + 13.1s]: train==[2.37203 = 0.19326 + 2.17877], recall= [ 0.02341  0.10183  0.16786  0.20615] , precision= [ 0.02647  0.02272  0.01887  0.01537] , auc=[0.83032], sum_recall=[0.49925]
Epoch 31 [33.1s + 12.5s]: train==[2.35557 = 0.18263 + 2.17294], recall= [ 0.02683  0.10436  0.16601  0.20416] , precision= [ 0.02989  0.02323  0.01870  0.01526] , auc=[0.82932], sum_recall=[0.50136]
Epoch 32 [34.9s + 12.8s]: train==[2.35413 = 0.18663 + 2.16750], recall= [ 0.02768  0.10194  0.17028  0.20672] , precision= [ 0.03074  0.02289  0.01913  0.01543] , auc=[0.82894], sum_recall=[0.50663]
Epoch 33 [33.3s + 12.5s]: train==[2.33741 = 0.17697 + 2.16044], recall= [ 0.02512  0.10415  0.16772  0.20629] , precision= [ 0.02818  0.02357  0.01887  0.01543] , auc=[0.82876], sum_recall=[0.50328]
Epoch 34 [33.1s + 12.3s]: train==[2.33111 = 0.17708 + 2.15403], recall= [ 0.02427  0.10415  0.16670  0.20928] , precision= [ 0.02733  0.02357  0.01870  0.01560] , auc=[0.82851], sum_recall=[0.50439]
Epoch 35 [33.0s + 12.6s]: train==[2.33279 = 0.18501 + 2.14778], recall= [ 0.02498  0.10216  0.17096  0.21227] , precision= [ 0.02733  0.02323  0.01913  0.01577] , auc=[0.82786], sum_recall=[0.51037]
Epoch 36 [33.2s + 12.5s]: train==[2.31263 = 0.17198 + 2.14065], recall= [ 0.02341  0.10386  0.16826  0.21099] , precision= [ 0.02647  0.02357  0.01887  0.01571] , auc=[0.82680], sum_recall=[0.50653]
Epoch 37 [33.2s + 12.9s]: train==[2.30380 = 0.16909 + 2.13471], recall= [ 0.02299  0.10372  0.16741  0.21423] , precision= [ 0.02562  0.02340  0.01879  0.01588] , auc=[0.82595], sum_recall=[0.50835]
Epoch 38 [33.1s + 12.6s]: train==[2.29460 = 0.16698 + 2.12762], recall= [ 0.02384  0.10301  0.16968  0.21039] , precision= [ 0.02647  0.02340  0.01904  0.01560] , auc=[0.82516], sum_recall=[0.50692]
Epoch 39 [33.5s + 12.6s]: train==[2.29913 = 0.17745 + 2.12168], recall= [ 0.02299  0.10472  0.17250  0.20911] , precision= [ 0.02562  0.02374  0.01930  0.01554] , auc=[0.82505], sum_recall=[0.50932]
Epoch 40 [33.3s + 12.4s]: train==[2.29137 = 0.17529 + 2.11608], recall= [ 0.02555  0.10244  0.17236  0.20729] , precision= [ 0.02818  0.02306  0.01930  0.01549] , auc=[0.82570], sum_recall=[0.50764]
Epoch 41 [33.2s + 12.4s]: train==[2.28337 = 0.17258 + 2.11079], recall= [ 0.02640  0.10429  0.17151  0.20573] , precision= [ 0.02904  0.02340  0.01921  0.01543] , auc=[0.82647], sum_recall=[0.50793]
Epoch 42 [33.0s + 12.7s]: train==[2.27767 = 0.17237 + 2.10530], recall= [ 0.02640  0.10671  0.16820  0.20727] , precision= [ 0.02904  0.02374  0.01896  0.01549] , auc=[0.82626], sum_recall=[0.50858]
Epoch 43 [33.0s + 12.6s]: train==[2.27030 = 0.16962 + 2.10068], recall= [ 0.02640  0.10657  0.16905  0.20536] , precision= [ 0.02904  0.02374  0.01904  0.01537] , auc=[0.82522], sum_recall=[0.50738]
Epoch 44 [33.2s + 13.3s]: train==[2.26419 = 0.16733 + 2.09686], recall= [ 0.02299  0.10244  0.16734  0.20002] , precision= [ 0.02562  0.02306  0.01887  0.01497] , auc=[0.82338], sum_recall=[0.49279]
Epoch 45 [34.3s + 12.6s]: train==[2.26390 = 0.17124 + 2.09265], recall= [ 0.02469  0.10543  0.16521  0.19823] , precision= [ 0.02733  0.02374  0.01862  0.01480] , auc=[0.82253], sum_recall=[0.49356]
Epoch 46 [33.2s + 12.4s]: train==[2.25613 = 0.16786 + 2.08826], recall= [ 0.02555  0.10564  0.16499  0.20073] , precision= [ 0.02818  0.02391  0.01870  0.01514] , auc=[0.82332], sum_recall=[0.49692]
Epoch 47 [33.2s + 12.4s]: train==[2.25100 = 0.16653 + 2.08447], recall= [ 0.02583  0.10223  0.16713  0.20423] , precision= [ 0.02904  0.02323  0.01896  0.01543] , auc=[0.82357], sum_recall=[0.49942]
Epoch 48 [33.1s + 12.6s]: train==[2.24001 = 0.15892 + 2.08108], recall= [ 0.02427  0.10479  0.16699  0.20466] , precision= [ 0.02733  0.02374  0.01887  0.01549] , auc=[0.82224], sum_recall=[0.50070]
Epoch 49 [33.2s + 12.4s]: train==[2.24152 = 0.16371 + 2.07781], recall= [ 0.02533  0.10479  0.16677  0.20253] , precision= [ 0.02904  0.02374  0.01870  0.01526] , auc=[0.82028], sum_recall=[0.49942]
End of trainning! Best recall= [ 0.02135  0.09360  0.16228  0.20636] , precision= [ 0.02220  0.02067  0.01785  0.01503] , auc=[0.83264]
test.sh: line 69: -gpu_id: command not found
