Namespace(Ks=[1, 5, 10, 15], T=0.01, alpha=3.0, batch_size=512, beta=0.1, dataset='./OMIM/bigraph/cross1', dropout=0.3, emb_dim=100, gamma=0.1, gpu_id=-1, hid_dim=100, k=0.1, layer_size='[100]', learning_rate=0.005, mi_batch_size=1000, mi_kind='js', neg_num=5, num_epochs=1000, pretrain=None, reg=0.001, seed=54321, show_model_param=False, show_step=1, type=3, weight=None)
2021-12-29 14:24:50
loading data...
[n_users, n_items]=[3209, 12211]
[n_train, n_test]=[2636, 1318]
[n_edges]=[285362]
Using GPU 1,  memory_free: 24265
tensor([-0.0077,  0.0408, -0.0058, -0.0294,  0.0252], device='cuda:1')
Loading Model..Number of Model Parameters:  1602402
Epoch 0 [33.8s + 10.5s]: train==[5.27360 = 2.94716 + 2.32644], recall= [ 0.00171  0.00256  0.00342  0.00512] , precision= [ 0.00171  0.00051  0.00034  0.00034] , auc=[0.50178], sum_recall=[0.01281]
Epoch 1 [34.0s + 11.5s]: train==[3.61071 = 1.28522 + 2.32549], recall= [ 0.01793  0.06299  0.09425  0.11617] , precision= [ 0.01793  0.01332  0.01016  0.00831] , auc=[0.67041], sum_recall=[0.29135]
Epoch 2 [34.5s + 11.3s]: train==[3.12144 = 0.80028 + 2.32116], recall= [ 0.02434  0.08648  0.13503  0.16415] , precision= [ 0.02477  0.01862  0.01503  0.01218] , auc=[0.74297], sum_recall=[0.41001]
Epoch 3 [34.5s + 12.4s]: train==[2.90016 = 0.58379 + 2.31637], recall= [ 0.02647  0.09510  0.14389  0.18380] , precision= [ 0.02733  0.02118  0.01614  0.01378] , auc=[0.77286], sum_recall=[0.44926]
Epoch 4 [34.4s + 12.3s]: train==[2.78966 = 0.47772 + 2.31194], recall= [ 0.02647  0.09552  0.15119  0.19087] , precision= [ 0.02733  0.02135  0.01725  0.01446] , auc=[0.78742], sum_recall=[0.46405]
Epoch 5 [34.9s + 11.8s]: train==[2.73956 = 0.43135 + 2.30821], recall= [ 0.02391  0.09969  0.15947  0.20048] , precision= [ 0.02477  0.02254  0.01819  0.01514] , auc=[0.79541], sum_recall=[0.48355]
Epoch 6 [34.9s + 12.1s]: train==[2.68319 = 0.37780 + 2.30539], recall= [ 0.02235  0.10313  0.16347  0.20218] , precision= [ 0.02391  0.02374  0.01862  0.01526] , auc=[0.79968], sum_recall=[0.49113]
Epoch 7 [34.4s + 12.0s]: train==[2.64070 = 0.33722 + 2.30348], recall= [ 0.01936  0.10426  0.16191  0.20273] , precision= [ 0.02220  0.02391  0.01853  0.01537] , auc=[0.80205], sum_recall=[0.48825]
Epoch 8 [34.4s + 12.1s]: train==[2.62916 = 0.32675 + 2.30241], recall= [ 0.02021  0.09963  0.15934  0.20473] , precision= [ 0.02306  0.02306  0.01827  0.01549] , auc=[0.80358], sum_recall=[0.48391]
Epoch 9 [34.3s + 12.3s]: train==[2.60609 = 0.30410 + 2.30199], recall= [ 0.01936  0.10365  0.16447  0.20558] , precision= [ 0.02220  0.02374  0.01879  0.01554] , auc=[0.80451], sum_recall=[0.49306]
Epoch 10 [34.1s + 12.9s]: train==[2.59154 = 0.28968 + 2.30186], recall= [ 0.01957  0.10408  0.16971  0.20373] , precision= [ 0.02306  0.02374  0.01947  0.01537] , auc=[0.80498], sum_recall=[0.49709]
Epoch 11 [34.3s + 12.0s]: train==[2.57579 = 0.27421 + 2.30158], recall= [ 0.01957  0.10365  0.16995  0.20800] , precision= [ 0.02306  0.02374  0.01939  0.01566] , auc=[0.80531], sum_recall=[0.50117]
Epoch 12 [35.3s + 13.3s]: train==[2.56341 = 0.26258 + 2.30082], recall= [ 0.01850  0.10220  0.16682  0.21003] , precision= [ 0.02135  0.02323  0.01896  0.01583] , auc=[0.80581], sum_recall=[0.49755]
Epoch 13 [34.5s + 12.1s]: train==[2.54523 = 0.24602 + 2.29920], recall= [ 0.01836  0.10143  0.16750  0.21080] , precision= [ 0.02050  0.02323  0.01896  0.01588] , auc=[0.80649], sum_recall=[0.49809]
Epoch 14 [34.6s + 12.1s]: train==[2.54011 = 0.24359 + 2.29651], recall= [ 0.01914  0.10228  0.16793  0.20828] , precision= [ 0.02135  0.02340  0.01913  0.01571] , auc=[0.80765], sum_recall=[0.49763]
Epoch 15 [34.3s + 11.3s]: train==[2.52271 = 0.22988 + 2.29282], recall= [ 0.02078  0.10228  0.16750  0.20828] , precision= [ 0.02306  0.02340  0.01913  0.01571] , auc=[0.80933], sum_recall=[0.49884]
Epoch 16 [33.9s + 11.9s]: train==[2.51531 = 0.22702 + 2.28828], recall= [ 0.02185  0.10186  0.16622  0.21071] , precision= [ 0.02477  0.02340  0.01904  0.01588] , auc=[0.81113], sum_recall=[0.50064]
Epoch 17 [34.2s + 11.8s]: train==[2.50527 = 0.22206 + 2.28321], recall= [ 0.02441  0.10271  0.16802  0.20815] , precision= [ 0.02733  0.02357  0.01913  0.01571] , auc=[0.81316], sum_recall=[0.50329]
Epoch 18 [34.0s + 11.4s]: train==[2.49587 = 0.21793 + 2.27794], recall= [ 0.02441  0.10058  0.16887  0.20829] , precision= [ 0.02733  0.02323  0.01921  0.01577] , auc=[0.81508], sum_recall=[0.50215]
Epoch 19 [34.0s + 12.0s]: train==[2.48230 = 0.20961 + 2.27268], recall= [ 0.02612  0.10325  0.17058  0.20925] , precision= [ 0.02904  0.02391  0.01939  0.01588] , auc=[0.81672], sum_recall=[0.50920]
Epoch 20 [34.5s + 12.2s]: train==[2.47222 = 0.20457 + 2.26765], recall= [ 0.02676  0.10367  0.17229  0.20745] , precision= [ 0.02904  0.02408  0.01956  0.01577] , auc=[0.81808], sum_recall=[0.51017]
Epoch 21 [34.0s + 11.5s]: train==[2.45856 = 0.19569 + 2.26287], recall= [ 0.02676  0.10374  0.17158  0.20648] , precision= [ 0.02904  0.02374  0.01956  0.01566] , auc=[0.81910], sum_recall=[0.50855]
Epoch 22 [34.0s + 11.7s]: train==[2.44916 = 0.19077 + 2.25839], recall= [ 0.02847  0.10502  0.17328  0.20804] , precision= [ 0.03074  0.02391  0.01973  0.01588] , auc=[0.81980], sum_recall=[0.51482]
Epoch 23 [33.9s + 12.2s]: train==[2.44126 = 0.18703 + 2.25423], recall= [ 0.02832  0.10332  0.17393  0.20904] , precision= [ 0.02989  0.02357  0.01981  0.01600] , auc=[0.82023], sum_recall=[0.51460]
Epoch 24 [34.0s + 11.5s]: train==[2.43990 = 0.18956 + 2.25034], recall= [ 0.02747  0.10431  0.17371  0.20955] , precision= [ 0.02904  0.02391  0.01973  0.01594] , auc=[0.82060], sum_recall=[0.51505]
Epoch 25 [33.9s + 12.9s]: train==[2.43361 = 0.18672 + 2.24689], recall= [ 0.02832  0.10645  0.17371  0.21098] , precision= [ 0.02989  0.02442  0.01973  0.01600] , auc=[0.82106], sum_recall=[0.51946]
Epoch 26 [34.0s + 12.7s]: train==[2.42782 = 0.18415 + 2.24367], recall= [ 0.02832  0.10506  0.17533  0.21183] , precision= [ 0.02989  0.02408  0.01998  0.01605] , auc=[0.82164], sum_recall=[0.52054]
Epoch 27 [34.2s + 12.3s]: train==[2.41511 = 0.17437 + 2.24074], recall= [ 0.02747  0.10545  0.17618  0.21192] , precision= [ 0.02904  0.02425  0.02007  0.01605] , auc=[0.82215], sum_recall=[0.52102]
Epoch 28 [34.0s + 13.3s]: train==[2.40680 = 0.16861 + 2.23819], recall= [ 0.02747  0.10887  0.17704  0.21427] , precision= [ 0.02904  0.02494  0.02015  0.01623] , auc=[0.82258], sum_recall=[0.52764]
Epoch 29 [33.9s + 12.4s]: train==[2.40492 = 0.16899 + 2.23594], recall= [ 0.02832  0.10801  0.17704  0.21438] , precision= [ 0.02989  0.02477  0.02015  0.01628] , auc=[0.82258], sum_recall=[0.52775]
Epoch 30 [34.0s + 12.4s]: train==[2.40449 = 0.17042 + 2.23407], recall= [ 0.02768  0.10588  0.17860  0.21523] , precision= [ 0.02989  0.02425  0.02024  0.01634] , auc=[0.82242], sum_recall=[0.52739]
Epoch 31 [34.0s + 11.6s]: train==[2.40283 = 0.17029 + 2.23254], recall= [ 0.02768  0.10588  0.18038  0.21680] , precision= [ 0.02989  0.02425  0.02041  0.01640] , auc=[0.82239], sum_recall=[0.53074]
Epoch 32 [34.0s + 12.5s]: train==[2.39752 = 0.16621 + 2.23131], recall= [ 0.03024  0.10823  0.18152  0.21802] , precision= [ 0.03245  0.02494  0.02058  0.01657] , auc=[0.82253], sum_recall=[0.53801]
Epoch 33 [34.0s + 12.3s]: train==[2.38605 = 0.15582 + 2.23022], recall= [ 0.03024  0.10908  0.18248  0.22056] , precision= [ 0.03245  0.02511  0.02075  0.01674] , auc=[0.82289], sum_recall=[0.54237]
Epoch 34 [34.0s + 11.5s]: train==[2.38937 = 0.16007 + 2.22930], recall= [ 0.03110  0.10798  0.18248  0.21930] , precision= [ 0.03330  0.02494  0.02075  0.01657] , auc=[0.82323], sum_recall=[0.54086]
Epoch 35 [34.0s + 12.0s]: train==[2.38841 = 0.15987 + 2.22854], recall= [ 0.03131  0.10872  0.18163  0.22129] , precision= [ 0.03416  0.02494  0.02067  0.01674] , auc=[0.82365], sum_recall=[0.54296]
Epoch 36 [33.9s + 12.5s]: train==[2.37893 = 0.15105 + 2.22788], recall= [ 0.02960  0.10901  0.18248  0.22718] , precision= [ 0.03245  0.02511  0.02075  0.01725] , auc=[0.82380], sum_recall=[0.54827]
Epoch 37 [34.0s + 11.3s]: train==[2.37301 = 0.14566 + 2.22735], recall= [ 0.02918  0.10781  0.18462  0.22718] , precision= [ 0.03160  0.02494  0.02092  0.01725] , auc=[0.82380], sum_recall=[0.54879]
Epoch 38 [34.2s + 11.7s]: train==[2.36979 = 0.14290 + 2.22689], recall= [ 0.02904  0.10781  0.18654  0.22711] , precision= [ 0.03074  0.02494  0.02118  0.01725] , auc=[0.82368], sum_recall=[0.55049]
Epoch 39 [34.1s + 12.1s]: train==[2.37723 = 0.15062 + 2.22661], recall= [ 0.02818  0.10707  0.18709  0.22690] , precision= [ 0.02989  0.02494  0.02135  0.01731] , auc=[0.82341], sum_recall=[0.54923]
Epoch 40 [34.2s + 11.3s]: train==[2.36841 = 0.14209 + 2.22632], recall= [ 0.02690  0.10621  0.18782  0.22690] , precision= [ 0.02904  0.02477  0.02135  0.01731] , auc=[0.82319], sum_recall=[0.54783]
Epoch 41 [34.3s + 11.7s]: train==[2.36769 = 0.14155 + 2.22614], recall= [ 0.02775  0.10707  0.18824  0.22604] , precision= [ 0.02989  0.02494  0.02143  0.01725] , auc=[0.82288], sum_recall=[0.54911]
Epoch 42 [37.1s + 12.4s]: train==[2.36146 = 0.13549 + 2.22597], recall= [ 0.02861  0.10792  0.18483  0.22732] , precision= [ 0.03074  0.02511  0.02109  0.01736] , auc=[0.82274], sum_recall=[0.54868]
Epoch 43 [36.2s + 11.3s]: train==[2.35692 = 0.13110 + 2.22582], recall= [ 0.02690  0.10664  0.18410  0.22988] , precision= [ 0.02904  0.02477  0.02109  0.01753] , auc=[0.82293], sum_recall=[0.54752]
Epoch 44 [34.3s + 12.7s]: train==[2.35816 = 0.13250 + 2.22566], recall= [ 0.02775  0.10564  0.18388  0.22988] , precision= [ 0.02989  0.02442  0.02101  0.01753] , auc=[0.82287], sum_recall=[0.54716]
Epoch 45 [34.5s + 11.9s]: train==[2.35314 = 0.12767 + 2.22547], recall= [ 0.02861  0.10607  0.18218  0.22732] , precision= [ 0.03074  0.02459  0.02084  0.01736] , auc=[0.82300], sum_recall=[0.54418]
Epoch 46 [34.6s + 11.7s]: train==[2.35779 = 0.13256 + 2.22523], recall= [ 0.02989  0.10511  0.17961  0.22638] , precision= [ 0.03245  0.02425  0.02058  0.01725] , auc=[0.82292], sum_recall=[0.54099]
Epoch 47 [34.2s + 11.3s]: train==[2.35311 = 0.12809 + 2.22501], recall= [ 0.02923  0.10397  0.18218  0.22553] , precision= [ 0.03330  0.02391  0.02084  0.01719] , auc=[0.82328], sum_recall=[0.54090]
End of trainning! Best recall= [ 0.02918  0.10781  0.18462  0.22718] , precision= [ 0.03160  0.02494  0.02092  0.01725] , auc=[0.82380]
test.sh: line 45: -gpu_id: command not found
Namespace(Ks=[1, 5, 10, 15], T=0.01, alpha=3.0, batch_size=512, beta=0.1, dataset='./OMIM/bigraph/cross1', dropout=0.3, emb_dim=100, gamma=0.1, gpu_id=-1, hid_dim=100, k=0.2, layer_size='[100]', learning_rate=0.005, mi_batch_size=1000, mi_kind='js', neg_num=5, num_epochs=1000, pretrain=None, reg=0.001, seed=54321, show_model_param=False, show_step=1, type=3, weight=None)
2021-12-29 15:02:00
loading data...
[n_users, n_items]=[3209, 12211]
[n_train, n_test]=[2636, 1318]
[n_edges]=[285362]
Using GPU 1,  memory_free: 24265
tensor([-0.0077,  0.0408, -0.0058, -0.0294,  0.0252], device='cuda:1')
Loading Model..Number of Model Parameters:  1602402
Epoch 0 [35.5s + 10.0s]: train==[5.27360 = 2.94716 + 2.32644], recall= [ 0.00171  0.00256  0.00342  0.00512] , precision= [ 0.00171  0.00051  0.00034  0.00034] , auc=[0.50178], sum_recall=[0.01281]
Epoch 1 [35.9s + 11.9s]: train==[3.61068 = 1.28519 + 2.32549], recall= [ 0.01793  0.06299  0.09510  0.11617] , precision= [ 0.01793  0.01332  0.01025  0.00831] , auc=[0.67034], sum_recall=[0.29220]
Epoch 2 [36.0s + 11.7s]: train==[3.12155 = 0.80039 + 2.32116], recall= [ 0.02434  0.08562  0.13503  0.16415] , precision= [ 0.02477  0.01845  0.01503  0.01218] , auc=[0.74277], sum_recall=[0.40915]
Epoch 3 [36.1s + 12.4s]: train==[2.90039 = 0.58402 + 2.31637], recall= [ 0.02647  0.09595  0.14560  0.18380] , precision= [ 0.02733  0.02135  0.01631  0.01378] , auc=[0.77274], sum_recall=[0.45182]
Epoch 4 [36.0s + 11.9s]: train==[2.78980 = 0.47785 + 2.31195], recall= [ 0.02647  0.09552  0.15204  0.19002] , precision= [ 0.02733  0.02135  0.01734  0.01440] , auc=[0.78740], sum_recall=[0.46405]
Epoch 5 [36.2s + 11.9s]: train==[2.73957 = 0.43133 + 2.30824], recall= [ 0.02391  0.09858  0.15862  0.19962] , precision= [ 0.02477  0.02237  0.01810  0.01509] , auc=[0.79548], sum_recall=[0.48073]
Epoch 6 [36.1s + 12.1s]: train==[2.68328 = 0.37784 + 2.30544], recall= [ 0.02320  0.10228  0.16276  0.20304] , precision= [ 0.02477  0.02357  0.01862  0.01531] , auc=[0.79982], sum_recall=[0.49128]
Epoch 7 [35.9s + 12.1s]: train==[2.64077 = 0.33724 + 2.30354], recall= [ 0.01907  0.10362  0.16191  0.20174] , precision= [ 0.02135  0.02391  0.01853  0.01526] , auc=[0.80219], sum_recall=[0.48633]
Epoch 8 [38.0s + 11.7s]: train==[2.62921 = 0.32674 + 2.30247], recall= [ 0.01936  0.10034  0.16245  0.20387] , precision= [ 0.02220  0.02323  0.01870  0.01543] , auc=[0.80368], sum_recall=[0.48603]
Epoch 9 [35.6s + 12.1s]: train==[2.60617 = 0.30415 + 2.30202], recall= [ 0.01850  0.10365  0.16672  0.20558] , precision= [ 0.02135  0.02374  0.01913  0.01554] , auc=[0.80461], sum_recall=[0.49446]
Epoch 10 [36.4s + 12.7s]: train==[2.59165 = 0.28981 + 2.30184], recall= [ 0.01957  0.10333  0.16829  0.20373] , precision= [ 0.02306  0.02374  0.01930  0.01537] , auc=[0.80505], sum_recall=[0.49492]
Epoch 11 [35.9s + 12.0s]: train==[2.57592 = 0.27441 + 2.30151], recall= [ 0.01957  0.10322  0.17003  0.20800] , precision= [ 0.02306  0.02357  0.01947  0.01566] , auc=[0.80542], sum_recall=[0.50083]
Epoch 12 [36.0s + 11.6s]: train==[2.56356 = 0.26280 + 2.30076], recall= [ 0.01836  0.10143  0.16767  0.20832] , precision= [ 0.02050  0.02323  0.01904  0.01571] , auc=[0.80594], sum_recall=[0.49578]
Epoch 13 [36.2s + 12.1s]: train==[2.54542 = 0.24625 + 2.29916], recall= [ 0.01921  0.10228  0.16835  0.20994] , precision= [ 0.02135  0.02340  0.01921  0.01583] , auc=[0.80669], sum_recall=[0.49980]
Epoch 14 [36.1s + 12.5s]: train==[2.54009 = 0.24356 + 2.29654], recall= [ 0.02000  0.10399  0.17092  0.20828] , precision= [ 0.02220  0.02374  0.01947  0.01571] , auc=[0.80789], sum_recall=[0.50318]
Epoch 15 [35.8s + 11.6s]: train==[2.52277 = 0.22983 + 2.29294], recall= [ 0.02000  0.10271  0.16921  0.20999] , precision= [ 0.02220  0.02357  0.01930  0.01583] , auc=[0.80957], sum_recall=[0.50190]
Epoch 16 [35.8s + 12.1s]: train==[2.51563 = 0.22714 + 2.28849], recall= [ 0.02185  0.10100  0.17049  0.21071] , precision= [ 0.02477  0.02323  0.01947  0.01588] , auc=[0.81135], sum_recall=[0.50405]
Epoch 17 [36.1s + 11.9s]: train==[2.50553 = 0.22202 + 2.28351], recall= [ 0.02441  0.10186  0.16973  0.21082] , precision= [ 0.02733  0.02340  0.01930  0.01594] , auc=[0.81335], sum_recall=[0.50681]
Epoch 18 [36.2s + 11.6s]: train==[2.49630 = 0.21800 + 2.27830], recall= [ 0.02441  0.10015  0.16973  0.20840] , precision= [ 0.02733  0.02306  0.01930  0.01583] , auc=[0.81523], sum_recall=[0.50268]
Epoch 19 [36.3s + 12.1s]: train==[2.48264 = 0.20958 + 2.27306], recall= [ 0.02612  0.10026  0.16887  0.20733] , precision= [ 0.02904  0.02323  0.01921  0.01571] , auc=[0.81690], sum_recall=[0.50258]
Epoch 20 [36.4s + 12.3s]: train==[2.47233 = 0.20431 + 2.26802], recall= [ 0.02590  0.10239  0.17158  0.21001] , precision= [ 0.02818  0.02374  0.01956  0.01594] , auc=[0.81822], sum_recall=[0.50989]
Epoch 21 [36.3s + 12.0s]: train==[2.45845 = 0.19522 + 2.26322], recall= [ 0.02761  0.10161  0.17158  0.20840] , precision= [ 0.02989  0.02323  0.01956  0.01583] , auc=[0.81922], sum_recall=[0.50920]
Epoch 22 [36.1s + 12.0s]: train==[2.44914 = 0.19043 + 2.25871], recall= [ 0.02847  0.10502  0.17243  0.20816] , precision= [ 0.03074  0.02391  0.01964  0.01594] , auc=[0.81992], sum_recall=[0.51409]
Epoch 23 [35.8s + 12.3s]: train==[2.44103 = 0.18652 + 2.25452], recall= [ 0.02847  0.10481  0.17307  0.20914] , precision= [ 0.03074  0.02374  0.01964  0.01605] , auc=[0.82028], sum_recall=[0.51549]
Epoch 24 [35.8s + 12.0s]: train==[2.43975 = 0.18915 + 2.25060], recall= [ 0.02747  0.10538  0.17371  0.21055] , precision= [ 0.02904  0.02408  0.01973  0.01605] , auc=[0.82059], sum_recall=[0.51711]
Epoch 25 [35.9s + 12.4s]: train==[2.43358 = 0.18647 + 2.24711], recall= [ 0.02832  0.10581  0.17371  0.21085] , precision= [ 0.02989  0.02408  0.01973  0.01594] , auc=[0.82101], sum_recall=[0.51870]
Epoch 26 [35.9s + 12.7s]: train==[2.42760 = 0.18375 + 2.24385], recall= [ 0.02832  0.10577  0.17447  0.21012] , precision= [ 0.02989  0.02408  0.01990  0.01594] , auc=[0.82160], sum_recall=[0.51869]
Epoch 27 [35.9s + 11.9s]: train==[2.41507 = 0.17420 + 2.24088], recall= [ 0.02747  0.10620  0.17533  0.21235] , precision= [ 0.02904  0.02425  0.01998  0.01605] , auc=[0.82210], sum_recall=[0.52134]
Epoch 28 [35.8s + 11.4s]: train==[2.40656 = 0.16826 + 2.23830], recall= [ 0.02747  0.10620  0.17789  0.21416] , precision= [ 0.02904  0.02425  0.02024  0.01623] , auc=[0.82261], sum_recall=[0.52572]
Epoch 29 [35.8s + 12.8s]: train==[2.40471 = 0.16870 + 2.23601], recall= [ 0.02747  0.10759  0.17946  0.21406] , precision= [ 0.02904  0.02459  0.02032  0.01617] , auc=[0.82269], sum_recall=[0.52857]
Epoch 30 [36.1s + 11.8s]: train==[2.40400 = 0.16988 + 2.23412], recall= [ 0.02747  0.10844  0.18330  0.21450] , precision= [ 0.02904  0.02477  0.02075  0.01634] , auc=[0.82261], sum_recall=[0.53371]
Epoch 31 [35.8s + 12.3s]: train==[2.40282 = 0.17026 + 2.23256], recall= [ 0.02918  0.10801  0.18252  0.21615] , precision= [ 0.03074  0.02477  0.02067  0.01645] , auc=[0.82271], sum_recall=[0.53586]
Epoch 32 [35.5s + 12.6s]: train==[2.39707 = 0.16577 + 2.23130], recall= [ 0.03003  0.10673  0.18067  0.21700] , precision= [ 0.03160  0.02442  0.02050  0.01651] , auc=[0.82318], sum_recall=[0.53443]
Epoch 33 [35.5s + 12.9s]: train==[2.38601 = 0.15582 + 2.23019], recall= [ 0.02854  0.10592  0.18120  0.22015] , precision= [ 0.03074  0.02425  0.02058  0.01662] , auc=[0.82378], sum_recall=[0.53581]
Epoch 34 [40.8s + 11.8s]: train==[2.38949 = 0.16027 + 2.22923], recall= [ 0.02790  0.10682  0.18291  0.22122] , precision= [ 0.03074  0.02459  0.02084  0.01674] , auc=[0.82422], sum_recall=[0.53885]
Epoch 35 [37.0s + 12.5s]: train==[2.38839 = 0.15993 + 2.22846], recall= [ 0.02747  0.10779  0.18333  0.22250] , precision= [ 0.02989  0.02477  0.02084  0.01685] , auc=[0.82441], sum_recall=[0.54109]
Epoch 36 [36.3s + 12.5s]: train==[2.37911 = 0.15129 + 2.22782], recall= [ 0.02747  0.10963  0.18419  0.22279] , precision= [ 0.02989  0.02545  0.02092  0.01691] , auc=[0.82434], sum_recall=[0.54407]
Epoch 37 [35.7s + 12.2s]: train==[2.37291 = 0.14560 + 2.22731], recall= [ 0.02576  0.11048  0.18641  0.22547] , precision= [ 0.02818  0.02562  0.02118  0.01714] , auc=[0.82409], sum_recall=[0.54812]
Epoch 38 [36.1s + 12.2s]: train==[2.36966 = 0.14276 + 2.22690], recall= [ 0.02647  0.11134  0.18790  0.22711] , precision= [ 0.02818  0.02579  0.02143  0.01725] , auc=[0.82357], sum_recall=[0.55282]
Epoch 39 [35.7s + 13.2s]: train==[2.37703 = 0.15038 + 2.22665], recall= [ 0.02647  0.10963  0.18696  0.22668] , precision= [ 0.02818  0.02545  0.02126  0.01725] , auc=[0.82281], sum_recall=[0.54975]
Epoch 40 [35.6s + 11.7s]: train==[2.36817 = 0.14181 + 2.22635], recall= [ 0.02541  0.10963  0.18538  0.22775] , precision= [ 0.02647  0.02545  0.02118  0.01736] , auc=[0.82235], sum_recall=[0.54816]
Epoch 41 [36.1s + 12.6s]: train==[2.36727 = 0.14112 + 2.22615], recall= [ 0.02637  0.10792  0.18346  0.22583] , precision= [ 0.02818  0.02511  0.02101  0.01725] , auc=[0.82190], sum_recall=[0.54357]
Epoch 42 [35.9s + 13.1s]: train==[2.36125 = 0.13528 + 2.22597], recall= [ 0.02679  0.10792  0.18184  0.22583] , precision= [ 0.02904  0.02511  0.02084  0.01725] , auc=[0.82168], sum_recall=[0.54238]
Epoch 43 [35.8s + 13.0s]: train==[2.35662 = 0.13083 + 2.22579], recall= [ 0.02701  0.10771  0.18184  0.22661] , precision= [ 0.02989  0.02511  0.02084  0.01725] , auc=[0.82187], sum_recall=[0.54316]
Epoch 44 [35.7s + 11.8s]: train==[2.35772 = 0.13210 + 2.22563], recall= [ 0.02530  0.10675  0.18239  0.22576] , precision= [ 0.02818  0.02477  0.02092  0.01719] , auc=[0.82202], sum_recall=[0.54019]
Epoch 45 [36.0s + 13.4s]: train==[2.35278 = 0.12736 + 2.22542], recall= [ 0.02624  0.10558  0.18324  0.22661] , precision= [ 0.02989  0.02425  0.02101  0.01725] , auc=[0.82229], sum_recall=[0.54167]
End of trainning! Best recall= [ 0.02747  0.10779  0.18333  0.22250] , precision= [ 0.02989  0.02477  0.02084  0.01685] , auc=[0.82441]
test.sh: line 45: -gpu_id: command not found
Namespace(Ks=[1, 5, 10, 15], T=0.01, alpha=3.0, batch_size=512, beta=0.1, dataset='./OMIM/bigraph/cross1', dropout=0.3, emb_dim=100, gamma=0.1, gpu_id=-1, hid_dim=100, k=0.3, layer_size='[100]', learning_rate=0.005, mi_batch_size=1000, mi_kind='js', neg_num=5, num_epochs=1000, pretrain=None, reg=0.001, seed=54321, show_model_param=False, show_step=1, type=3, weight=None)
2021-12-29 15:39:08
loading data...
[n_users, n_items]=[3209, 12211]
[n_train, n_test]=[2636, 1318]
[n_edges]=[285362]
Using GPU 1,  memory_free: 24265
tensor([-0.0077,  0.0408, -0.0058, -0.0294,  0.0252], device='cuda:1')
Loading Model..Number of Model Parameters:  1602402
Epoch 0 [37.3s + 9.6s]: train==[5.27360 = 2.94716 + 2.32644], recall= [ 0.00171  0.00256  0.00342  0.00512] , precision= [ 0.00171  0.00051  0.00034  0.00034] , auc=[0.50178], sum_recall=[0.01281]
Epoch 1 [37.7s + 12.0s]: train==[3.61077 = 1.28527 + 2.32549], recall= [ 0.01793  0.06299  0.09510  0.11617] , precision= [ 0.01793  0.01332  0.01025  0.00831] , auc=[0.67035], sum_recall=[0.29220]
Epoch 2 [37.8s + 11.9s]: train==[3.12156 = 0.80040 + 2.32116], recall= [ 0.02434  0.08562  0.13503  0.16415] , precision= [ 0.02477  0.01845  0.01503  0.01218] , auc=[0.74279], sum_recall=[0.40915]
Epoch 3 [38.0s + 12.5s]: train==[2.90038 = 0.58401 + 2.31637], recall= [ 0.02647  0.09638  0.14475  0.18380] , precision= [ 0.02733  0.02152  0.01623  0.01378] , auc=[0.77275], sum_recall=[0.45139]
Epoch 4 [37.9s + 12.4s]: train==[2.78985 = 0.47790 + 2.31196], recall= [ 0.02562  0.09552  0.15119  0.19002] , precision= [ 0.02647  0.02135  0.01725  0.01440] , auc=[0.78736], sum_recall=[0.46235]
Epoch 5 [38.3s + 11.7s]: train==[2.73969 = 0.43144 + 2.30825], recall= [ 0.02306  0.09900  0.15862  0.19962] , precision= [ 0.02391  0.02254  0.01810  0.01509] , auc=[0.79544], sum_recall=[0.48030]
Epoch 6 [37.7s + 11.5s]: train==[2.68330 = 0.37786 + 2.30544], recall= [ 0.02405  0.10228  0.16276  0.20304] , precision= [ 0.02562  0.02357  0.01862  0.01531] , auc=[0.79978], sum_recall=[0.49213]
Epoch 7 [37.5s + 12.1s]: train==[2.64080 = 0.33725 + 2.30356], recall= [ 0.01907  0.10340  0.16276  0.20259] , precision= [ 0.02135  0.02374  0.01862  0.01531] , auc=[0.80217], sum_recall=[0.48782]
Epoch 8 [37.8s + 11.4s]: train==[2.62927 = 0.32678 + 2.30249], recall= [ 0.01907  0.09949  0.16233  0.20387] , precision= [ 0.02135  0.02306  0.01862  0.01543] , auc=[0.80367], sum_recall=[0.48476]
Epoch 9 [38.2s + 11.8s]: train==[2.60624 = 0.30419 + 2.30204], recall= [ 0.02021  0.10450  0.16532  0.20558] , precision= [ 0.02306  0.02391  0.01896  0.01554] , auc=[0.80465], sum_recall=[0.49562]
Epoch 10 [37.8s + 12.5s]: train==[2.59174 = 0.28986 + 2.30188], recall= [ 0.01957  0.10418  0.16929  0.20458] , precision= [ 0.02306  0.02391  0.01947  0.01543] , auc=[0.80510], sum_recall=[0.49763]
Epoch 11 [37.8s + 12.3s]: train==[2.57602 = 0.27444 + 2.30158], recall= [ 0.01957  0.10450  0.16918  0.20715] , precision= [ 0.02306  0.02391  0.01939  0.01560] , auc=[0.80545], sum_recall=[0.50040]
Epoch 12 [38.1s + 11.8s]: train==[2.56371 = 0.26285 + 2.30087], recall= [ 0.01850  0.10228  0.16682  0.20917] , precision= [ 0.02135  0.02340  0.01896  0.01577] , auc=[0.80590], sum_recall=[0.49678]
Epoch 13 [37.9s + 13.9s]: train==[2.54558 = 0.24627 + 2.29931], recall= [ 0.01921  0.10228  0.16771  0.21080] , precision= [ 0.02135  0.02340  0.01904  0.01588] , auc=[0.80662], sum_recall=[0.50001]
Epoch 14 [37.8s + 12.5s]: train==[2.54026 = 0.24357 + 2.29669], recall= [ 0.02000  0.10399  0.17006  0.20823] , precision= [ 0.02220  0.02374  0.01939  0.01571] , auc=[0.80777], sum_recall=[0.50229]
Epoch 15 [38.4s + 12.2s]: train==[2.52310 = 0.22999 + 2.29311], recall= [ 0.02085  0.10314  0.16994  0.21148] , precision= [ 0.02306  0.02357  0.01930  0.01588] , auc=[0.80936], sum_recall=[0.50541]
Epoch 16 [38.0s + 11.8s]: train==[2.51596 = 0.22729 + 2.28867], recall= [ 0.02185  0.10186  0.17037  0.21071] , precision= [ 0.02477  0.02340  0.01939  0.01588] , auc=[0.81107], sum_recall=[0.50478]
Epoch 17 [38.0s + 12.2s]: train==[2.50571 = 0.22203 + 2.28368], recall= [ 0.02441  0.10186  0.16973  0.20826] , precision= [ 0.02733  0.02340  0.01930  0.01577] , auc=[0.81315], sum_recall=[0.50425]
Epoch 18 [38.2s + 11.1s]: train==[2.49642 = 0.21796 + 2.27846], recall= [ 0.02441  0.10100  0.16973  0.20925] , precision= [ 0.02733  0.02323  0.01930  0.01588] , auc=[0.81503], sum_recall=[0.50439]
Epoch 19 [38.0s + 12.0s]: train==[2.48272 = 0.20950 + 2.27322], recall= [ 0.02590  0.10111  0.17058  0.20754] , precision= [ 0.02818  0.02340  0.01939  0.01577] , auc=[0.81667], sum_recall=[0.50514]
Epoch 20 [37.7s + 12.1s]: train==[2.47249 = 0.20430 + 2.26819], recall= [ 0.02590  0.10389  0.17058  0.20913] , precision= [ 0.02818  0.02391  0.01939  0.01583] , auc=[0.81796], sum_recall=[0.50950]
Epoch 21 [38.1s + 11.6s]: train==[2.45851 = 0.19512 + 2.26339], recall= [ 0.02676  0.10246  0.17072  0.20840] , precision= [ 0.02904  0.02340  0.01947  0.01583] , auc=[0.81899], sum_recall=[0.50834]
Epoch 22 [37.7s + 12.0s]: train==[2.44937 = 0.19050 + 2.25887], recall= [ 0.02847  0.10502  0.17136  0.20902] , precision= [ 0.03074  0.02391  0.01947  0.01600] , auc=[0.81965], sum_recall=[0.51387]
Epoch 23 [37.7s + 12.4s]: train==[2.44130 = 0.18663 + 2.25467], recall= [ 0.02847  0.10588  0.17243  0.20794] , precision= [ 0.03074  0.02408  0.01964  0.01583] , auc=[0.82012], sum_recall=[0.51471]
Epoch 24 [37.7s + 11.5s]: train==[2.44004 = 0.18929 + 2.25075], recall= [ 0.02747  0.10634  0.17298  0.20922] , precision= [ 0.02904  0.02425  0.01973  0.01600] , auc=[0.82060], sum_recall=[0.51601]
Epoch 25 [38.5s + 12.2s]: train==[2.43354 = 0.18628 + 2.24726], recall= [ 0.02832  0.10534  0.17286  0.20964] , precision= [ 0.02989  0.02391  0.01964  0.01594] , auc=[0.82128], sum_recall=[0.51617]
Epoch 26 [37.8s + 12.2s]: train==[2.42772 = 0.18374 + 2.24399], recall= [ 0.02832  0.10449  0.17405  0.21107] , precision= [ 0.02989  0.02391  0.01990  0.01600] , auc=[0.82185], sum_recall=[0.51793]
Epoch 27 [38.2s + 11.8s]: train==[2.41535 = 0.17433 + 2.24102], recall= [ 0.02918  0.10534  0.17576  0.21306] , precision= [ 0.03074  0.02408  0.02007  0.01617] , auc=[0.82238], sum_recall=[0.52334]
Epoch 28 [38.3s + 11.4s]: train==[2.40710 = 0.16866 + 2.23843], recall= [ 0.02747  0.10705  0.17917  0.21221] , precision= [ 0.02904  0.02442  0.02041  0.01611] , auc=[0.82285], sum_recall=[0.52590]
Epoch 29 [38.0s + 12.8s]: train==[2.40518 = 0.16904 + 2.23615], recall= [ 0.02747  0.10663  0.18010  0.21242] , precision= [ 0.02904  0.02425  0.02050  0.01617] , auc=[0.82278], sum_recall=[0.52661]
Epoch 30 [38.0s + 11.8s]: train==[2.40457 = 0.17031 + 2.23426], recall= [ 0.02747  0.10844  0.18116  0.21370] , precision= [ 0.02904  0.02477  0.02050  0.01623] , auc=[0.82259], sum_recall=[0.53077]
Epoch 31 [38.5s + 11.8s]: train==[2.40298 = 0.17030 + 2.23268], recall= [ 0.02918  0.10631  0.18209  0.21612] , precision= [ 0.03074  0.02442  0.02058  0.01634] , auc=[0.82257], sum_recall=[0.53369]
Epoch 32 [38.1s + 12.1s]: train==[2.39747 = 0.16606 + 2.23141], recall= [ 0.03003  0.10699  0.18237  0.21793] , precision= [ 0.03160  0.02442  0.02067  0.01651] , auc=[0.82271], sum_recall=[0.53733]
Epoch 33 [38.2s + 12.2s]: train==[2.38624 = 0.15596 + 2.23028], recall= [ 0.02918  0.10784  0.18376  0.22044] , precision= [ 0.03074  0.02477  0.02084  0.01668] , auc=[0.82297], sum_recall=[0.54122]
Epoch 34 [38.1s + 11.3s]: train==[2.38996 = 0.16066 + 2.22930], recall= [ 0.02918  0.10866  0.18269  0.22172] , precision= [ 0.03074  0.02494  0.02075  0.01679] , auc=[0.82335], sum_recall=[0.54225]
Epoch 35 [37.7s + 11.7s]: train==[2.38857 = 0.16008 + 2.22849], recall= [ 0.02683  0.10747  0.18184  0.22263] , precision= [ 0.02904  0.02477  0.02067  0.01691] , auc=[0.82366], sum_recall=[0.53876]
Epoch 36 [38.0s + 12.0s]: train==[2.37938 = 0.15159 + 2.22779], recall= [ 0.02640  0.10867  0.18184  0.22348] , precision= [ 0.02818  0.02511  0.02067  0.01697] , auc=[0.82362], sum_recall=[0.54039]
Epoch 37 [38.0s + 11.6s]: train==[2.37329 = 0.14605 + 2.22724], recall= [ 0.02768  0.11134  0.18376  0.22690] , precision= [ 0.02989  0.02579  0.02092  0.01719] , auc=[0.82342], sum_recall=[0.54968]
Epoch 38 [37.8s + 12.0s]: train==[2.36969 = 0.14289 + 2.22679], recall= [ 0.02754  0.10963  0.18291  0.22497] , precision= [ 0.02904  0.02545  0.02075  0.01702] , auc=[0.82301], sum_recall=[0.54505]
Epoch 39 [37.8s + 12.5s]: train==[2.37719 = 0.15065 + 2.22654], recall= [ 0.02669  0.10792  0.18590  0.22469] , precision= [ 0.02818  0.02511  0.02109  0.01708] , auc=[0.82260], sum_recall=[0.54519]
Epoch 40 [38.3s + 11.4s]: train==[2.36805 = 0.14178 + 2.22627], recall= [ 0.02754  0.10792  0.18824  0.22383] , precision= [ 0.02904  0.02511  0.02143  0.01702] , auc=[0.82231], sum_recall=[0.54754]
Epoch 41 [38.3s + 11.8s]: train==[2.36744 = 0.14135 + 2.22609], recall= [ 0.02754  0.10813  0.18751  0.22448] , precision= [ 0.02904  0.02528  0.02143  0.01708] , auc=[0.82202], sum_recall=[0.54766]
Epoch 42 [38.6s + 12.1s]: train==[2.36130 = 0.13535 + 2.22595], recall= [ 0.02839  0.10547  0.18580  0.22554] , precision= [ 0.02989  0.02459  0.02126  0.01714] , auc=[0.82188], sum_recall=[0.54521]
Epoch 43 [37.8s + 11.8s]: train==[2.35685 = 0.13104 + 2.22582], recall= [ 0.02754  0.10504  0.18580  0.22810] , precision= [ 0.02904  0.02442  0.02126  0.01731] , auc=[0.82227], sum_recall=[0.54649]
Epoch 44 [37.5s + 11.5s]: train==[2.35817 = 0.13250 + 2.22568], recall= [ 0.02754  0.10636  0.18654  0.22930] , precision= [ 0.02904  0.02442  0.02126  0.01742] , auc=[0.82258], sum_recall=[0.54974]
Epoch 45 [37.6s + 12.1s]: train==[2.35320 = 0.12767 + 2.22553], recall= [ 0.02946  0.10508  0.18666  0.22873] , precision= [ 0.03160  0.02425  0.02135  0.01742] , auc=[0.82276], sum_recall=[0.54993]
End of trainning! Best recall= [ 0.02683  0.10747  0.18184  0.22263] , precision= [ 0.02904  0.02477  0.02067  0.01691] , auc=[0.82366]
test.sh: line 45: -gpu_id: command not found
Namespace(Ks=[1, 5, 10, 15], T=0.01, alpha=3.0, batch_size=512, beta=0.1, dataset='./OMIM/bigraph/cross1', dropout=0.3, emb_dim=100, gamma=0.1, gpu_id=-1, hid_dim=100, k=0.4, layer_size='[100]', learning_rate=0.005, mi_batch_size=1000, mi_kind='js', neg_num=5, num_epochs=1000, pretrain=None, reg=0.001, seed=54321, show_model_param=False, show_step=1, type=3, weight=None)
2021-12-29 16:17:30
loading data...
[n_users, n_items]=[3209, 12211]
[n_train, n_test]=[2636, 1318]
[n_edges]=[285362]
Using GPU 1,  memory_free: 24265
tensor([-0.0077,  0.0408, -0.0058, -0.0294,  0.0252], device='cuda:1')
Loading Model..Number of Model Parameters:  1602402
Epoch 0 [38.8s + 10.6s]: train==[5.27360 = 2.94716 + 2.32644], recall= [ 0.00171  0.00256  0.00342  0.00512] , precision= [ 0.00171  0.00051  0.00034  0.00034] , auc=[0.50178], sum_recall=[0.01281]
Epoch 1 [45.4s + 11.8s]: train==[3.61073 = 1.28523 + 2.32549], recall= [ 0.01793  0.06299  0.09510  0.11617] , precision= [ 0.01793  0.01332  0.01025  0.00831] , auc=[0.67046], sum_recall=[0.29220]
Epoch 2 [39.0s + 12.2s]: train==[3.12160 = 0.80043 + 2.32116], recall= [ 0.02434  0.08733  0.13503  0.16415] , precision= [ 0.02477  0.01879  0.01503  0.01218] , auc=[0.74297], sum_recall=[0.41086]
Epoch 3 [39.0s + 12.7s]: train==[2.90015 = 0.58378 + 2.31637], recall= [ 0.02647  0.09595  0.14475  0.18380] , precision= [ 0.02733  0.02135  0.01623  0.01378] , auc=[0.77289], sum_recall=[0.45097]
Epoch 4 [39.0s + 13.2s]: train==[2.78967 = 0.47771 + 2.31196], recall= [ 0.02647  0.09552  0.15119  0.19002] , precision= [ 0.02733  0.02135  0.01725  0.01440] , auc=[0.78752], sum_recall=[0.46320]
Epoch 5 [45.2s + 11.8s]: train==[2.73959 = 0.43135 + 2.30824], recall= [ 0.02306  0.09841  0.15947  0.19877] , precision= [ 0.02391  0.02220  0.01819  0.01503] , auc=[0.79554], sum_recall=[0.47970]
Epoch 6 [45.4s + 11.9s]: train==[2.68311 = 0.37769 + 2.30542], recall= [ 0.02448  0.10142  0.16262  0.20304] , precision= [ 0.02647  0.02340  0.01853  0.01531] , auc=[0.79985], sum_recall=[0.49156]
Epoch 7 [39.3s + 12.2s]: train==[2.64065 = 0.33714 + 2.30350], recall= [ 0.01936  0.10426  0.16105  0.20259] , precision= [ 0.02220  0.02391  0.01845  0.01531] , auc=[0.80224], sum_recall=[0.48726]
Epoch 8 [38.7s + 11.6s]: train==[2.62927 = 0.32683 + 2.30243], recall= [ 0.02021  0.09863  0.16203  0.20302] , precision= [ 0.02306  0.02289  0.01862  0.01537] , auc=[0.80372], sum_recall=[0.48389]
Epoch 9 [39.3s + 12.2s]: train==[2.60627 = 0.30428 + 2.30199], recall= [ 0.02021  0.10376  0.16618  0.20558] , precision= [ 0.02306  0.02391  0.01904  0.01554] , auc=[0.80468], sum_recall=[0.49572]
Epoch 10 [39.3s + 12.4s]: train==[2.59178 = 0.28991 + 2.30187], recall= [ 0.01957  0.10418  0.17057  0.20458] , precision= [ 0.02306  0.02391  0.01956  0.01543] , auc=[0.80520], sum_recall=[0.49891]
Epoch 11 [39.2s + 11.7s]: train==[2.57611 = 0.27450 + 2.30161], recall= [ 0.01929  0.10280  0.16833  0.20800] , precision= [ 0.02220  0.02357  0.01930  0.01566] , auc=[0.80552], sum_recall=[0.49841]
Epoch 12 [39.2s + 12.7s]: train==[2.56388 = 0.26295 + 2.30093], recall= [ 0.01822  0.10135  0.16596  0.20981] , precision= [ 0.02050  0.02306  0.01887  0.01577] , auc=[0.80592], sum_recall=[0.49534]
Epoch 13 [39.6s + 12.8s]: train==[2.54572 = 0.24634 + 2.29938], recall= [ 0.01836  0.10058  0.16686  0.20994] , precision= [ 0.02050  0.02306  0.01896  0.01583] , auc=[0.80660], sum_recall=[0.49574]
Epoch 14 [39.3s + 11.7s]: train==[2.54072 = 0.24397 + 2.29675], recall= [ 0.01914  0.10399  0.16793  0.20845] , precision= [ 0.02135  0.02374  0.01913  0.01577] , auc=[0.80769], sum_recall=[0.49951]
Epoch 15 [39.1s + 11.5s]: train==[2.52331 = 0.23019 + 2.29312], recall= [ 0.02064  0.10228  0.16994  0.20742] , precision= [ 0.02220  0.02340  0.01930  0.01566] , auc=[0.80919], sum_recall=[0.50029]
Epoch 16 [38.9s + 12.2s]: train==[2.51586 = 0.22724 + 2.28862], recall= [ 0.02099  0.10100  0.16823  0.20836] , precision= [ 0.02391  0.02323  0.01913  0.01577] , auc=[0.81100], sum_recall=[0.49859]
Epoch 17 [45.4s + 12.2s]: train==[2.50578 = 0.22219 + 2.28359], recall= [ 0.02356  0.10186  0.16994  0.20815] , precision= [ 0.02647  0.02340  0.01939  0.01571] , auc=[0.81305], sum_recall=[0.50350]
Epoch 18 [45.3s + 11.8s]: train==[2.49667 = 0.21832 + 2.27835], recall= [ 0.02420  0.10410  0.16887  0.21438] , precision= [ 0.02647  0.02408  0.01921  0.01623] , auc=[0.81486], sum_recall=[0.51154]
Epoch 19 [41.1s + 12.4s]: train==[2.48273 = 0.20960 + 2.27313], recall= [ 0.02590  0.10325  0.17058  0.20925] , precision= [ 0.02818  0.02391  0.01939  0.01588] , auc=[0.81648], sum_recall=[0.50898]
Epoch 20 [39.7s + 12.2s]: train==[2.47280 = 0.20468 + 2.26812], recall= [ 0.02590  0.10474  0.17072  0.20828] , precision= [ 0.02818  0.02408  0.01947  0.01577] , auc=[0.81784], sum_recall=[0.50964]
Epoch 21 [39.1s + 11.6s]: train==[2.45878 = 0.19543 + 2.26334], recall= [ 0.02590  0.10374  0.17115  0.20600] , precision= [ 0.02818  0.02374  0.01947  0.01566] , auc=[0.81891], sum_recall=[0.50680]
Epoch 22 [39.0s + 12.0s]: train==[2.44955 = 0.19070 + 2.25885], recall= [ 0.02676  0.10759  0.17307  0.20719] , precision= [ 0.02904  0.02442  0.01964  0.01583] , auc=[0.81971], sum_recall=[0.51460]
Epoch 23 [39.0s + 12.8s]: train==[2.44167 = 0.18701 + 2.25467], recall= [ 0.02832  0.10545  0.17414  0.20945] , precision= [ 0.02989  0.02408  0.01981  0.01611] , auc=[0.82025], sum_recall=[0.51736]
Epoch 24 [40.6s + 12.2s]: train==[2.44025 = 0.18950 + 2.25075], recall= [ 0.02747  0.10442  0.17371  0.20904] , precision= [ 0.02904  0.02374  0.01973  0.01600] , auc=[0.82084], sum_recall=[0.51464]
Epoch 25 [39.7s + 12.5s]: train==[2.43399 = 0.18673 + 2.24726], recall= [ 0.02832  0.10431  0.17457  0.20776] , precision= [ 0.02989  0.02391  0.01981  0.01583] , auc=[0.82149], sum_recall=[0.51496]
Epoch 26 [39.3s + 13.4s]: train==[2.42836 = 0.18436 + 2.24399], recall= [ 0.02747  0.10588  0.17649  0.20975] , precision= [ 0.02904  0.02425  0.02007  0.01600] , auc=[0.82205], sum_recall=[0.51959]
Epoch 27 [39.7s + 11.9s]: train==[2.41562 = 0.17460 + 2.24102], recall= [ 0.02747  0.10502  0.17820  0.21044] , precision= [ 0.02904  0.02408  0.02024  0.01605] , auc=[0.82257], sum_recall=[0.52113]
Epoch 28 [39.6s + 11.7s]: train==[2.40731 = 0.16887 + 2.23844], recall= [ 0.02747  0.10588  0.17817  0.21288] , precision= [ 0.02904  0.02425  0.02024  0.01617] , auc=[0.82285], sum_recall=[0.52440]
Epoch 29 [39.9s + 12.5s]: train==[2.40541 = 0.16926 + 2.23615], recall= [ 0.02832  0.10759  0.18158  0.21395] , precision= [ 0.02989  0.02459  0.02058  0.01628] , auc=[0.82270], sum_recall=[0.53143]
Epoch 30 [39.9s + 12.1s]: train==[2.40509 = 0.17083 + 2.23426], recall= [ 0.02918  0.10673  0.18138  0.21452] , precision= [ 0.03074  0.02442  0.02058  0.01628] , auc=[0.82225], sum_recall=[0.53181]
Epoch 31 [40.3s + 11.9s]: train==[2.40340 = 0.17070 + 2.23269], recall= [ 0.03089  0.10673  0.18038  0.21688] , precision= [ 0.03245  0.02442  0.02041  0.01645] , auc=[0.82237], sum_recall=[0.53488]
Epoch 32 [39.9s + 11.8s]: train==[2.39788 = 0.16644 + 2.23144], recall= [ 0.03174  0.10716  0.18077  0.21688] , precision= [ 0.03330  0.02459  0.02058  0.01645] , auc=[0.82259], sum_recall=[0.53655]
Epoch 33 [39.5s + 12.8s]: train==[2.38639 = 0.15607 + 2.23032], recall= [ 0.03089  0.10774  0.18248  0.21930] , precision= [ 0.03245  0.02477  0.02075  0.01657] , auc=[0.82299], sum_recall=[0.54041]
Epoch 34 [39.8s + 12.2s]: train==[2.39022 = 0.16086 + 2.22936], recall= [ 0.02832  0.10853  0.18419  0.22028] , precision= [ 0.02989  0.02494  0.02092  0.01668] , auc=[0.82333], sum_recall=[0.54132]
Epoch 35 [39.7s + 12.4s]: train==[2.38870 = 0.16014 + 2.22856], recall= [ 0.02683  0.10875  0.18077  0.22220] , precision= [ 0.02904  0.02511  0.02058  0.01685] , auc=[0.82362], sum_recall=[0.53855]
Epoch 36 [39.7s + 12.8s]: train==[2.37914 = 0.15127 + 2.22787], recall= [ 0.02619  0.11006  0.18248  0.22348] , precision= [ 0.02904  0.02562  0.02075  0.01691] , auc=[0.82355], sum_recall=[0.54220]
Epoch 37 [39.8s + 11.7s]: train==[2.37317 = 0.14587 + 2.22730], recall= [ 0.02647  0.10920  0.18397  0.22675] , precision= [ 0.02818  0.02545  0.02092  0.01719] , auc=[0.82353], sum_recall=[0.54640]
Epoch 38 [40.0s + 12.0s]: train==[2.36982 = 0.14301 + 2.22681], recall= [ 0.02647  0.10792  0.18654  0.22661] , precision= [ 0.02818  0.02511  0.02118  0.01719] , auc=[0.82322], sum_recall=[0.54754]
Epoch 39 [39.7s + 12.7s]: train==[2.37744 = 0.15094 + 2.22650], recall= [ 0.02647  0.10696  0.18718  0.22640] , precision= [ 0.02818  0.02477  0.02118  0.01714] , auc=[0.82288], sum_recall=[0.54701]
Epoch 40 [39.3s + 11.5s]: train==[2.36851 = 0.14233 + 2.22618], recall= [ 0.02605  0.10867  0.18590  0.22640] , precision= [ 0.02818  0.02511  0.02109  0.01714] , auc=[0.82258], sum_recall=[0.54701]
Epoch 41 [39.6s + 11.9s]: train==[2.36768 = 0.14170 + 2.22598], recall= [ 0.02519  0.10952  0.18760  0.22682] , precision= [ 0.02733  0.02528  0.02126  0.01725] , auc=[0.82216], sum_recall=[0.54914]
Epoch 42 [40.1s + 12.9s]: train==[2.36142 = 0.13556 + 2.22586], recall= [ 0.02605  0.10899  0.18696  0.22981] , precision= [ 0.02818  0.02545  0.02126  0.01748] , auc=[0.82196], sum_recall=[0.55181]
Epoch 43 [39.5s + 13.2s]: train==[2.35691 = 0.13114 + 2.22577], recall= [ 0.02605  0.10942  0.18739  0.23003] , precision= [ 0.02818  0.02545  0.02135  0.01748] , auc=[0.82219], sum_recall=[0.55288]
Epoch 44 [39.4s + 11.8s]: train==[2.35804 = 0.13236 + 2.22568], recall= [ 0.02519  0.10906  0.18654  0.22917] , precision= [ 0.02733  0.02511  0.02126  0.01742] , auc=[0.82236], sum_recall=[0.54996]
Epoch 45 [39.6s + 12.9s]: train==[2.35289 = 0.12733 + 2.22555], recall= [ 0.02605  0.10547  0.18397  0.22832] , precision= [ 0.02818  0.02425  0.02101  0.01736] , auc=[0.82251], sum_recall=[0.54381]
End of trainning! Best recall= [ 0.02683  0.10875  0.18077  0.22220] , precision= [ 0.02904  0.02511  0.02058  0.01685] , auc=[0.82362]
test.sh: line 45: -gpu_id: command not found
Namespace(Ks=[1, 5, 10, 15], T=0.01, alpha=3.0, batch_size=512, beta=0.1, dataset='./OMIM/bigraph/cross1', dropout=0.3, emb_dim=100, gamma=0.1, gpu_id=-1, hid_dim=100, k=0.5, layer_size='[100]', learning_rate=0.005, mi_batch_size=1000, mi_kind='js', neg_num=5, num_epochs=1000, pretrain=None, reg=0.001, seed=54321, show_model_param=False, show_step=1, type=3, weight=None)
2021-12-29 16:57:46
loading data...
[n_users, n_items]=[3209, 12211]
[n_train, n_test]=[2636, 1318]
[n_edges]=[285362]
Using GPU 1,  memory_free: 24265
tensor([-0.0077,  0.0408, -0.0058, -0.0294,  0.0252], device='cuda:1')
Loading Model..Number of Model Parameters:  1602402
Epoch 0 [40.8s + 9.2s]: train==[5.27360 = 2.94716 + 2.32644], recall= [ 0.00171  0.00256  0.00342  0.00512] , precision= [ 0.00171  0.00051  0.00034  0.00034] , auc=[0.50178], sum_recall=[0.01281]
Epoch 1 [41.1s + 11.1s]: train==[3.61071 = 1.28522 + 2.32549], recall= [ 0.01793  0.06299  0.09510  0.11617] , precision= [ 0.01793  0.01332  0.01025  0.00831] , auc=[0.67044], sum_recall=[0.29220]
Epoch 2 [41.0s + 11.0s]: train==[3.12159 = 0.80042 + 2.32116], recall= [ 0.02434  0.08562  0.13503  0.16415] , precision= [ 0.02477  0.01845  0.01503  0.01218] , auc=[0.74287], sum_recall=[0.40915]
Epoch 3 [41.0s + 11.8s]: train==[2.90035 = 0.58397 + 2.31637], recall= [ 0.02647  0.09510  0.14560  0.18380] , precision= [ 0.02733  0.02118  0.01631  0.01378] , auc=[0.77282], sum_recall=[0.45097]
Epoch 4 [41.4s + 12.7s]: train==[2.78985 = 0.47789 + 2.31196], recall= [ 0.02647  0.09552  0.15183  0.19002] , precision= [ 0.02733  0.02135  0.01725  0.01440] , auc=[0.78742], sum_recall=[0.46384]
Epoch 5 [40.6s + 12.1s]: train==[2.73969 = 0.43144 + 2.30825], recall= [ 0.02306  0.09772  0.15862  0.19962] , precision= [ 0.02391  0.02220  0.01810  0.01509] , auc=[0.79551], sum_recall=[0.47902]
Epoch 6 [41.2s + 14.2s]: train==[2.68327 = 0.37782 + 2.30544], recall= [ 0.02448  0.10228  0.16361  0.20304] , precision= [ 0.02647  0.02357  0.01870  0.01531] , auc=[0.79984], sum_recall=[0.49341]
Epoch 7 [41.9s + 12.9s]: train==[2.64080 = 0.33726 + 2.30354], recall= [ 0.01936  0.10340  0.16203  0.20174] , precision= [ 0.02220  0.02374  0.01862  0.01526] , auc=[0.80221], sum_recall=[0.48652]
Epoch 8 [41.0s + 12.0s]: train==[2.62933 = 0.32687 + 2.30245], recall= [ 0.01907  0.09863  0.16416  0.20387] , precision= [ 0.02135  0.02289  0.01887  0.01543] , auc=[0.80371], sum_recall=[0.48574]
Epoch 9 [41.1s + 11.6s]: train==[2.60629 = 0.30430 + 2.30199], recall= [ 0.02021  0.10450  0.16630  0.20558] , precision= [ 0.02306  0.02391  0.01913  0.01554] , auc=[0.80468], sum_recall=[0.49659]
Epoch 10 [40.4s + 11.3s]: train==[2.59175 = 0.28993 + 2.30182], recall= [ 0.01957  0.10333  0.17014  0.20373] , precision= [ 0.02306  0.02374  0.01956  0.01537] , auc=[0.80518], sum_recall=[0.49677]
Epoch 11 [40.6s + 11.5s]: train==[2.57600 = 0.27447 + 2.30153], recall= [ 0.01929  0.10365  0.16918  0.20885] , precision= [ 0.02220  0.02374  0.01939  0.01571] , auc=[0.80556], sum_recall=[0.50097]
Epoch 12 [40.8s + 11.0s]: train==[2.56365 = 0.26282 + 2.30083], recall= [ 0.01822  0.10143  0.16682  0.20981] , precision= [ 0.02050  0.02323  0.01896  0.01577] , auc=[0.80599], sum_recall=[0.49628]
Epoch 13 [40.5s + 12.1s]: train==[2.54550 = 0.24621 + 2.29929], recall= [ 0.01893  0.10143  0.16750  0.21080] , precision= [ 0.02050  0.02323  0.01896  0.01588] , auc=[0.80669], sum_recall=[0.49866]
Epoch 14 [46.9s + 11.2s]: train==[2.54024 = 0.24358 + 2.29667], recall= [ 0.02000  0.10399  0.16921  0.20930] , precision= [ 0.02220  0.02374  0.01930  0.01583] , auc=[0.80786], sum_recall=[0.50250]
Epoch 15 [46.7s + 11.2s]: train==[2.52313 = 0.23008 + 2.29305], recall= [ 0.02014  0.10271  0.16921  0.20999] , precision= [ 0.02306  0.02357  0.01930  0.01583] , auc=[0.80948], sum_recall=[0.50204]
Epoch 16 [46.6s + 11.4s]: train==[2.51595 = 0.22736 + 2.28859], recall= [ 0.02099  0.10015  0.16866  0.21071] , precision= [ 0.02391  0.02306  0.01921  0.01588] , auc=[0.81114], sum_recall=[0.50051]
Epoch 17 [40.5s + 11.4s]: train==[2.50572 = 0.22214 + 2.28357], recall= [ 0.02356  0.10100  0.16973  0.20900] , precision= [ 0.02647  0.02323  0.01930  0.01577] , auc=[0.81314], sum_recall=[0.50329]
Epoch 18 [40.4s + 10.6s]: train==[2.49642 = 0.21808 + 2.27834], recall= [ 0.02420  0.10100  0.16973  0.21011] , precision= [ 0.02647  0.02323  0.01930  0.01594] , auc=[0.81502], sum_recall=[0.50503]
Epoch 19 [40.5s + 11.0s]: train==[2.48265 = 0.20954 + 2.27311], recall= [ 0.02590  0.10196  0.17143  0.20562] , precision= [ 0.02818  0.02357  0.01947  0.01560] , auc=[0.81669], sum_recall=[0.50493]
Epoch 20 [47.0s + 12.6s]: train==[2.47235 = 0.20427 + 2.26809], recall= [ 0.02590  0.10282  0.17158  0.20937] , precision= [ 0.02818  0.02374  0.01956  0.01594] , auc=[0.81806], sum_recall=[0.50967]
Epoch 21 [40.4s + 10.9s]: train==[2.45847 = 0.19517 + 2.26330], recall= [ 0.02676  0.10289  0.17328  0.20617] , precision= [ 0.02904  0.02357  0.01973  0.01577] , auc=[0.81909], sum_recall=[0.50910]
Epoch 22 [40.3s + 11.4s]: train==[2.44924 = 0.19044 + 2.25880], recall= [ 0.02676  0.10588  0.17243  0.20562] , precision= [ 0.02904  0.02408  0.01964  0.01577] , auc=[0.81977], sum_recall=[0.51068]
Epoch 23 [40.4s + 11.8s]: train==[2.44130 = 0.18669 + 2.25461], recall= [ 0.02847  0.10588  0.17243  0.20719] , precision= [ 0.03074  0.02408  0.01964  0.01583] , auc=[0.82023], sum_recall=[0.51396]
Epoch 24 [40.5s + 10.9s]: train==[2.44013 = 0.18945 + 2.25069], recall= [ 0.02832  0.10559  0.17328  0.20879] , precision= [ 0.02989  0.02425  0.01973  0.01588] , auc=[0.82058], sum_recall=[0.51599]
Epoch 25 [40.2s + 11.6s]: train==[2.43379 = 0.18659 + 2.24720], recall= [ 0.02747  0.10634  0.17298  0.21021] , precision= [ 0.02904  0.02425  0.01973  0.01594] , auc=[0.82107], sum_recall=[0.51700]
Epoch 26 [40.5s + 11.9s]: train==[2.42805 = 0.18412 + 2.24393], recall= [ 0.02832  0.10449  0.17298  0.21085] , precision= [ 0.02989  0.02374  0.01973  0.01594] , auc=[0.82174], sum_recall=[0.51665]
Epoch 27 [40.7s + 10.9s]: train==[2.41553 = 0.17457 + 2.24096], recall= [ 0.02662  0.10502  0.17447  0.21256] , precision= [ 0.02818  0.02408  0.01990  0.01605] , auc=[0.82241], sum_recall=[0.51868]
Epoch 28 [40.7s + 11.5s]: train==[2.40711 = 0.16872 + 2.23839], recall= [ 0.02662  0.10492  0.17533  0.21375] , precision= [ 0.02818  0.02391  0.01998  0.01623] , auc=[0.82302], sum_recall=[0.52061]
Epoch 29 [40.5s + 11.7s]: train==[2.40498 = 0.16887 + 2.23611], recall= [ 0.02662  0.10631  0.18116  0.21310] , precision= [ 0.02818  0.02442  0.02050  0.01623] , auc=[0.82320], sum_recall=[0.52718]
Epoch 30 [40.6s + 12.3s]: train==[2.40444 = 0.17021 + 2.23422], recall= [ 0.02683  0.10502  0.18127  0.21423] , precision= [ 0.02904  0.02408  0.02058  0.01634] , auc=[0.82310], sum_recall=[0.52736]
Epoch 31 [40.9s + 11.7s]: train==[2.40297 = 0.17030 + 2.23267], recall= [ 0.02854  0.10588  0.18049  0.21487] , precision= [ 0.03074  0.02425  0.02050  0.01623] , auc=[0.82300], sum_recall=[0.52978]
Epoch 32 [40.7s + 11.3s]: train==[2.39726 = 0.16585 + 2.23142], recall= [ 0.03003  0.10767  0.18120  0.21615] , precision= [ 0.03160  0.02477  0.02067  0.01645] , auc=[0.82305], sum_recall=[0.53505]
Epoch 33 [41.2s + 12.2s]: train==[2.38622 = 0.15595 + 2.23028], recall= [ 0.02832  0.10799  0.18099  0.21964] , precision= [ 0.02989  0.02511  0.02058  0.01668] , auc=[0.82342], sum_recall=[0.53694]
Epoch 34 [41.6s + 11.2s]: train==[2.38956 = 0.16025 + 2.22931], recall= [ 0.02832  0.10785  0.18172  0.22037] , precision= [ 0.02989  0.02494  0.02058  0.01668] , auc=[0.82364], sum_recall=[0.53826]
Epoch 35 [41.4s + 11.7s]: train==[2.38849 = 0.15998 + 2.22851], recall= [ 0.02854  0.10870  0.18343  0.22122] , precision= [ 0.03074  0.02511  0.02075  0.01674] , auc=[0.82368], sum_recall=[0.54189]
Epoch 36 [40.8s + 11.4s]: train==[2.37924 = 0.15141 + 2.22782], recall= [ 0.02747  0.11176  0.18355  0.22208] , precision= [ 0.02989  0.02596  0.02084  0.01679] , auc=[0.82354], sum_recall=[0.54486]
Epoch 37 [40.5s + 11.4s]: train==[2.37302 = 0.14574 + 2.22728], recall= [ 0.02832  0.11123  0.18440  0.22549] , precision= [ 0.03074  0.02562  0.02092  0.01702] , auc=[0.82319], sum_recall=[0.54945]
Epoch 38 [41.1s + 11.8s]: train==[2.36969 = 0.14288 + 2.22681], recall= [ 0.02832  0.11038  0.18812  0.22692] , precision= [ 0.03074  0.02545  0.02143  0.01719] , auc=[0.82279], sum_recall=[0.55373]
Epoch 39 [40.3s + 11.4s]: train==[2.37728 = 0.15076 + 2.22653], recall= [ 0.02733  0.10867  0.18705  0.22640] , precision= [ 0.02904  0.02511  0.02135  0.01719] , auc=[0.82251], sum_recall=[0.54944]
Epoch 40 [40.2s + 10.2s]: train==[2.36835 = 0.14214 + 2.22621], recall= [ 0.02647  0.10781  0.18611  0.22546] , precision= [ 0.02818  0.02494  0.02118  0.01708] , auc=[0.82244], sum_recall=[0.54585]
Epoch 41 [44.7s + 10.6s]: train==[2.36735 = 0.14133 + 2.22601], recall= [ 0.02701  0.10781  0.18483  0.22554] , precision= [ 0.02989  0.02494  0.02109  0.01714] , auc=[0.82232], sum_recall=[0.54519]
Epoch 42 [46.7s + 12.1s]: train==[2.36136 = 0.13550 + 2.22586], recall= [ 0.02701  0.10696  0.18397  0.22640] , precision= [ 0.02989  0.02477  0.02101  0.01719] , auc=[0.82224], sum_recall=[0.54434]
Epoch 43 [40.1s + 10.8s]: train==[2.35680 = 0.13107 + 2.22573], recall= [ 0.02701  0.10579  0.18449  0.22917] , precision= [ 0.02989  0.02459  0.02118  0.01742] , auc=[0.82253], sum_recall=[0.54645]
Epoch 44 [46.9s + 10.6s]: train==[2.35796 = 0.13233 + 2.22563], recall= [ 0.02530  0.10607  0.18491  0.22981] , precision= [ 0.02818  0.02459  0.02118  0.01742] , auc=[0.82254], sum_recall=[0.54610]
Epoch 45 [46.2s + 11.5s]: train==[2.35290 = 0.12741 + 2.22549], recall= [ 0.02701  0.10692  0.18418  0.23001] , precision= [ 0.02989  0.02477  0.02118  0.01742] , auc=[0.82258], sum_recall=[0.54813]
End of trainning! Best recall= [ 0.02854  0.10870  0.18343  0.22122] , precision= [ 0.03074  0.02511  0.02075  0.01674] , auc=[0.82368]
test.sh: line 45: -gpu_id: command not found
Namespace(Ks=[1, 5, 10, 15], T=0.01, alpha=3.0, batch_size=512, beta=0.1, dataset='./OMIM/bigraph/cross1', dropout=0.3, emb_dim=100, gamma=0.1, gpu_id=-1, hid_dim=100, k=0.6, layer_size='[100]', learning_rate=0.005, mi_batch_size=1000, mi_kind='js', neg_num=5, num_epochs=1000, pretrain=None, reg=0.001, seed=54321, show_model_param=False, show_step=1, type=3, weight=None)
2021-12-29 17:38:42
loading data...
[n_users, n_items]=[3209, 12211]
[n_train, n_test]=[2636, 1318]
[n_edges]=[285362]
Using GPU 1,  memory_free: 24265
tensor([-0.0077,  0.0408, -0.0058, -0.0294,  0.0252], device='cuda:1')
Loading Model..Number of Model Parameters:  1602402
[589, 428, 2468, 1145, 2286, 706, 568, 2462, 326, 2952, 1186, 3179, 829, 336, 227, 2930, 2227, 345, 1802, 681, 929, 1556, 293, 1007, 820, 2196, 1877, 591, 2931, 2608, 678, 3039, 1985, 2160, 2529, 1101, 900, 112, 555, 772, 1792, 1234, 656, 1727, 1051, 542, 2348, 309, 2340, 1511, 2937, 197, 533, 478, 2195, 2866, 2959, 1118, 304, 447, 77, 1907, 827, 1911, 2909, 719, 810, 2658, 1243, 2007, 2561, 1665, 157, 2974, 181, 146, 2474, 261, 1854, 3187, 2833, 289, 311, 2505, 1926, 1659, 1357, 362, 1675, 2055, 21, 271, 3026, 338, 350, 3155, 1346, 539, 1116, 1925, 1388, 3068, 1565, 1179, 1028, 3094, 2220, 698, 1949, 2765, 1628, 537, 1920, 2793, 1298, 2507, 2806, 406, 54, 880, 2295, 10, 1523, 1633, 2391, 3100, 1716, 1611, 1304, 2042, 2499, 178, 2703, 396, 1736, 2291, 807, 411, 1343, 788, 1781, 1507, 25, 1799, 3049, 1062, 1398, 1478, 1461, 209, 646, 1390, 2151, 381, 2652, 2725, 1219, 2167, 466, 497, 29, 1102, 2605, 2674, 90, 1910, 7, 174, 592, 1875, 2485, 2729, 2730, 2419, 93, 1574, 741, 1749, 680, 2844, 2885, 2302, 559, 1439, 938, 1089, 141, 2475, 1880, 458, 1554, 2137, 2842, 2906, 3195, 2870, 910, 1259, 1427, 2256, 2317, 3036, 403, 2231, 2265, 642, 1850, 2233, 1494, 629, 1166, 530, 584, 763, 342, 2332, 2144, 874, 2809, 2841, 219, 744, 1937, 107, 161, 312, 1052, 1255, 2282, 2228, 2489, 1034, 765, 578, 51, 1746, 1756, 2454, 149, 61, 1236, 1462, 1534, 2326, 3015, 2867, 712, 2614, 407, 682, 1030, 1729, 2587, 3045, 924, 198, 793, 166, 651, 1908, 2318, 2987, 117, 2472, 2805, 2963, 3115, 1586, 1894, 156, 684, 19, 1229, 1262, 2031, 2351, 2812, 2917, 3018, 2456, 2079, 2713, 398, 2078, 2273, 2593, 2603, 2661, 3063, 2968, 2989, 585, 1585, 2205, 527, 1098, 2019, 2259, 2560, 299, 980, 2218, 1962, 2794, 200, 746, 148, 420, 516, 868, 1532, 121, 135, 199, 330, 622, 1702, 1965, 2206, 2354, 2756, 383, 1175, 1870, 254, 600, 723, 1603, 2116, 3022, 1886, 2235, 2385, 99, 138, 236, 666, 1270, 1418, 1923, 2110, 1860, 930, 1552, 756, 1529, 140, 214, 351, 959, 1127, 1130, 1661, 1770, 2374, 2477, 2764, 3080, 1305, 1780, 1861, 456, 1170, 1662, 1084, 1599, 1980, 2772, 2961, 3203, 211, 785, 981, 1107, 1249, 1389, 2123, 2558, 2653, 57, 1966, 189, 494, 513, 1524, 1535, 2021, 2943, 3078, 3111, 71, 647, 1673, 1871, 2028, 305, 333, 762, 1582, 796, 2103, 2089, 26, 875, 923, 1174, 1276, 1521, 1609, 1862, 1996, 2034, 2401, 2790, 3189, 595, 1416, 1668, 1975, 2174, 727, 850, 1075, 2488, 2958, 474, 1128, 1261, 1678, 1943, 2082, 2158, 2458, 2712, 2898, 2933, 1025, 1143, 377, 871, 1636, 3017, 1112, 2382, 388, 442, 903, 908, 1158, 2047, 2680, 3042, 229, 348, 519, 1387, 1650, 2198, 2520, 422, 797, 1440, 2011, 2100, 2279, 2580, 2635, 35, 39, 86, 212, 213, 215, 217, 267, 280, 296, 302, 471, 557, 645, 787, 843, 960, 1307, 1641, 1649, 1692, 1699, 1728, 1742, 1872, 1991, 2017, 2109, 2114, 2159, 2163, 2186, 2553]
Traceback (most recent call last):
  File "main.py", line 166, in <module>
    print('Epoch %d [%.1fs + %.1fs]: train==[%.5f = %.5f + %.5f], recall=' % (epoch, t2 - t1, t3 - t2, bpr_loss+mi_loss, bpr_loss, mi_loss) \
NameError: name 't2' is not defined
test.sh: line 45: -gpu_id: command not found
Namespace(Ks=[1, 5, 10, 15], T=0.01, alpha=3.0, batch_size=512, beta=0.1, dataset='./OMIM/bigraph/cross1', dropout=0.3, emb_dim=100, gamma=0.1, gpu_id=-1, hid_dim=100, k=0.7, layer_size='[100]', learning_rate=0.005, mi_batch_size=1000, mi_kind='js', neg_num=5, num_epochs=1000, pretrain=None, reg=0.001, seed=54321, show_model_param=False, show_step=1, type=3, weight=None)
2021-12-29 17:38:58
loading data...
[n_users, n_items]=[3209, 12211]
[n_train, n_test]=[2636, 1318]
[n_edges]=[285362]
Using GPU 1,  memory_free: 24265
tensor([-0.0077,  0.0408, -0.0058, -0.0294,  0.0252], device='cuda:1')
Loading Model..Number of Model Parameters:  1602402
[589, 428, 2468, 1145, 2286, 706, 568, 2462, 326, 2952, 1186, 3179, 829, 336, 227, 2930, 2227, 345, 1802, 681, 929, 1556, 293, 1007, 820, 2196, 1877, 591, 2931, 2608, 678, 3039, 1985, 2160, 2529, 1101, 900, 112, 555, 772, 1792, 1234, 656, 1727, 1051, 542, 2348, 309, 2340, 1511, 2937, 197, 533, 478, 2195, 2866, 2959, 1118, 304, 447, 77, 1907, 827, 1911, 2909, 719, 810, 2658, 1243, 2007, 2561, 1665, 157, 2974, 181, 146, 2474, 261, 1854, 3187, 2833, 289, 311, 2505, 1926, 1659, 1357, 362, 1675, 2055, 21, 271, 3026, 338, 350, 3155, 1346, 539, 1116, 1925, 1388, 3068, 1565, 1179, 1028, 3094, 2220, 698, 1949, 2765, 1628, 537, 1920, 2793, 1298, 2507, 2806, 406, 54, 880, 2295, 10, 1523, 1633, 2391, 3100, 1716, 1611, 1304, 2042, 2499, 178, 2703, 396, 1736, 2291, 807, 411, 1343, 788, 1781, 1507, 25, 1799, 3049, 1062, 1398, 1478, 1461, 209, 646, 1390, 2151, 381, 2652, 2725, 1219, 2167, 466, 497, 29, 1102, 2605, 2674, 90, 1910, 7, 174, 592, 1875, 2485, 2729, 2730, 2419, 93, 1574, 741, 1749, 680, 2844, 2885, 2302, 559, 1439, 938, 1089, 141, 2475, 1880, 458, 1554, 2137, 2842, 2906, 3195, 2870, 910, 1259, 1427, 2256, 2317, 3036, 403, 2231, 2265, 642, 1850, 2233, 1494, 629, 1166, 530, 584, 763, 342, 2332, 2144, 874, 2809, 2841, 219, 744, 1937, 107, 161, 312, 1052, 1255, 2282, 2228, 2489, 1034, 765, 578, 51, 1746, 1756, 2454, 149, 61, 1236, 1462, 1534, 2326, 3015, 2867, 712, 2614, 407, 682, 1030, 1729, 2587, 3045, 924, 198, 793, 166, 651, 1908, 2318, 2987, 117, 2472, 2805, 2963, 3115, 1586, 1894, 156, 684, 19, 1229, 1262, 2031, 2351, 2812, 2917, 3018, 2456, 2079, 2713, 398, 2078, 2273, 2593, 2603, 2661, 3063, 2968, 2989, 585, 1585, 2205, 527, 1098, 2019, 2259, 2560, 299, 980, 2218, 1962, 2794, 200, 746, 148, 420, 516, 868, 1532, 121, 135, 199, 330, 622, 1702, 1965, 2206, 2354, 2756, 383, 1175, 1870, 254, 600, 723, 1603, 2116, 3022, 1886, 2235, 2385, 99, 138, 236, 666, 1270, 1418, 1923, 2110, 1860, 930, 1552, 756, 1529, 140, 214, 351, 959, 1127, 1130, 1661, 1770, 2374, 2477, 2764, 3080, 1305, 1780, 1861, 456, 1170, 1662, 1084, 1599, 1980, 2772, 2961, 3203, 211, 785, 981, 1107, 1249, 1389, 2123, 2558, 2653, 57, 1966, 189, 494, 513, 1524, 1535, 2021, 2943, 3078, 3111, 71, 647, 1673, 1871, 2028, 305, 333, 762, 1582, 796, 2103, 2089, 26, 875, 923, 1174, 1276, 1521, 1609, 1862, 1996, 2034, 2401, 2790, 3189, 595, 1416, 1668, 1975, 2174, 727, 850, 1075, 2488, 2958, 474, 1128, 1261, 1678, 1943, 2082, 2158, 2458, 2712, 2898, 2933, 1025, 1143, 377, 871, 1636, 3017, 1112, 2382, 388, 442, 903, 908, 1158, 2047, 2680, 3042, 229, 348, 519, 1387, 1650, 2198, 2520, 422, 797, 1440, 2011, 2100, 2279, 2580, 2635, 35, 39, 86, 212, 213, 215, 217, 267, 280, 296, 302, 471, 557, 645, 787, 843, 960, 1307, 1641, 1649, 1692, 1699, 1728, 1742, 1872, 1991, 2017, 2109, 2114, 2159, 2163, 2186, 2553]
Traceback (most recent call last):
  File "main.py", line 166, in <module>
    print('Epoch %d [%.1fs + %.1fs]: train==[%.5f = %.5f + %.5f], recall=' % (epoch, t2 - t1, t3 - t2, bpr_loss+mi_loss, bpr_loss, mi_loss) \
NameError: name 't2' is not defined
test.sh: line 45: -gpu_id: command not found
Namespace(Ks=[1, 5, 10, 15], T=0.01, alpha=3.0, batch_size=512, beta=0.1, dataset='./OMIM/bigraph/cross1', dropout=0.3, emb_dim=100, gamma=0.1, gpu_id=-1, hid_dim=100, k=0.8, layer_size='[100]', learning_rate=0.005, mi_batch_size=1000, mi_kind='js', neg_num=5, num_epochs=1000, pretrain=None, reg=0.001, seed=54321, show_model_param=False, show_step=1, type=3, weight=None)
2021-12-29 17:39:14
loading data...
[n_users, n_items]=[3209, 12211]
[n_train, n_test]=[2636, 1318]
[n_edges]=[285362]
Using GPU 1,  memory_free: 24265
tensor([-0.0077,  0.0408, -0.0058, -0.0294,  0.0252], device='cuda:1')
Loading Model..Number of Model Parameters:  1602402
[589, 428, 2468, 1145, 2286, 706, 568, 2462, 326, 2952, 1186, 3179, 829, 336, 227, 2930, 2227, 345, 1802, 681, 929, 1556, 293, 1007, 820, 2196, 1877, 591, 2931, 2608, 678, 3039, 1985, 2160, 2529, 1101, 900, 112, 555, 772, 1792, 1234, 656, 1727, 1051, 542, 2348, 309, 2340, 1511, 2937, 197, 533, 478, 2195, 2866, 2959, 1118, 304, 447, 77, 1907, 827, 1911, 2909, 719, 810, 2658, 1243, 2007, 2561, 1665, 157, 2974, 181, 146, 2474, 261, 1854, 3187, 2833, 289, 311, 2505, 1926, 1659, 1357, 362, 1675, 2055, 21, 271, 3026, 338, 350, 3155, 1346, 539, 1116, 1925, 1388, 3068, 1565, 1179, 1028, 3094, 2220, 698, 1949, 2765, 1628, 537, 1920, 2793, 1298, 2507, 2806, 406, 54, 880, 2295, 10, 1523, 1633, 2391, 3100, 1716, 1611, 1304, 2042, 2499, 178, 2703, 396, 1736, 2291, 807, 411, 1343, 788, 1781, 1507, 25, 1799, 3049, 1062, 1398, 1478, 1461, 209, 646, 1390, 2151, 381, 2652, 2725, 1219, 2167, 466, 497, 29, 1102, 2605, 2674, 90, 1910, 7, 174, 592, 1875, 2485, 2729, 2730, 2419, 93, 1574, 741, 1749, 680, 2844, 2885, 2302, 559, 1439, 938, 1089, 141, 2475, 1880, 458, 1554, 2137, 2842, 2906, 3195, 2870, 910, 1259, 1427, 2256, 2317, 3036, 403, 2231, 2265, 642, 1850, 2233, 1494, 629, 1166, 530, 584, 763, 342, 2332, 2144, 874, 2809, 2841, 219, 744, 1937, 107, 161, 312, 1052, 1255, 2282, 2228, 2489, 1034, 765, 578, 51, 1746, 1756, 2454, 149, 61, 1236, 1462, 1534, 2326, 3015, 2867, 712, 2614, 407, 682, 1030, 1729, 2587, 3045, 924, 198, 793, 166, 651, 1908, 2318, 2987, 117, 2472, 2805, 2963, 3115, 1586, 1894, 156, 684, 19, 1229, 1262, 2031, 2351, 2812, 2917, 3018, 2456, 2079, 2713, 398, 2078, 2273, 2593, 2603, 2661, 3063, 2968, 2989, 585, 1585, 2205, 527, 1098, 2019, 2259, 2560, 299, 980, 2218, 1962, 2794, 200, 746, 148, 420, 516, 868, 1532, 121, 135, 199, 330, 622, 1702, 1965, 2206, 2354, 2756, 383, 1175, 1870, 254, 600, 723, 1603, 2116, 3022, 1886, 2235, 2385, 99, 138, 236, 666, 1270, 1418, 1923, 2110, 1860, 930, 1552, 756, 1529, 140, 214, 351, 959, 1127, 1130, 1661, 1770, 2374, 2477, 2764, 3080, 1305, 1780, 1861, 456, 1170, 1662, 1084, 1599, 1980, 2772, 2961, 3203, 211, 785, 981, 1107, 1249, 1389, 2123, 2558, 2653, 57, 1966, 189, 494, 513, 1524, 1535, 2021, 2943, 3078, 3111, 71, 647, 1673, 1871, 2028, 305, 333, 762, 1582, 796, 2103, 2089, 26, 875, 923, 1174, 1276, 1521, 1609, 1862, 1996, 2034, 2401, 2790, 3189, 595, 1416, 1668, 1975, 2174, 727, 850, 1075, 2488, 2958, 474, 1128, 1261, 1678, 1943, 2082, 2158, 2458, 2712, 2898, 2933, 1025, 1143, 377, 871, 1636, 3017, 1112, 2382, 388, 442, 903, 908, 1158, 2047, 2680, 3042, 229, 348, 519, 1387, 1650, 2198, 2520, 422, 797, 1440, 2011, 2100, 2279, 2580, 2635, 35, 39, 86, 212, 213, 215, 217, 267, 280, 296, 302, 471, 557, 645, 787, 843, 960, 1307, 1641, 1649, 1692, 1699, 1728, 1742, 1872, 1991, 2017, 2109, 2114, 2159, 2163, 2186, 2553]
Traceback (most recent call last):
  File "main.py", line 166, in <module>
    print('Epoch %d [%.1fs + %.1fs]: train==[%.5f = %.5f + %.5f], recall=' % (epoch, t2 - t1, t3 - t2, bpr_loss+mi_loss, bpr_loss, mi_loss) \
NameError: name 't2' is not defined
test.sh: line 45: -gpu_id: command not found
Namespace(Ks=[1, 5, 10, 15], T=0.01, alpha=3.0, batch_size=512, beta=0.1, dataset='./OMIM/bigraph/cross1', dropout=0.3, emb_dim=100, gamma=0.1, gpu_id=-1, hid_dim=100, k=0.9, layer_size='[100]', learning_rate=0.005, mi_batch_size=1000, mi_kind='js', neg_num=5, num_epochs=1000, pretrain=None, reg=0.001, seed=54321, show_model_param=False, show_step=1, type=3, weight=None)
2021-12-29 17:39:29
loading data...
[n_users, n_items]=[3209, 12211]
[n_train, n_test]=[2636, 1318]
[n_edges]=[285362]
Using GPU 1,  memory_free: 24265
tensor([-0.0077,  0.0408, -0.0058, -0.0294,  0.0252], device='cuda:1')
Loading Model..Number of Model Parameters:  1602402
[589, 428, 2468, 1145, 2286, 706, 568, 2462, 326, 2952, 1186, 3179, 829, 336, 227, 2930, 2227, 345, 1802, 681, 929, 1556, 293, 1007, 820, 2196, 1877, 591, 2931, 2608, 678, 3039, 1985, 2160, 2529, 1101, 900, 112, 555, 772, 1792, 1234, 656, 1727, 1051, 542, 2348, 309, 2340, 1511, 2937, 197, 533, 478, 2195, 2866, 2959, 1118, 304, 447, 77, 1907, 827, 1911, 2909, 719, 810, 2658, 1243, 2007, 2561, 1665, 157, 2974, 181, 146, 2474, 261, 1854, 3187, 2833, 289, 311, 2505, 1926, 1659, 1357, 362, 1675, 2055, 21, 271, 3026, 338, 350, 3155, 1346, 539, 1116, 1925, 1388, 3068, 1565, 1179, 1028, 3094, 2220, 698, 1949, 2765, 1628, 537, 1920, 2793, 1298, 2507, 2806, 406, 54, 880, 2295, 10, 1523, 1633, 2391, 3100, 1716, 1611, 1304, 2042, 2499, 178, 2703, 396, 1736, 2291, 807, 411, 1343, 788, 1781, 1507, 25, 1799, 3049, 1062, 1398, 1478, 1461, 209, 646, 1390, 2151, 381, 2652, 2725, 1219, 2167, 466, 497, 29, 1102, 2605, 2674, 90, 1910, 7, 174, 592, 1875, 2485, 2729, 2730, 2419, 93, 1574, 741, 1749, 680, 2844, 2885, 2302, 559, 1439, 938, 1089, 141, 2475, 1880, 458, 1554, 2137, 2842, 2906, 3195, 2870, 910, 1259, 1427, 2256, 2317, 3036, 403, 2231, 2265, 642, 1850, 2233, 1494, 629, 1166, 530, 584, 763, 342, 2332, 2144, 874, 2809, 2841, 219, 744, 1937, 107, 161, 312, 1052, 1255, 2282, 2228, 2489, 1034, 765, 578, 51, 1746, 1756, 2454, 149, 61, 1236, 1462, 1534, 2326, 3015, 2867, 712, 2614, 407, 682, 1030, 1729, 2587, 3045, 924, 198, 793, 166, 651, 1908, 2318, 2987, 117, 2472, 2805, 2963, 3115, 1586, 1894, 156, 684, 19, 1229, 1262, 2031, 2351, 2812, 2917, 3018, 2456, 2079, 2713, 398, 2078, 2273, 2593, 2603, 2661, 3063, 2968, 2989, 585, 1585, 2205, 527, 1098, 2019, 2259, 2560, 299, 980, 2218, 1962, 2794, 200, 746, 148, 420, 516, 868, 1532, 121, 135, 199, 330, 622, 1702, 1965, 2206, 2354, 2756, 383, 1175, 1870, 254, 600, 723, 1603, 2116, 3022, 1886, 2235, 2385, 99, 138, 236, 666, 1270, 1418, 1923, 2110, 1860, 930, 1552, 756, 1529, 140, 214, 351, 959, 1127, 1130, 1661, 1770, 2374, 2477, 2764, 3080, 1305, 1780, 1861, 456, 1170, 1662, 1084, 1599, 1980, 2772, 2961, 3203, 211, 785, 981, 1107, 1249, 1389, 2123, 2558, 2653, 57, 1966, 189, 494, 513, 1524, 1535, 2021, 2943, 3078, 3111, 71, 647, 1673, 1871, 2028, 305, 333, 762, 1582, 796, 2103, 2089, 26, 875, 923, 1174, 1276, 1521, 1609, 1862, 1996, 2034, 2401, 2790, 3189, 595, 1416, 1668, 1975, 2174, 727, 850, 1075, 2488, 2958, 474, 1128, 1261, 1678, 1943, 2082, 2158, 2458, 2712, 2898, 2933, 1025, 1143, 377, 871, 1636, 3017, 1112, 2382, 388, 442, 903, 908, 1158, 2047, 2680, 3042, 229, 348, 519, 1387, 1650, 2198, 2520, 422, 797, 1440, 2011, 2100, 2279, 2580, 2635, 35, 39, 86, 212, 213, 215, 217, 267, 280, 296, 302, 471, 557, 645, 787, 843, 960, 1307, 1641, 1649, 1692, 1699, 1728, 1742, 1872, 1991, 2017, 2109, 2114, 2159, 2163, 2186, 2553]
Traceback (most recent call last):
  File "main.py", line 166, in <module>
    print('Epoch %d [%.1fs + %.1fs]: train==[%.5f = %.5f + %.5f], recall=' % (epoch, t2 - t1, t3 - t2, bpr_loss+mi_loss, bpr_loss, mi_loss) \
NameError: name 't2' is not defined
test.sh: line 45: -gpu_id: command not found
Namespace(Ks=[1, 5, 10, 15], T=0.01, alpha=3.0, batch_size=512, beta=0.1, dataset='./OMIM/bigraph/cross1', dropout=0.3, emb_dim=100, gamma=0.1, gpu_id=-1, hid_dim=100, k=1.0, layer_size='[100]', learning_rate=0.005, mi_batch_size=1000, mi_kind='js', neg_num=5, num_epochs=1000, pretrain=None, reg=0.001, seed=54321, show_model_param=False, show_step=1, type=3, weight=None)
2021-12-29 17:39:44
loading data...
[n_users, n_items]=[3209, 12211]
[n_train, n_test]=[2636, 1318]
[n_edges]=[285362]
Using GPU 1,  memory_free: 24265
tensor([-0.0077,  0.0408, -0.0058, -0.0294,  0.0252], device='cuda:1')
Loading Model..Number of Model Parameters:  1602402
[589, 428, 2468, 1145, 2286, 706, 568, 2462, 326, 2952, 1186, 3179, 829, 336, 227, 2930, 2227, 345, 1802, 681, 929, 1556, 293, 1007, 820, 2196, 1877, 591, 2931, 2608, 678, 3039, 1985, 2160, 2529, 1101, 900, 112, 555, 772, 1792, 1234, 656, 1727, 1051, 542, 2348, 309, 2340, 1511, 2937, 197, 533, 478, 2195, 2866, 2959, 1118, 304, 447, 77, 1907, 827, 1911, 2909, 719, 810, 2658, 1243, 2007, 2561, 1665, 157, 2974, 181, 146, 2474, 261, 1854, 3187, 2833, 289, 311, 2505, 1926, 1659, 1357, 362, 1675, 2055, 21, 271, 3026, 338, 350, 3155, 1346, 539, 1116, 1925, 1388, 3068, 1565, 1179, 1028, 3094, 2220, 698, 1949, 2765, 1628, 537, 1920, 2793, 1298, 2507, 2806, 406, 54, 880, 2295, 10, 1523, 1633, 2391, 3100, 1716, 1611, 1304, 2042, 2499, 178, 2703, 396, 1736, 2291, 807, 411, 1343, 788, 1781, 1507, 25, 1799, 3049, 1062, 1398, 1478, 1461, 209, 646, 1390, 2151, 381, 2652, 2725, 1219, 2167, 466, 497, 29, 1102, 2605, 2674, 90, 1910, 7, 174, 592, 1875, 2485, 2729, 2730, 2419, 93, 1574, 741, 1749, 680, 2844, 2885, 2302, 559, 1439, 938, 1089, 141, 2475, 1880, 458, 1554, 2137, 2842, 2906, 3195, 2870, 910, 1259, 1427, 2256, 2317, 3036, 403, 2231, 2265, 642, 1850, 2233, 1494, 629, 1166, 530, 584, 763, 342, 2332, 2144, 874, 2809, 2841, 219, 744, 1937, 107, 161, 312, 1052, 1255, 2282, 2228, 2489, 1034, 765, 578, 51, 1746, 1756, 2454, 149, 61, 1236, 1462, 1534, 2326, 3015, 2867, 712, 2614, 407, 682, 1030, 1729, 2587, 3045, 924, 198, 793, 166, 651, 1908, 2318, 2987, 117, 2472, 2805, 2963, 3115, 1586, 1894, 156, 684, 19, 1229, 1262, 2031, 2351, 2812, 2917, 3018, 2456, 2079, 2713, 398, 2078, 2273, 2593, 2603, 2661, 3063, 2968, 2989, 585, 1585, 2205, 527, 1098, 2019, 2259, 2560, 299, 980, 2218, 1962, 2794, 200, 746, 148, 420, 516, 868, 1532, 121, 135, 199, 330, 622, 1702, 1965, 2206, 2354, 2756, 383, 1175, 1870, 254, 600, 723, 1603, 2116, 3022, 1886, 2235, 2385, 99, 138, 236, 666, 1270, 1418, 1923, 2110, 1860, 930, 1552, 756, 1529, 140, 214, 351, 959, 1127, 1130, 1661, 1770, 2374, 2477, 2764, 3080, 1305, 1780, 1861, 456, 1170, 1662, 1084, 1599, 1980, 2772, 2961, 3203, 211, 785, 981, 1107, 1249, 1389, 2123, 2558, 2653, 57, 1966, 189, 494, 513, 1524, 1535, 2021, 2943, 3078, 3111, 71, 647, 1673, 1871, 2028, 305, 333, 762, 1582, 796, 2103, 2089, 26, 875, 923, 1174, 1276, 1521, 1609, 1862, 1996, 2034, 2401, 2790, 3189, 595, 1416, 1668, 1975, 2174, 727, 850, 1075, 2488, 2958, 474, 1128, 1261, 1678, 1943, 2082, 2158, 2458, 2712, 2898, 2933, 1025, 1143, 377, 871, 1636, 3017, 1112, 2382, 388, 442, 903, 908, 1158, 2047, 2680, 3042, 229, 348, 519, 1387, 1650, 2198, 2520, 422, 797, 1440, 2011, 2100, 2279, 2580, 2635, 35, 39, 86, 212, 213, 215, 217, 267, 280, 296, 302, 471, 557, 645, 787, 843, 960, 1307, 1641, 1649, 1692, 1699, 1728, 1742, 1872, 1991, 2017, 2109, 2114, 2159, 2163, 2186, 2553]
Traceback (most recent call last):
  File "main.py", line 166, in <module>
    print('Epoch %d [%.1fs + %.1fs]: train==[%.5f = %.5f + %.5f], recall=' % (epoch, t2 - t1, t3 - t2, bpr_loss+mi_loss, bpr_loss, mi_loss) \
NameError: name 't2' is not defined
test.sh: line 45: -gpu_id: command not found
