Namespace(Ks=[1, 5, 10, 15], T=0.01, alpha=3.0, batch_size=512, beta=0.1, dataset='./OMIM/bigraph/cross2', dropout=0.3, emb_dim=200, gamma=0.1, gpu_id=-1, hid_dim=200, k=0.5, layer_size='[200]', learning_rate=0.005, mi_batch_size=1000, mi_kind='js', neg_num=5, num_epochs=1000, pretrain=None, reg=0.001, seed=-1, show_model_param=False, show_step=1, weight=None)
2021-12-24 15:31:12
loading data...
[n_users, n_items]=[3209, 12211]
[n_train, n_test]=[2636, 1318]
[n_edges]=[285362]
Using GPU 2,  memory_free: 24265
tensor([ 0.0039, -0.0149, -0.0186, -0.0016,  0.0342], device='cuda:2')
Loading Model..Number of Model Parameters:  3324802
Epoch 0 [40.3s + 10.0s]: train==[5.14732 = 2.83232 + 2.31500], recall= [ 0.00608  0.01331  0.01544  0.01799] , precision= [ 0.00681  0.00289  0.00170  0.00136] , auc=[0.49693], sum_recall=[0.05283]
Epoch 1 [39.0s + 9.9s]: train==[3.54135 = 1.22777 + 2.31358], recall= [ 0.01948  0.07712  0.11605  0.14346] , precision= [ 0.02128  0.01753  0.01311  0.01072] , auc=[0.67791], sum_recall=[0.35612]
Epoch 2 [38.8s + 9.7s]: train==[3.03772 = 0.73210 + 2.30561], recall= [ 0.02416  0.09578  0.14951  0.19057] , precision= [ 0.02723  0.02162  0.01702  0.01441] , auc=[0.75731], sum_recall=[0.46001]
Epoch 3 [38.8s + 11.3s]: train==[2.85866 = 0.56153 + 2.29712], recall= [ 0.02870  0.10343  0.15910  0.20390] , precision= [ 0.03234  0.02349  0.01804  0.01549] , auc=[0.77815], sum_recall=[0.49513]
Epoch 4 [38.8s + 11.7s]: train==[2.75596 = 0.46614 + 2.28982], recall= [ 0.03404  0.10286  0.16764  0.20444] , precision= [ 0.03915  0.02332  0.01898  0.01560] , auc=[0.78774], sum_recall=[0.50897]
Epoch 5 [39.0s + 11.0s]: train==[2.69045 = 0.40614 + 2.28431], recall= [ 0.03276  0.10011  0.17274  0.21502] , precision= [ 0.03830  0.02281  0.01932  0.01634] , auc=[0.79578], sum_recall=[0.52063]
Epoch 6 [38.9s + 11.2s]: train==[2.64349 = 0.36269 + 2.28080], recall= [ 0.03148  0.09959  0.17331  0.21594] , precision= [ 0.03660  0.02247  0.01949  0.01634] , auc=[0.80206], sum_recall=[0.52033]
Epoch 7 [38.8s + 11.3s]: train==[2.61563 = 0.33669 + 2.27895], recall= [ 0.03021  0.09988  0.17416  0.21466] , precision= [ 0.03489  0.02281  0.01957  0.01623] , auc=[0.80707], sum_recall=[0.51891]
Epoch 8 [39.0s + 11.1s]: train==[2.59839 = 0.32008 + 2.27831], recall= [ 0.02936  0.09605  0.16948  0.21367] , precision= [ 0.03404  0.02196  0.01906  0.01617] , auc=[0.81075], sum_recall=[0.50855]
Epoch 9 [38.8s + 11.1s]: train==[2.58200 = 0.30393 + 2.27808], recall= [ 0.03021  0.09605  0.16976  0.21282] , precision= [ 0.03489  0.02196  0.01915  0.01611] , auc=[0.81315], sum_recall=[0.50884]
Epoch 10 [38.8s + 11.6s]: train==[2.56278 = 0.28532 + 2.27746], recall= [ 0.03106  0.10101  0.17338  0.21294] , precision= [ 0.03574  0.02315  0.01957  0.01623] , auc=[0.81509], sum_recall=[0.51839]
Epoch 11 [38.9s + 11.4s]: train==[2.55206 = 0.27634 + 2.27573], recall= [ 0.03106  0.09931  0.17593  0.21649] , precision= [ 0.03574  0.02281  0.01991  0.01657] , auc=[0.81660], sum_recall=[0.52279]
Epoch 12 [38.9s + 12.5s]: train==[2.54215 = 0.26983 + 2.27232], recall= [ 0.03148  0.10046  0.17565  0.21233] , precision= [ 0.03660  0.02298  0.02000  0.01617] , auc=[0.81760], sum_recall=[0.51992]
Epoch 13 [38.9s + 12.7s]: train==[2.52429 = 0.25635 + 2.26795], recall= [ 0.03063  0.10061  0.17352  0.21348] , precision= [ 0.03574  0.02315  0.01983  0.01623] , auc=[0.81839], sum_recall=[0.51824]
Epoch 14 [39.0s + 11.1s]: train==[2.50691 = 0.24399 + 2.26291], recall= [ 0.03148  0.10273  0.17551  0.21089] , precision= [ 0.03660  0.02366  0.02017  0.01606] , auc=[0.81925], sum_recall=[0.52062]
Epoch 15 [38.8s + 15.0s]: train==[2.50064 = 0.24264 + 2.25800], recall= [ 0.03219  0.10444  0.17551  0.21217] , precision= [ 0.03745  0.02400  0.02017  0.01611] , auc=[0.81988], sum_recall=[0.52430]
Epoch 16 [38.8s + 16.5s]: train==[2.48916 = 0.23577 + 2.25339], recall= [ 0.03219  0.10358  0.17920  0.21149] , precision= [ 0.03745  0.02383  0.02060  0.01611] , auc=[0.82081], sum_recall=[0.52646]
Epoch 17 [38.8s + 11.2s]: train==[2.46969 = 0.22033 + 2.24936], recall= [ 0.03262  0.10082  0.17962  0.21404] , precision= [ 0.03745  0.02349  0.02060  0.01628] , auc=[0.82168], sum_recall=[0.52710]
Epoch 18 [38.8s + 10.9s]: train==[2.46786 = 0.22217 + 2.24569], recall= [ 0.03347  0.10082  0.18175  0.21659] , precision= [ 0.03830  0.02349  0.02085  0.01651] , auc=[0.82241], sum_recall=[0.53263]
Epoch 19 [38.7s + 11.3s]: train==[2.45636 = 0.21405 + 2.24231], recall= [ 0.03347  0.10337  0.18175  0.21872] , precision= [ 0.03830  0.02400  0.02085  0.01662] , auc=[0.82290], sum_recall=[0.53731]
Epoch 20 [39.0s + 11.1s]: train==[2.44771 = 0.20835 + 2.23936], recall= [ 0.03560  0.10380  0.18047  0.21940] , precision= [ 0.04085  0.02400  0.02068  0.01668] , auc=[0.82334], sum_recall=[0.53927]
Epoch 21 [39.0s + 10.7s]: train==[2.43597 = 0.19928 + 2.23668], recall= [ 0.03730  0.10295  0.18187  0.22025] , precision= [ 0.04255  0.02366  0.02094  0.01674] , auc=[0.82361], sum_recall=[0.54237]
Epoch 22 [38.8s + 11.2s]: train==[2.42966 = 0.19523 + 2.23443], recall= [ 0.03560  0.10550  0.18175  0.22068] , precision= [ 0.04085  0.02417  0.02085  0.01679] , auc=[0.82380], sum_recall=[0.54352]
Epoch 23 [38.7s + 12.1s]: train==[2.42264 = 0.19001 + 2.23263], recall= [ 0.03645  0.10380  0.18090  0.22238] , precision= [ 0.04170  0.02383  0.02077  0.01691] , auc=[0.82398], sum_recall=[0.54352]
Epoch 24 [39.5s + 13.7s]: train==[2.42290 = 0.19179 + 2.23110], recall= [ 0.03815  0.10422  0.18303  0.22430] , precision= [ 0.04340  0.02383  0.02094  0.01708] , auc=[0.82425], sum_recall=[0.54969]
Epoch 25 [38.8s + 16.8s]: train==[2.41278 = 0.18309 + 2.22970], recall= [ 0.03730  0.10541  0.18473  0.22375] , precision= [ 0.04255  0.02383  0.02111  0.01696] , auc=[0.82438], sum_recall=[0.55119]
Epoch 26 [39.1s + 12.5s]: train==[2.40486 = 0.17656 + 2.22831], recall= [ 0.03900  0.10648  0.18175  0.22290] , precision= [ 0.04426  0.02400  0.02077  0.01691] , auc=[0.82449], sum_recall=[0.55013]
Epoch 27 [39.0s + 12.1s]: train==[2.40137 = 0.17441 + 2.22696], recall= [ 0.03815  0.10648  0.18175  0.22488] , precision= [ 0.04340  0.02400  0.02077  0.01708] , auc=[0.82444], sum_recall=[0.55126]
Epoch 28 [39.0s + 11.7s]: train==[2.39290 = 0.16699 + 2.22591], recall= [ 0.04070  0.10563  0.17920  0.22573] , precision= [ 0.04596  0.02383  0.02051  0.01713] , auc=[0.82426], sum_recall=[0.55126]
Epoch 29 [39.0s + 12.7s]: train==[2.39279 = 0.16764 + 2.22515], recall= [ 0.03985  0.10712  0.17898  0.22318] , precision= [ 0.04511  0.02434  0.02051  0.01696] , auc=[0.82416], sum_recall=[0.54913]
Epoch 30 [39.3s + 11.5s]: train==[2.38776 = 0.16312 + 2.22464], recall= [ 0.03900  0.10882  0.17962  0.22403] , precision= [ 0.04426  0.02468  0.02051  0.01702] , auc=[0.82383], sum_recall=[0.55147]
Epoch 31 [39.0s + 11.1s]: train==[2.38237 = 0.15801 + 2.22436], recall= [ 0.03985  0.11010  0.18183  0.22361] , precision= [ 0.04511  0.02502  0.02077  0.01702] , auc=[0.82341], sum_recall=[0.55539]
Epoch 32 [38.9s + 11.2s]: train==[2.38130 = 0.15711 + 2.22418], recall= [ 0.03815  0.10924  0.18382  0.22361] , precision= [ 0.04340  0.02485  0.02111  0.01702] , auc=[0.82338], sum_recall=[0.55482]
Epoch 33 [38.9s + 10.7s]: train==[2.37741 = 0.15341 + 2.22400], recall= [ 0.03772  0.11010  0.18442  0.22659] , precision= [ 0.04255  0.02502  0.02102  0.01725] , auc=[0.82351], sum_recall=[0.55882]
Epoch 34 [38.8s + 11.0s]: train==[2.37021 = 0.14635 + 2.22386], recall= [ 0.03858  0.11137  0.18620  0.22488] , precision= [ 0.04340  0.02519  0.02128  0.01708] , auc=[0.82361], sum_recall=[0.56103]
Epoch 35 [38.8s + 11.0s]: train==[2.37633 = 0.15261 + 2.22372], recall= [ 0.03858  0.11350  0.18535  0.22585] , precision= [ 0.04340  0.02570  0.02119  0.01713] , auc=[0.82353], sum_recall=[0.56327]
Epoch 36 [38.7s + 10.9s]: train==[2.37109 = 0.14744 + 2.22365], recall= [ 0.03772  0.11222  0.18067  0.22776] , precision= [ 0.04255  0.02519  0.02068  0.01730] , auc=[0.82311], sum_recall=[0.55838]
End of trainning! Best recall= [ 0.03900  0.10648  0.18175  0.22290] , precision= [ 0.04426  0.02400  0.02077  0.01691] , auc=[0.82449]
Namespace(Ks=[1, 5, 10, 15], T=0.01, alpha=3.0, batch_size=512, beta=0.1, dataset='./OMIM/bigraph/cross2', dropout=0.3, emb_dim=200, gamma=0.1, gpu_id=-1, hid_dim=200, k=0.5, layer_size='[200]', learning_rate=0.005, mi_batch_size=1000, mi_kind='js', neg_num=5, num_epochs=1000, pretrain=None, reg=0.001, seed=-1, show_model_param=False, show_step=1, weight=None)
2021-12-24 16:03:28
loading data...
[n_users, n_items]=[3209, 12211]
[n_train, n_test]=[2636, 1318]
[n_edges]=[285362]
Using GPU 2,  memory_free: 24265
tensor([-0.0164, -0.0406, -0.0418, -0.0058,  0.0145], device='cuda:2')
Loading Model..Number of Model Parameters:  3324802
Epoch 0 [38.9s + 9.6s]: train==[5.14894 = 2.83040 + 2.31854], recall= [ 0.00267  0.00748  0.01088  0.01159] , precision= [ 0.00340  0.00187  0.00128  0.00096] , auc=[0.51625], sum_recall=[0.03262]
Epoch 1 [38.4s + 9.8s]: train==[3.51254 = 1.19568 + 2.31685], recall= [ 0.01999  0.06969  0.11787  0.14289] , precision= [ 0.02383  0.01583  0.01345  0.01089] , auc=[0.70234], sum_recall=[0.35045]
Epoch 2 [38.4s + 9.9s]: train==[3.04129 = 0.73265 + 2.30864], recall= [ 0.02326  0.08714  0.14204  0.19253] , precision= [ 0.02809  0.01991  0.01626  0.01458] , auc=[0.76556], sum_recall=[0.44497]
Epoch 3 [38.5s + 11.1s]: train==[2.85790 = 0.55844 + 2.29947], recall= [ 0.02581  0.09671  0.16412  0.20253] , precision= [ 0.03149  0.02196  0.01847  0.01532] , auc=[0.78333], sum_recall=[0.48917]
Epoch 4 [38.7s + 11.5s]: train==[2.74531 = 0.45374 + 2.29157], recall= [ 0.02936  0.10267  0.17206  0.20927] , precision= [ 0.03574  0.02349  0.01923  0.01583] , auc=[0.78998], sum_recall=[0.51336]
Epoch 5 [38.5s + 11.2s]: train==[2.69117 = 0.40541 + 2.28576], recall= [ 0.02936  0.10543  0.17167  0.20989] , precision= [ 0.03404  0.02366  0.01923  0.01577] , auc=[0.79509], sum_recall=[0.51635]
Epoch 6 [38.5s + 11.4s]: train==[2.64243 = 0.36025 + 2.28217], recall= [ 0.02680  0.10905  0.16961  0.21103] , precision= [ 0.03149  0.02451  0.01906  0.01589] , auc=[0.79956], sum_recall=[0.51649]
Epoch 7 [38.5s + 11.6s]: train==[2.60992 = 0.32951 + 2.28041], recall= [ 0.02638  0.10948  0.17195  0.21637] , precision= [ 0.03064  0.02468  0.01932  0.01634] , auc=[0.80344], sum_recall=[0.52418]
Epoch 8 [38.7s + 11.5s]: train==[2.59738 = 0.31757 + 2.27981], recall= [ 0.02425  0.11047  0.17342  0.21361] , precision= [ 0.02809  0.02485  0.01940  0.01611] , auc=[0.80683], sum_recall=[0.52175]
Epoch 9 [38.5s + 12.1s]: train==[2.57857 = 0.29915 + 2.27942], recall= [ 0.02467  0.11302  0.17661  0.21687] , precision= [ 0.02894  0.02553  0.01966  0.01628] , auc=[0.80916], sum_recall=[0.53118]
Epoch 10 [38.3s + 11.3s]: train==[2.55697 = 0.27855 + 2.27842], recall= [ 0.02467  0.11451  0.17534  0.22124] , precision= [ 0.02894  0.02570  0.01957  0.01662] , auc=[0.81111], sum_recall=[0.53576]
Epoch 11 [38.5s + 11.3s]: train==[2.54745 = 0.27126 + 2.27620], recall= [ 0.02255  0.11246  0.17434  0.22110] , precision= [ 0.02723  0.02536  0.01957  0.01662] , auc=[0.81262], sum_recall=[0.53044]
Epoch 12 [38.7s + 11.1s]: train==[2.53373 = 0.26143 + 2.27230], recall= [ 0.02411  0.11359  0.17399  0.22110] , precision= [ 0.02979  0.02570  0.01966  0.01668] , auc=[0.81406], sum_recall=[0.53278]
Epoch 13 [38.5s + 12.3s]: train==[2.51692 = 0.24930 + 2.26763], recall= [ 0.02567  0.11146  0.17399  0.22225] , precision= [ 0.03149  0.02536  0.01966  0.01679] , auc=[0.81531], sum_recall=[0.53337]
Epoch 14 [39.4s + 13.1s]: train==[2.50166 = 0.23924 + 2.26241], recall= [ 0.02439  0.11345  0.17676  0.22352] , precision= [ 0.02979  0.02604  0.01991  0.01691] , auc=[0.81634], sum_recall=[0.53812]
Epoch 15 [39.0s + 11.1s]: train==[2.49489 = 0.23740 + 2.25749], recall= [ 0.02524  0.11387  0.17739  0.22407] , precision= [ 0.03064  0.02604  0.01991  0.01702] , auc=[0.81726], sum_recall=[0.54058]
Epoch 16 [38.8s + 12.0s]: train==[2.48093 = 0.22813 + 2.25281], recall= [ 0.02737  0.11387  0.17825  0.22513] , precision= [ 0.03319  0.02604  0.02000  0.01713] , auc=[0.81834], sum_recall=[0.54462]
Epoch 17 [40.1s + 13.6s]: train==[2.45787 = 0.20923 + 2.24864], recall= [ 0.02780  0.11473  0.17867  0.22434] , precision= [ 0.03404  0.02621  0.02009  0.01708] , auc=[0.81915], sum_recall=[0.54553]
Epoch 18 [39.7s + 12.2s]: train==[2.46182 = 0.21707 + 2.24475], recall= [ 0.02950  0.11515  0.18222  0.22285] , precision= [ 0.03574  0.02621  0.02051  0.01691] , auc=[0.81980], sum_recall=[0.54971]
Epoch 19 [39.4s + 12.1s]: train==[2.45135 = 0.21026 + 2.24110], recall= [ 0.02950  0.11357  0.18316  0.22349] , precision= [ 0.03574  0.02587  0.02051  0.01696] , auc=[0.82010], sum_recall=[0.54971]
Epoch 20 [38.6s + 12.5s]: train==[2.43917 = 0.20113 + 2.23803], recall= [ 0.03120  0.11400  0.18344  0.22398] , precision= [ 0.03745  0.02587  0.02060  0.01708] , auc=[0.82030], sum_recall=[0.55262]
Epoch 21 [38.6s + 11.8s]: train==[2.42967 = 0.19441 + 2.23527], recall= [ 0.03205  0.11229  0.18607  0.22625] , precision= [ 0.03830  0.02536  0.02085  0.01719] , auc=[0.82024], sum_recall=[0.55666]
Epoch 22 [38.6s + 12.0s]: train==[2.42109 = 0.18804 + 2.23304], recall= [ 0.03375  0.10932  0.18705  0.22838] , precision= [ 0.04000  0.02468  0.02094  0.01730] , auc=[0.82020], sum_recall=[0.55849]
Epoch 23 [38.8s + 11.9s]: train==[2.41505 = 0.18383 + 2.23122], recall= [ 0.03545  0.10932  0.18279  0.22758] , precision= [ 0.04255  0.02468  0.02043  0.01725] , auc=[0.82007], sum_recall=[0.55514]
Epoch 24 [39.2s + 11.9s]: train==[2.41458 = 0.18490 + 2.22968], recall= [ 0.03631  0.10932  0.18293  0.22588] , precision= [ 0.04340  0.02468  0.02051  0.01713] , auc=[0.82026], sum_recall=[0.55443]
Epoch 25 [39.4s + 12.2s]: train==[2.40417 = 0.17591 + 2.22826], recall= [ 0.03673  0.11272  0.18208  0.22698] , precision= [ 0.04340  0.02536  0.02043  0.01713] , auc=[0.82052], sum_recall=[0.55851]
Epoch 26 [38.9s + 13.0s]: train==[2.39809 = 0.17114 + 2.22696], recall= [ 0.03758  0.11059  0.18024  0.22507] , precision= [ 0.04426  0.02502  0.02034  0.01708] , auc=[0.82065], sum_recall=[0.55348]
Epoch 27 [38.9s + 12.3s]: train==[2.39645 = 0.17073 + 2.22572], recall= [ 0.03758  0.10974  0.18024  0.22677] , precision= [ 0.04426  0.02485  0.02034  0.01719] , auc=[0.82061], sum_recall=[0.55433]
Epoch 28 [38.9s + 11.6s]: train==[2.38754 = 0.16274 + 2.22480], recall= [ 0.03815  0.10818  0.17811  0.22604] , precision= [ 0.04426  0.02434  0.02009  0.01719] , auc=[0.82044], sum_recall=[0.55048]
Epoch 29 [38.8s + 13.0s]: train==[2.38763 = 0.16349 + 2.22414], recall= [ 0.03985  0.11031  0.18224  0.22706] , precision= [ 0.04596  0.02485  0.02068  0.01736] , auc=[0.82028], sum_recall=[0.55946]
Epoch 30 [39.0s + 11.7s]: train==[2.38240 = 0.15870 + 2.22371], recall= [ 0.03985  0.10733  0.18309  0.22664] , precision= [ 0.04596  0.02417  0.02077  0.01736] , auc=[0.82003], sum_recall=[0.55691]
Epoch 31 [39.2s + 12.2s]: train==[2.37714 = 0.15371 + 2.22343], recall= [ 0.04113  0.10818  0.18303  0.22607] , precision= [ 0.04681  0.02434  0.02077  0.01736] , auc=[0.81971], sum_recall=[0.55841]
Epoch 32 [38.9s + 12.4s]: train==[2.37703 = 0.15379 + 2.22324], recall= [ 0.04283  0.10648  0.18175  0.22969] , precision= [ 0.04851  0.02400  0.02068  0.01765] , auc=[0.81994], sum_recall=[0.56075]
Epoch 33 [39.0s + 12.8s]: train==[2.37519 = 0.15215 + 2.22304], recall= [ 0.04198  0.10903  0.18317  0.22505] , precision= [ 0.04766  0.02451  0.02094  0.01725] , auc=[0.82059], sum_recall=[0.55923]
Epoch 34 [39.2s + 11.8s]: train==[2.36686 = 0.14397 + 2.22288], recall= [ 0.04113  0.10903  0.18502  0.22420] , precision= [ 0.04681  0.02451  0.02111  0.01713] , auc=[0.82090], sum_recall=[0.55937]
Epoch 35 [38.6s + 12.1s]: train==[2.37318 = 0.15044 + 2.22274], recall= [ 0.04283  0.10988  0.18459  0.22462] , precision= [ 0.04851  0.02468  0.02102  0.01725] , auc=[0.82111], sum_recall=[0.56193]
Epoch 36 [42.6s + 12.0s]: train==[2.36759 = 0.14502 + 2.22258], recall= [ 0.04155  0.10932  0.18402  0.22632] , precision= [ 0.04681  0.02451  0.02085  0.01736] , auc=[0.82046], sum_recall=[0.56122]
Epoch 37 [38.7s + 11.9s]: train==[2.35577 = 0.13368 + 2.22209], recall= [ 0.04070  0.10889  0.18679  0.22462] , precision= [ 0.04596  0.02451  0.02119  0.01725] , auc=[0.82017], sum_recall=[0.56101]
Epoch 38 [38.9s + 12.2s]: train==[2.35714 = 0.13596 + 2.22119], recall= [ 0.03772  0.11038  0.18594  0.22377] , precision= [ 0.04255  0.02502  0.02111  0.01719] , auc=[0.82047], sum_recall=[0.55781]
Epoch 39 [38.9s + 12.0s]: train==[2.35232 = 0.13230 + 2.22001], recall= [ 0.03772  0.10932  0.18707  0.22632] , precision= [ 0.04255  0.02468  0.02128  0.01736] , auc=[0.82094], sum_recall=[0.56044]
Epoch 40 [38.9s + 11.7s]: train==[2.35321 = 0.13439 + 2.21882], recall= [ 0.03560  0.10868  0.18807  0.22866] , precision= [ 0.04000  0.02451  0.02128  0.01748] , auc=[0.82106], sum_recall=[0.56101]
Epoch 41 [38.9s + 11.8s]: train==[2.34387 = 0.12626 + 2.21761], recall= [ 0.03560  0.11038  0.18849  0.22632] , precision= [ 0.04000  0.02485  0.02136  0.01725] , auc=[0.82087], sum_recall=[0.56079]
Epoch 42 [38.8s + 12.4s]: train==[2.34958 = 0.13331 + 2.21626], recall= [ 0.03560  0.11166  0.18722  0.22803] , precision= [ 0.04000  0.02519  0.02128  0.01736] , auc=[0.82056], sum_recall=[0.56249]
Epoch 43 [39.1s + 12.1s]: train==[2.34781 = 0.13308 + 2.21473], recall= [ 0.03475  0.10961  0.18734  0.22545] , precision= [ 0.03915  0.02502  0.02128  0.01719] , auc=[0.82015], sum_recall=[0.55716]
Epoch 44 [39.2s + 11.3s]: train==[2.33811 = 0.12539 + 2.21273], recall= [ 0.03475  0.10663  0.18300  0.22630] , precision= [ 0.03915  0.02434  0.02085  0.01725] , auc=[0.81962], sum_recall=[0.55068]
Epoch 45 [39.0s + 12.7s]: train==[2.33425 = 0.12428 + 2.20997], recall= [ 0.03517  0.10536  0.18273  0.22618] , precision= [ 0.04000  0.02400  0.02102  0.01719] , auc=[0.81948], sum_recall=[0.54944]
End of trainning! Best recall= [ 0.04283  0.10988  0.18459  0.22462] , precision= [ 0.04851  0.02468  0.02102  0.01725] , auc=[0.82111]
Namespace(Ks=[1, 5, 10, 15], T=0.01, alpha=3.0, batch_size=512, beta=0.1, dataset='./OMIM/bigraph/cross2', dropout=0.3, emb_dim=200, gamma=0.1, gpu_id=-1, hid_dim=200, k=0.5, layer_size='[200]', learning_rate=0.005, mi_batch_size=1000, mi_kind='js', neg_num=5, num_epochs=1000, pretrain=None, reg=0.001, seed=-1, show_model_param=False, show_step=1, weight=None)
2021-12-24 16:43:04
loading data...
[n_users, n_items]=[3209, 12211]
[n_train, n_test]=[2636, 1318]
[n_edges]=[285362]
Using GPU 2,  memory_free: 24265
tensor([ 0.0262, -0.0368, -0.0004,  0.0326,  0.0378], device='cuda:2')
Loading Model..Number of Model Parameters:  3324802
Epoch 0 [38.9s + 9.8s]: train==[5.18641 = 2.86255 + 2.32385], recall= [ 0.00353  0.00918  0.01301  0.01641] , precision= [ 0.00426  0.00221  0.00153  0.00125] , auc=[0.51416], sum_recall=[0.04213]
Epoch 1 [38.9s + 9.6s]: train==[3.54696 = 1.22432 + 2.32263], recall= [ 0.02097  0.07735  0.12024  0.13887] , precision= [ 0.02298  0.01702  0.01345  0.01038] , auc=[0.69473], sum_recall=[0.35743]
Epoch 2 [38.7s + 9.2s]: train==[3.05694 = 0.74299 + 2.31394], recall= [ 0.02723  0.09451  0.15699  0.19168] , precision= [ 0.03149  0.02128  0.01745  0.01430] , auc=[0.76930], sum_recall=[0.47041]
Epoch 3 [38.6s + 10.9s]: train==[2.88231 = 0.57819 + 2.30413], recall= [ 0.02921  0.09614  0.15813  0.20147] , precision= [ 0.03404  0.02145  0.01762  0.01532] , auc=[0.78749], sum_recall=[0.48496]
Epoch 4 [38.8s + 11.3s]: train==[2.76433 = 0.46901 + 2.29532], recall= [ 0.02765  0.09827  0.16419  0.20782] , precision= [ 0.03149  0.02213  0.01855  0.01566] , auc=[0.79678], sum_recall=[0.49793]
Epoch 5 [38.6s + 11.1s]: train==[2.70043 = 0.41193 + 2.28849], recall= [ 0.02936  0.09939  0.16839  0.21307] , precision= [ 0.03319  0.02264  0.01923  0.01606] , auc=[0.80368], sum_recall=[0.51020]
Epoch 6 [38.6s + 10.8s]: train==[2.64974 = 0.36583 + 2.28391], recall= [ 0.02936  0.09993  0.16754  0.21066] , precision= [ 0.03319  0.02298  0.01915  0.01589] , auc=[0.80873], sum_recall=[0.50748]
Epoch 7 [38.9s + 12.1s]: train==[2.61780 = 0.33651 + 2.28129], recall= [ 0.02936  0.09866  0.17009  0.21145] , precision= [ 0.03319  0.02264  0.01932  0.01600] , auc=[0.81309], sum_recall=[0.50955]
Epoch 8 [38.8s + 10.8s]: train==[2.60595 = 0.32588 + 2.28007], recall= [ 0.02765  0.09355  0.17250  0.21188] , precision= [ 0.03149  0.02145  0.01957  0.01600] , auc=[0.81671], sum_recall=[0.50558]
Epoch 9 [38.6s + 12.8s]: train==[2.58521 = 0.30574 + 2.27947], recall= [ 0.02680  0.09414  0.17101  0.21173] , precision= [ 0.03064  0.02162  0.01940  0.01606] , auc=[0.81907], sum_recall=[0.50369]
Epoch 10 [38.8s + 11.5s]: train==[2.56148 = 0.28284 + 2.27864], recall= [ 0.02680  0.09229  0.17122  0.21046] , precision= [ 0.03064  0.02094  0.01940  0.01594] , auc=[0.82105], sum_recall=[0.50078]
Epoch 11 [39.1s + 12.0s]: train==[2.55193 = 0.27502 + 2.27690], recall= [ 0.02879  0.09527  0.17172  0.21244] , precision= [ 0.03319  0.02162  0.01940  0.01611] , auc=[0.82246], sum_recall=[0.50822]
Epoch 12 [38.9s + 11.2s]: train==[2.53755 = 0.26399 + 2.27356], recall= [ 0.02709  0.09570  0.17009  0.21251] , precision= [ 0.03234  0.02179  0.01923  0.01611] , auc=[0.82360], sum_recall=[0.50539]
Epoch 13 [38.7s + 12.1s]: train==[2.52568 = 0.25659 + 2.26909], recall= [ 0.02624  0.09513  0.16910  0.21315] , precision= [ 0.03149  0.02179  0.01906  0.01611] , auc=[0.82492], sum_recall=[0.50361]
Epoch 14 [39.0s + 12.7s]: train==[2.50893 = 0.24520 + 2.26373], recall= [ 0.02794  0.09456  0.17023  0.21230] , precision= [ 0.03319  0.02179  0.01923  0.01606] , auc=[0.82607], sum_recall=[0.50503]
Epoch 15 [39.5s + 16.0s]: train==[2.49648 = 0.23811 + 2.25836], recall= [ 0.03049  0.09541  0.17108  0.21507] , precision= [ 0.03574  0.02196  0.01932  0.01628] , auc=[0.82705], sum_recall=[0.51205]
Epoch 16 [41.2s + 11.3s]: train==[2.48806 = 0.23478 + 2.25327], recall= [ 0.03006  0.09541  0.17165  0.21561] , precision= [ 0.03489  0.02196  0.01940  0.01634] , auc=[0.82772], sum_recall=[0.51274]
Epoch 17 [38.6s + 11.1s]: train==[2.46431 = 0.21544 + 2.24888], recall= [ 0.03049  0.09414  0.17505  0.21420] , precision= [ 0.03574  0.02162  0.01974  0.01628] , auc=[0.82785], sum_recall=[0.51388]
Epoch 18 [39.0s + 11.3s]: train==[2.46508 = 0.22018 + 2.24490], recall= [ 0.02964  0.09584  0.17590  0.21824] , precision= [ 0.03489  0.02196  0.01983  0.01662] , auc=[0.82801], sum_recall=[0.51962]
Epoch 19 [40.2s + 12.4s]: train==[2.45133 = 0.21007 + 2.24126], recall= [ 0.03049  0.09839  0.17590  0.21952] , precision= [ 0.03574  0.02247  0.01983  0.01668] , auc=[0.82799], sum_recall=[0.52430]
Epoch 20 [39.5s + 11.7s]: train==[2.44262 = 0.20448 + 2.23815], recall= [ 0.03134  0.10265  0.17394  0.21583] , precision= [ 0.03660  0.02349  0.01949  0.01640] , auc=[0.82782], sum_recall=[0.52376]
Epoch 21 [38.9s + 11.9s]: train==[2.43220 = 0.19687 + 2.23533], recall= [ 0.03134  0.10648  0.17415  0.21685] , precision= [ 0.03660  0.02434  0.01957  0.01651] , auc=[0.82751], sum_recall=[0.52882]
Epoch 22 [38.6s + 11.1s]: train==[2.42540 = 0.19236 + 2.23303], recall= [ 0.03304  0.10733  0.17628  0.21813] , precision= [ 0.03830  0.02434  0.01974  0.01657] , auc=[0.82719], sum_recall=[0.53478]
Epoch 23 [38.7s + 11.7s]: train==[2.41992 = 0.18871 + 2.23121], recall= [ 0.03304  0.10818  0.17371  0.21722] , precision= [ 0.03830  0.02451  0.01957  0.01645] , auc=[0.82672], sum_recall=[0.53215]
Epoch 24 [38.8s + 11.2s]: train==[2.41794 = 0.18816 + 2.22978], recall= [ 0.03389  0.10946  0.17541  0.21467] , precision= [ 0.03915  0.02468  0.01983  0.01628] , auc=[0.82663], sum_recall=[0.53343]
Epoch 25 [39.1s + 11.3s]: train==[2.40867 = 0.18009 + 2.22858], recall= [ 0.03475  0.10690  0.17690  0.21713] , precision= [ 0.04000  0.02417  0.02009  0.01645] , auc=[0.82682], sum_recall=[0.53568]
Epoch 26 [38.6s + 11.7s]: train==[2.40304 = 0.17558 + 2.22746], recall= [ 0.03730  0.10690  0.17749  0.21727] , precision= [ 0.04255  0.02417  0.02026  0.01651] , auc=[0.82688], sum_recall=[0.53897]
Epoch 27 [38.8s + 11.2s]: train==[2.39884 = 0.17252 + 2.22632], recall= [ 0.03900  0.10690  0.17678  0.21579] , precision= [ 0.04426  0.02417  0.02026  0.01645] , auc=[0.82675], sum_recall=[0.53847]
Epoch 28 [38.7s + 10.8s]: train==[2.39141 = 0.16598 + 2.22543], recall= [ 0.03815  0.10605  0.17764  0.21685] , precision= [ 0.04340  0.02383  0.02034  0.01657] , auc=[0.82668], sum_recall=[0.53869]
End of trainning! Best recall= [ 0.02964  0.09584  0.17590  0.21824] , precision= [ 0.03489  0.02196  0.01983  0.01662] , auc=[0.82801]
Namespace(Ks=[1, 5, 10, 15], T=0.01, alpha=3.0, batch_size=512, beta=0.1, dataset='./OMIM/bigraph/cross2', dropout=0.3, emb_dim=200, gamma=0.1, gpu_id=-1, hid_dim=200, k=0.5, layer_size='[200]', learning_rate=0.005, mi_batch_size=1000, mi_kind='js', neg_num=5, num_epochs=1000, pretrain=None, reg=0.001, seed=-1, show_model_param=False, show_step=1, weight=None)
2021-12-24 17:08:01
loading data...
[n_users, n_items]=[3209, 12211]
[n_train, n_test]=[2636, 1318]
[n_edges]=[285362]
Using GPU 2,  memory_free: 24265
tensor([-0.0391,  0.0085,  0.0079, -0.0398,  0.0186], device='cuda:2')
Loading Model..Number of Model Parameters:  3324802
Epoch 0 [38.7s + 9.3s]: train==[5.17261 = 2.85299 + 2.31962], recall= [ 0.00395  0.00863  0.01301  0.01568] , precision= [ 0.00511  0.00204  0.00153  0.00130] , auc=[0.50107], sum_recall=[0.04128]
Epoch 1 [38.4s + 9.9s]: train==[3.50967 = 1.19263 + 2.31704], recall= [ 0.02616  0.07742  0.11756  0.14495] , precision= [ 0.02979  0.01719  0.01328  0.01089] , auc=[0.70303], sum_recall=[0.36609]
Epoch 2 [38.4s + 10.0s]: train==[3.04072 = 0.73198 + 2.30874], recall= [ 0.02666  0.09026  0.14656  0.18493] , precision= [ 0.03149  0.02026  0.01668  0.01396] , auc=[0.76096], sum_recall=[0.44840]
Epoch 3 [38.3s + 11.3s]: train==[2.86211 = 0.56236 + 2.29975], recall= [ 0.02739  0.09800  0.15636  0.19842] , precision= [ 0.03149  0.02213  0.01753  0.01492] , auc=[0.77736], sum_recall=[0.48018]
Epoch 4 [38.4s + 12.0s]: train==[2.74831 = 0.45620 + 2.29211], recall= [ 0.02638  0.09721  0.16048  0.20388] , precision= [ 0.03064  0.02196  0.01796  0.01532] , auc=[0.78485], sum_recall=[0.48795]
Epoch 5 [38.5s + 11.0s]: train==[2.68994 = 0.40334 + 2.28660], recall= [ 0.02638  0.09891  0.15871  0.20636] , precision= [ 0.03064  0.02213  0.01787  0.01543] , auc=[0.79094], sum_recall=[0.49036]
Epoch 6 [39.8s + 11.4s]: train==[2.64150 = 0.35822 + 2.28328], recall= [ 0.02680  0.09721  0.16126  0.20566] , precision= [ 0.03149  0.02179  0.01813  0.01538] , auc=[0.79612], sum_recall=[0.49092]
Epoch 7 [38.8s + 11.7s]: train==[2.61255 = 0.33085 + 2.28170], recall= [ 0.02467  0.09431  0.16168  0.20417] , precision= [ 0.02894  0.02128  0.01813  0.01521] , auc=[0.80091], sum_recall=[0.48484]
Epoch 8 [38.4s + 11.0s]: train==[2.59837 = 0.31724 + 2.28113], recall= [ 0.02425  0.09623  0.16431  0.20743] , precision= [ 0.02809  0.02145  0.01830  0.01549] , auc=[0.80498], sum_recall=[0.49221]
Epoch 9 [38.5s + 11.1s]: train==[2.58443 = 0.30376 + 2.28068], recall= [ 0.02595  0.09368  0.16714  0.20778] , precision= [ 0.02979  0.02111  0.01864  0.01549] , auc=[0.80765], sum_recall=[0.49456]
Epoch 10 [38.3s + 11.7s]: train==[2.56200 = 0.28250 + 2.27950], recall= [ 0.02510  0.09580  0.16402  0.20672] , precision= [ 0.02894  0.02162  0.01838  0.01532] , auc=[0.80958], sum_recall=[0.49165]
Epoch 11 [38.3s + 11.1s]: train==[2.55316 = 0.27614 + 2.27702], recall= [ 0.02595  0.09779  0.16601  0.20963] , precision= [ 0.02979  0.02213  0.01864  0.01566] , auc=[0.81095], sum_recall=[0.49938]
Epoch 12 [38.5s + 11.0s]: train==[2.53770 = 0.26502 + 2.27268], recall= [ 0.02666  0.10190  0.16459  0.21048] , precision= [ 0.03149  0.02315  0.01855  0.01572] , auc=[0.81182], sum_recall=[0.50363]
Epoch 13 [38.3s + 11.6s]: train==[2.51950 = 0.25213 + 2.26737], recall= [ 0.02751  0.10190  0.16558  0.21417] , precision= [ 0.03234  0.02315  0.01881  0.01606] , auc=[0.81288], sum_recall=[0.50917]
Epoch 14 [38.2s + 11.1s]: train==[2.50459 = 0.24307 + 2.26152], recall= [ 0.02794  0.10219  0.16856  0.21332] , precision= [ 0.03234  0.02332  0.01915  0.01600] , auc=[0.81435], sum_recall=[0.51200]
Epoch 15 [38.3s + 11.1s]: train==[2.49363 = 0.23770 + 2.25593], recall= [ 0.02794  0.10134  0.16658  0.21544] , precision= [ 0.03234  0.02315  0.01889  0.01617] , auc=[0.81580], sum_recall=[0.51129]
Epoch 16 [38.2s + 11.3s]: train==[2.48415 = 0.23328 + 2.25087], recall= [ 0.02794  0.10368  0.16743  0.21587] , precision= [ 0.03234  0.02383  0.01889  0.01623] , auc=[0.81734], sum_recall=[0.51491]
Epoch 17 [38.3s + 11.1s]: train==[2.46311 = 0.21657 + 2.24655], recall= [ 0.02879  0.10495  0.17041  0.21374] , precision= [ 0.03404  0.02400  0.01923  0.01611] , auc=[0.81790], sum_recall=[0.51789]
Epoch 18 [38.7s + 11.2s]: train==[2.46474 = 0.22203 + 2.24271], recall= [ 0.02879  0.10538  0.17202  0.21587] , precision= [ 0.03404  0.02400  0.01932  0.01623] , auc=[0.81867], sum_recall=[0.52206]
Epoch 19 [38.3s + 11.6s]: train==[2.45134 = 0.21214 + 2.23920], recall= [ 0.02964  0.10538  0.17358  0.21566] , precision= [ 0.03489  0.02400  0.01957  0.01617] , auc=[0.81915], sum_recall=[0.52426]
Epoch 20 [44.5s + 12.0s]: train==[2.44056 = 0.20429 + 2.23628], recall= [ 0.02964  0.10580  0.17231  0.21480] , precision= [ 0.03489  0.02417  0.01940  0.01611] , auc=[0.81960], sum_recall=[0.52256]
Epoch 21 [44.7s + 11.9s]: train==[2.43068 = 0.19698 + 2.23369], recall= [ 0.02964  0.10453  0.17103  0.21310] , precision= [ 0.03489  0.02383  0.01923  0.01600] , auc=[0.81979], sum_recall=[0.51830]
Epoch 22 [38.4s + 11.4s]: train==[2.42423 = 0.19263 + 2.23160], recall= [ 0.03049  0.10453  0.17154  0.21225] , precision= [ 0.03574  0.02383  0.01940  0.01594] , auc=[0.81992], sum_recall=[0.51881]
Epoch 23 [38.2s + 11.7s]: train==[2.41615 = 0.18619 + 2.22996], recall= [ 0.03304  0.10635  0.17112  0.21332] , precision= [ 0.03830  0.02417  0.01940  0.01606] , auc=[0.82015], sum_recall=[0.52383]
Epoch 24 [38.9s + 10.9s]: train==[2.41703 = 0.18830 + 2.22873], recall= [ 0.03219  0.10805  0.17401  0.21289] , precision= [ 0.03745  0.02451  0.01957  0.01606] , auc=[0.82097], sum_recall=[0.52714]
Epoch 25 [38.3s + 10.9s]: train==[2.40491 = 0.17720 + 2.22771], recall= [ 0.03389  0.11018  0.17571  0.21488] , precision= [ 0.03915  0.02502  0.01974  0.01623] , auc=[0.82168], sum_recall=[0.53466]
Epoch 26 [38.2s + 11.9s]: train==[2.39980 = 0.17298 + 2.22682], recall= [ 0.03389  0.11103  0.17741  0.21445] , precision= [ 0.03915  0.02519  0.02000  0.01617] , auc=[0.82216], sum_recall=[0.53679]
Epoch 27 [38.3s + 11.2s]: train==[2.39717 = 0.17123 + 2.22594], recall= [ 0.03262  0.11188  0.17699  0.21530] , precision= [ 0.03745  0.02536  0.02000  0.01623] , auc=[0.82263], sum_recall=[0.53679]
Epoch 28 [38.3s + 10.9s]: train==[2.38867 = 0.16337 + 2.22530], recall= [ 0.03304  0.11082  0.17656  0.21700] , precision= [ 0.03745  0.02502  0.01991  0.01634] , auc=[0.82290], sum_recall=[0.53743]
Epoch 29 [41.6s + 11.6s]: train==[2.39150 = 0.16664 + 2.22486], recall= [ 0.03219  0.11082  0.17912  0.21888] , precision= [ 0.03660  0.02485  0.02017  0.01651] , auc=[0.82310], sum_recall=[0.54100]
Epoch 30 [44.5s + 11.6s]: train==[2.38554 = 0.16098 + 2.22455], recall= [ 0.03389  0.11167  0.17685  0.21977] , precision= [ 0.03830  0.02519  0.02000  0.01657] , auc=[0.82302], sum_recall=[0.54218]
Epoch 31 [38.4s + 11.1s]: train==[2.38019 = 0.15583 + 2.22437], recall= [ 0.03389  0.11252  0.17614  0.21849] , precision= [ 0.03830  0.02536  0.01983  0.01645] , auc=[0.82304], sum_recall=[0.54105]
Epoch 32 [38.4s + 11.3s]: train==[2.37878 = 0.15456 + 2.22422], recall= [ 0.03134  0.11337  0.17622  0.21861] , precision= [ 0.03574  0.02553  0.01991  0.01657] , auc=[0.82344], sum_recall=[0.53955]
Epoch 33 [38.3s + 11.5s]: train==[2.37525 = 0.15118 + 2.22408], recall= [ 0.03347  0.11337  0.17622  0.21982] , precision= [ 0.03830  0.02553  0.01991  0.01679] , auc=[0.82411], sum_recall=[0.54288]
Epoch 34 [38.3s + 10.9s]: train==[2.36753 = 0.14356 + 2.22397], recall= [ 0.03177  0.11465  0.17793  0.22152] , precision= [ 0.03660  0.02587  0.02009  0.01691] , auc=[0.82435], sum_recall=[0.54586]
Epoch 35 [38.4s + 10.9s]: train==[2.37271 = 0.14883 + 2.22388], recall= [ 0.03219  0.11358  0.17949  0.21982] , precision= [ 0.03660  0.02570  0.02034  0.01679] , auc=[0.82431], sum_recall=[0.54508]
Epoch 36 [39.2s + 12.5s]: train==[2.36811 = 0.14428 + 2.22383], recall= [ 0.03134  0.11146  0.17863  0.22010] , precision= [ 0.03574  0.02519  0.02026  0.01679] , auc=[0.82380], sum_recall=[0.54154]
Epoch 37 [40.6s + 11.2s]: train==[2.35873 = 0.13512 + 2.22361], recall= [ 0.03006  0.11146  0.17863  0.21925] , precision= [ 0.03404  0.02519  0.02026  0.01668] , auc=[0.82349], sum_recall=[0.53941]
Epoch 38 [41.4s + 11.9s]: train==[2.35719 = 0.13404 + 2.22315], recall= [ 0.03092  0.11273  0.17856  0.21840] , precision= [ 0.03489  0.02553  0.02026  0.01662] , auc=[0.82338], sum_recall=[0.54061]
Epoch 39 [42.1s + 12.0s]: train==[2.35528 = 0.13282 + 2.22246], recall= [ 0.03092  0.11273  0.17890  0.21961] , precision= [ 0.03489  0.02553  0.02026  0.01679] , auc=[0.82348], sum_recall=[0.54216]
Epoch 40 [43.3s + 10.9s]: train==[2.35560 = 0.13380 + 2.22180], recall= [ 0.03006  0.11401  0.17848  0.22322] , precision= [ 0.03404  0.02570  0.02017  0.01708] , auc=[0.82353], sum_recall=[0.54578]
Epoch 41 [44.5s + 10.8s]: train==[2.34824 = 0.12691 + 2.22132], recall= [ 0.03219  0.11486  0.17890  0.22322] , precision= [ 0.03660  0.02587  0.02017  0.01708] , auc=[0.82319], sum_recall=[0.54918]
Epoch 42 [44.4s + 11.8s]: train==[2.35523 = 0.13430 + 2.22093], recall= [ 0.03475  0.11401  0.17814  0.22308] , precision= [ 0.03915  0.02570  0.02017  0.01702] , auc=[0.82318], sum_recall=[0.54998]
Epoch 43 [38.4s + 11.4s]: train==[2.35593 = 0.13529 + 2.22065], recall= [ 0.03304  0.11401  0.17984  0.22372] , precision= [ 0.03745  0.02553  0.02034  0.01708] , auc=[0.82333], sum_recall=[0.55061]
Epoch 44 [38.2s + 10.9s]: train==[2.34698 = 0.12647 + 2.22051], recall= [ 0.03134  0.11727  0.17771  0.22287] , precision= [ 0.03574  0.02638  0.02009  0.01702] , auc=[0.82302], sum_recall=[0.54920]
End of trainning! Best recall= [ 0.03177  0.11465  0.17793  0.22152] , precision= [ 0.03660  0.02587  0.02009  0.01691] , auc=[0.82435]
Namespace(Ks=[1, 5, 10, 15], T=0.01, alpha=3.0, batch_size=512, beta=0.1, dataset='./OMIM/bigraph/cross2', dropout=0.3, emb_dim=200, gamma=0.1, gpu_id=-1, hid_dim=200, k=0.5, layer_size='[200]', learning_rate=0.005, mi_batch_size=1000, mi_kind='js', neg_num=5, num_epochs=1000, pretrain=None, reg=0.001, seed=-1, show_model_param=False, show_step=1, weight=None)
2021-12-24 17:46:28
loading data...
[n_users, n_items]=[3209, 12211]
[n_train, n_test]=[2636, 1318]
[n_edges]=[285362]
Using GPU 2,  memory_free: 24265
tensor([-0.0338,  0.0166,  0.0066, -0.0231,  0.0406], device='cuda:2')
Loading Model..Number of Model Parameters:  3324802
Epoch 0 [44.1s + 9.5s]: train==[5.15390 = 2.83535 + 2.31855], recall= [ 0.00596  0.01277  0.02009  0.02319] , precision= [ 0.00681  0.00272  0.00221  0.00176] , auc=[0.51298], sum_recall=[0.06199]
Epoch 1 [44.8s + 10.0s]: train==[3.56515 = 1.24835 + 2.31680], recall= [ 0.02468  0.07815  0.12102  0.14470] , precision= [ 0.02638  0.01753  0.01370  0.01089] , auc=[0.68589], sum_recall=[0.36855]
Epoch 2 [44.7s + 9.0s]: train==[3.06911 = 0.76085 + 2.30826], recall= [ 0.02922  0.09053  0.15662  0.19588] , precision= [ 0.03234  0.02026  0.01745  0.01458] , auc=[0.75381], sum_recall=[0.47225]
Epoch 3 [45.0s + 10.5s]: train==[2.88643 = 0.58792 + 2.29850], recall= [ 0.03156  0.10351  0.16874  0.20801] , precision= [ 0.03574  0.02298  0.01898  0.01555] , auc=[0.77479], sum_recall=[0.51182]
Epoch 4 [44.8s + 11.5s]: train==[2.77105 = 0.48128 + 2.28977], recall= [ 0.03253  0.10210  0.17207  0.21510] , precision= [ 0.03745  0.02264  0.01923  0.01606] , auc=[0.78390], sum_recall=[0.52181]
Epoch 5 [44.9s + 10.8s]: train==[2.70115 = 0.41815 + 2.28299], recall= [ 0.03097  0.09967  0.17202  0.21696] , precision= [ 0.03489  0.02230  0.01923  0.01628] , auc=[0.78877], sum_recall=[0.51962]
Epoch 6 [44.7s + 10.8s]: train==[2.65105 = 0.37256 + 2.27849], recall= [ 0.02978  0.10603  0.16847  0.21526] , precision= [ 0.03404  0.02383  0.01898  0.01617] , auc=[0.79284], sum_recall=[0.51955]
Epoch 7 [38.9s + 12.4s]: train==[2.61967 = 0.34364 + 2.27603], recall= [ 0.03148  0.10711  0.17030  0.21803] , precision= [ 0.03574  0.02417  0.01906  0.01628] , auc=[0.79632], sum_recall=[0.52692]
Epoch 8 [41.6s + 11.3s]: train==[2.60349 = 0.32851 + 2.27499], recall= [ 0.03233  0.10314  0.17129  0.22088] , precision= [ 0.03660  0.02349  0.01915  0.01651] , auc=[0.79945], sum_recall=[0.52765]
Epoch 9 [39.2s + 12.6s]: train==[2.58875 = 0.31411 + 2.27465], recall= [ 0.03233  0.10186  0.16917  0.21952] , precision= [ 0.03660  0.02332  0.01898  0.01645] , auc=[0.80156], sum_recall=[0.52288]
Epoch 10 [41.5s + 12.5s]: train==[2.56745 = 0.29316 + 2.27428], recall= [ 0.03304  0.10186  0.16747  0.21781] , precision= [ 0.03830  0.02332  0.01889  0.01634] , auc=[0.80365], sum_recall=[0.52018]
Epoch 11 [43.8s + 12.1s]: train==[2.55141 = 0.27823 + 2.27317], recall= [ 0.03304  0.10399  0.17371  0.21505] , precision= [ 0.03830  0.02383  0.01966  0.01623] , auc=[0.80520], sum_recall=[0.52579]
Epoch 12 [41.6s + 11.8s]: train==[2.54100 = 0.27026 + 2.27074], recall= [ 0.03205  0.10697  0.17356  0.21448] , precision= [ 0.03830  0.02434  0.01974  0.01623] , auc=[0.80640], sum_recall=[0.52706]
Epoch 13 [39.2s + 11.6s]: train==[2.52595 = 0.25857 + 2.26738], recall= [ 0.03205  0.11053  0.17385  0.21349] , precision= [ 0.03830  0.02502  0.01974  0.01617] , auc=[0.80763], sum_recall=[0.52992]
Epoch 14 [38.8s + 11.0s]: train==[2.51038 = 0.24711 + 2.26327], recall= [ 0.03290  0.11039  0.17300  0.21476] , precision= [ 0.03915  0.02519  0.01957  0.01628] , auc=[0.80915], sum_recall=[0.53106]
Epoch 15 [39.0s + 10.8s]: train==[2.50172 = 0.24279 + 2.25893], recall= [ 0.03248  0.11201  0.17661  0.21337] , precision= [ 0.03830  0.02536  0.02000  0.01611] , auc=[0.81076], sum_recall=[0.53447]
Epoch 16 [39.0s + 11.0s]: train==[2.49085 = 0.23632 + 2.25453], recall= [ 0.03163  0.10988  0.17385  0.21718] , precision= [ 0.03745  0.02485  0.01966  0.01645] , auc=[0.81230], sum_recall=[0.53253]
Epoch 17 [39.2s + 11.6s]: train==[2.47047 = 0.21996 + 2.25052], recall= [ 0.03077  0.10946  0.17683  0.22015] , precision= [ 0.03660  0.02485  0.02000  0.01668] , auc=[0.81341], sum_recall=[0.53721]
Epoch 18 [38.9s + 11.6s]: train==[2.46792 = 0.22118 + 2.24674], recall= [ 0.03248  0.10946  0.17895  0.22015] , precision= [ 0.03830  0.02502  0.02017  0.01668] , auc=[0.81464], sum_recall=[0.54104]
Epoch 19 [38.7s + 10.9s]: train==[2.45650 = 0.21336 + 2.24314], recall= [ 0.03205  0.10988  0.17895  0.21973] , precision= [ 0.03745  0.02519  0.02017  0.01668] , auc=[0.81558], sum_recall=[0.54062]
Epoch 20 [38.9s + 11.5s]: train==[2.44356 = 0.20362 + 2.23993], recall= [ 0.03205  0.10988  0.17904  0.21973] , precision= [ 0.03745  0.02502  0.02026  0.01668] , auc=[0.81627], sum_recall=[0.54070]
Epoch 21 [38.9s + 10.6s]: train==[2.43467 = 0.19769 + 2.23698], recall= [ 0.03205  0.11073  0.17959  0.22058] , precision= [ 0.03745  0.02519  0.02043  0.01674] , auc=[0.81670], sum_recall=[0.54295]
Epoch 22 [38.7s + 10.6s]: train==[2.42742 = 0.19300 + 2.23442], recall= [ 0.03290  0.11116  0.17902  0.21973] , precision= [ 0.03830  0.02519  0.02043  0.01662] , auc=[0.81716], sum_recall=[0.54281]
Epoch 23 [38.7s + 11.4s]: train==[2.42102 = 0.18870 + 2.23232], recall= [ 0.03262  0.10690  0.17689  0.21718] , precision= [ 0.03745  0.02417  0.02026  0.01645] , auc=[0.81749], sum_recall=[0.53359]
Epoch 24 [38.9s + 10.7s]: train==[2.42141 = 0.19078 + 2.23063], recall= [ 0.03347  0.10988  0.17576  0.21803] , precision= [ 0.03830  0.02485  0.02009  0.01651] , auc=[0.81795], sum_recall=[0.53713]
Epoch 25 [38.8s + 10.9s]: train==[2.40757 = 0.17837 + 2.22920], recall= [ 0.03347  0.10946  0.17476  0.22015] , precision= [ 0.03830  0.02468  0.02000  0.01668] , auc=[0.81826], sum_recall=[0.53784]
Epoch 26 [39.0s + 11.3s]: train==[2.40190 = 0.17399 + 2.22791], recall= [ 0.03432  0.11158  0.17349  0.22186] , precision= [ 0.03915  0.02519  0.01983  0.01679] , auc=[0.81845], sum_recall=[0.54125]
Epoch 27 [38.7s + 10.7s]: train==[2.40249 = 0.17581 + 2.22668], recall= [ 0.03347  0.11031  0.17583  0.22441] , precision= [ 0.03830  0.02485  0.02017  0.01702] , auc=[0.81856], sum_recall=[0.54401]
Epoch 28 [38.8s + 10.9s]: train==[2.39155 = 0.16580 + 2.22575], recall= [ 0.03347  0.11116  0.17881  0.22526] , precision= [ 0.03830  0.02502  0.02060  0.01708] , auc=[0.81867], sum_recall=[0.54870]
Epoch 29 [38.8s + 11.7s]: train==[2.39306 = 0.16804 + 2.22501], recall= [ 0.03389  0.11329  0.17826  0.22526] , precision= [ 0.03915  0.02536  0.02043  0.01708] , auc=[0.81861], sum_recall=[0.55070]
Epoch 30 [39.0s + 11.0s]: train==[2.38791 = 0.16347 + 2.22445], recall= [ 0.03432  0.11158  0.17613  0.22526] , precision= [ 0.03915  0.02485  0.02017  0.01708] , auc=[0.81835], sum_recall=[0.54730]
Epoch 31 [38.9s + 10.7s]: train==[2.38231 = 0.15822 + 2.22409], recall= [ 0.03432  0.11265  0.17613  0.22373] , precision= [ 0.03915  0.02519  0.02017  0.01702] , auc=[0.81824], sum_recall=[0.54683]
Epoch 32 [38.8s + 10.9s]: train==[2.38088 = 0.15700 + 2.22388], recall= [ 0.03432  0.11350  0.18039  0.22512] , precision= [ 0.03915  0.02553  0.02060  0.01708] , auc=[0.81866], sum_recall=[0.55333]
Epoch 33 [38.9s + 11.2s]: train==[2.37860 = 0.15491 + 2.22370], recall= [ 0.03687  0.11648  0.18081  0.22654] , precision= [ 0.04170  0.02621  0.02060  0.01713] , auc=[0.81953], sum_recall=[0.56070]
Epoch 34 [38.7s + 10.6s]: train==[2.37130 = 0.14769 + 2.22361], recall= [ 0.03772  0.11818  0.18166  0.22781] , precision= [ 0.04255  0.02655  0.02068  0.01725] , auc=[0.82009], sum_recall=[0.56538]
Epoch 35 [38.7s + 10.9s]: train==[2.37600 = 0.15243 + 2.22358], recall= [ 0.03772  0.11784  0.18081  0.22781] , precision= [ 0.04255  0.02672  0.02060  0.01725] , auc=[0.82023], sum_recall=[0.56419]
Epoch 36 [38.7s + 11.2s]: train==[2.37024 = 0.14666 + 2.22358], recall= [ 0.03815  0.11656  0.18209  0.22803] , precision= [ 0.04255  0.02638  0.02077  0.01730] , auc=[0.81951], sum_recall=[0.56483]
Epoch 37 [39.0s + 10.6s]: train==[2.35979 = 0.13632 + 2.22347], recall= [ 0.03815  0.11571  0.18124  0.22505] , precision= [ 0.04255  0.02621  0.02068  0.01708] , auc=[0.81907], sum_recall=[0.56015]
Epoch 38 [38.9s + 11.1s]: train==[2.36053 = 0.13738 + 2.22315], recall= [ 0.03815  0.11514  0.18273  0.22402] , precision= [ 0.04255  0.02621  0.02085  0.01702] , auc=[0.81874], sum_recall=[0.56004]
Epoch 39 [38.8s + 11.3s]: train==[2.35860 = 0.13602 + 2.22259], recall= [ 0.03645  0.11472  0.17975  0.22572] , precision= [ 0.04085  0.02604  0.02051  0.01708] , auc=[0.81887], sum_recall=[0.55664]
Epoch 40 [38.8s + 10.8s]: train==[2.35640 = 0.13448 + 2.22193], recall= [ 0.03475  0.11245  0.17783  0.22700] , precision= [ 0.03915  0.02570  0.02026  0.01719] , auc=[0.81933], sum_recall=[0.55203]
Epoch 41 [44.9s + 11.1s]: train==[2.34983 = 0.12850 + 2.22134], recall= [ 0.03219  0.11202  0.17741  0.22615] , precision= [ 0.03660  0.02570  0.02026  0.01713] , auc=[0.81954], sum_recall=[0.54777]
Epoch 42 [38.7s + 11.7s]: train==[2.35401 = 0.13319 + 2.22082], recall= [ 0.03219  0.11202  0.17996  0.22487] , precision= [ 0.03660  0.02570  0.02051  0.01708] , auc=[0.81961], sum_recall=[0.54905]
Epoch 43 [39.0s + 11.6s]: train==[2.35411 = 0.13380 + 2.22030], recall= [ 0.03134  0.11053  0.18166  0.22487] , precision= [ 0.03574  0.02519  0.02068  0.01708] , auc=[0.81977], sum_recall=[0.54841]
Epoch 44 [38.8s + 10.6s]: train==[2.34612 = 0.12634 + 2.21978], recall= [ 0.03389  0.11394  0.18251  0.22345] , precision= [ 0.03830  0.02587  0.02077  0.01702] , auc=[0.81969], sum_recall=[0.55380]
Epoch 45 [38.7s + 11.5s]: train==[2.34274 = 0.12364 + 2.21911], recall= [ 0.03389  0.11351  0.18166  0.22217] , precision= [ 0.03830  0.02587  0.02068  0.01696] , auc=[0.82017], sum_recall=[0.55125]
End of trainning! Best recall= [ 0.03772  0.11784  0.18081  0.22781] , precision= [ 0.04255  0.02672  0.02060  0.01725] , auc=[0.82023]
